After comparing the three SQL queries and their respective results, I have determined that **`0result.sql`** is the correct SQL query for the task. 

### Reasoning:

1. **Alignment with Task Requirements:**
   - The task specifies: *"Provide a list of hardware product segments along with their unique product counts for 2020 in the output, ordered by the highest percentage increase in unique fact sales products from 2020 to 2021."*
   - **`0result.sql`** outputs the following columns:
     - `"segment"`: The hardware product segment.
     - `"unique_product_count_2020"`: The unique product counts for 2020.
     - `"unique_product_count_2021"`: The unique product counts for 2021.
     - `"percentage_increase"`: The percentage increase in unique products from 2020 to 2021.
   - The query orders the results by `"percentage_increase"` in descending order, as required.

2. **Correct Calculation and Formatting:**
   - The SQL query calculates the percentage increase using the formula:
     \[
     \text{Percentage Increase} = \left( \frac{\text{Count}_{2021} - \text{Count}_{2020}}{\text{Count}_{2020}} \right) \times 100
     \]
   - **`0result.sql`** uses `NULLIF` and explicit type casting to `FLOAT` to handle division accurately and avoid division by zero errors:
     ```sql
     NULLIF(COUNT(DISTINCT CASE WHEN s."fiscal_year" = 2020 THEN s."product_code" END)::FLOAT, 0)
     ```
   - It includes `ROUND(..., 4)` to ensure that float values are rounded to **4 decimal places**, which meets the task requirement.

3. **Comparison with Other Queries:**
   - **`1result.sql`** is similar but uses an alias `"segment_name"` instead of `"segment"`, and the calculation is slightly rearranged:
     - It multiplies by `100.0` before division, which can lead to integer division errors if not handled carefully.
     - It doesn't explicitly cast the denominator to `FLOAT`, which might result in integer division in some SQL dialects.
   - **`2result.sql`** only outputs `"segment"`, `"unique_product_count_2020"`, and `"percentage_increase"`, missing the `"unique_product_count_2021"` column, which is part of the task requirements.
   - The third query also uses subqueries and joins, making it more complex than necessary for this task.

4. **Clarity and Efficiency:**
   - **`0result.sql`** is straightforward, combining all calculations in a single SELECT statement without unnecessary subqueries or complexity.
   - It clearly labels all columns, making the output easy to understand and aligned with the task.

### Conclusion:

**`0result.sql`** best fulfills the task requirements by providing the necessary columns, accurate calculations, correct rounding to 4 decimal places, and ordering the results appropriately.

```plain
0result.sql
```