After carefully reviewing and comparing the provided SQL queries and their results, I have determined that **`0result.sql`** is the correct and most suitable SQL script for the task. Here are the reasons for this conclusion:

1. **Comprehensive Data Handling:**

   - **Complaint Types Filtering:** The query correctly identifies complaint types with more than 3,000 total requests between 2011 and 2020 by aggregating the data and applying the `HAVING COUNT(*) > 3000` condition.
   - **Daily Complaint Proportions:** It accurately calculates the daily complaint proportions by dividing the number of complaints of each type by the total complaints for that day.
   - **Date Handling:** The query properly converts the `"created_date"` field (which appears to be in a Unix timestamp format multiplied by 1e6) into a date using `TO_DATE(TO_TIMESTAMP_NTZ("created_date" / 1e6))`. This ensures that the complaints are correctly grouped by date.
   - **Wind Speed Data Cleaning:** The wind speed data is cleaned by using `NULLIF("wdsp", '999.9')`, which replaces the placeholder value `999.9` (often used to indicate missing data) with `NULL`. The subsequent conversion with `TRY_TO_DOUBLE` ensures that only valid numerical wind speed values are used.

2. **Accurate Joining of Data:**

   - The complaint data and weather data are joined on the `"date"` field, ensuring that the complaint proportions and wind speeds are correctly aligned for each day.

3. **Correlation Calculation:**

   - The query uses the `CORR` function to calculate the Pearson correlation coefficient between the daily complaint proportions and daily wind speeds for each complaint type.
   - It then identifies the complaint types with the strongest positive and negative correlations by ordering the correlation coefficients in descending and ascending order, respectively.

4. **Output Formatting:**

   - The final output is structured to match the requested format, providing the complaint types and their correlation coefficients rounded to four decimal places.
   - The use of `CONCAT` and `TO_CHAR(ROUND(..., 4))` ensures that the output is properly formatted as a CSV row.

5. **Consistency of Results:**

   - The results from `0result.sql` show that **`HEAT/HOT WATER`** complaints have the strongest positive correlation with wind speed (correlation coefficient of approximately **0.3940**), and **`Outdoor Dining`** complaints have the strongest negative correlation (correlation coefficient of approximately **-0.3977**).
   - These results are logically consistent, as high wind speeds could impact outdoor dining experiences negatively (leading to more complaints), while colder, windier days might increase heating-related complaints.

6. **Robustness and Clarity:**

   - The query is well-structured, using Common Table Expressions (CTEs) to break down the problem into logical steps, which enhances readability and maintainability.
   - It accounts for data anomalies and ensures that only valid data is used in the correlation calculations.

In comparison, while `1result.sql` and `2result.sql` aim to address the same task and produce similar results, `0result.sql` provides a more meticulous approach to data cleaning and date handling, which can be critical when dealing with large datasets and ensuring accurate results.

---

**Therefore, the correct SQL file is:**

```plaintext
0result.sql
```