After comparing the two SQL queries and their corresponding results, we can observe the following:

**1. SQL Queries:**

Both `1result.sql` and `2result.sql` contain the same SQL statement:

```sql
SELECT ms."StyleName",
       COUNT(CASE WHEN mp."PreferenceSeq" = 1 THEN 1 END) AS "Preference1_Count",
       COUNT(CASE WHEN mp."PreferenceSeq" = 2 THEN 1 END) AS "Preference2_Count",
       COUNT(CASE WHEN mp."PreferenceSeq" = 3 THEN 1 END) AS "Preference3_Count"
FROM ENTERTAINMENTAGENCY.ENTERTAINMENTAGENCY.MUSICAL_STYLES ms
LEFT JOIN ENTERTAINMENTAGENCY.ENTERTAINMENTAGENCY.MUSICAL_PREFERENCES mp
  ON ms."StyleID" = mp."StyleID"
GROUP BY ms."StyleName"
ORDER BY ms."StyleName";
```

**2. Results:**

Both `1result.csv` and `2result.csv` have identical data, listing each musical style along with the counts of times they appear as a 1st, 2nd, or 3rd preference.

**Conclusion:**

Since both SQL queries and their results are identical, either can be considered the correct answer. I will select `1result.sql` as the correct SQL query.

**Answer:**

```plain
1result.sql
```