```plaintext
2result.sql
```

**Reasoning:**

After examining the three SQL queries and their outputs, **`2result.sql`** best fulfills the task requirements for the following reasons:

1. **Date Range Filtering:**
   - **`2result.sql`** correctly uses `TO_TIMESTAMP_LTZ("t"."pickup_datetime", 6)` and `TO_TIMESTAMP_LTZ("t"."dropoff_datetime", 6)` to convert the microsecond timestamps to proper timestamp formats, ensuring accurate filtering for trips between **July 1 and July 7, 2016**.
   - The use of `TIMESTAMP '2016-07-01 00:00:00'` and `TIMESTAMP '2016-07-07 23:59:59'` provides an explicit and precise date range.

2. **Tip Rate Calculation:**
   - **`2result.sql`** calculates the **tip rate as a percentage of the fare amount**, using:
     ```sql
     ROUND(CASE WHEN "t"."fare_amount" > 0 THEN ("t"."tip_amount" / "t"."fare_amount") * 100 ELSE NULL END, 4) AS "Tip_Rate_Percentage"
     ```
   - This aligns with the task's requirement to compute **tip rate as a percentage of the total fare amount**, where "total fare amount" refers to the base fare (excluding taxes, tolls, and additional charges).

3. **Driving Speed Calculation:**
   - The query accurately calculates the **driving speed in miles per hour** using:
     ```sql
     ROUND("t"."trip_distance" / ( ( ("t"."dropoff_datetime" - "t"."pickup_datetime") / 1000000 ) / 3600 ), 4) AS "Driving_Speed_MPH"
     ```
   - This formula correctly converts the trip duration from microseconds to hours and computes the speed.

4. **Joins with Taxi Zones:**
   - **`2result.sql`** uses **LEFT JOINs** with the taxi zone table, ensuring that trips without matching pickup or dropoff zones are not excluded unintentionally.

5. **Data Integrity Conditions:**
   - The query includes all necessary conditions to ensure:
     - **Passenger count greater than five:** `"t"."passenger_count" > 5`
     - **Trip distance at least ten miles:** `"t"."trip_distance" >= 10`
     - **No negative fare-related amounts:** All fare-related columns are checked to be greater than or equal to zero.
     - **Valid trip times:** `"t"."dropoff_datetime" > "t"."pickup_datetime"`

6. **Ordering and Limiting Results:**
   - The results are **sorted by total fare amount in descending order** and limited to the **top 10 trips**, as required:
     ```sql
     ORDER BY
       "t"."total_amount" DESC NULLS LAST
     LIMIT 10;
     ```

7. **Consistency with Task Requirements:**
   - The output columns match exactly what the task requests:
     - **Pickup zone:** `"Pickup_Zone"`
     - **Dropoff zone:** `"Dropoff_Zone"`
     - **Trip duration in seconds:** `"Trip_Duration_Seconds"`
     - **Driving speed in miles per hour:** `"Driving_Speed_MPH"`
     - **Tip rate as a percentage of the total fare amount:** `"Tip_Rate_Percentage"`

**Comparison with Other Candidates:**

- **`0result.sql`:**
  - Calculates the tip rate as a percentage of the **total amount minus tip**, which includes other charges like taxes and tolls. This does not align with the requirement to calculate the tip rate based on the **fare amount**.
  - The date filtering uses direct timestamp comparisons, which may be less readable and more error-prone compared to using timestamp conversion functions.

- **`1result.sql`:**
  - Also calculates the tip rate as a percentage of the **total amount minus tip**, similar to `0result.sql`.
  - Uses **INNER JOINs**, which may exclude trips where the pickup or dropoff zone is missing in the `TAXI_ZONE_GEOM` table, potentially omitting valid trips from the results.

Overall, **`2result.sql`** provides the most accurate and complete solution, adhering closely to all specified task requirements.