After comparing the SQL queries and their results, **1result.sql** is the correct SQL to answer the question:

**"Which Colorado ZIP code has the highest concentration of bank locations per block group, based on the overlap between ZIP codes and block groups?"**

Here's the reasoning:

**Candidate 0 (0result.sql):**

- **Method:**
  - Calculates the adjusted block group count per ZIP code by summing the overlap ratios of each block group within the ZIP code.
  - Computes `bank_locations / adjusted_block_group_count` to get the concentration.

- **Result:**
  - ZIP Code: `80546`
  - Bank Locations per Block Group: `171.1309`

- **Issue:**
  - The ZIP code `80546` corresponds to a small town (Pierce, CO) with a very low population and few bank locations.
  - An extremely high concentration of `171.1309` bank locations per block group in such an area is unlikely.
  - This suggests that the calculation may be skewed due to a very small adjusted block group count (denominator), leading to an inflated result.

**Candidate 1 (1result.sql):**

- **Method:**
  - Distributes bank locations to block groups based on the proportion of the area of overlap between ZIP codes and block groups.
  - Calculates the total bank locations in each block group by weighting the bank locations according to the overlap area.
  - Computes the average bank locations per block group for each ZIP code using the formula:
    ```
    Bank Locations per Block Group = SUM(bank_locations_in_blockgroup) / COUNT(DISTINCT blockgroup_id)
    ```
  
- **Result:**
  - ZIP Code: `80501` (Longmont, CO)
  - Bank Locations per Block Group: `18.6874`

- **Advantages:**
  - Accurately accounts for the spatial relationship between ZIP codes and block groups.
  - Provides a realistic and plausible result.
  - Longmont is a moderately populated city with a reasonable number of banks and block groups, making the result credible.

**Candidate 2 (2result.sql):**

- **Method:**
  - Calculates the number of bank locations per ZIP code.
  - Counts the number of block groups that intersect with each ZIP code.
  - Computes `bank_count / blockgroup_count` for each ZIP code.

- **Result:**
  - ZIP Code: `80202` (Downtown Denver, CO)
  - Bank Locations per Block Group: `1.6316`

- **Issue:**
  - This method does not account for the extent of overlap between ZIP codes and block groups.
  - Treats all block groups equally, regardless of how much they overlap with the ZIP code.
  - May underestimate concentrations in areas where block groups are only partially within a ZIP code.
  - Less accurate than Candidate 1's method.

**Conclusion:**

**Candidate 1 (1result.sql)** provides the most accurate and appropriate answer because:

- It considers the actual area of overlap between ZIP codes and block groups.
- It distributes bank locations proportionally based on this overlap.
- It calculates an average that reflects both the number of bank locations and the number of block groups within a ZIP code.
- The result is realistic and aligns with expectations for a moderately populated area.

Therefore, the correct SQL is:

```plaintext
1result.sql
```