After analyzing the three SQL queries and their results, I have determined that `2result.sql` is the correct query for the following reasons:

**Comparison of the SQL Queries:**

1. **`0result.sql`:**
   - **Approach:** Filters customers who purchased 'YouTube Men's Vintage Henley' during July 2017 where `eCommerceAction.action_type` is '6' (indicating a purchase). It then counts the number of times other products were purchased by these customers, excluding the 'Henley' product itself.
   - **Result:** Returns `Google Women's Vintage Hero Tee Black` with a total of 10 sales.
   - **Issue:** The total sales number is relatively low, which suggests that it might not be capturing all relevant transactions or considering product quantities correctly.

2. **`1result.sql`:**
   - **Approach:** Identifies customers who bought 'YouTube Men's Vintage Henley' by checking if the lowercase product name matches exactly. It considers transactions where the hit type is 'TRANSACTION', 'ITEM', or `eCommerceAction.action_type` is 6. It sums up the `productQuantity` to get total units sold for other products purchased by these customers.
   - **Result:** Returns `Google Sunglasses` with a total of 24 units sold.
   - **Issue:** Similar to the first query, the total units sold are low, and the query may not be capturing all variations of the product name or all relevant transactions.

3. **`2result.sql`:**
   - **Approach:** Selects customers who purchased products where the product name matches the pattern `%YouTube Men's Vintage Henley%` (using `ILIKE` for case-insensitive matching). It then counts the number of times other products were purchased by these customers, excluding the 'Henley' product itself.
   - **Result:** Returns `YouTube Men's Vintage Tank` with a total of 33,317 purchases.
   - **Strengths:**
     - **Comprehensive Matching:** By using `ILIKE` with pattern matching, it captures all variations and cases of the product name.
     - **High Sales Volume:** The result shows a significantly higher number of purchases, which is more plausible for popular products.
     - **Relevance:** The top-selling product (`YouTube Men's Vintage Tank`) is closely related to the 'Henley' and makes sense as a complementary purchase among customers.

**Conclusion:**

- **Correct Query:** `2result.sql` accurately addresses the task by comprehensively identifying all customers who purchased 'YouTube Men's Vintage Henley' in July 2017 and determining the top-selling product among them (excluding the 'Henley' itself).
- **Reasoning:** It effectively uses pattern matching to include all relevant transactions and aggregates the purchases correctly, resulting in a plausible and meaningful top-selling product.

**Output:**

```plain
2result.sql
```