After comparing the SQL queries and their results, here's the evaluation:

**Candidate 0 (`0result.sql`):**

- **Pros:**
  - Uses `LOWER(primary_type) LIKE '%motor vehicle theft%'`, which accounts for any variations in case or additional text in `primary_type`.
- **Cons:**
  - The table reference syntax `` `bigquery-public-data`.`chicago_crime`.`crime` `` is incorrect in BigQuery. The correct syntax should be `bigquery-public-data.chicago_crime.crime` without additional backticks and periods between backticks.
  - Using `LOWER()` and `LIKE` can be less efficient than a direct comparison if the data is consistently formatted.

**Candidate 1 (`1result.sql`):**

- **Pros:**
  - Uses precise filtering with `primary_type = 'MOTOR VEHICLE THEFT'`, which is appropriate since the `primary_type` values are consistently in uppercase in the dataset.
  - Correctly filters data for the year 2016 using the `year` column.
  - References the table correctly as `bigquery-public-data.chicago_crime.crime`.
  - The syntax is clear, straightforward, and adheres to best practices.

- **Cons:**
  - None significant.

**Candidate 2 (`2result.sql`):**

- **Pros:**
  - Similar to Candidate 1 with an added alias `AS monthly_counts` for clarity.
  - Correct syntax and table reference.

- **Cons:**
  - The alias `AS monthly_counts` is unnecessary in this context since it's not used elsewhere in the query. It doesn't add significant value and slightly complicates the query.

**Conclusion:**

While all three queries result in the correct answer (`1106` incidents), **Candidate 1's SQL (`1result.sql`)** is the most appropriate choice because:

- It uses correct and efficient filtering methods.
- The table is referenced correctly in accordance with BigQuery syntax.
- The query is concise and easy to understand without unnecessary complexity.

**Answer:**

```plaintext
1result.sql
```