After comparing the SQL queries and their corresponding results, I have determined that **`1result.sql`** is the correct SQL query that accurately fulfills the task requirements.

---

**Reasoning:**

1. **Accurate Date Range Filtering:**

   - **`1result.sql`** correctly filters records with `creation_date` between **July 1, 2019** (`1561939200000000`) and **December 31, 2019** (`1577836799000000`), covering the entire specified date range.
   - In contrast, **`0result.sql`** uses an end timestamp of `1577750399999999.9999`, which corresponds to **December 30, 2019**, thus missing data from **December 31, 2019**.

2. **Comprehensive Handling of Comments:**

   - **`1result.sql`** explicitly separates comments on **questions** and comments on **answers** into two `SELECT` statements within the `UNION ALL`, ensuring that all comments are properly associated with the correct question tags:
     - **Comments on Questions:**
       - Joins `COMMENTS` with `POSTS_QUESTIONS` where `COMMENTS."post_id" = QUESTIONS."id"`.
     - **Comments on Answers:**
       - Joins `COMMENTS` with `POSTS_ANSWERS` where `COMMENTS."post_id" = ANSWERS."id"`, and then joins `ANSWERS` with `POSTS_QUESTIONS` to retrieve the parent question tags.
   - **`0result.sql`** handles comments using a more complex join condition, which may be less efficient and harder to read.

3. **Clarity and Maintainability:**

   - The structure of **`1result.sql`** is clear and logically organized, making it easier to understand and maintain.
   - By breaking down the query into distinct parts for questions, answers, and comments (on both questions and answers), it reduces complexity and potential errors.

4. **Accurate Data Retrieval:**

   - **`1result.sql`** ensures that:
     - **Questions** posted by users within the specified ID and date ranges are retrieved with their respective tags.
     - **Answers** posted by users within the specified ID and date ranges are associated with the tags of their parent questions.
     - **Comments** made by users within the specified ID and date ranges are correctly linked to the tags of the associated questions, whether the comments are on questions or answers.

5. **Sample Results Comparison:**

   - The results in **`1result.csv`** show that the query retrieves the expected data, with user IDs and tags correctly associated.
   - There is an appropriate handling of duplicates due to different interactions (e.g., multiple comments by the same user on the same post), which may be expected based on user activity.

---

**Conclusion:**

Based on the analysis above, **`1result.sql`** is the correct SQL query that fulfills all the requirements of the task by accurately retrieving the user IDs and associated tags for comments, answers, and questions posted by users within the specified ID range and date range.

```plain
1result.sql
```