After analyzing both SQL queries and their results, **`0result.sql`** appears to be the correct answer for the given task. Here's the reasoning:

### Task Requirements:

1. **Identify the United States utility patent under the B2 classification granted between 2010 and 2014 with the most forward citations within a month of its filing date.**
2. **Find the most similar patent filed in the same year as the identified patent, regardless of its type.**

### Comparison of SQL Queries:

#### 1. **Patent with the Most Forward Citations Within a Month:**

Both SQL queries identify **`US-7877798-B2`** as the patent with the most forward citations within a month of its filing date. This patent was filed on **2008-12-09** and granted on **2011-01-25**, with **1 forward citation within a month**.

#### 2. **Most Similar Patent From the Same Filing Year:**

- **`0result.sql`** identifies **`CN-201338846-Y`** as the most similar patent.
- **`2result.sql`** identifies **`US-8471807-B2`** as the most similar patent.

#### 3. **Consideration of Countries:**

The task specifies finding the most similar patent from the **same filing year**, **regardless of its type**. There are no restrictions on the country or kind code for the similar patent. Therefore, including a patent from China (CN) is acceptable.

#### 4. **Similarity Scores:**

- **`0result.sql`** computes a **positive similarity score** of **0.4411**, indicating a reasonable level of similarity between the patents.
- **`2result.sql`** computes a **negative similarity score** of **-0.0058**, which suggests little to no similarity, or potential issues in the calculation.

#### 5. **Accuracy and Compliance:**

- **`0result.sql`** correctly calculates the similarity by computing the dot product of embeddings and includes all patents from the same filing year without unnecessary restrictions.
- **`2result.sql`** may have calculation issues resulting in a negative similarity score, and the identified similar patent shows low similarity.

### Conclusion:

Given the reasoning above, **`0result.sql`** is more accurate and aligns better with the task requirements by identifying the patent with the highest similarity score from the same filing year.

---

**Chosen SQL File:**

```plain
0result.sql
```