After comparing both SQL queries and their results, I conclude that **`2result.sql`** is the correct SQL query.

**Reasoning:**

1. **Use of Correct Columns for Filtering:**
   - **`2result.sql`** uses the condition `country_region = 'United States'` to filter data for the United States, which directly references the country name.
   - **`0result.sql`** uses `country_region_code = 'US'` for filtering. While this may work, using the full country name ensures clarity and reduces the risk of inconsistencies if country codes are not standardized across the dataset.

2. **Proper Syntax and Quotation:**
   - **`2result.sql`** correctly uses backticks `` ` `` around column names and table names, which is standard in BigQuery SQL syntax.
   - **`0result.sql`** uses single quotes `'` around identifiers, which are typically reserved for string literals in SQL. This could lead to syntax errors.

3. **Precision of Results:**
   - **`2result.sql`** provides average levels and percentage increases with full precision, ensuring accuracy in the calculations.
   - **`0result.sql`** rounds the values to four decimal places using the `ROUND` function. While this makes the numbers more readable, it can introduce rounding errors, especially in percentage calculations.

4. **Clarity and Consistency:**
   - **`2result.sql`** maintains consistent formatting and is more readable, making it easier to understand and maintain.
   - **`0result.sql`** has inconsistencies in quotation marks and formatting, which could cause confusion.

5. **Consistency with Previous Observations:**
   - In the earlier queries, the `country_region` column was used to filter data for the United States. Using the same column here maintains consistency.

**Conclusion:**

Based on the above reasons, **`2result.sql`** is the preferred and correct SQL query to use for calculating the average levels of anxiety and depression symptoms in the United States for 2019 and 2020, as well as the percentage increase from 2019 to 2020.

---

**Output:**

```plaintext
2result.sql
```