```plaintext
0result.sql
```

The SQL query in `0result.sql` is the correct answer because it effectively extracts the imported Python modules and R libraries from the GitHub sample files and lists them along with their occurrence counts. This query appropriately handles both Python and R files and captures the import statements accurately.

**Reasons:**

1. **Accurate Extraction of Modules/Libraries:**
   - For Python files, it uses regular expressions to extract module names from both `import` and `from ... import ...` statements:
     - `'import\\s+(\\w+)'` captures direct import statements.
     - `'from\\s+(\\w+)\\s+import'` captures modules imported using the `from` syntax.
   - For R files, it extracts library names from both `library()` and `require()` calls:
     - `'library\\(([^)]+)\\)'`
     - `'require\\(([^)]+)\\)'`

2. **Aggregated Counts:**
   - The query groups the extracted module or library names and counts their occurrences using `GROUP BY` and `COUNT(*)`, providing meaningful statistics on the usage frequency.
   - The results in `0result.csv` show significant counts for common modules like `__future__`, `os`, `sys`, etc., which aligns with expected usage patterns in Python codebases.

3. **Filtering and Data Cleaning:**
   - The `HAVING` clause ensures that only non-null and non-empty module or library names are included in the results.

4. **Logical Structure:**
   - The use of `UNION ALL` combines results from different patterns (Python imports and R library calls) into a single cohesive result set.
   - The `ORDER BY` clause sorts the results first by language and then by the count in descending order, as requested.

In contrast, the SQL query in `2result.sql` returns counts of `1` for each module or library, which suggests that it may not be aggregating the data correctly or that there is an issue with the regular expressions or the way it processes the data. The results do not reflect expected usage frequencies, indicating that `2result.sql` is not the ideal solution.

Therefore, `0result.sql` is the correct choice as it accurately fulfills the task by providing a comprehensive list of imported modules and libraries along with their occurrence counts, sorted appropriately.