After reviewing both SQL queries and their results, here is the comparison:

**Query `0result.sql`:**

- **Data Retrieval:**
  - Unions data from the four yearly tables (`GHCND_2013` to `GHCND_2016`).
  - Filters records for station `USW00094846`.
  - Includes records where `"element"` is `'PRCP'`, `'TMIN'`, or `'TMAX'`.
  - Ensures data quality by selecting records where `"qflag"` is `NULL`.
  - Filters dates between `'2013-12-17'` and `'2016-12-31'` where the month is December and the day is between 17 and 31.
- **Calculations:**
  - Groups data by `YEAR("date")`.
  - Calculates the maximum precipitation, maximum temperature, and minimum temperature for each year.
  - Uses `ROUND("value" / 10.0, 4)` to convert values to appropriate units (mm for precipitation, °C for temperature).

**Query `2result.sql`:**

- **Data Retrieval:**
  - Unions data from the yearly tables but explicitly assigns `'Year'` as a field in each subquery.
  - Filters records for station `USW00094846`.
  - Ensures data quality by selecting records where `"qflag"` is `NULL`.
  - Constructs date ranges dynamically for each year using the `'Year'` field, ensuring accurate filtering for the last 15 days of each specific year.
- **Calculations:**
  - Groups data by the `'Year'` field.
  - Calculates the maximum precipitation, maximum temperature, and minimum temperature for each year.
  - Uses `ROUND("value" / 10, 4)` for unit conversion.

**Comparison and Reasoning:**

- **Date Filtering:**
  - **`0result.sql`:** Uses `AND "date" BETWEEN '2013-12-17' AND '2016-12-31'` along with `(MONTH("date") = 12 AND DAY("date") BETWEEN 17 AND 31)`. While this works, it relies on the date range covering all years and additional checks on month and day.
  - **`2result.sql`:** Constructs date ranges specific to each year using `TO_DATE("Year" || '-12-17', 'YYYY-MM-DD')` and `TO_DATE("Year" || '-12-31', 'YYYY-MM-DD')`. This ensures that the date filtering is precisely aligned with each individual year without any overlap or ambiguity.

- **Clarity and Precision:**
  - **`2result.sql`:** The explicit assignment of `'Year'` in each subquery and its use in date construction provides clearer logic and reduces the potential for errors in date ranges, especially if the dataset spans multiple years.
  - **`0result.sql`:** Relies on extracting the year from the `"date"` field, which can be error-prone if not handled carefully.

- **Grouping and Aggregation:**
  - Both queries group by the year and perform the necessary aggregations correctly.

**Conclusion:**

While both queries produce the same results, **`2result.sql`** offers a clearer and more precise approach to date filtering by dynamically constructing date ranges based on the explicit `'Year'` field. This method reduces the likelihood of including incorrect dates and ensures that each year's data is accurately represented.

**Therefore, `2result.sql` is the correct SQL query.**

```plaintext
2result.sql
```