To determine the correct SQL query that answers the task—finding the most common 4-digit IPC code among US B2 utility patents granted from June to August in 2022—we need to compare the three provided SQL queries and their approaches.

---

### **Candidate SQL Queries and Analysis**

#### **0result.sql**

```sql
SELECT 
    SUBSTR(ipc_u.value:"code"::STRING, 1, 4) AS "Most_common_4_digit_IPC_code"
FROM 
    PATENTS.PATENTS.PUBLICATIONS t,
    LATERAL FLATTEN(input => t."ipc") ipc_u
WHERE 
    t."country_code" = 'US' 
    AND t."kind_code" = 'B2' 
    AND t."grant_date" BETWEEN 20220601 AND 20220831
GROUP BY 
    "Most_common_4_digit_IPC_code"
ORDER BY 
    COUNT(*) DESC NULLS LAST
LIMIT 1;
```

- **Uses "grant_date"**: Filters patents based on the grant date, which is appropriate for selecting patents granted in the specified period.
- **Correctly extracts the 4-digit IPC code**: Uses `SUBSTR` on the `"code"` field.
- **Does not include unnecessary conditions**: Focuses on the essential criteria.

#### **1result.sql**

```sql
SELECT SUBSTR(f.value::VARIANT:"code"::STRING, 1, 4) AS "Most_common_4_digit_IPC_code"
FROM PATENTS.PATENTS.PUBLICATIONS t, LATERAL FLATTEN(input => t."ipc") f
WHERE t."country_code" = 'US' 
  AND t."kind_code" = 'B2' 
  AND t."publication_date" BETWEEN 20220601 AND 20220831
GROUP BY "Most_common_4_digit_IPC_code"
ORDER BY COUNT(*) DESC NULLS LAST
LIMIT 1;
```

- **Uses "publication_date"**: Filters based on the publication date, which may not accurately reflect the grant date. Since the task specifies patents **granted** between June and August 2022, this query might include incorrect data.
- **Correctly extracts the 4-digit IPC code**.
- **Potentially includes patents not granted in the specified period**: By using "publication_date" instead of "grant_date", it may not align with the task requirements.

#### **2result.sql**

```sql
SELECT SUBSTR(f.value:"code"::STRING, 1, 4) AS "Most_common_4_digit_IPC_code"
FROM PATENTS.PATENTS.PUBLICATIONS t, LATERAL FLATTEN(input => t."ipc") f
WHERE t."country_code" = 'US'
  AND t."kind_code" = 'B2'
  AND t."application_kind" = 'A'
  AND t."grant_date" BETWEEN 20220601 AND 20220831
GROUP BY "Most_common_4_digit_IPC_code"
ORDER BY COUNT(*) DESC NULLS LAST
LIMIT 1;
```

- **Uses "grant_date"**: Correctly filters patents based on the grant date.
- **Includes "application_kind" = 'A'**: While adding this condition, analysis of the data shows that all US B2 patents have "application_kind" = 'A'. Therefore, this condition is redundant and does not affect the result.
- **Correctly extracts the 4-digit IPC code**.

---

### **Decision and Reasoning**

**The correct SQL query is `0result.sql`.**

**Reasons:**

1. **Accurate Date Filtering**: It uses `"grant_date"` to filter patents granted between June and August 2022, which aligns with the task requirement. This ensures that only patents **granted** in the specified period are considered.

2. **Necessary Conditions Only**: `0result.sql` includes only essential filtering conditions without any redundant clauses. This makes the query efficient and focused.

3. **Proper Extraction of IPC Codes**: It correctly extracts the 4-digit IPC codes from the `"ipc"` field using `SUBSTR` on the `"code"` field.

4. **Avoids Potential Errors**: By not including unnecessary conditions (like `"application_kind" = 'A'`), it avoids any potential issues related to data anomalies or future changes in the data.

**Why Not the Other Queries:**

- **`1result.sql`** uses `"publication_date"` instead of `"grant_date"`. Since `"publication_date"` may not reflect the actual grant date of the patent, this query might include patents that were published but not necessarily granted in the specified period. This does not meet the task's requirement of focusing on granted patents.

- **`2result.sql`** includes an extra condition, `"application_kind" = 'A'`. While this does not change the result in this context (since all US B2 patents have `"application_kind" = 'A'`), it's a redundant condition. Including unnecessary conditions can make the query less efficient and harder to maintain.

---

### **Final Answer**

```plain
0result.sql
```