After reviewing the three SQL queries and their results, I have determined that **`2result.sql`** is the correct SQL query for the task. Here's the reasoning:

**Comparison of SQL Queries:**

1. **`0result.sql`**:
   - **Approach**: Calculates the dot product of embeddings between the target patent and candidates filed between `20160101` and `20161231`.
   - **Output**: Only one publication number (`JP-6088093-B1`) is returned.
   - **Issue**: Returns fewer than five patents, which does not meet the requirement of identifying the top five similar patents.

2. **`1result.sql`**:
   - **Approach**: Extracts the filing year of `US-9741766-B2` and selects patents filed in the same year. Calculates similarity by summing the product of embedding vectors.
   - **Output**: Only one publication number (`US-D796401-S`) is returned.
   - **Issue**: Similar to the first query, it returns fewer than five patents.

3. **`2result.sql`**:
   - **Approach**:
     - Retrieves the embedding vector of `US-9741766-B2`.
     - Selects patents filed in the same year (extracted as `'2016'`).
     - Parses the embeddings as JSON arrays for both the target and candidate patents.
     - Uses `LATERAL FLATTEN` to iterate over the embedding arrays and calculates the dot product to measure similarity.
     - Orders the results by the similarity score in descending order and limits the output to the top five patents.
   - **Output**: Returns five publication numbers:
     ```
     US-2016196998-A1
     CA-166855-S
     US-D793323-S
     US-D796401-S
     CA-166289-S
     ```
   - **Result**: Successfully identifies the top five patents most similar to `US-9741766-B2` filed in the same year.

**Reason for Choosing `2result.sql`**:

- **Meets the Task Requirements**: It correctly retrieves the top five patents, fulfilling the task's objective.
- **Correct Handling of Embeddings**:
  - Parses the embedding vectors as JSON arrays, ensuring proper data types for calculations.
  - Uses `LATERAL FLATTEN` to align the indices of the embeddings between the target and candidate patents.
- **Accurate Similarity Calculation**:
  - Computes the dot product of the embeddings to measure similarity.
  - Orders the results based on the calculated similarity scores.

Based on the above analysis, **`2result.sql`** is the correct SQL query that accomplishes the task effectively.

---

**Selected SQL File:**

```plain
2result.sql
```