```plain
0result.sql
```

I chose `0result.sql` as the correct SQL query because it most effectively and accurately answers the question:

**Reasoning:**

- **Comprehensive Data Collection:** The query begins by combining all event tables for December 2020 using a Common Table Expression (CTE) named `events`. This ensures that all purchase events in December are included in the analysis.

  ```sql
  WITH events AS (
      SELECT * FROM "GA4"."GA4_OBFUSCATED_SAMPLE_ECOMMERCE"."EVENTS_20201201"
      UNION ALL
      -- Include all other event tables up to EVENTS_20201231
      ...
  ),
  ```

- **Identification of Relevant Purchases:** In the next CTE, `events_with_navy_tee`, the query selects only those events where the 'Google Navy Speckled Tee' was purchased. This is done by flattening the `ITEMS` array and filtering for the specific item.

  ```sql
  events_with_navy_tee AS (
      SELECT e."EVENT_TIMESTAMP", e."ITEMS"
      FROM events e,
      LATERAL FLATTEN(input => e."ITEMS") items
      WHERE e."EVENT_NAME" = 'purchase'
        AND items.value:"item_name"::STRING = 'Google Navy Speckled Tee'
  )
  ```

- **Analysis of Associated Products:** The main query then flattens the `ITEMS` array again to find all other products purchased in the same events (transactions) as the 'Google Navy Speckled Tee'. It filters out the tee itself to focus on associated products.

  ```sql
  SELECT 
      other_items.value:"item_name"::STRING AS "Product_Name",
      ROUND(SUM(other_items.value:"quantity"::NUMBER), 4) AS "Total_Quantity"
  FROM events_with_navy_tee ewn,
  LATERAL FLATTEN(input => ewn."ITEMS") other_items
  WHERE other_items.value:"item_name"::STRING <> 'Google Navy Speckled Tee'
  GROUP BY "Product_Name"
  ORDER BY "Total_Quantity" DESC NULLS LAST
  LIMIT 1;
  ```

- **Aggregation and Rounding:** It sums the quantities of these associated products and rounds the `Total_Quantity` to 4 decimal places, adhering to the instruction to ensure float values are rounded appropriately.

- **Result Accuracy:** The query accurately determines that the **'Google 24oz Ring Bottle Blue'** is the product purchased with the highest total quantity alongside the 'Google Navy Speckled Tee' in December 2020, with a total quantity of **32**.

**Comparison with Other SQL Queries:**

- **`1result.sql`:** While this query also combines December events and identifies associated products, it uses a window function with a `CASE WHEN` statement and `MAX` over a partition. This adds unnecessary complexity, and the window function may not be the most efficient choice for this analysis.

- **`2result.sql`:** This query is similar to `0result.sql` but adds conditions to filter out null or empty item names. While this is a good data-cleaning step, if the data does not contain null or empty item names for products, this might be redundant. Additionally, it doesn't explicitly round the float values as instructed.

**Conclusion:**

`0result.sql` is preferred because it:

- **Directly and Efficiently Addresses the Question:** It succinctly filters and aggregates the necessary data without unnecessary complexity.

- **Adheres to Instructions:** It ensures that float values are rounded to 4 decimal places, as per the requirement.

- **Produces Accurate Results:** It correctly identifies the product with the highest total quantity purchased alongside the 'Google Navy Speckled Tee'.

**Note:** Ensure that when executing the query, all December event tables (`EVENTS_20201201` to `EVENTS_20201231`) are included in the `events` CTE. Also, verify that the float values are rounded to 4 decimal places in the final result.