After analyzing the three SQL queries and their results, **`1result.sql`** is the most appropriate and correct SQL to answer the task.

**Reasoning:**

1. **Grouping by Item Number and Item Description:**
   - **`1result.sql`** groups the data by both **`"item_number"`** and **`"item_description"`**. This ensures that we're accurately calculating the growth percentage for each unique item. The **`"item_number"`** acts as a unique identifier, which is crucial since different items might share the same description or an item's description might change over time.
   - **`0result.sql`** only groups by **`"item_description"`**, which can lead to incorrect aggregations if multiple items have the same description.
   - **`2result.sql`** also groups by **`"item_number"`** and **`"item_description"`**, but introduces additional filters not specified in the task.

2. **Alignment with Task Requirements:**
   - The task asks for the top 5 items with the highest year-over-year growth percentage in total sales revenue for 2023, without any mention of filtering out items based on sales amounts.
   - **`1result.sql`** calculates the growth percentage for all items that had sales in both 2022 and 2023, ensuring a comprehensive comparison.
   - **`2result.sql`** includes a filter in the `HAVING` clause that only considers items with at least $1,000 in sales in 2022. This filter is not specified in the task and may exclude items with significant growth but lower initial sales.

3. **Handling of Zero or Negative Sales:**
   - **`1result.sql`** uses `NULLIF` to prevent division by zero errors and filters out items with zero sales in either year using `WHERE "sales_2022" <> 0 AND "sales_2023" <> 0`.
   - **`2result.sql`** adds conditions to exclude negative sales amounts. While accounting for negative sales might be relevant, the task does not specify this requirement, and excluding them might omit important data related to returns or adjustments.

4. **Simplicity and Directness:**
   - **`1result.sql`** directly addresses the task without introducing unnecessary complexity or additional conditions. It provides a straightforward calculation of growth percentages and orders the results accordingly.

Given these points, **`1result.sql`** is the correct SQL query to use.

---

**Answer:**

```plain
1result.sql
```