After analyzing the three SQL queries and their corresponding results, I have determined that **`1result.sql`** is the correct query for the following reasons:

---

**Reasoning:**

1. **Correctness:**
   - All three queries produce the same correct result:
     ```
     repo_name          | commit_count
     -------------------|-------------
     twbs/bootstrap     | 340
     facebook/react     | 178
     ```
   - This matches the requirement to list the repository names and commit counts for the top two GitHub repositories with JavaScript as the primary language and the highest number of commits.

2. **Query Structure and Clarity:**
   - **`1result.sql`** uses a clear and concise approach by:
     - Using a single Common Table Expression (CTE) named `repo_primary_language` to determine the primary language for each repository.
     - Assigning a row number `rn` partitioned by `"repo_name"` and ordered by `bytes` in descending order to identify the primary language.
     - Filtering repositories where `rn = 1` and the primary language is `'JavaScript'`.
     - Joining this result directly with the `SAMPLE_COMMITS` table to count commits.
   - The query is straightforward and easier to read, making it more maintainable.

3. **Efficiency:**
   - **`1result.sql`** minimizes the use of nested CTEs and unnecessary aggregations.
   - It avoids extra computations by not summing bytes for each language, as each language's byte count is already provided.
   - By reducing complexity, the query is potentially more efficient in terms of execution time and resource usage.

4. **Consistency in Data Handling:**
   - The query correctly handles repositories where JavaScript is the primary language by ensuring that `rn = 1`.
   - It accurately counts the number of commits associated with these repositories.

---

**Float Values Rounding:**

- The results only contain integer values (`commit_count`), so there's no need to round any float values.
- If there were any float values, they would be rounded to 4 decimal places as per the instruction.

---

**Conclusion:**

Based on the reasons above, the correct SQL query is:

```plain
1result.sql
```