After reviewing and comparing the three SQL scripts and their results, I have determined that **`2result.sql`** is the correct answer for the following reasons:

1. **Date Range Accuracy:**
   - **`2result.sql`** correctly uses the last 24 months of data from the maximum date available in the dataset:
     ```sql
     WHERE "date" >= DATEADD(month, -24, (SELECT MAX("date") FROM ...))
     ```
     This ensures that the analysis is based on the most recent data available.

   - **`0result.sql`** also uses the correct date range in the same manner.

   - **`1result.sql`** uses a fixed date range ending in May 2020:
     ```sql
     WHERE "date" >= DATEADD(month, -24, DATE '2020-04-01')
     AND "date" < DATE '2020-05-01'
     ```
     Given that the dataset contains data up to September 2024, this script excludes the most recent data, making the analysis outdated.

2. **Output Clarity:**
   - **`2result.sql`** provides category names in the output, which improves readability and makes the results more meaningful:
     ```
     category1,category2,correlation_coefficient
     AMERICAN FLAVORED VODKA,CREAM LIQUEURS,-0.7415
     ```

   - **`0result.sql`** outputs category codes instead of names:
     ```
     category1,category2,pearson_correlation_coefficient
     1031200.0,1081200.0,-0.7415
     ```
     While the correlation coefficient matches that of **`2result.sql`**, the lack of category names makes it less user-friendly.

3. **Consistency in Results:**
   - Both **`0result.sql`** and **`2result.sql`** produce the same Pearson correlation coefficient of **-0.7415**, indicating that the categories **AMERICAN FLAVORED VODKA** and **CREAM LIQUEURS** have the lowest correlation.

   - **`1result.sql`** yields a different pair with a less negative correlation coefficient of **-0.6852**:
     ```
     Category1,Category2,Pearson_Correlation_Coefficient
     FLAVORED RUM,CREAM LIQUEURS,-0.6852
     ```
     This suggests that **`1result.sql`** may not have identified the pair with the lowest correlation due to the outdated data range.

4. **Alignment with Task Requirements:**
   - **`2result.sql`** correctly follows the task instructions by:
     - Calculating categories contributing an average of at least 1% to monthly sales volume over the **last 24 months**.
     - Computing the Pearson correlation coefficients between their monthly sales percentages.
     - Identifying the two categories with the **lowest** Pearson correlation coefficient.

   - **`0result.sql`**, while accurate in computations, provides less accessible output due to the use of category codes.

Therefore, **`2result.sql`** is the most appropriate script as it accurately computes the required values using the correct data range and presents the results in a clear and understandable format.

```plaintext
2result.sql
```