After comparing the three SQL queries and their results, **`0result.sql`** is the correct SQL query for the task. Here's why:

1. **File Name Precision**: `0result.sql` uses the condition:

   ```sql
   "sample_path" ILIKE '%package.json' OR "sample_path" ILIKE '%composer.json'
   ```

   This ensures that only files that **end with** `package.json` or `composer.json` are selected. It excludes files like `package.json.backup` or `src/package.json.old` that may not be the actual package files we're interested in.

   In contrast, `1result.sql` and `2result.sql` use:

   ```sql
   "sample_path" ILIKE '%package.json%' OR "sample_path" ILIKE '%composer.json%'
   ```

   which matches any file path containing `package.json` or `composer.json` anywhere in the path, potentially including irrelevant files.

2. **Excluding Binary Files**: `0result.sql` includes the condition:

   ```sql
   "binary" = FALSE
   ```

   This ensures that only non-binary files are considered, preventing errors during JSON parsing and excluding irrelevant binary files.

   The other queries do not exclude binary files, which may lead to parsing errors or incorrect data.

3. **Valid JSON Content**: `0result.sql` checks:

   ```sql
   TRY_PARSE_JSON("content") IS NOT NULL
   ```

   to ensure that the content can be parsed as valid JSON before attempting to extract the `require` section.

4. **Ensuring 'require' Section Exists**: It also includes:

   ```sql
   TRY_PARSE_JSON("content"):"require" IS NOT NULL
   ```

   to make sure that the `require` section exists in the JSON content before attempting to extract package names.

5. **Overall Accuracy**: These additional conditions make `0result.sql` more precise and accurate for the task of extracting package names from the `require` section, leading to correct frequency counts.

**Therefore, `0result.sql` is the correct SQL query to use for extracting and counting the frequency of package names listed in the `require` section of JSON-formatted content.**

```plain
0result.sql
```