The correct SQL query is:

```plaintext
1result.sql
```

**Reasoning:**

- **Focused on Washington State Stations:**
  - The query begins by creating a Common Table Expression (CTE) named `wa_stations`, which filters the `stations` table for stations located in Washington State (`state = 'WA'`). This ensures that all subsequent operations only involve stations within the specified state.

- **Accurate Rainy Day Counts:**
  - The query calculates the number of rainy days for each station in both 2022 and 2023 by joining the respective GSOD data (`gsod2022` and `gsod2023`) with `wa_stations`.
  - It uses `COUNTIF(g.prcp > 0 AND g.prcp != 99.99)` to count only valid precipitation records where the amount is greater than zero inches (which corresponds to greater than zero millimeters) and not equal to `99.99` (indicating missing data).

- **Proper Handling of Precipitation Data:**
  - By including `g.prcp IS NOT NULL` in the `WHERE` clause and applying the precipitation conditions within the `COUNTIF`, the query ensures that all valid precipitation data are considered, and invalid or missing data are excluded from the count.

- **Meets the Task Criteria:**
  - The final `SELECT` statement retrieves stations where:
    - The number of rainy days in 2023 is **greater than 150**.
    - The number of rainy days in 2023 is **less than** the number of rainy days in 2022.
  - These conditions directly address the requirements specified in the task.

- **Clear and Efficient Structure:**
  - By using CTEs and joining with `wa_stations`, the query maintains clarity and focuses computations only on relevant data, potentially improving efficiency.
  - The use of `COUNTIF` simplifies the counting logic and enhances readability.

**Comparison with Other Queries:**

- **`0result.sql`:**
  - While it also produces the correct results, it joins the `stations` table within each CTE, potentially repeating similar joins and making the query slightly less organized compared to `1result.sql`.

- **`2result.sql`:**
  - This query calculates rainy days over the entire dataset without initially filtering for Washington State, and only filters for the state at the end. This could lead to unnecessary computations on irrelevant data. Additionally, it multiplies `prcp` by `25.4` to convert inches to millimeters, but since we're only checking for values greater than zero, the conversion is unnecessary for the comparison.

**Conclusion:**

- **`1result.sql`** is the most appropriate and efficient query that accurately implements the task requirements by focusing on Washington State stations, correctly counting rainy days with valid precipitation data, and applying the specified conditions to identify the desired stations.