After comparing the two SQL queries and their results, the correct SQL that addresses the task is **`0result.sql`**.

**Reasoning:**

- **Task Requirements:** We need to provide the publication number of each patent granted between 2010 and 2018 and the number of backward citations it has received in the **SEA** category.

- **SQL Query in `0result.sql`:**

  ```sql
  SELECT t."publication_number", COUNT(*) AS "Number_of_Backward_Citations_SEA_Category"
  FROM PATENTS.PATENTS.PUBLICATIONS t,
  LATERAL FLATTEN(input => t."citation") f
  WHERE t."grant_date" BETWEEN 20100101 AND 20181231
    AND f.value:"category"::STRING ILIKE '%SEA%'
  GROUP BY t."publication_number";
  ```

  - **Uses `ILIKE '%SEA%'`:** The `ILIKE` operator performs a case-insensitive search, which is important because the `"category"` field may contain variations in case (e.g., `'SEA'`, `'sea'`, `'Sea'`). Using `ILIKE` ensures that all these variations are included in the results.
  
- **SQL Query in `1result.sql`:**

  ```sql
  SELECT t."publication_number", COUNT(*) AS "Number_of_Backward_Citations_SEA_Category"
  FROM PATENTS.PATENTS.PUBLICATIONS t,
       LATERAL FLATTEN(input => t."citation") f
  WHERE t."grant_date" BETWEEN 20100101 AND 20181231
    AND f.value:"category"::STRING LIKE '%SEA%'
  GROUP BY t."publication_number";
  ```

  - **Uses `LIKE '%SEA%'`:** The `LIKE` operator is case-sensitive in many SQL dialects. This means it may miss citations where the category is in lowercase or mixed case (e.g., `'sea'`, `'Sea'`), which would lead to an incomplete count of citations.
  
- **Conclusion:** Since we want to ensure all citations in the **SEA** category are counted regardless of case sensitivity, **`0result.sql`** is the correct choice because it uses `ILIKE` for a case-insensitive match.

---

**Therefore, the correct SQL is:**

```plaintext
0result.sql
```