After comparing the three SQL queries and their results, I have determined that `1result.sql` is the correct answer. Here are the reasons:

1. **Correct Filtering Criteria:**
   - **Patent Selection:**
     - The query accurately filters for United States patents (`p."country_code" = 'US'`).
     - It selects patents under the B2 classification (`p."kind_code" LIKE '%B2'`), which includes utility patents.
     - It considers patents granted between 2010 and 2014 (`p."grant_date" BETWEEN 20100101 AND 20141231`).
   - **Citation Timing:**
     - It ensures that forward citations are counted only if the citing patent was filed within 30 days of the focal patent's filing date (`DATEDIFF('day', TRY_TO_DATE(p."filing_date"::VARCHAR, 'YYYYMMDD'), TRY_TO_DATE(c."filing_date"::VARCHAR, 'YYYYMMDD')) BETWEEN 0 AND 30`).

2. **Accurate Computation of Forward Citations:**
   - The query counts the number of forward citations within 30 days correctly, using `COUNT(DISTINCT f.value:"publication_number"::STRING)`.

3. **Consistent Use of Filing Dates:**
   - It properly parses filing dates using `TRY_TO_DATE(p."filing_date"::VARCHAR, 'YYYYMMDD')`, ensuring that only valid dates are considered.

4. **Selection of the Most Similar Patent:**
   - It identifies the most similar patent based on the cosine similarity (dot product in this case) of the embedding vectors.
   - It considers patents filed in the same year as the focal patent, regardless of their type, fulfilling the requirement to find the most similar patent from the same filing year.

5. **Logical Flow and Correct Joins:**
   - The query is well-structured, with clear CTEs (`"TopPatent"`, `"PatentA"`, `"PatentB"`).
   - It uses proper joins and lateral flattening to handle the embeddings and citations.

6. **Result Consistency:**
   - The output shows a high similarity score (`0.8447`), which is more plausible compared to negative or near-zero values in the other results.
   - The most similar patent identified is `US-2009209314-A1`, which is a publication from the same filing year, aligning with the task requirements.

Therefore, based on the above reasons, `1result.sql` is the correct SQL query that fulfills the task requirements accurately.

```plain
1result.sql
```