After comparing the three SQL queries and their results, I have determined that **`0result.sql`** is the correct answer.

**Reasoning:**

- **Correct Calculation of Delivered Order Counts:**
  - In `0result.sql`, the delivered order count is calculated using `COUNT(DISTINCT olist_orders.order_id)`, which ensures that each order is counted only once, even if there are multiple payment records per order.
  - The other queries (`1result.sql` and `2result.sql`) use `COUNT(o."order_id")` without `DISTINCT`, which may lead to overcounting if an order has multiple payment records.

- **Consistent Table References:**
  - `0result.sql` uses clear and unquoted table and column names, which is consistent with standard SQL syntax and enhances readability.
  - The other queries include double quotes around identifiers, which is acceptable but may cause issues in some SQL environments if not handled properly.

- **Accurate Computation Steps in `0result.sql`**:
  1. **Calculates Total Payments per City:**
     - Uses `SUM(olist_order_payments.payment_value)` to sum the payments for each city.
  2. **Calculates Delivered Order Counts per City:**
     - Uses `COUNT(DISTINCT olist_orders.order_id)` to count the number of unique delivered orders per city.
  3. **Filters for Delivered Orders:**
     - Includes `WHERE olist_orders.order_status = 'delivered'` to consider only delivered orders.
  4. **Orders Cities by Total Payments Ascending:**
     - Uses `ORDER BY total_city_payment ASC` to find the cities with the lowest total payments.
  5. **Limits to the Bottom Five Cities:**
     - Includes `LIMIT 5` to select only the five cities with the lowest summed payments.
  6. **Calculates Averages Across the Bottom Cities:**
     - Computes the average of `total_city_payment` and `delivered_order_count` for these cities.

**Conclusion:**

- `0result.sql` accurately follows the task's requirements by identifying the five cities with the lowest summed payments among all cities with delivered orders and then calculating the average total payments and average delivered order counts for these cities.
- The use of `COUNT(DISTINCT olist_orders.order_id)` ensures the correctness of the delivered order counts, preventing any potential overcounting due to multiple payment records.

---

**Therefore, the correct SQL query is:**

```plaintext
0result.sql
```