The correct SQL query that fulfills the task is:

```plaintext
1result.sql
```

**Reasoning:**

**Task Requirement:**

- **Objective:** Identify the top two Google Trends search terms for each **weekday** over the first two weeks in September 2024.
- **Date Range:** From September 1, 2024, to September 14, 2024.
- **Granularity:** **Each weekday** (i.e., individual days, excluding weekends).
- **Ordering:** List the results by date from most recent to oldest.

**Comparison of the Two SQL Queries:**

---

**First SQL Query (`0result.sql`):**

```sql
SELECT
    "week" AS "Date",
    MAX(CASE WHEN "rank" = 1 THEN "term" END) AS "Term1",
    MAX(CASE WHEN "rank" = 2 THEN "term" END) AS "Term2"
FROM
    GOOGLE_TRENDS.GOOGLE_TRENDS.TOP_TERMS
WHERE
    "week" BETWEEN '2024-09-01' AND '2024-09-14'
    AND "rank" <= 2
GROUP BY
    "week"
ORDER BY
    "week" DESC NULLS LAST;
```

- **Issues with this Query:**
  - The query groups data by `"week"`, which represents the start date of the week, rather than individual days.
  - It does not filter out weekends; it considers the entire week as a single entity.
  - The `"rank"` column is used directly, but it may not be consistent across different regions (`"dma_name"`) and may not accurately reflect the overall top terms.
  - The result provides top terms per week, not per **weekday**, which doesn't meet the task requirement.
  - **Result Sample:**

    ```
    Date,Term1,Term2
    2024-09-08,Vp debate,Yankees
    2024-09-01,Vp debate,Yankees
    ```

---

**Second SQL Query (`1result.sql`):**

```sql
SELECT
    TO_CHAR("week", 'YYYY-MM-DD') AS "Date",
    MAX(CASE WHEN rn = 1 THEN "term" END) AS "Term1",
    MAX(CASE WHEN rn = 2 THEN "term" END) AS "Term2"
FROM (
    SELECT
        "week",
        "term",
        ROW_NUMBER() OVER (
            PARTITION BY "week"
            ORDER BY SUM("score") DESC NULLS LAST
        ) AS rn
    FROM "GOOGLE_TRENDS"."GOOGLE_TRENDS"."TOP_TERMS"
    WHERE
        "week" BETWEEN '2024-09-01' AND '2024-09-14'
        AND "term" IS NOT NULL
        AND "score" IS NOT NULL
    GROUP BY "week", "term"
) t
WHERE rn <= 2
GROUP BY "week"
ORDER BY "Date" DESC;
```

- **Strengths of this Query:**
  - The query uses a subquery to calculate the total `"score"` for each `"term"` within each `"week"`.
  - It employs `ROW_NUMBER()` to rank terms based on the aggregated `"score"`, ensuring the top terms are selected by their actual popularity.
  - It calculates the top two terms per **week** based on summed scores, which is more accurate than relying on the `"rank"` column.
  - The query still groups by `"week"`, but the approach to determining top terms is more reliable.
  - **Limitations:**
    - It does not break down the data into individual **weekdays**.
    - However, given the data in the `TOP_TERMS` table seems to be aggregated at the weekly level (since only `"week"` is available and no `"day"` column), this might be the most granular level possible.
  - **Result Sample:**

    ```
    Date,Term1,Term2
    2024-09-08,Miami Dolphins,Indiana Fever
    2024-09-01,Eagles,Indiana Fever
    ```

---

**Conclusion:**

- **Data Granularity Limitation:** Both queries operate at the **weekly** level due to the structure of the `TOP_TERMS` table, which only includes a `"week"` column and lacks a `"day"` column to identify individual weekdays.
- **Accuracy of Term Selection:**
  - The second query (`1result.sql`) selects top terms based on the **highest total scores**, providing a more accurate reflection of overall term popularity for the week.
  - The first query relies on the `"rank"` column, which may vary across different regions and does not accurately aggregate the popularity of terms nationally.
- **Best Fit for Task:**
  - While neither query can completely fulfill the requirement of identifying top terms per **weekday** due to data limitations, the second query provides a more accurate selection of top terms per week.
  - Given the data constraints, the second query (`1result.sql`) is the most appropriate and correct choice.

---

**Note:** Due to the limitations of the available data (aggregated weekly rather than daily), it's impossible to extract top terms for each individual **weekday**. The second query, however, offers the best approximation by accurately identifying the top two terms per week based on total scores.

---

Therefore, the correct SQL query is:

```plaintext
1result.sql
```