After analyzing the three provided SQL queries and their corresponding results, I have determined that **`1result.sql`** is the correct SQL script for the given task. Here's the reasoning:

**1. Use of RANK() vs. ROW_NUMBER():**

- **`1result.sql`** uses the **`RANK()`** function when ranking states and counties based on daily new case counts.
  - **Rationale:** The **`RANK()`** function assigns the same rank to states or counties with equal daily new cases, reflecting true ties in the data. This is appropriate for this analysis because multiple states or counties can have the same number of new cases on a given day, and we should consider them equally when determining the top five.

- **`0result.sql`** and **`2result.sql`** use the **`ROW_NUMBER()`** function.
  - **Issue:** **`ROW_NUMBER()`** assigns a unique rank to each state or county, even if they have the same number of new cases. This can arbitrarily exclude states or counties from the top five when there are ties, impacting the frequency counts inaccurately.

**2. Handling Initial Daily New Cases:**

- All scripts calculate daily new cases using the difference between the current day's cumulative cases and the previous day's cumulative cases.
- **`1result.sql`** includes a **`WHERE`** clause filtering out **`NULL`** daily new cases, ensuring only valid entries are considered:
  ```sql
  WHERE
    daily_new_cases IS NOT NULL
  ```
- **`2result.sql`** does not handle **`NULL`** values for the first day's calculation (missing **`COALESCE`**), which can lead to missing or incorrect counts for the initial dates.

**3. Consistency in Results:**

- The frequencies in **`1result.csv`** are consistent and slightly higher than those in **`0result.csv`**, which is expected due to the use of **`RANK()`** handling ties appropriately.
- The top counties and their frequencies in **`1result.csv`** closely align with those in **`2result.csv`**, barring minor differences likely due to the handling of **`NULL`** values and data formatting.

**4. Correct Identification of the Fourth-Ranked State:**

- By accurately ranking the states using **`RANK()`**, **`1result.sql`** correctly identifies the state that ranks fourth based on its frequency appearing in the daily top five new case counts.
- This ensures that the subsequent analysis for counties within that state is based on the correct state.

**5. Data Presentation:**

- **`1result.sql`** presents the county names without adding redundant suffixes like "County," maintaining consistency with the provided data.
- It orders the final results by appearance count in descending order, as required.

**6. Float Values Consideration:**

- The task mentions ensuring float values are rounded to four decimal places. While this dataset deals with integer counts, **`1result.sql`** does not introduce any potential float rounding issues.

**Conclusion:**

Given these points, **`1result.sql`** is the most suitable script as it accurately implements the required analysis, properly handles ties using **`RANK()`**, and ensures correctness in the frequency counts for both states and counties.

---

**Selected SQL Script:**

```plain
1result.sql
```