After comparing the SQL scripts and their results, I recommend using **`0result.sql`** as the correct answer.

**Reason:**

- **Accurate First Visit and Transaction Times:**
  - `0result.sql` correctly uses `visitStartTime` to determine the exact timestamps of the first visit and first transaction for each visitor. This ensures precise calculation of the days elapsed between the two events.
  - By converting `visitStartTime` to a date, it captures the exact moment of each session, which is crucial for accurate time difference computation.

- **Correct Calculation of Days Elapsed:**
  - The query calculates `days_elapsed` by finding the difference between the dates of the first transaction and the first visit, using `DATE_DIFF`. This provides the exact number of days between the two events.

- **Accurate Device Category Association:**
  - `0result.sql` correctly joins the transaction data to retrieve the `deviceCategory` used during the first transaction. This ensures that the device type corresponds precisely to the session where the first transaction occurred.

- **Efficient Data Handling:**
  - The use of Common Table Expressions (CTEs) and filtering with `_TABLE_SUFFIX` to select all February 2017 sessions makes the query more efficient and scalable.
  - It avoids unnecessary UNION operations, which can be less efficient with large datasets.

- **Readability and Maintainability:**
  - The query is well-structured with clear CTEs such as `all_sessions`, `first_visits`, and `first_transactions`, enhancing readability and making it easier to understand and maintain.

In comparison, **`2result.sql`**:

- Utilizes multiple `UNION ALL` operations to combine tables for each day, which can be less efficient and harder to maintain compared to using wildcard table selection with `_TABLE_SUFFIX`.
- May not accurately capture the device category associated with the exact first transaction session due to potential issues with ordering and grouping.
- Uses `ROW_NUMBER()` without accounting for potential duplicate timestamps, which might lead to incorrect identification of the first transaction.

For these reasons, **`0result.sql`** is the preferred query as it more accurately and efficiently accomplishes the task.

---

```plaintext
0result.sql
```