After comparing the SQL queries and their results, **`2result.sql`** is the correct choice for the following reasons:

1. **Accurate Spatial Filtering:**
   - **`2result.sql`** uses the `ST_GEOGFROMTEXT(za."zipcode_geom")` function to convert the `"zipcode_geom"` column into a geography object. This allows for accurate spatial queries using the actual geographic polygon of each zip code area.
   - **`ST_DWITHIN`** is then used to check if any part of the zip code polygon is within 10 kilometers of the specified coordinates (-122.3321, 47.6062). This ensures that zip codes are included if any portion of their area falls within the specified distance, not just their centroids.
   - In contrast, **`1result.sql`** uses `ST_MAKEPOINT(z."longitude", z."latitude")` to create a point from the centroid coordinates of the zip code area. This method only considers the center point of the zip code, potentially excluding areas that are within 10 kilometers but have centroids outside this range.

2. **Comprehensive Data Retrieval:**
   - **`2result.sql`** performs a **LEFT JOIN** with the population data subquery. This ensures that all zip codes within the spatial query are included in the results, even if there is no corresponding population data. Zip codes without population data will display a population of 0 due to the use of `COALESCE(p."population", 0)`.
   - **`1result.sql`** uses an **INNER JOIN**, which would exclude any zip codes that do not have matching population data in the `POPULATION_BY_ZIP_2010` table. This could result in incomplete data if some zip codes lack population entries.

3. **Query Structure and Correctness:**
   - **`2result.sql`** correctly groups the data without the need to include all selected columns in the `GROUP BY` clause because it selects columns directly from the `ZIPCODE_AREA` table and aggregates the population.
   - **`1result.sql`** groups by many columns, which can be unnecessary and may lead to complex and less efficient queries.

4. **Handling Null Population Values:**
   - **`2result.sql`** addresses cases where population data might be missing by using `COALESCE`, defaulting missing population counts to 0. This makes the data more robust and prevents potential null value issues.
   - **`1result.sql`** does not handle null population values explicitly.

5. **Alignment with Task Requirements:**
   - The task specifies the need to include zip code areas within 10 kilometers of the given coordinates, along with their geographic polygons, area measurements, coordinates, state and city information, county, and population data.
   - **`2result.sql`** fulfills all these requirements accurately and efficiently by utilizing appropriate spatial functions and joins.

Based on these reasons, **`2result.sql`** is the more suitable and correct SQL query for accomplishing the task.

---

**Chosen SQL:**

```plaintext
2result.sql
```