```plaintext
1result.sql
```

**Reasoning:**

After comparing the three SQL queries (`0result.sql`, `1result.sql`, and `2result.sql`), I recommend `1result.sql` as the correct answer for the following reasons:

1. **Correct Identification of the Top Traffic Source:**

   - `1result.sql` explicitly calculates the total revenue per traffic source using the `total_revenue_per_source` CTE.
   - It then selects the traffic source with the highest total revenue (`max_revenue_source`), ensuring that the analysis focuses on the correct source.

2. **Proper Calculation of Monthly Revenues:**

   - It computes monthly revenues per traffic source and month in the `monthly_rev` CTE.
   - By joining or filtering `monthly_rev` with `max_revenue_source`, it accurately selects only the monthly revenues for the top traffic source.

3. **Accurate Computation of Revenue Difference:**

   - Finally, it calculates the difference between the maximum and minimum monthly revenues for the top traffic source.
   - The revenue difference is correctly converted from micros to millions and rounded to four decimal places as specified.

4. **Clear and Readable Structure:**

   - The use of Common Table Expressions (CTEs) improves the readability and maintainability of the query.
   - Each step of the computation is logically separated, making the query easier to understand and verify.

5. **Avoidance of SQL Errors:**

   - Unlike `0result.sql`, which uses `ORDER BY SUM(MonthlyRevenue)` in the outer query without including `SUM(MonthlyRevenue)` in the `SELECT` clause (which can lead to SQL errors), `1result.sql` avoids such issues.
   - `2result.sql` relies on a subquery to identify the top traffic source but doesn't compute the total revenue within the same context, which might lead to inconsistencies.

**Conclusion:**

- `1result.sql` provides a comprehensive and correct approach to solving the problem.
- It correctly identifies the top revenue-generating traffic source in 2017, calculates its monthly revenues, and computes the revenue difference between its highest and lowest months.
- The final result shows that the traffic source with the highest revenue is `(direct)`, with a revenue difference of **118015.76 million** between its highest and lowest revenue months in 2017.