The correct SQL query is:

```plain
2result.sql
```

**Reasoning:**

Both SQL queries aim to determine which file type among Python (`.py`), C (`.c`), Jupyter Notebook (`.ipynb`), Java (`.java`), and JavaScript (`.js`) files has the most files with a directory depth greater than 10 in the GitHub codebase.

**Comparison of the two SQL queries:**

1. **First SQL (`1result.sql`):**

   ```sql
   SELECT
     "File_type",
     COUNT(*) AS "File_count"
   FROM (
     SELECT
       CASE
         WHEN "path" ILIKE '%.java' THEN '.java'
         WHEN "path" ILIKE '%.js' THEN '.js'
         WHEN "path" ILIKE '%.c' THEN '.c'
         WHEN "path" ILIKE '%.py' THEN '.py'
         WHEN "path" ILIKE '%.ipynb' THEN '.ipynb'
         ELSE NULL
       END AS "File_type"
     FROM GITHUB_REPOS.GITHUB_REPOS.SAMPLE_FILES
     WHERE (LENGTH("path") - LENGTH(REPLACE("path", '/'))) > 10
       AND (
         "path" ILIKE '%.java' OR
         "path" ILIKE '%.js' OR
         "path" ILIKE '%.c' OR
         "path" ILIKE '%.py' OR
         "path" ILIKE '%.ipynb'
       )
   ) AS FileTypes
   WHERE "File_type" IS NOT NULL
   GROUP BY "File_type"
   ORDER BY "File_count" DESC NULLS LAST
   LIMIT 1;
   ```

   - **Approach:**
     - Uses `ILIKE` with patterns like `'%.java'` to match file paths ending with specific extensions.
     - Uses a `CASE` statement to assign the `File_type`.
     - Filters files with directory depth greater than 10.
     - Counts the number of files per file type.
     - Returns the file type with the highest count.

   - **Potential Issues:**
     - The `ILIKE` operator with patterns like `'%.java'` might not accurately extract file extensions in cases where the file name contains multiple periods or unusual characters.
     - Does not account for edge cases where the file extension might be uppercase or mixed case (e.g., `.Java`, `.Js`).

2. **Second SQL (`2result.sql`):**

   ```sql
   SELECT LOWER(REGEXP_SUBSTR("path", '\\.[^./\\\\]+$')) AS "File_type",
          COUNT(*) AS "File_count"
   FROM GITHUB_REPOS.GITHUB_REPOS.SAMPLE_FILES
   WHERE ARRAY_SIZE(SPLIT("path", '/')) - 1 > 10
     AND LOWER(REGEXP_SUBSTR("path", '\\.[^./\\\\]+$')) IN ('.py', '.c', '.ipynb', '.java', '.js')
   GROUP BY "File_type"
   ORDER BY "File_count" DESC NULLS LAST
   LIMIT 1;
   ```

   - **Approach:**
     - Uses `REGEXP_SUBSTR` to extract the file extension from the file path, ensuring accurate extraction even if the file name has multiple periods.
     - Converts the extracted extension to lowercase using `LOWER` to handle case variations.
     - Filters files with directory depth greater than 10.
     - Filters files based on the extracted file extensions being in the set `('.py', '.c', '.ipynb', '.java', '.js')`.
     - Counts the number of files per file type.
     - Returns the file type with the highest count.

   - **Advantages:**
     - More robust and accurate extraction of file extensions using regular expressions.
     - Handles files with uppercase or mixed-case extensions.
     - More accurate in handling edge cases and complex file names.

**Conclusion:**

While both queries produce the same result (`.java` files have the most files with directory depth greater than 10), the second SQL query (`2result.sql`) is more robust and accurate due to its use of regular expressions for extracting file extensions and handling case variations. It is better suited for accurately parsing file paths and extensions in a diverse dataset like GitHub repositories.