After reviewing and comparing the three SQL queries and their corresponding results, I have determined that **`0result.sql`** is the correct query that fulfills the task requirements.

### **Comparison of SQL Queries**

#### **1. 0result.sql**

```sql
SELECT
  s.usaf AS station_id,
  s.name AS station_name,
  COUNT(*) AS num_valid_temperature_observations
FROM
  `bigquery-public-data.noaa_gsod.stations` AS s
JOIN
  `bigquery-public-data.noaa_gsod.gsod*` AS g
ON
  s.usaf = g.stn AND s.wban = g.wban
WHERE
  s.lat IS NOT NULL
  AND s.lon IS NOT NULL
  AND ST_DWITHIN(
    ST_GEOGPOINT(s.lon, s.lat),
    ST_GEOGPOINT(-73.7640, 41.1970),
    20 * 1609.344  -- Convert miles to meters
  )
  AND g.temp != 9999.9
  AND CAST(_TABLE_SUFFIX AS INT64) BETWEEN 2011 AND 2020
GROUP BY
  s.usaf, s.name
ORDER BY
  num_valid_temperature_observations DESC
```

- **Strengths:**
  - Utilizes the wildcard `gsod*` to include all years from 2011 to 2020 efficiently.
  - Filters out stations with `NULL` latitude and longitude values, ensuring accurate distance calculations.
  - Converts miles to meters correctly for the distance calculation.
  - Filters out invalid temperature observations (`temp != 9999.9`).
  - Uses `_TABLE_SUFFIX` to limit the data to the desired date range (2011-2020) without manually enumerating each table.
  - Orders the results by the number of observations in descending order.

#### **2. 1result.sql**

```sql
SELECT
  s.usaf AS station_id,
  s.name AS station_name,
  COUNT(g.temp) AS num_valid_temperature_observations
FROM
  `bigquery-public-data.noaa_gsod.stations` AS s
JOIN (
  SELECT stn, wban, temp FROM `bigquery-public-data.noaa_gsod.gsod2011`
  UNION ALL
  SELECT stn, wban, temp FROM `bigquery-public-data.noaa_gsod.gsod2012`
  UNION ALL
  SELECT stn, wban, temp FROM `bigquery-public-data.noaa_gsod.gsod2013`
  UNION ALL
  SELECT stn, wban, temp FROM `bigquery-public-data.noaa_gsod.gsod2014`
  UNION ALL
  SELECT stn, wban, temp FROM `bigquery-public-data.noaa_gsod.gsod2015`
  UNION ALL
  SELECT stn, wban, temp FROM `bigquery-public-data.noaa_gsod.gsod2016`
  UNION ALL
  SELECT stn, wban, temp FROM `bigquery-public-data.noaa_gsod.gsod2017`
  UNION ALL
  SELECT stn, wban, temp FROM `bigquery-public-data.noaa_gsod.gsod2018`
  UNION ALL
  SELECT stn, wban, temp FROM `bigquery-public-data.noaa_gsod.gsod2019`
  UNION ALL
  SELECT stn, wban, temp FROM `bigquery-public-data.noaa_gsod.gsod2020`
) AS g
ON
  s.usaf = g.stn AND s.wban = g.wban
WHERE
  s.lat IS NOT NULL AND s.lon IS NOT NULL AND s.lat != 0 AND s.lon != 0
  AND ST_DWITHIN(
    ST_GEOGPOINT(s.lon, s.lat),
    ST_GEOGPOINT(-73.7640, 41.1970),
    20 * 1609.344  -- Convert miles to meters
  )
  AND g.temp != 9999.9
GROUP BY
  s.usaf,
  s.name;
```

- **Strengths:**
  - Correctly filters for valid temperature observations.
  - Includes stations within a 20-mile radius.
  - Ensures latitude and longitude are not `NULL` or zero.
- **Weaknesses:**
  - Uses `UNION ALL` to manually combine each year's table, which is less efficient and more error-prone compared to using a wildcard.
  - Does not limit the date range using `_TABLE_SUFFIX` directly, making the query less scalable.

#### **3. 2result.sql**

```sql
SELECT
  s.usaf AS station_id,
  s.name AS station_name,
  COUNT(*) AS num_valid_temperature_observations
FROM
  `bigquery-public-data.noaa_gsod.stations` AS s
JOIN
  `bigquery-public-data.noaa_gsod.gsod*` AS g
ON
  s.usaf = g.stn
  AND s.wban = g.wban
WHERE
  _TABLE_SUFFIX BETWEEN '2011' AND '2020'
  AND g.temp != 9999.9
  AND ST_DWITHIN(
    ST_GEOGPOINT(s.lon, s.lat),
    ST_GEOGPOINT(-73.7640, 41.1970),
    32186.9  -- 20 miles in meters
  )
GROUP BY
  s.usaf,
  s.name;
```

- **Strengths:**
  - Utilizes the wildcard `gsod*` to include all years within the specified range.
  - Filters out invalid temperature observations.
- **Weaknesses:**
  - Does **not** check for `NULL` latitude and longitude values, which can lead to errors or incorrect calculations when evaluating the `ST_DWITHIN` function.
  - Does not filter out stations with zero latitude and longitude, which are invalid geographical coordinates for distance calculations.
  - The absence of latitude and longitude checks can result in the inclusion of unintended stations or records.

### **Reason for Choosing 0result.sql**

- **Completeness and Accuracy:** `0result.sql` includes all necessary filters to ensure accurate results. It checks for `NULL` latitude and longitude values, which prevents errors in geographic calculations.
- **Efficiency:** It uses the wildcard `gsod*` along with `_TABLE_SUFFIX` to efficiently query data from 2011 to 2020 without manual enumeration of each yearly table.
- **Correct Use of Geographic Functions:** The query correctly converts miles to meters in the distance calculation and uses `ST_DWITHIN` to filter stations within the specified radius.
- **Data Integrity:** By excluding invalid temperature readings (`g.temp != 9999.9`), the query ensures that only valid observations are counted.
- **Ordering of Results:** The query orders the stations by the number of observations in descending order, making it easier to identify stations with the most data.

### **Conclusion**

Based on the above analysis, **`0result.sql`** is the most appropriate and correct SQL query that fulfills the task requirements.

```plaintext
0result.sql
```