After comparing the SQL queries and their results, the correct SQL that answers the question is:

```plaintext
0result.sql
```

**Reasoning:**

- **Understanding the Task:** The task is to find the five segmentation categories that appear most frequently in publicly accessible DICOM SEG data, specifically where the **Modality** is `'SEG'` and the **SOPClassUID** is `'1.2.840.10008.5.1.4.1.1.66.4'`.
  
- **Segmentation Category vs. Type:**
  - In DICOM terminology:
    - **SegmentedPropertyCategoryCodeSequence** represents the **category** of the segmentation (e.g., anatomical structure, tissue).
    - **SegmentedPropertyTypeCodeSequence** represents the **type** within that category (e.g., heart, liver).
  - The task asks for **segmentation categories**, so we should focus on the **SegmentedPropertyCategory**.

- **Analysis of SQL Queries:**
  - **`0result.sql`:**
    - This query extracts the `"CodeMeaning"` from the `"SegmentedPropertyCategory"` and counts the occurrences.
    - It correctly groups by segmentation **categories**.
    - The results show broader categories like "Anatomical Structure", "Tissue", etc.
  - **`1result.sql`:**
    - This query extracts the `"CodeMeaning"` from the `"SegmentedPropertyType"` and counts the occurrences.
    - It groups by segmentation **types**, which are more specific (e.g., "Breast", "Nodule").
    - While informative, it does not directly answer the question about **categories**.
  - **`2result.sql`:**
    - This query concatenates the `"CodeMeaning"` and `"CodeValue"` from the `"SegmentedPropertyCategory"`.
    - While it provides detailed information, it's essentially similar to `0result.sql` but with added code values.
    - The counts align with those in `0result.sql`, reaffirming that `0result.sql` targets the correct data.

- **Conclusion:**
  - Since the task is to identify the most frequent **segmentation categories**, and `0result.sql` focuses on `"SegmentedPropertyCategory"`, it is the correct query.
  - The results from `0result.csv` provide the top five segmentation categories, which directly answers the question.

**Therefore, the correct SQL is:**

```plaintext
0result.sql
```