To determine the correct SQL query, we compared the two provided queries, `0result.sql` and `2result.sql`, focusing on how they extract and count Python modules and R libraries from the file contents.

**Comparison:**

1. **Extraction Logic:**
   - **`0result.sql`:**
     - Extracts modules using regular expressions that capture the module names after `import` or `from`.
     - Uses `LOWER(REGEXP_SUBSTR(..., ..., 2))` to extract the second capture group for Python modules.
     - For R libraries, it captures the library name within `library(...)`.
   - **`2result.sql`:**
     - Separates the extraction of `import` statements and `from ... import` statements into two subqueries for clarity.
     - Uses `REGEXP_SUBSTR(..., ..., 1)` to extract the module names.
     - For R libraries, it similarly captures the names within `library(...)`.

2. **Counting and Grouping:**
   - Both queries group by `Language` and `Module_or_Library` and count the occurrences.
   - `2result.sql` includes an additional check to exclude null or empty module/library names.

3. **Clarity and Maintainability:**
   - **`2result.sql`:**
     - The separation of different patterns into distinct subqueries makes it easier to read and understand.
     - The use of comments clarifies the purpose of each subquery.
     - The additional `WHERE` clause ensures data cleanliness by filtering out invalid entries.

4. **Result Accuracy:**
   - Both queries produce similar results, but `2result.sql` provides a more robust approach by explicitly handling different cases and ensuring that only valid module and library names are counted.

**Conclusion:**

Based on the above comparison, **`2result.sql`** is the correct SQL query because it:

- Separates the extraction logic for different Python import patterns and R library usages.
- Includes additional data validation to exclude null or empty module/library names.
- Is more readable and maintainable due to its structured approach and use of comments.

Therefore, the correct answer is:

```plaintext
2result.sql
```