The correct SQL query is:

```plaintext
0result.sql
```

**Reasoning:**

After analyzing the three provided SQL queries (`0result.sql`, `1result.sql`, and `2result.sql`), we need to determine which one accurately calculates the net difference between:

- The number of PAAD patients with **mutations in both KRAS and TP53 genes** (let's denote this as **BOTH_MUT**).
- The number of PAAD patients with **no mutations in either KRAS or TP53 genes** (**NEITHER_MUT**).

Here's why `0result.sql` is the correct choice:

1. **Comprehensive Patient Selection:**
   - `0result.sql` starts by selecting **all PAAD patients** from the clinical data (`Filtered_clinical_PANCAN_patient_with_followup` table) without relying on the `Study` field in the mutations table.
   - This ensures that we're considering the complete set of PAAD patients as defined in the clinical dataset.

2. **Accurate Mutation Matching:**
   - It retrieves mutations for these patients by joining the clinical data with the mutations data (`Filtered_MC3_MAF_V5_one_per_tumor_sample` table) based on patient barcodes.
   - By doing so, it ensures that mutations are correctly associated with PAAD patients from the clinical data, reducing the risk of mismatches that might occur if relying solely on the `Study` field.

3. **Handling Patients Without Mutations:**
   - The use of a `LEFT JOIN` ensures that patients without mutations in KRAS or TP53 are included in the analysis with a `mutated_genes_count` of 0.
   - This is crucial for accurately counting patients with **neither mutation**.

4. **Precise Counting of Mutations:**
   - By counting the distinct mutated genes (`COUNT(DISTINCT Hugo_Symbol)`), it accurately identifies patients who have mutations in both genes, one gene, or neither.
   - It categorizes patients based on the number of mutated genes (0 for neither, 1 for one gene, 2 for both genes).

5. **Exact Calculation of Net Difference:**
   - The final computation directly calculates the net difference by subtracting the count of patients with no mutations (`mutated_genes_count = 0`) from those with mutations in both genes (`mutated_genes_count = 2`).
   - This aligns perfectly with the task's requirement.

6. **Independence from Potential Data Inconsistencies:**
   - Unlike queries that rely on the `Study` field in the mutations table (`1result.sql` and `2result.sql`), which might contain inconsistencies or misclassifications, `0result.sql` ensures data integrity by cross-referencing with the clinical data.
   - This approach minimizes the risk of including mutations from other cancer types or excluding relevant mutations due to discrepancies in the `Study` field.

**Conclusion:**

`0result.sql` meticulously follows the required steps to calculate the net difference, ensuring that all PAAD patients are considered and correctly categorized based on their mutation status in KRAS and TP53 genes. It provides an accurate and reliable result, making it the correct choice among the provided options.