After comparing both SQL queries and their results, I conclude that **`1result.sql`** is the correct SQL that fulfills the task requirements.

```plain
1result.sql
```

**Reasoning:**

1. **Task Requirements:**

   - **Select words starting with 'r'**, of **length 4 to 5**.
   - **Identify words that have at least one anagram** (i.e., total anagrams ≥ 2, including the word itself).
   - **Provide the count of anagrams** for each word.
   - **Order the results alphabetically** and **limit to the first 10 words**.

2. **Comparison of SQL Queries:**

   **`1result.sql`:**

   - Filters words starting with 'r' and of length between 4 and 5 at the very beginning.
   - Computes the **sorted letters** for each word to identify anagrams.
   - Counts anagrams **within the entire word list**, not just within the filtered set.
   - Provides accurate anagram counts and avoids duplicates.
   - Orders the words alphabetically and limits the result to the first 10.

   **Output from `1result.csv`:**

   ```
   WORD,ANAGRAM_COUNT
   raad,2
   rache,2
   rada,2
   radek,2
   ragi,2
   rail,2
   rails,2
   rain,2
   rains,2
   rake,2
   ```

   **`2result.sql`:**

   - Identifies anagrams across the entire word list first without initial filtering.
   - Later filters words starting with 'r' and of length 4 to 5.
   - The output contains **duplicate words** and **incorrect anagram counts**.
   - Anagram counts are decremented by 1, which may cause confusion when the count is 0.
   - Duplicate entries suggest issues with the JOIN operations in the query.

   **Output from `2result.csv`:**

   ```
   Word,Anagram_Count
   rason,1
   rason,1
   rcpt,1
   rcpt,1
   recti,1
   recti,1
   rekey,1
   rekey,1
   reset,1
   reset,1
   ```

3. **Reasons for Choosing `1result.sql`:**

   - **Correct Filtering:** `1result.sql` filters the words **first** before processing anagrams, ensuring only relevant words are considered.
   - **Accurate Anagram Counts:** The query correctly counts the number of anagrams for each word.
   - **Elimination of Duplicates:** The output does not contain duplicate words, making the results clean and precise.
   - **Proper Ordering and Limiting:** The final result is ordered alphabetically and limited to the first 10 words as per the task.

4. **Issues with `2result.sql`:**

   - **Duplicate Entries:** Words appear multiple times in the output due to improper handling of JOIN operations.
   - **Incorrect Anagram Counts:** Subtracting 1 from `anagram_count` may lead to confusion, especially when the count is 0.
   - **Late Filtering:** Filtering after identifying anagrams across the entire word list is inefficient and may include irrelevant data.

**Conclusion:**

`1result.sql` effectively fulfills all the task requirements by:

- Filtering words starting with 'r' and of the specified length upfront.
- Accurately identifying anagrams and counting them.
- Producing a clean, duplicate-free, and correctly ordered result set.