All three SQL queries aim to find the zip code in Florida with the highest number of bank institutions by counting the distinct `fdic_certificate_number` for each zip code. Let's compare each of them:

---

**Candidate 0result.sql and 1result.sql:**

```sql
SELECT "zip_code"
FROM "FDA"."FDIC_BANKS"."LOCATIONS"
WHERE "state_name" = 'Florida'
GROUP BY "zip_code"
ORDER BY COUNT(DISTINCT "fdic_certificate_number") DESC NULLS LAST
LIMIT 1;
```

- **Explanation:**
  - These queries select the `zip_code` from the `LOCATIONS` table where `state_name` is 'Florida'.
  - They group the results by `zip_code`.
  - They order the groups in descending order based on the count of distinct `fdic_certificate_number` (i.e., the number of unique bank institutions in each zip code).
  - The `LIMIT 1` clause ensures that only the top result (the zip code with the highest number of institutions) is returned.

- **Issue:**
  - If there are multiple zip codes tied with the same highest number of institutions, this query will return only one of them arbitrarily due to the `LIMIT 1` clause.
  - It does not account for potential ties.

---

**Candidate 2result.sql:**

```sql
SELECT "zip_code"
FROM (
  SELECT "zip_code", COUNT(DISTINCT "fdic_certificate_number") AS "institution_count"
  FROM "FDA"."FDIC_BANKS"."LOCATIONS"
  WHERE "state_name" = 'Florida'
  GROUP BY "zip_code"
) AS zip_counts
WHERE "institution_count" = (
  SELECT MAX("institution_count") FROM (
    SELECT "zip_code", COUNT(DISTINCT "fdic_certificate_number") AS "institution_count"
    FROM "FDA"."FDIC_BANKS"."LOCATIONS"
    WHERE "state_name" = 'Florida'
    GROUP BY "zip_code"
  ) AS sub
);
```

- **Explanation:**
  - This query first creates a subquery (`zip_counts`) that calculates the number of unique bank institutions (`institution_count`) for each `zip_code` in Florida.
  - It then selects the `zip_code`(s) where `institution_count` equals the maximum `institution_count` found across all zip codes.
  - This approach allows the query to return all zip codes that share the highest number of bank institutions, handling any potential ties.

- **Advantage:**
  - Accurately identifies all zip codes with the highest number of bank institutions.
  - Accounts for the possibility of multiple zip codes having the same maximum count.

---

**Conclusion:**

**Candidate `2result.sql`** is the correct choice because it ensures that all zip codes with the highest number of bank institutions are returned, even if there's a tie. This makes the query more robust and accurate for the given task.

**Answer:**

```plain
2result.sql
```