After carefully reviewing the three SQL queries (`0result.sql`, `1result.sql`, and `2result.sql`) and their corresponding results, I have determined that **`1result.sql`** is the correct and most optimal query for calculating the monthly average levels of the specified air pollutants in California for the year 2020.

**Reasoning:**

1. **Efficient Month Generation:**
   - `1result.sql` utilizes a dynamic method to generate the months using the `GENERATOR` function:
     ```sql
     WITH MONTHS AS (
       SELECT ROW_NUMBER() OVER (ORDER BY seq4()) AS "Month_num"
       FROM TABLE(GENERATOR(ROWCOUNT => 12))
     ),
     ```
     This approach is efficient and scalable, as it avoids hardcoding month values and can easily adapt to different time ranges.

   - In contrast, `0result.sql` and `2result.sql` manually create the months using `UNION ALL` with hardcoded values:
     ```sql
     -- Example from 0result.sql
     WITH months AS (
       SELECT '01' AS "Month_num", 'Jan' AS "Month"
       UNION ALL SELECT '02', 'Feb'
       -- ...
     ),
     ```

2. **Consistent Data Types:**
   - `1result.sql` uses numerical values for `Month_num`, ensuring consistent data types throughout the query and avoiding potential issues with string comparisons.
     ```sql
     EXTRACT(MONTH FROM "date_local") AS "Month_num"
     ```
   - `0result.sql` converts month numbers to strings using `TO_CHAR`, which may lead to sorting or joining issues if not handled carefully.

3. **Dynamic Month Names:**
   - `1result.sql` dynamically generates month names using date arithmetic:
     ```sql
     TO_CHAR(DATEADD(MONTH, MONTHS."Month_num" - 1, TO_DATE('2020-01-01')), 'Mon') AS "Month",
     ```
     This ensures that the month names accurately correspond to the month numbers without manual entry.

   - The other queries manually assign month names, which introduces a risk of errors if not carefully inputted.

4. **Clarity and Readability:**
   - `1result.sql` presents a clear and concise structure, making it easier to read, understand, and maintain.

**Conclusion:**

Given these advantages, `1result.sql` is the most suitable query for accurately calculating the monthly average levels of PM10, PM2.5 FRM, PM2.5 non-FRM, volatile organic emissions, SO₂ (scaled by a factor of 10), and Lead (scaled by a factor of 100) in California for the year 2020.

Please find the selected SQL file below:

```plain
1result.sql
```