After carefully analyzing both SQL queries and their results, I have determined that **`2result.sql`** is the correct answer. Here's the reasoning behind this choice:

### **Comparison of the SQL Queries**

#### **`0result.sql` Analysis:**

- **Approach:**
  - It selects the latest evaluations for timberland and forestland by filtering on `pe.timberland_only = 'Y'` and `pe.land_only = 'Y'`.
  - Aggregates total acres using the `land_area_within_the_estimation_unit` from the `population_estimation_unit` table.
  - Joins with a hardcoded list of state codes and names (`state_codes` CTE).

- **Limitations:**
  - The `timberland_only` and `land_only` flags in the `population_evaluation` table may not consistently represent the actual timberland or forestland areas.
  - It doesn't take into account the specific condition codes that define timberland and forestland plots.
  - The results show Pennsylvania (`state_code` 42) as the top state for both categories, which is unusual given the known distribution of timberland and forestland across the U.S.

#### **`2result.sql` Analysis:**

- **Approach:**
  - Identifies the latest evaluations for each state based on the `start_inventory_year`.
  - Joins the `population`, `population_stratum`, and `condition` tables to accurately calculate acreage.
  - For **timberland**:
    - Considers plots with `condition_status_code = 1` (Accessible forest land).
    - Excludes reserved lands (`reserved_status_code = 0`).
    - Includes plots with productive site classes (`site_productivity_class_code` in 1, 2, 3, 4).
  - For **forestland**:
    - Considers plots with `condition_status_code = 1` (Accessible forest land), regardless of reservation status or productivity class.
  - Calculates area estimates using `expansion_factor` and adjustment factors based on `proportion_basis`.
  - Determines the top state in each category by total acres.

- **Advantages:**
  - Provides a detailed and accurate calculation of total acres by directly using plot-level data and condition codes.
  - Accurately reflects the definitions of timberland and forestland as per the Forest Inventory and Analysis (FIA) program.
  - The results show Wyoming (`state_code` 56) as the top state for forestland and Oregon (`state_code` 41) for timberland, which aligns with known forestry data.

### **Conclusion**

**`2result.sql`** is the correct SQL query because it:

- Uses detailed plot-level data and correct condition codes to define timberland and forestland accurately.
- Considers the latest evaluations based on `start_inventory_year`.
- Provides more reliable and realistic results consistent with known forestry statistics.

Therefore, the correct SQL file is:

```plaintext
2result.sql
```