After carefully comparing the three SQL scripts and their corresponding outputs, I have determined that **`0result.sql`** is the correct SQL script that fulfills all the requirements specified in your task. Here is the reasoning:

### **Comparison and Reasoning**

1. **Inclusion of Required Conditions:**
   - **Accidents Involving More Than One Distinct Person:**
     - All three SQL scripts correctly identify accidents involving more than one distinct person by grouping `consecutive_number` in the `person_2016` table where the count of distinct `person_number` is greater than one.
   - **Label Definition:**
     - All scripts correctly label accidents as `1` if there are more than one person with `injury_severity` code `4` (fatal injury) and `0` otherwise.
   - **Vehicle `body_type`:**
     - **`0result.sql`:** Aggregates the most frequent `body_type` per accident by counting occurrences and selecting the one with the highest count.
     - **`1result.sql`:** Selects the first `body_type` per accident based on `vehicle_number`.
     - **`2result.sql`:** Uses `ANY_VALUE` to select a random `body_type` per accident.
     - **Reason for Preference:** `0result.sql` provides a more representative `body_type` for the accident by choosing the most frequent one, which is more meaningful than selecting the first or a random `body_type`.
   - **Number of Drunk Drivers, Day of Week, Hour of Crash, Work Zone Indicator:**
     - All scripts correctly include these predictors from the `accident_2016` table.
     - **Work Zone Indicator:**
       - **`0result.sql`:** Correctly sets the indicator to `1` if `work_zone` is not "None" and `0` otherwise.
   - **Average Absolute Speed Difference and Categorization:**
     - **`0result.sql` and `1result.sql`:** Both calculate the average absolute difference between `travel_speed` and `speed_limit` per accident, considering only valid values as specified (excluding codes `997`, `998`, `999` for `travel_speed` and `98`, `99` for `speed_limit`).
     - They categorize this average speed difference into levels from `0` to `4` in `20 mph` increments with appropriate lower and upper bounds.
     - **`2result.sql`:** Does **not** include the calculation and categorization of the average speed difference, missing a crucial part of the task requirement.

2. **Adherence to Task Requirements:**
   - **`0result.sql`:** Meets **all** the specified task requirements, including the detailed handling of vehicle `body_type` and speed difference calculations.
   - **`1result.sql`:** While it includes all required computations, it selects the first `body_type` per accident, which may not be representative in accidents involving multiple vehicles.
   - **`2result.sql`:** Lacks the computation for average absolute speed difference and its categorization, thus not fully meeting the task requirements.

3. **Overall Completeness and Accuracy:**
   - **`0result.sql`** provides a comprehensive and accurate dataset that includes all required predictors, labels, and engineered features as per your task specifications.

### **Conclusion**

Based on the above analysis, **`0result.sql`** is the correct SQL script that best fulfills all the requirements of your task.

```plaintext
0result.sql
```