After reviewing the three SQL queries and their results, the correct SQL query is:

```plain
1result.sql
```

**Reasoning:**

All three SQL queries aim to find the year in which the assignee with the most applications in the patent category 'A61' filed the most applications. They all correctly identify **Procter & Gamble** as the assignee with the highest number of applications in the 'A61' category and determine that **1997** is the year when they filed the most applications, totaling **15**.

However, **`1result.sql`** is the most appropriate choice for the following reasons:

1. **Clarity and Readability:**
   - The query uses **Common Table Expressions (CTEs)** to break down the problem into logical steps, making it easier to read and understand.
   - It systematically processes the data by first filtering relevant publications, calculating total applications per assignee, identifying the top assignee, and finally determining the year with the most filings for that assignee.

2. **Robustness:**
   - It ensures that only publications with a non-null filing date are considered, which prevents potential errors due to missing data.
   - By using `COUNT(DISTINCT "publication_number")`, it accurately counts the number of unique applications, avoiding duplicates.

3. **Correctness:**
   - The query correctly implements the required logic to solve the task by first finding the top assignee based on total applications and then finding the year with the most filings for that assignee.

**Summary of `1result.sql`:**

The query performs the following steps:

- **`relevant_publications` CTE:**
  - Selects publications in the 'A61' category.
  - Extracts the assignee name, filing year, and publication number.
  - Filters out records with null filing dates.

- **`assignee_total_applications` CTE:**
  - Calculates the total number of applications per assignee.
  - Identifies Procter & Gamble as the assignee with the most applications.

- **`top_assignee` CTE:**
  - Isolates the top assignee's name for use in the next step.

- **`assignee_year_applications` CTE:**
  - Counts the number of applications per year for the top assignee.
  - Determines that 1997 is the year with the most filings (15 applications).

- **Final SELECT Statement:**
  - Outputs the assignee name, year, and number of applications.

**Conclusion:**

While all three queries arrive at the same correct result, `1result.sql` is the preferred choice due to its clarity, robustness, and adherence to SQL best practices.