After comparing both SQL queries and their results, I conclude that **`2result.sql`** is the correct answer for the given task.

**Reasoning:**

1. **Fulfillment of Requirements:**
   - Both SQL queries aim to retrieve non-empty, non-commented lines from `readme.md` files, exclude lines starting with `#` or `//`, and associate each line with the programming languages used in the repositories where the line appears.
   - Both queries aggregate the frequencies of each line and produce a comma-separated list of programming languages sorted alphabetically.

2. **Use of Appropriate Functions:**
   - **`2result.sql`** uses the `LISTAGG` function with `WITHIN GROUP (ORDER BY ...)`, which is efficient for aggregating and sorting strings.
   - In contrast, **`0result.sql`** uses `ARRAY_AGG`, `ARRAY_SORT`, and `ARRAY_TO_STRING` to achieve the same result, which is more verbose and may be less efficient.

3. **Handling of NULL Values:**
   - **`2result.sql`** explicitly filters out NULL language names in the subquery:
     ```sql
     WHERE k.value:"name" IS NOT NULL
     ```
     This ensures that only valid programming language names are included.
   - **`0result.sql`** does not explicitly exclude NULL languages, which could potentially include NULLs in the language list.

4. **Clarity and Readability:**
   - **`2result.sql`** is more concise and straightforward, making it easier to read and understand.
   - The structure of **`2result.sql`** clearly separates the extraction of lines and the association with programming languages.

5. **Limiting Results:**
   - **`2result.sql`** includes a `LIMIT 100` clause, which is good practice for large datasets and during query testing.
   - **`0result.sql`** does not include a limit, which may lead to excessively long outputs or performance issues.

6. **Performance Considerations:**
   - Using `LISTAGG` is generally more performant for string aggregation compared to combining multiple array functions.
   - Efficient handling of large datasets is crucial, and **`2result.sql`** is better optimized in this regard.

**Conclusion:**

Based on the above factors, **`2result.sql`** more accurately and efficiently fulfills the task requirements.

---

```plaintext
2result.sql
```