After comparing the three SQL queries and their results, I conclude that **`2result.sql`** is the correct SQL query for calculating the percentage of traffic accidents from January to August 2015 that involved multiple people and had multiple instances of severe injuries (injury severity 4).

---

**Reasoning:**

1. **Consistency with Previous Calculations:**
   - The result from `2result.sql` (6.696%) matches the percentage calculated in your earlier queries (specifically Query 16 in your analysis). This consistency suggests accuracy in the approach used.

2. **Accurate Application of Criteria:**
   - The query precisely filters accidents occurring from January to August (`"month_of_crash" BETWEEN 1 AND 8`).
   - It correctly identifies accidents involving multiple people by ensuring that the count of distinct `"person_number"` per accident (`"consecutive_number"`) is greater than 1.
   - It ensures there are multiple severe injuries within those accidents by checking that the sum of cases where `"injury_severity" = 4` exceeds 1.

3. **Correct Use of Distinct Counts:**
   - The query uses `COUNT(DISTINCT a."consecutive_number")` to avoid counting duplicate accidents resulting from joins or multiple severe injuries in the same accident.
   - It ensures that each accident is counted only once in both the numerator and the denominator, providing an accurate percentage.

4. **Alignment with the Task Requirements:**
   - The SQL query directly addresses the task by calculating the ratio of the number of accidents meeting the criteria to the total number of accidents in the specified time frame.
   - It uses precise SQL syntax, making it clear and maintainable.

---

**Output:**

```plaintext
2result.sql
```