After reviewing the three SQL queries and their results, I have determined that **`0result.sql`** is the correct SQL query that fulfills the task requirements. Here's the reasoning:

### **Reasoning:**

1. **Accurate Timestamp Conversion:**
   - **`0result.sql`** uses `TO_TIMESTAMP(FLOOR("block_timestamp" / 1e6))`, which correctly converts the `block_timestamp` from microseconds to seconds before converting it to a timestamp.
   - This ensures that the datetime calculations are accurate when extracting the year and month and when calculating the number of seconds in each month.
   - In contrast, **`2result.sql`** uses `TO_TIMESTAMP_NTZ("block_timestamp", 6)`, which assumes that the `block_timestamp` is already in the correct format or that `6` represents the number of digits for fractional seconds. This could lead to incorrect timestamp conversions.
   - **`1result.sql`** uses `TO_TIMESTAMP_NTZ("block_timestamp" / 1e6)`, which is acceptable. However, the computation within the query introduces potential inaccuracies (explained below).

2. **Correct Calculation of Transactions Per Second:**
   - **`0result.sql`** calculates the exact number of seconds in each month by using:
     ```sql
     DATEDIFF(
         'second',
         DATE_TRUNC('month', DATE_FROM_PARTS("Year", "Month_num", 1)),
         DATE_TRUNC('month', DATEADD('month', 1, DATE_FROM_PARTS("Year", "Month_num", 1)))
     )
     ```
     This accurately computes the duration of each month, taking into account the varying number of days per month.
   - **`2result.sql**` also calculates the `Seconds_In_Month` similarly but introduces potential issues with timestamp conversion, as previously mentioned.
   - **`1result.sql`** computes the number of seconds using `MAX(DATEDIFF(...))`, but since the `DATEDIFF` would be constant within each group, using `MAX` is unnecessary and could lead to confusion. Additionally, applying an aggregate function like `MAX` when it's not needed might introduce computational overhead or unexpected behavior.

3. **Use of Clear and Structured Query:**
   - **`0result.sql`** utilizes a Common Table Expression (CTE) named `monthly_transactions` to first compute the monthly transaction counts, which improves the readability and maintainability of the query.
   - By separating the calculation steps, the query becomes more understandable and easier to debug or modify in the future.

4. **Meeting the Task Requirements:**
   - **`0result.sql`** aligns perfectly with the task requirements:
     - Counts all transaction records without removing duplicates.
     - Calculates transactions per second using the exact number of seconds in each month.
     - Correctly handles leap years if applicable (although 2023 is not a leap year, the query would work correctly for leap years due to the use of date functions).
     - Presents the data in descending order of the monthly transaction count.
     - Displays the required columns: year, month, monthly transaction count, and computed transactions per second.

### **Conclusion:**

Given the accurate timestamp conversion, correct calculation of the number of seconds in each month, and adherence to the task requirements, **`0result.sql`** is the appropriate choice.

---

**Answer:**

```plaintext
0result.sql
```