After carefully examining the SQL queries and results provided, I have determined that **`2result.sql`** is the correct SQL query that meets the specified requirements. Here's the reasoning behind this decision:

### Requirements Revisited:

1. **Exclude the NLST study**: We need to filter out any data from the 'NLST' collection.
2. **Exclude series that do not conform to certain geometrical checks**: This includes checking for consistent image orientation, pixel spacing, image positions, and image dimensions within each series.
3. **Filter out series that require additional decompression steps**: Exclude series with `TransferSyntaxUID` values that indicate compressed formats needing decompression (specifically, '1.2.840.10008.1.2.4.70' and '1.2.840.10008.1.2.4.51').

### Comparison of the SQL Queries:

#### **`0result.sql`**:

- **Handling of `ImageType`**:
  - Uses `ARRAY_TO_STRING("ImageType", ',')` and then checks `NOT LIKE '%LOCALIZER%'`.
  - This approach concatenates array elements into a string and searches the combined string for 'LOCALIZER'.
- **Geometrical Checks**:
  - Performs required geometrical checks by ensuring consistent `ImageOrientationPatient`, `PixelSpacing`, and image dimensions.
  - Checks that the number of instances equals the number of unique `ImagePositionPatient` values.
- **Computation of Dot Product**:
  - Calculates the dot product to verify image orientation correctness.
- **Slice Interval Differences**:
  - Calculates slice interval differences to ensure consistent slice spacing.

#### **`1result.sql`**:

- **Handling of `ImageType`**:
  - Uses `NOT ("ImageType" ILIKE '%LOCALIZER%')`.
  - **Issue**: `ImageType` is an array, and directly applying `ILIKE` on an array may not function as intended. This might not correctly exclude all instances containing 'LOCALIZER'.
- **Geometrical Checks**:
  - Similar to `0result.sql`, includes geometrical consistency checks.
- **Computation of Dot Product and Slice Intervals**:
  - Calculates dot products and slice intervals as required.

#### **`2result.sql`**:

- **Handling of `ImageType`**:
  - Uses a subquery with `LATERAL FLATTEN` to unnest the `ImageType` array and checks for 'LOCALIZER' within individual elements:
    ```sql
    AND "SeriesInstanceUID" NOT IN (
        SELECT DISTINCT t."SeriesInstanceUID"
        FROM IDC.IDC_V17.DICOM_ALL t, LATERAL FLATTEN(input => t."ImageType") f
        WHERE f.value::STRING ILIKE '%LOCALIZER%'
    )
    ```
  - **Advantage**: Correctly identifies and excludes all series containing 'LOCALIZER' in any element of the `ImageType` array.
- **Geometrical Checks**:
  - Performs the required geometrical consistency checks similar to the other queries.
- **Computation of Dot Product**:
  - Calculates the dot product to ensure image orientation correctness.
- **Slice Interval Differences**:
  - Calculates slice interval differences appropriately.

### Reasons for Choosing **`2result.sql`**:

1. **Correct Handling of `ImageType` Array**:
   - **`2result.sql`** properly unnests the `ImageType` array and searches for 'LOCALIZER' within each element.
   - This ensures that any series containing 'LOCALIZER' in any part of the `ImageType` array is excluded.
   - In contrast, **`1result.sql`** may fail to exclude all relevant series because it attempts to apply `ILIKE` directly on an array, which may not work as intended.
   - **`0result.sql`** concatenates the array into a string before applying `LIKE`, which can work but might lead to false positives if 'LOCALIZER' appears across elements in a way that doesn't match the concatenated string.

2. **Adherence to Requirements**:
   - **`2result.sql`** meets all the specified criteria:
     - Excludes the 'NLST' collection.
     - Filters out series requiring additional decompression.
     - Applies all necessary geometrical checks.
   - The query ensures that only series conforming to the geometrical and technical requirements are included in the final report.

3. **Efficient and Accurate Filtering**:
   - By using `LATERAL FLATTEN`, **`2result.sql`** efficiently processes arrays and ensures accurate filtering, reducing the risk of including unwanted series.

### Conclusion:

Based on the above analysis, **`2result.sql`** is the correct SQL query that fulfills all the specified requirements accurately and efficiently.

---

**Correct SQL File:**

```plaintext
2result.sql
```