After comparing the two SQL queries and their results, we can determine which one better addresses the task.

**First SQL (`1result.sql`):**

- **CPC Code Extraction:** This query extracts only the first character of the CPC code (`SUBSTR(cpc.value:"code"::STRING,1,1)`), corresponding to the highest-level CPC sections (e.g., 'A', 'B', 'C').
- **CPC Titles:** It joins on the `CPC_DEFINITION` table using these single-character symbols, resulting in very broad CPC titles like "ELECTRICITY" or "MECHANICAL ENGINEERING; LIGHTING; HEATING; WEAPONS; BLASTING."
- **Results:** The output provides generic CPC subclass titles, which are too broad and do not offer specific insight into the technological areas of the citing patents.

**Second SQL (`2result.sql`):**

- **CPC Code Extraction:** This query extracts the first four characters of the CPC code (`SUBSTR(cpc_code.value:"code"::STRING, 1, 4)`), representing the CPC subclass level.
- **CPC Titles:** It filters the `CPC_DEFINITION` table to entries where the symbol length is 4, ensuring that it matches only subclass codes. This results in more detailed and specific CPC titles.
- **Results:** The output includes specific CPC subclass titles like "SEATS SPECIALLY ADAPTED FOR VEHICLES; VEHICLE PASSENGER ACCOMMODATION NOT OTHERWISE PROVIDED FOR," which align with the requirement to provide full titles of the primary CPC subclasses.

**Reasoning:**

- **Alignment with Task Requirements:** The task specifies focusing on the main categories of the CPC codes and providing the full title of the CPC subclass associated with the citations.
- **Specificity:** The second SQL query extracts CPC subclass codes, which are more specific than the broad section codes obtained in the first query.
- **Meaningful Analysis:** Using subclass-level codes allows for more meaningful grouping and analysis of citation counts by technological areas.
- **Accurate Grouping:** The second query groups the results by assignee and CPC subclass title, providing an accurate count of citations associated with each assignee and technological area.

**Conclusion:**

The second SQL query (`2result.sql`) is the correct answer because it better fulfills the task requirements by:

- Extracting and using the primary CPC subclasses for analysis.
- Providing full titles of the CPC subclasses, offering detailed insight into the technological areas.
- Accurately grouping and counting citations by assignee and CPC subclass title.

```plaintext
2result.sql
```