After analyzing the three SQL queries and their results, I conclude that **`2result.sql`** is the most accurate and correct SQL query for the task.

**Reasoning:**

1. **Comprehensive Uninstall Events:**
   - **`2result.sql`** considers both `'app_remove'` and `'app_uninstall'` events as uninstall events in the `uninstalls` CTE. This inclusion ensures that all possible uninstall events are captured, providing a more accurate analysis.
   - The other queries (**`0result.sql`** and **`1result.sql`**) only consider `'app_remove'` events, potentially missing users who uninstalled the app but triggered an `'app_uninstall'` event instead.

2. **Accurate Filtering of First Open Users:**
   - **`2result.sql`** correctly filters users who **first opened the app in September 2018** by calculating `first_open_date` and ensuring it falls within the specified date range.
   - It uses the `HAVING` clause in the `first_open_users` CTE to ensure only users who first opened the app in September 2018 are included.
   - This precise filtering aligns with the task requirement to focus solely on users who first interacted with the app during the target month.

3. **Correct Calculation of Days to Uninstall:**
   - The query calculates the number of days between `first_open_date` and `uninstall_date` and filters users who uninstalled within **7 days**.
   - This ensures that only users who uninstalled the app within the specified timeframe are considered in the final calculation.

4. **Identification of Users Who Experienced a Crash:**
   - **`2result.sql`** identifies users who experienced an `'app_exception'` event before their uninstall date.
   - By joining the `users_uninstalled_within_7_days` CTE with the `crashes` CTE, it ensures that only users who had a crash event **before uninstalling** are counted.

5. **Alignment with Task Requirements:**
   - The query's logic closely follows the task's specifications:
     - It focuses on users who first opened the app in September 2018.
     - It calculates uninstalls within 7 days.
     - It computes the percentage of these users who experienced a crash before uninstalling.

6. **Better Accuracy Compared to Other Queries:**
   - **`0result.sql`** may include users who first opened the app **before** September 2018 because it doesn't enforce the first open date to be within September strictly.
   - **`1result.sql`** only considers `'app_remove'` events for uninstalls, potentially missing some users.
   - **`2result.sql`** addresses both of these issues, making it the more accurate query.

7. **Percentage Calculation:**
   - The resulting percentage (approximately **2.4845%**) is consistent with the task's expectations and is calculated using precise filtering and counting methods.

**Conclusion:**

Based on the above reasons, **`2result.sql`** is the correct SQL query that accurately fulfills the task requirements.

```plaintext
2result.sql
```