After analyzing the three SQL queries and their results, I have determined that **`0result.sql`** is the correct SQL query that accurately fulfills the task requirements. Here's the reasoning:

### **Reasoning:**

1. **Objective Alignment:**
   - The task is to calculate the overall average quantity sold of the **top three best-selling hardware products** (by total quantity sold) **in each division** for the calendar year **2021**.
   - **`0result.sql`** precisely follows this objective by:
     - Summing the total quantities sold per product in 2021.
     - Identifying the top three products per division based on total quantities sold.
     - Calculating the overall average quantity sold for these top products in each division.

2. **SQL Query Structure:**
   - **Use of Common Table Expressions (CTEs):**
     - The query employs CTEs (`product_totals`, `product_with_division`, `ranked_products`, and `top_products`) for better readability and modularity.
     - Each CTE performs a specific task, making the query easy to understand and maintain.
   - **Accurate Ranking:**
     - The query uses `ROW_NUMBER()` to assign a unique rank to products within each division based on total quantities sold.
     - This ensures that exactly the top three products per division are selected, even if there are ties.
   - **Correct Calculation of Average:**
     - The final calculation correctly computes the overall average by dividing the total quantity sold by the number of transactions for the top products within each division.
     - It uses `ROUND(SUM(s."sold_quantity")::FLOAT / COUNT(*), 4)` to ensure precision up to four decimal places.

3. **Consistency with Results:**
   - The results produced by **`0result.sql`** are consistent with the task requirements and match the expected outputs.
     - **Division:** N & S, P & A, PC
     - **Overall_Average_Quantity_Sold:**
       - N & S: 317.1446
       - P & A: 195.1284
       - PC: 8.1540

4. **Comparative Analysis:**
   - While **`1result.sql`** and **`2result.sql`** produce the same numerical results, **`0result.sql`** stands out due to its clear and logical structure.
   - The use of CTEs in **`0result.sql`** makes the query more understandable compared to the other queries that may be less readable.

### **Conclusion:**

Based on the above reasoning, **`0result.sql`** is the correct SQL query that accurately addresses the task.

```plaintext
0result.sql
```