After reviewing the provided SQL queries and their results, we need to determine which SQL query accurately answers the question:

**"What is the highest number of answers received for a single Python 2 specific question on Stack Overflow, excluding any discussions that involve Python 3?"**

Let's analyze each SQL query:

---

**1. `0result.sql`**

```sql
SELECT MAX("answer_count") AS highest_number_of_answers
FROM STACKOVERFLOW.STACKOVERFLOW.POSTS_QUESTIONS
WHERE (
    ('|' || "tags" || '|') ILIKE '%|python-2%|%'
    OR "title" ILIKE '%Python 2%'
    OR "title" ILIKE '%Python2%'
    OR "body" ILIKE '%Python 2%'
    OR "body" ILIKE '%Python2%'
)
AND NOT (
    ('|' || "tags" || '|') ILIKE '%|python-3%|%'
    OR ('|' || "tags" || '|') ILIKE '%|python3%|%'
    OR "title" ILIKE '%Python 3%'
    OR "title" ILIKE '%Python3%'
    OR "body" ILIKE '%Python 3%'
    OR "body" ILIKE '%Python3%'
);
```

- **Criteria:**
  - Includes questions where:
    - Tags contain `python-2` (ensures exact match by using `|` as delimiter).
    - Title or body contains `Python 2` or `Python2`.
  - Excludes questions where:
    - Tags contain `python-3` or `python3`.
    - Title or body contains `Python 3` or `Python3`.

- **Result:**
  - `highest_number_of_answers`: **43**

---

**2. `1result.sql`**

```sql
SELECT MAX("answer_count") AS "highest_number_of_answers"
FROM STACKOVERFLOW.STACKOVERFLOW.POSTS_QUESTIONS
WHERE ("title" ILIKE '%python 2%' OR "body" ILIKE '%python 2%' OR "tags" ILIKE '%<python-2.x>%')
  AND "title" NOT ILIKE '%python 3%'
  AND "body" NOT ILIKE '%python 3%'
  AND "tags" NOT ILIKE '%<python-3.x>%';
```

- **Criteria:**
  - Includes questions where:
    - Title or body contains `python 2` (case-insensitive).
    - Tags contain `python-2.x`.
  - Excludes questions where:
    - Title or body contains `python 3`.
    - Tags contain `python-3.x`.

- **Result:**
  - `highest_number_of_answers`: **42**

---

**3. `2result.sql`**

```sql
SELECT MAX("answer_count") AS "highest_number_of_answers"
FROM "STACKOVERFLOW"."STACKOVERFLOW"."POSTS_QUESTIONS"
WHERE
  (
    "tags" ILIKE '%<python-2.x>%'
    OR "title" ILIKE '%Python 2%'
    OR "body" ILIKE '%Python 2%'
  )
  AND "tags" NOT ILIKE '%<python-3.x>%'
  AND "title" NOT ILIKE '%Python 3%'
  AND "body" NOT ILIKE '%Python 3%';
```

- **Criteria:**
  - Similar to `1result.sql` but with different syntax.
  - Includes questions where:
    - Tags contain `python-2.x`.
    - Title or body contains `Python 2`.
  - Excludes questions where:
    - Tags contain `python-3.x`.
    - Title or body contains `Python 3`.

- **Result:**
  - `highest_number_of_answers`: **42**

---

**Comparison and Reasoning:**

- **`0result.sql`** returns a higher number (**43**) compared to the others (**42**).
- This suggests that **`0result.sql`** includes an additional question that meets the criteria.
- **`0result.sql`** uses more comprehensive patterns:
  - It searches for both `python-2` and `python2` in tags and content.
  - It ensures exact tag matches using the `|` delimiter.
  - It excludes any mention of `python-3` and `python3`.

- **`1result.sql`** and **`2result.sql`** only search for:
  - Tags containing `python-2.x`.
  - Might miss questions tagged with `python-2.7`, `python-2.6`, or simply `python-2`.

- Therefore, **`0result.sql`** is more thorough in capturing all Python 2 specific questions and excluding those involving Python 3.

---

**Conclusion:**

The most accurate SQL query that answers the question is **`0result.sql`**, as it comprehensively includes all questions specifically related to Python 2 and excludes any discussions involving Python 3.

```plain
0result.sql
```