After carefully comparing the two SQL queries and their results, I have determined that **`2result.sql`** is the correct answer for the given task. Here's the reasoning behind this selection:

### Reasons for Selecting `2result.sql`:

1. **Proper Handling of Division by Zero**:

   - In `2result.sql`, the calculation of the tip rate includes `NULLIF` to prevent division by zero errors:
     ```sql
     (t."tip_amount" / NULLIF(t."total_amount" - t."tip_amount", 0)) * 100 AS "tip_rate"
     ```
     This ensures that if the denominator (`total_amount - tip_amount`) is zero, the division result will be `NULL`, avoiding runtime errors.

   - Additionally, an explicit condition is added to the `WHERE` clause to exclude records where `total_amount - tip_amount` is less than or equal to zero:
     ```sql
     AND (t."total_amount" - t."tip_amount") > 0
     ```
     This condition filters out any trips where the calculation of the tip percentage would be invalid, ensuring accurate results.

2. **Accurate Classification of Tip Percentages**:

   - In `2result.sql`, the tip percentage categories are determined based on the calculated `tip_rate` and include an `ELSE 'unknown'` clause to handle any unexpected values:
     ```sql
     CASE
         WHEN "tip_amount" = 0 THEN '0%'
         WHEN "tip_rate" <= 5 THEN 'up to 5%'
         WHEN "tip_rate" > 5 AND "tip_rate" <= 10 THEN '5% to 10%'
         WHEN "tip_rate" > 10 AND "tip_rate" <= 15 THEN '10% to 15%'
         WHEN "tip_rate" > 15 AND "tip_rate" <= 20 THEN '15% to 20%'
         WHEN "tip_rate" > 20 AND "tip_rate" <= 25 THEN '20% to 25%'
         WHEN "tip_rate" > 25 THEN 'more than 25%'
         ELSE 'unknown'
     END AS "tip_percentage_category"
     ```

   - This approach ensures that all possible tip rates are correctly categorized, and any anomalies are captured in the 'unknown' category for further analysis.

3. **Comprehensive Data Filtering**:

   - `2result.sql` includes all the necessary conditions specified in the task, such as excluding trips from 'EWR' and 'Staten Island', ensuring positive values for critical fare components, and including only valid trips where pickup and dropoff times are logical.

   - The query uses `TO_TIMESTAMP_NTZ` to accurately convert the timestamp without time zone considerations:
     ```sql
     TO_TIMESTAMP_NTZ(t."pickup_datetime" / 1e6)
     ```
     This provides accurate date and time filtering for the specified range.

4. **Consistency and Robustness**:

   - By ensuring that division by zero is handled, and by filtering out invalid data, `2result.sql` produces more reliable and accurate results.

   - The slight differences in proportion values between `0result.sql` and `2result.sql` are due to these additional data validations, which enhance the quality of the analysis.

### Conclusion:

Given the above reasons, **`2result.sql`** is the correct SQL query that accurately fulfills the task requirements by providing precise calculations, proper data handling, and comprehensive filtering.

```plaintext
2result.sql
```