After reviewing both SQL queries and their corresponding results, **the correct SQL query is `1result.sql`**.

**Reasoning:**

- **Handling of NULL Values:**
  - `1result.sql` uses `COALESCE` functions to handle any `NULL` values in `"gas_price"` and `"receipt_gas_used"`. This ensures that if these fields are `NULL`, they are treated as zero, preventing any computational errors.
    ```sql
    -("value" + COALESCE("gas_price", 0) * COALESCE("receipt_gas_used", 0)) AS "net_change"
    ```
  - `0result.sql` does not use `COALESCE`, which could lead to incorrect calculations if there are any `NULL` values in `"gas_price"` or `"receipt_gas_used"`.

- **Date Filtering:**
  - `1result.sql` converts the `"block_timestamp"` from microseconds to a date and explicitly filters for `'2016-10-14'` using:
    ```sql
    WHERE DATE(TO_TIMESTAMP_NTZ("block_timestamp" / 1e6)) = '2016-10-14'
    ```
    This approach is clear and directly filters for the required date.
  - `0result.sql` uses timestamp comparisons, which is correct but less explicit:
    ```sql
    WHERE "block_timestamp" >= 1476403200000000 AND "block_timestamp" < 1476489600000000
    ```
    While this encompasses October 14, 2016, using exact dates improves readability and reduces potential errors with timestamp calculations.

- **Robustness and Clarity:**
  - `1result.sql` separates the transactions and traces into distinct debits and credits before combining them. This enhances readability and makes the logic easier to follow.
  - The use of subqueries (`transaction_debits`, `transaction_credits`, `trace_debits`, `trace_credits`) in `1result.sql` organizes the data processing steps logically.

- **Consistency in Calculations:**
  - Both queries yield the same result in the CSV output. However, due to the better handling of potential `NULL` values and clearer date filtering, `1result.sql` is more reliable.

---

**Answer:**

```plaintext
1result.sql
```