After comparing the three SQL queries and their results, I have determined that **`0result.sql`** is the correct and most appropriate query for the following reasons:

1. **Use of LANGUAGE Name Instead of ID**: The query joins the `LANGUAGE` table and filters films where the language name is 'English':
   ```sql
   JOIN PAGILA.PAGILA."LANGUAGE" L ON F."language_id" = L."language_id"
   WHERE L."name" = 'English'
   ```
   This approach is more robust and maintainable than hardcoding the `language_id` (as seen in `1result.sql`), because it doesn't rely on specific ID values that might change over time or differ between databases.

2. **Readable Structure with CTE**: The use of a Common Table Expression (CTE) named `EligibleFilms` in `0result.sql` improves the readability and organization of the query:
   ```sql
   WITH EligibleFilms AS (
       SELECT F."film_id"
       -- filtering conditions
   )
   -- subsequent query using EligibleFilms
   ```
   This separates the logic for selecting eligible films from the rest of the query, making it easier to understand and maintain.

3. **Proper Grouping and Ordering**: The query correctly groups by the actor's ID and name, and orders the results based on the count of appearances to find the actor who appeared most frequently:
   ```sql
   GROUP BY A."actor_id", A."first_name", A."last_name"
   ORDER BY COUNT(*) DESC NULLS LAST
   LIMIT 1;
   ```

4. **Comprehensive Joins and Conditions**: `0result.sql` includes all necessary joins and conditions to accurately filter films based on the specified criteria, ensuring that only the relevant films are considered when counting actor appearances.

**Therefore, `0result.sql` is the correct SQL query to use for this task.**

```plain
0result.sql
```