After comparing both SQL queries and their results, we can evaluate which one is more suitable for calculating the increase in average earnings per job between 2012 and 2017 for each geographic region in Massachusetts.

**Candidate 0 (0result.sql):**

- **Approach:**
  - Uses aggregate functions (`MAX`) with `CASE WHEN` statements to extract the earnings for each year.
  - Calculates the increase by subtracting the 2012 earnings from the 2017 earnings within each group.
  - Filters regions where `"GeoName"` ends with `', MA'` to select Massachusetts regions.
  - Groups the data by `"GeoName"`.

- **Advantages:**
  - Simpler and more straightforward query.
  - Efficiently handles cases where there is only one record per region per year.
  - Produces the correct result matching the required calculation.

**Candidate 2 (2result.sql):**

- **Approach:**
  - Performs a self-join on the table, matching records from 2012 and 2017 based on `"GeoFIPS"`.
  - Ensures that the data for both years are matched correctly for each region.
  - Filters out any records with `NULL` values in `"Earnings_per_job_avg"` and ensures the increase is non-negative.
  - Filters regions where `"GeoName"` ends with `'%MA'`.

- **Advantages:**
  - More robust in handling cases where there might be multiple records for a region and year.
  - Ensures an exact match using `"GeoFIPS"`, which is a unique identifier for regions.

**Decision and Reasoning:**

- Both queries produce the **same correct results**, indicating the increase in average earnings per job between 2012 and 2017 for each Massachusetts region.
- **Candidate 0** is simpler and achieves the desired outcome without unnecessary complexity.
- Unless there are multiple records for the same region and year (which seems unlikely in this context), the use of `MAX` in **Candidate 0** is appropriate and efficient.
- **Candidate 2** is more complex due to the self-join but doesn't offer additional benefits for this specific task.

**Conclusion:**

Given that **Candidate 0** efficiently produces the correct results with a simpler query, it is the preferred choice for this task.

```plain
0result.sql
```