After comparing the three SQL queries and their results, **`2result.sql`** is the correct answer.

**Reasoning:**

1. **Release Year Comparison:**
   - **`0result.sql`** casts the `"release_year"` to an integer before comparison, which is appropriate.
   - **`1result.sql`** compares `"release_year"` between `'2000'` and `'2010'` as strings. If `"release_year"` is stored as text, string comparison might yield incorrect results (e.g., `'200'` would fall between `'2000'` and `'2010'`).
   - **`2result.sql`** uses `TO_NUMBER(f."release_year")` to convert `"release_year"` to a number, ensuring accurate numerical comparison.

2. **Structured Query with CTEs:**
   - **`2result.sql`** utilizes Common Table Expressions (CTEs) to break down the query into logical parts:
     - **`qualifying_films`** CTE filters films that meet all the criteria.
     - **`actor_film_counts`** CTE counts the number of qualifying films per actor.
     - The final `SELECT` retrieves the actor(s) with the maximum film count.
   - This structure enhances readability and maintainability.

3. **Accuracy in Counting Films:**
   - **`0result.sql`** groups by the actor's first and last names without considering the `"actor_id"`. This could cause issues if there are actors with the same name.
   - **`1result.sql`** groups by `"actor_id"`, `"first_name"`, and `"last_name"`, which is appropriate.
   - **`2result.sql`** also groups by `"actor_id"` in the CTE and ensures accurate counting by using `COUNT(*)` in the aggregation.

4. **Consistent Results:**
   - All three queries return **HELEN VOIGHT** as the actor who appeared most frequently under the specified criteria.
   - However, **`2result.sql`** provides the most robust and accurate approach due to careful data type handling and query structuring.

**Conclusion:**

Considering the above points, **`2result.sql`** is the most precise and reliable query.

```plain
2result.sql
```