After reviewing both SQL queries, **`0result.sql`** is the correct choice for the following reasons:

1. **Dynamic Selection of Top Five Actors**:
   - **`0result.sql`** dynamically determines the top five actors based on the number of films they have appeared in. It uses a subquery to calculate the film counts and selects the top five actors accordingly:
     ```sql
     WITH top_actors AS (
         SELECT "actor_id", COUNT("film_id") AS "film_count"
         FROM "SQLITE_SAKILA"."SQLITE_SAKILA"."FILM_ACTOR"
         GROUP BY "actor_id"
         ORDER BY "film_count" DESC NULLS LAST
         LIMIT 5
     ),
     ```
   - **`1result.sql`**, on the other hand, hardcodes the actor IDs:
     ```sql
     WHERE fa."actor_id" IN (107, 102, 198, 181, 23)
     ```
     This approach may not reflect the current top five actors if the data changes.

2. **Accuracy and Maintainability**:
   - By dynamically calculating the top actors, **`0result.sql`** ensures that the results are always up-to-date with the database content. If the film counts change, the query adapts accordingly.
   - **`1result.sql`** could become outdated if any changes occur in the database that affect the top actors' rankings.

3. **Consistency**:
   - Both queries aim to compute the percentage of customers who have rented films featuring the top five actors. However, **`0result.sql`** maintains consistency by deriving all data directly from the database without manual intervention.

**Conclusion:**

**`0result.sql`** is the preferred and correct SQL script because it dynamically identifies the top five actors based on the data, ensuring accurate and current results.

```plaintext
0result.sql
```