After comparing the SQL queries and their results, **`1result.sql`** is the correct SQL query.

**Reason:**

1. **Accurate Join Conditions:**
   - In the `Sales_With_Cost` CTE, `1result.sql` includes additional join conditions on `"promo_id"` and `"channel_id"`:
     ```sql
     ON S."prod_id" = C."prod_id"
     AND S."time_id" = C."time_id"
     AND S."promo_id" = C."promo_id"
     AND S."channel_id" = C."channel_id"
     ```
   - This ensures that the cost data precisely matches the sales data, preventing incorrect profit calculations due to mismatched records.
   - In contrast, `0result.sql` lacks these additional join conditions, potentially leading to inflated profits by joining incorrect cost records.

2. **Realistic Profit Figures:**
   - The profit figures in `1result.csv` range from negative profits in Tier 10 to a maximum of around 785.15 in Tier 1, which is realistic for sales data.
   - The profits incrementally increase across tiers, indicating a correct segmentation based on customer profits.
   - In `0result.csv`, the profits are unusually high (up to 2790.37), suggesting incorrect calculations likely due to improper joins.

3. **Consistent Customer Segmentation:**
   - `1result.sql` effectively segments Italian customers into ten evenly divided tiers based on their December 2021 sales profits.
   - The tiers show a logical distribution, with the highest profits in Tier 1 and the lowest (including negative profits) in Tier 10.
   - This consistent segmentation aligns with the task's requirement.

Therefore, **`1result.sql`** is the correct SQL query that accurately calculates the highest and lowest profits for Italian customers, segmented into ten evenly divided tiers based on their December 2021 sales profits.

```plain
1result.sql
```