After reviewing the SQL queries and their results, **`2result.sql`** is the correct query to determine which month in 2016 had the greatest number of motor vehicle thefts.

---

**Reasoning:**

1. **Appropriate Use of Date Formatting Functions:**

   - **`2result.sql`** uses the `TO_CHAR` function to format the timestamp and extract the month name:

     ```sql
     TO_CHAR(
         CASE 
             WHEN "date" >= 1e15 THEN TO_TIMESTAMP_NTZ("date" / 1e6)
             WHEN "date" >= 1e12 THEN TO_TIMESTAMP_NTZ("date" / 1e3)
             ELSE TO_TIMESTAMP_NTZ("date")
         END, 'Month') AS "Month",
     ```

     - `TO_CHAR` is the standard function to convert date/time values into formatted strings in SQL. It is appropriate for formatting dates.

   - **`0result.sql`** uses `TO_VARCHAR` for formatting the date, which is less common for date formatting:

     ```sql
     TO_VARCHAR(CASE ... END, 'Month') AS "Month",
     ```

     - While `TO_VARCHAR` can convert data types to strings, `TO_CHAR` is specifically designed for formatting dates and times.

2. **Order of Columns and Grouping:**

   - In **`2result.sql`**, the `SELECT` statement lists the `Month` first and then the `Month_num`, which is more intuitive when reading the results.

     ```sql
     SELECT 
         TO_CHAR(...) AS "Month",
         DATE_PART('month', ...) AS "Month_num",
         COUNT(*) AS "Number_of_Motor_Vehicle_Thefts"
     ```

   - The `GROUP BY` clause uses positional references (`GROUP BY 1, 2`), which correspond to the `Month` and `Month_num` columns. This ensures that the grouping aligns exactly with the selected columns.

     ```sql
     GROUP BY 1, 2
     ```

   - In **`0result.sql`**, the `Month_num` is selected before `Month`, which is acceptable but less intuitive for interpreting the results.

3. **Standard SQL Practices:**

   - Using `TO_CHAR` for date formatting is more standard in SQL practices. It provides better compatibility and readability for those familiar with SQL date functions.

4. **Potential Typo in Month Formatting:**

   - Both results show the `Month` as **"Decth"**, which seems incorrect. This indicates a possible typo in the format string `'Month'`. The correct format string to display the full month name should be `'MON'` (for abbreviated month) or `'MONTH'` (for full month name) in uppercase.

     - Corrected format:

       ```sql
       TO_CHAR(..., 'MONTH') AS "Month"
       ```

   - Adjusting the format string would fix the display issue in **`2result.sql`**.

5. **Consistency in Date Conversion:**

   - Both queries handle the varying timestamp formats by checking the magnitude of the `"date"` field. However, the usage of `1e6` and `1e3` in **`2result.sql`** is clearer and more precise for converting microseconds and milliseconds to seconds.

---

**Conclusion:**

Considering the appropriate use of date formatting functions, standard SQL practices, and better readability, **`2result.sql`** is the correct choice.

---

**Output:**

```plain
2result.sql
```

---

*Note:* The instruction about rounding float values to 4 decimal places is not applicable here since all displayed values are integers.