The correct SQL script that fulfills the requirements is `0result.sql`.

**Reasoning:**

1. **Cohort Selection:** Both scripts correctly identify the cohort of interest: BRCA patients who are 80 years old or younger at diagnosis and have a pathological stage of Stage I, II, or IIA.

2. **Data Retrieval and Transformation:**
   - Both scripts retrieve the expression data for the gene **SNORA31** and the microRNAs.
   - Both perform a Log10 transformation on the expression values, as specified.

3. **Calculation of Pearson Correlation and t-statistic:**
   - Both scripts calculate the Pearson correlation coefficient between the Log10-transformed expressions of SNORA31 and each microRNA.
   - Both compute the t-statistic using the formula:
     \[
     t = \frac{r \sqrt{n - 2}}{\sqrt{1 - r^2}}
     \]
     where \( r \) is the Pearson correlation coefficient and \( n \) is the sample size.

4. **Filtering Based on Criteria:**
   - **`0result.sql`** applies the filtering criteria directly in the `HAVING` clause:
     - **Sample Size:** `COUNT(*) > 25`
     - **Pearson Correlation:** 
       \[
       0.3 \leq |r| < 1.0
       \]
   - **`1result.sql`** also filters based on the sample size and Pearson correlation, but it orders the final results by `miRNA_ID` rather than by the Pearson correlation.

5. **Ordering of Results:**
   - **`0result.sql`** orders the results by the absolute value of the Pearson correlation in descending order, which aligns with the requirement to list microRNAs with the highest correlations first.
   - **`1result.sql`** orders the results by `miRNA_ID`, which does not meet the specified requirement.

6. **Code Clarity and Efficiency:**
   - **`0result.sql`** is more concise and efficiently computes the required statistics within a single query.
   - **`1result.sql`** uses Common Table Expressions (CTEs) and manually calculates the sums and correlations, which is more verbose and prone to potential errors.

**Conclusion:**

- **`0result.sql`** correctly implements all the specified requirements, including data transformation, correlation calculation, filtering criteria, and result ordering.
- **`1result.sql`** calculates the necessary statistics but does not order the results as required, making **`0result.sql`** the appropriate choice.

**Final Answer:**

```plaintext
0result.sql
```