```plaintext
0result.sql
```

**Reasoning:**

After carefully comparing all three SQL queries (`0result.sql`, `1result.sql`, and `2result.sql`) and their respective outputs, `0result.sql` is chosen as the correct answer for the following reasons:

1. **Accurate Implementation of Conditions:**
   - **Consistent Constructor:** The query correctly identifies drivers who started and ended a season with the same constructor by comparing the `first_constructor_id` and `last_constructor_id` derived from the `DRIVES` table using `CASE` statements.
   - **Participation in Multiple Rounds:** It ensures that drivers participated in at least two different race rounds within the same season by grouping the `RESULTS` by `driver_id` and `year` and using `HAVING COUNT(DISTINCT "RACES"."round") >= 2`.

2. **Clear and Structured Logic:**
   - The use of subqueries for both conditions (`drivers_same_constructor` and `drivers_with_multiple_races`) provides a clear separation of the two key criteria.
   - The final `SELECT` combines these subqueries using an `INNER JOIN`, ensuring that only drivers meeting both conditions are selected.

3. **Correct Use of Tables and Columns:**
   - The query correctly references the necessary tables: `DRIVES`, `RESULTS`, `RACES`, and `DRIVERS`.
   - It appropriately filters the data for the 1950s (`"year" BETWEEN 1950 AND 1959`).

4. **Matching Expected Output:**
   - The output `0result.csv` contains driver names that satisfy the specified conditions, and it aligns with the expected drivers who met both criteria during the 1950s.

5. **Readability and Maintainability:**
   - The query is well-organized, with comments explaining each section.
   - It uses descriptive aliases for subqueries, enhancing readability.

Therefore, `0result.sql` is the correct SQL query that accurately solves the task as specified.