After comparing the three SQL queries and their results, **`2result.sql`** is the correct SQL query for the following reasons:

1. **Focus on Transactions Where the Items Were Purchased Together**:

   - **`2result.sql`** accurately captures other products purchased **alongside** the 'Google Navy Speckled Tee' by matching both the `"EVENT_TIMESTAMP"` and `"USER_PSEUDO_ID"`. This ensures that only items bought in the **same transaction** are considered.
   - **`0result.sql`** includes all purchases made by users who bought the 'Google Navy Speckled Tee', even if those purchases occurred in different transactions. This does not align with the requirement of identifying products purchased **alongside** the item.
   - **`1result.sql`** is similar to **`2result.sql`**, but **`2result.sql`** provides a more precise handling of data types and calculations.

2. **Data Precision and Accuracy**:

   - **`2result.sql`** casts the `"Quantity"` to `NUMBER(38,4)` and uses `ROUND()` to ensure numerical precision, which is important for accurate aggregation.
   - By specifying the precision and scale, **`2result.sql`** minimizes potential errors due to data type conversions or rounding issues.

3. **Clean and Structured Query**:

   - **`2result.sql`** uses Common Table Expressions (CTEs) to organize the query logically:
     - **`AllDecemberEvents`** consolidates all December events.
     - **`SpeckledTeeEvents`** isolates transactions involving the 'Google Navy Speckled Tee'.
     - **`OtherItems`** extracts other items purchased in those specific transactions.
   - This structure improves readability and maintainability, making it clearer how the final result is derived.

4. **Consistent with the Question's Intent**:

   - The query directly answers the question: identifying the product purchased with the highest total quantity **alongside** the 'Google Navy Speckled Tee' in December 2020.

Therefore, **`2result.sql`** is the correct SQL query.

```plain
2result.sql
```