After comparing the two SQL queries and their results, **the correct SQL query is `0result.sql`**.

**Reasoning:**

1. **Accurate Calculation of the Target Week:**

   - The query in `0result.sql` accurately calculates the week that is exactly one year prior to the latest available week in the dataset. It does this by finding the latest week that is less than or equal to one year before the latest week.
   - It uses the following logic to determine the target week:
     ```sql
     SELECT MAX("week") AS "week"
     FROM GOOGLE_TRENDS.GOOGLE_TRENDS.TOP_RISING_TERMS
     WHERE "week" <= DATEADD(year, -1, (SELECT MAX("week") FROM GOOGLE_TRENDS.GOOGLE_TRENDS.TOP_RISING_TERMS))
     ```
     This ensures that if the exact week one year prior does not exist in the dataset, it selects the closest available week before that date.

2. **Handling of Leap Years and Date Precision:**

   - Subtracting one calendar year (`DATEADD(year, -1, ...)`) accounts for leap years and ensures the date is precisely one year prior.
   - In contrast, the query in `1result.sql` subtracts 52 weeks (`DATEADD(week, -52, ...)`), which equals 364 days. This does not account for the extra days in a year (365 or 366 days), potentially leading to an incorrect target week.

3. **Alignment with the Task Requirements:**

   - The task specifies finding the top-ranked rising search term for the week **exactly one year prior** to the latest available week.
   - `0result.sql` adheres to this requirement by appropriately calculating the target week and selecting the term with `"rank" = 1`.

4. **Result Consistency:**

   - The result from `0result.sql` is:
     ```
     term
     witherspoon meaning
     ```
   - This term corresponds to the data for the correct target week based on the dataset.

**Therefore, the correct SQL query is:**

```plaintext
0result.sql
```