After comparing both SQL queries, we need to determine which one correctly fulfills the task:

**Task:** Between April 1 and July 31 of 2017, using the `hits.product.productRevenue` data along with the `totals.transactions` to classify sessions as purchase (sessions where `transactions` ≥ 1 and `productRevenue` is not null) or non-purchase (sessions where `transactions` is null and `productRevenue` is null), and then compare the average pageviews per visitor for each group by month.

**Comparison of the SQL Queries:**

---

**1. First SQL (`0result.sql`):**

```sql
SELECT
  Month,
  `Group`,
  AVG(pageviews) AS Average_Pageviews_Per_Visitor
FROM (
  SELECT
    Month,
    fullVisitorId,
    SUM(pageviews) AS pageviews,
    `Group`
  FROM (
    SELECT
      FORMAT_DATE('%B-%Y', PARSE_DATE('%Y%m%d', date)) AS Month,
      fullVisitorId,
      totals.pageviews AS pageviews,
      CASE
        WHEN totals.transactions >= 1 AND has_product_revenue THEN 'Purchase'
        WHEN totals.transactions IS NULL AND NOT has_product_revenue THEN 'Non-Purchase'
        ELSE 'Other'
      END AS `Group`
    FROM (
      SELECT
        date,
        fullVisitorId,
        totals,
        EXISTS(
          SELECT 1
          FROM UNNEST(hits) AS h
          LEFT JOIN UNNEST(h.product) AS p ON TRUE
          WHERE p.productRevenue IS NOT NULL
        ) AS has_product_revenue
      FROM `bigquery-public-data.google_analytics_sample.ga_sessions_*`
      WHERE _TABLE_SUFFIX BETWEEN '20170401' AND '20170731'
    )
  )
  WHERE `Group` IN ('Purchase', 'Non-Purchase')
  GROUP BY Month, fullVisitorId, `Group`
)
GROUP BY Month, `Group`
ORDER BY Month, `Group`;
```

---

**2. Second SQL (`2result.sql`):**

```sql
WITH session_classification AS (
  SELECT
    PARSE_DATE('%Y%m%d', date) AS session_date,
    EXTRACT(YEAR FROM PARSE_DATE('%Y%m%d', date)) AS year,
    EXTRACT(MONTH FROM PARSE_DATE('%Y%m%d', date)) AS month,
    fullVisitorId,
    totals.pageviews AS session_pageviews,
    CASE
      WHEN totals.transactions >= 1 AND EXISTS(
        SELECT 1 FROM UNNEST(hits) AS h
        WHERE EXISTS(
          SELECT 1 FROM UNNEST(h.product) AS p
          WHERE p.productRevenue IS NOT NULL
        )
      ) THEN 'Purchase'
      WHEN totals.transactions IS NULL AND NOT EXISTS(
        SELECT 1 FROM UNNEST(hits) AS h
        WHERE EXISTS(
          SELECT 1 FROM UNNEST(h.product) AS p
          WHERE p.productRevenue IS NOT NULL
        )
      ) THEN 'Non-Purchase'
      ELSE 'Other'
    END AS session_type
  FROM
    `bigquery-public-data.google_analytics_sample.ga_sessions_*`
  WHERE
    _TABLE_SUFFIX BETWEEN '20170401' AND '20170731'
)

SELECT
  CONCAT(
    CASE month
      WHEN 1 THEN 'January'
      WHEN 2 THEN 'February'
      WHEN 3 THEN 'March'
      WHEN 4 THEN 'April'
      WHEN 5 THEN 'May'
      WHEN 6 THEN 'June'
      WHEN 7 THEN 'July'
      WHEN 8 THEN 'August'
      WHEN 9 THEN 'September'
      WHEN 10 THEN 'October'
      WHEN 11 THEN 'November'
      WHEN 12 THEN 'December'
    END,
    '-', CAST(year AS STRING)
  ) AS Month,
  session_type AS `Group`,
  ROUND(AVG(total_pageviews_per_visitor), 4) AS Average_Pageviews_Per_Visitor
FROM (
  SELECT
    fullVisitorId,
    month,
    year,
    session_type,
    SUM(session_pageviews) AS total_pageviews_per_visitor
  FROM
    session_classification
  WHERE
    session_type IN ('Purchase', 'Non-Purchase')
  GROUP BY
    fullVisitorId,
    month,
    year,
    session_type
)
GROUP BY
  year,
  month,
  session_type
ORDER BY
  year,
  month,
  session_type;
```

---

**Analysis and Reasoning:**

- **Classification Logic:**
  Both SQL queries aim to classify sessions based on the following criteria:
  - **Purchase Sessions:** `totals.transactions` ≥ 1 **and** `productRevenue` is not null.
  - **Non-Purchase Sessions:** `totals.transactions` is null **and** `productRevenue` is null.

- **First SQL (`0result.sql`):**
  - Uses a LEFT JOIN on `hits.product` to determine if `productRevenue` is not null.
  - The LEFT JOIN with `ON TRUE` can introduce unintended matches, leading to inaccurate identification of sessions with product revenue.
  - The logic might incorrectly classify sessions because it doesn't fully account for sessions where `hits` or `hits.product` might be empty or missing.

- **Second SQL (`2result.sql`):**
  - Utilizes nested `EXISTS` clauses:
    - Checks if there is at least one `hit` where there's at least one `product` with `productRevenue` not null.
    - This method accurately identifies sessions that contain product revenue within their hits.
  - Ensures that only those sessions that truly have `productRevenue` are classified as purchase sessions.
  - More robust in handling cases where `hits` or `hits.product` arrays might be empty, avoiding false positives in classification.

- **Calculation of Average Pageviews per Visitor:**
  - Both queries calculate the total pageviews per visitor per month and then compute the average across visitors in each group.
  - The second SQL (`2result.sql`) explicitly rounds the average to four decimal places for clarity.

**Conclusion:**

- **Accuracy of Classification:**
  - The second SQL (`2result.sql`) provides a more accurate classification of sessions.
  - It properly checks for the existence of `productRevenue` within the hits and products arrays without introducing unintended matches from a LEFT JOIN.

- **Recommendation:**
  - **Select `2result.sql` as the correct SQL query.**
  - It fulfills the task requirements accurately and provides reliable results for comparing average pageviews per visitor in purchase and non-purchase sessions by month.

---

**Answer:**

```plaintext
2result.sql
```