After comparing both SQL queries and their results, I have determined that **`0result.sql`** is the correct SQL query for the following reasons:

**1. Alignment with the Problem Statement:**

- **Rounding Coordinates:** Both queries round the coordinates to three decimal places, which aligns with the requirement to match routes based on coordinates rounded to three decimals.
- **Filtering for the Year 2016:** Both queries correctly filter trips to only those that occurred in the year 2016.
  
**2. Data Quality Considerations:**

- **Handling Null or Zero Coordinates:**
  - **`0result.sql`** explicitly filters out trips where the start or end coordinates are null or zero. This ensures that only valid and accurate data is used in the analysis.
  - **`2result.sql`** does not explicitly filter out trips with zero coordinates, which might introduce inaccuracies due to invalid data points.
  
**3. Accurate Grouping and Aggregation:**

- **Grouping Criteria:**
  - **`0result.sql`** groups the bike trips by `start_station_name`, `end_station_name`, and the rounded coordinates. This ensures that routes are matched accurately based on both station names and locations.
  - **`2result.sql`** groups by `start_station_id` and `end_station_id` but averages the station names and coordinates. Averaging coordinates may lead to inaccuracies if there is variation in the coordinates due to data recording issues.
  
**4. Correct Calculation of Durations:**

- **Filtering Outlier Trip Durations:**
  - **`0result.sql`** includes a condition to exclude taxi trips longer than 24 hours (`("dropoff_datetime" - "pickup_datetime") / 1e6 <= 86400`), which helps remove outliers and ensure a fair comparison.
  - **`2result.sql`** does not include this condition, potentially skewing the average taxi durations with extremely long trips.
  
**5. Final Result Consistency:**

- Both queries return **`"12 Ave & W 40 St"`** as the start station name of the route that meets the criteria. However, **`0result.sql`** does so with more robust data filtering and grouping, ensuring higher accuracy.

**Conclusion:**

Given the more thorough data filtering, accurate grouping, and adherence to the problem requirements, **`0result.sql`** is the correct and preferred SQL query.

As requested, here's the name of the correct SQL file:

```plain
0result.sql
```