After reviewing both SQL queries and their respective results, here is the analysis:

**0result.sql**

- **Approach:**
  - **Identifies users who first opened the app in September 2018:**
    - Filters `event_name = 'first_open'` and `event_date` between `'2018-09-01'` and `'2018-09-30'`.
  - **Determines users who uninstalled within seven days of first open:**
    - Joins with `event_name = 'app_remove'` events to get `uninstall_date`.
    - Calculates `DATE_DIFF` between `uninstall_date` and `first_open_date` to ensure it's within 0 to 7 days.
  - **Counts total users who uninstalled within seven days (denominator).**
  - **Counts users who experienced a crash before uninstalling (numerator):**
    - Joins the above users with `event_name = 'app_exception'` events that occurred between `first_open_date` and `uninstall_date`.
  - **Calculates the percentage of users who experienced a crash before uninstalling.**

- **Result:**
  - **Percentage of users who experienced a crash:** Approximately **2.45%**

**1result.sql**

- **Approach:**
  - **Identifies users who first opened the app in September 2018:**
    - Filters `first_touch_date` between `'2018-09-01'` and `'2018-09-30'`.
  - **Determines users who uninstalled within seven days by inferring from last activity:**
    - Assumes the user uninstalled if their last event occurred within seven days after the first open.
    - This might not be accurate because inactivity doesn't necessarily mean uninstallation.
  - **Counts total users who uninstalled within seven days (denominator).**
  - **Counts users who experienced a crash within seven days of first open (numerator):**
    - Checks for `event_name = 'app_exception'` events within seven days from `first_touch_date`.
  - **Calculates the percentage of users who experienced a crash within seven days.**

- **Result:**
  - **Percentage of users who experienced a crash:** Approximately **2.71%**

**Comparison and Reasoning:**

- **Use of Uninstall Events:**
  - **0result.sql** uses explicit `app_remove` events to identify uninstalls, providing a more accurate measure of actual uninstalls.
  - **1result.sql** infers uninstalls based on user inactivity, which might include users who simply stopped using the app temporarily but didn't uninstall it.

- **Calculation of the Uninstall Date:**
  - **0result.sql** calculates the uninstall date from the actual `app_remove` event, ensuring the time difference is precise.
  - **1result.sql** uses the date of the last event, which may not accurately reflect the uninstall date.

- **Crash Event Timing:**
  - **0result.sql** considers crashes that occurred between the first open and the uninstall date, aligning with the user's requirement to account for crashes experienced before uninstalling.
  - **1result.sql** considers crashes within seven days of the first open without confirming if the user uninstalled after experiencing the crash.

- **Accuracy:**
  - **0result.sql** aligns closely with the user's requirements by:
    - Accurately identifying users who uninstalled within seven days using actual uninstall events.
    - Counting only those users who experienced a crash before uninstalling.
  - **1result.sql** may overestimate the number of uninstalls and crashes due to assumptions about inactivity.

**Conclusion:**

Based on the above analysis, **`0result.sql`** provides a more accurate and reliable calculation for the required percentage. It directly uses uninstall events (`app_remove`) to identify users who uninstalled and ensures that the crashes occurred before the uninstallation within the specified time frame.

```plaintext
0result.sql
```