After carefully comparing both SQL queries and their respective results, I have determined that **`1result.sql`** is the correct SQL query.

**Reasoning:**

1. **Total Counts Consistency:**
   - Both queries report the same number of targets: **40** (7 within top 3 pathways, 33 outside).
   - However, the total number of non-targets differs:
     - **`0result.sql`** reports 11,131 non-targets.
     - **`1result.sql`** reports 10,568 non-targets.
   - The difference suggests that **`0result.sql`** might have included additional non-targets that should not be counted, possibly due to not excluding certain entities or not properly filtering for species 'Homo sapiens'.

2. **Proper Exclusion of Targets from Non-Targets:**
   - **`1result.sql`** correctly defines non-targets by ensuring they do not include any targets associated with 'sorafenib' in 'homo sapiens' that meet the assay conditions.
   - It explicitly checks that non-targets are **not** in the target list, which is essential for accurate chi-squared calculations.

3. **Filtering for Correct Species and Evidence Code:**
   - Both queries consider pathways with **'TAS'** evidence at the **lowest level** and species **'Homo sapiens'**.
   - **`1result.sql`** ensures that only relevant physical entities and pathways are included, adhering strictly to the conditions specified in the task.

4. **Accurate Calculation of Non-Target Counts:**
   - The smaller number of non-targets in **`1result.sql`** (10,568) likely reflects a more accurate count after proper exclusions.
   - This accurate count is critical for calculating the correct chi-squared statistics and, consequently, the counts within and outside the top 3 pathways.

5. **Consistency in Methodology:**
   - **`1result.sql`** follows a systematic approach:
     - Defines target and non-target lists appropriately.
     - Filters pathways correctly based on the specified conditions.
     - Computes counts in a way that aligns with statistical principles required for chi-squared tests.

6. **Logical Outcome:**
   - Given that both queries report the same number of targets, but **`1result.sql`** provides a logically consistent number of non-targets, it is more reliable.
   - The counts of non-targets within and outside the top 3 pathways are plausible and align with expectations based on the dataset filtering.

Based on the above analysis, **`1result.sql`** is the correct SQL query as it accurately computes the required counts by adhering to the task's conditions.

```plaintext
1result.sql
```