Upon comparing the SQL queries and their results, I have determined that **`0result.sql`** is the correct SQL query. Here is the reasoning:

1. **Join on `country_code` vs. `country_name`**:
   - **`0result.sql`** and **`2result.sql`** join the subqueries using the `country_code`, which is a unique and consistent identifier for each country in the dataset.
   - **`1result.sql`** joins on `country_name`, which may lead to inaccuracies due to variations in country naming (e.g., abbreviations, spelling differences, or formatting inconsistencies).
   - Using `country_code` ensures that the join between the age-specific population data and the total population data is accurate and avoids potential mismatches.

2. **Data Integrity and Consistency**:
   - Country codes are standardized and less prone to errors compared to country names.
   - This reduces the risk of incorrect data aggregation or missing data due to discrepancies in country names.

3. **Query Structure**:
   - **`0result.sql`** clearly aliases the subqueries as `under_25` and `total_pop`, making the query easier to understand and maintain.
   - It uses the `USING (country_code)` clause, which simplifies the join condition when the column names are the same.

4. **Results**:
   - All three queries produce the same result:
     - **Country:** Uganda
     - **Percentage of Population Under 25:** 69.1458%
   - However, the method used in **`0result.sql`** is more robust due to the correct use of unique identifiers.

Therefore, the correct SQL query is:

```plain
0result.sql
```