After comparing both SQL queries, here's the analysis:

**First SQL Query (`0result.sql`):**

```sql
WITH order_totals AS (
    SELECT o."order_id", o."user_id", SUM(oi."sale_price") AS "order_total_value"
    FROM "THELOOK_ECOMMERCE"."THELOOK_ECOMMERCE"."ORDERS" o
    JOIN "THELOOK_ECOMMERCE"."THELOOK_ECOMMERCE"."ORDER_ITEMS" oi
      ON o."order_id" = oi."order_id"
    WHERE YEAR(TO_TIMESTAMP(o."created_at" / 1000000)) = 2019
    GROUP BY o."order_id", o."user_id"
)
SELECT u."email" AS "Email_Address",
       ROUND(SUM(order_totals."order_total_value") / COUNT(order_totals."order_id"), 4) AS "Average_Order_Value"
FROM "THELOOK_ECOMMERCE"."THELOOK_ECOMMERCE"."USERS" u
JOIN order_totals
  ON u."id" = order_totals."user_id"
WHERE YEAR(TO_TIMESTAMP(u."created_at" / 1000000)) = 2019
GROUP BY u."email"
ORDER BY "Average_Order_Value" DESC NULLS LAST
LIMIT 10;
```

- **Issue:** This query calculates the total order value by summing the `sale_price` from `ORDER_ITEMS` per order.
- **Missing Element:** It does **not** incorporate the `"num_of_item"` from the `ORDERS` table in the calculation.
- **Impact:** Since the task specifies that we should *multiply the number of items in each order by the sale price*, this query doesn't fully align with the requirements.

**Second SQL Query (`1result.sql`):**

```sql
SELECT u."email" AS "Email_Address",
       SUM(o."num_of_item" * oi_avg."average_sale_price") / COUNT(DISTINCT o."order_id") AS "Average_Order_Value"
FROM "THELOOK_ECOMMERCE"."THELOOK_ECOMMERCE"."USERS" u
JOIN "THELOOK_ECOMMERCE"."THELOOK_ECOMMERCE"."ORDERS" o
    ON u."id" = o."user_id"
JOIN (
    SELECT oi."order_id", AVG(oi."sale_price") AS "average_sale_price"
    FROM "THELOOK_ECOMMERCE"."THELOOK_ECOMMERCE"."ORDER_ITEMS" oi
    GROUP BY oi."order_id"
) oi_avg
    ON o."order_id" = oi_avg."order_id"
WHERE TO_TIMESTAMP_NTZ(u."created_at" / 1e6) BETWEEN '2019-01-01' AND '2019-12-31'
  AND TO_TIMESTAMP_NTZ(o."created_at" / 1e6) BETWEEN '2019-01-01' AND '2019-12-31'
GROUP BY u."email"
ORDER BY "Average_Order_Value" DESC NULLS LAST
LIMIT 10;
```

- **Correct Approach:** This query calculates the average sale price per order and then multiplies it by the `"num_of_item"` from the `ORDERS` table.
- **Inclusion of Required Elements:** It incorporates both the `"num_of_item"` and the `"sale_price"` as specified in the task.
- **Alignment with Task:** By summing the product of `"num_of_item"` and average `"sale_price"` per order, and dividing by the number of orders, it correctly computes the average order value per user.

**Conclusion:**

The **second SQL query (`1result.sql`)** correctly implements the specified calculation by:

- Including both the number of items (`"num_of_item"`) and the sale price.
- Filtering users who registered in 2019 and made purchases in 2019.
- Computing the average order value as per the task's requirements.

**Therefore, the correct SQL query is:**

```plaintext
1result.sql
```