After comparing both SQL queries and their results, **1result.sql** is the correct SQL that fulfills the task requirements.

**Reasoning:**

1. **Validation of Non-Null Values:**
   - **1result.sql** includes additional conditions in the `WHERE` clause to ensure that the `"month"`, `"day"`, `"latitude"`, and `"longitude"` columns are not `NULL`. This is crucial because we need valid dates and coordinates to accurately identify and display the top 5 highest daily average wind speeds.
     ```sql
     AND t."month" IS NOT NULL
     AND t."day" IS NOT NULL
     AND t."latitude" IS NOT NULL
     AND t."longitude" IS NOT NULL
     ```
   - **0result.sql** only checks that `"wind_speed"` is not `NULL` and that the `"year"` is between 2005 and 2015. It does not exclude records with missing `"month"`, `"day"`, `"latitude"`, or `"longitude"`, which could lead to incomplete or inaccurate results.

2. **Data Accuracy and Integrity:**
   - By ensuring that all necessary fields are present and valid in **1result.sql**, we can confidently calculate the daily averages and accurately determine the locations (latitude and longitude) associated with those averages.
   - **0result.sql** might include records with missing or `NULL` values in critical fields, potentially skewing the average calculations or resulting in missing data in the output.

3. **Formatting and Rounding:**
   - Both queries round the float values to 4 decimal places as required. However, **1result.sql** explicitly rounds the latitude and longitude to 4 decimal places, ensuring consistency and clarity in the output.
     ```sql
     ROUND(t."latitude", 4) AS "Latitude",
     ROUND(t."longitude", 4) AS "Longitude",
     ROUND(AVG(t."wind_speed"), 4) AS "Average_Wind_Speed"
     ```

**Conclusion:**

Given the above points, **1result.sql** is the correct SQL query that properly filters the data and provides accurate results for the task.

```plain
1result.sql
```