After analyzing both SQL queries and their results, I have determined that `2result.sql` is the correct answer.

**Reasoning:**

1. **Direct Join with `SAMPLE_FILES` Table:**
   - **`2result.sql`** joins the `WatchEvent` data directly with the `SAMPLE_FILES` table using:
     ```sql
     JOIN "GITHUB_REPOS_DATE"."GITHUB_REPOS"."SAMPLE_FILES" AS s
       ON w."repo":"name"::STRING = s."repo_name"
     ```
   - This ensures that only the repositories present in the `SAMPLE_FILES` table are considered in the result, which aligns precisely with the task requirement.

2. **Avoids Unnecessary Subqueries:**
   - **`0result.sql`** uses a subquery to select distinct repository names from `SAMPLE_FILES`:
     ```sql
     JOIN (SELECT DISTINCT "repo_name"
           FROM "GITHUB_REPOS_DATE"."GITHUB_REPOS"."SAMPLE_FILES") s
       ON t."repo":"name"::STRING = s."repo_name"
     ```
   - While functionally similar, this adds an extra step that can be avoided. Directly joining the tables as in `2result.sql` is more efficient and clearer.

3. **Simplicity and Readability:**
   - **`2result.sql`** is more straightforward and easier to understand. It directly joins the necessary tables without the added complexity of a subquery.

4. **Equivalent Results with Better Performance:**
   - Both queries produce the same results:
     ```csv
     repo_name,watcher_count
     tensorflow/tensorflow,491
     vuejs/vue,458
     ```
   - However, the direct join in `2result.sql` could potentially offer better performance due to the elimination of the subquery.

**Therefore, the correct SQL is:**

```plaintext
2result.sql
```