After comparing both SQL queries, I recommend choosing **`2result.sql`** as the correct answer. Here's the reasoning:

1. **Date Range Filtering**:

   - **`2result.sql`** uses the condition:
     ```sql
     t.pickup_datetime >= '2016-07-01' AND t.pickup_datetime < '2016-07-08'
     ```
     This approach ensures that all trips starting on July 1, 2016, up to but not including July 8, 2016, are included. It effectively captures all trips from July 1 to July 7, 2016.

   - **`0result.sql`** uses:
     ```sql
     t.pickup_datetime BETWEEN '2016-07-01' AND '2016-07-07 23:59:59'
     ```
     While this also aims to capture the same range, using `BETWEEN` can be less precise, especially if the data includes timestamps beyond seconds (e.g., milliseconds).

2. **Handling Division by Zero and Null Values**:

   - **`2result.sql`** uses `SAFE_DIVIDE` and `SAFE_MULTIPLY` functions:
     ```sql
     ROUND(SAFE_DIVIDE(t.trip_distance, TIMESTAMP_DIFF(t.dropoff_datetime, t.pickup_datetime, SECOND) / 3600), 4) AS Driving_Speed_MPH,
     ROUND(SAFE_MULTIPLY(SAFE_DIVIDE(t.tip_amount, t.total_amount), 100), 4) AS Tip_Rate_Percentage
     ```
     These functions prevent runtime errors caused by division by zero or null values, returning `NULL` instead. This makes the query more robust and less likely to fail due to unexpected data issues.

   - **`0result.sql`** uses `NULLIF`:
     ```sql
     ROUND(t.trip_distance / NULLIF(TIMESTAMP_DIFF(t.dropoff_datetime, t.pickup_datetime, SECOND) / 3600, 0), 4) AS driving_speed_mph,
     ROUND((t.tip_amount / NULLIF(t.total_amount, 0)) * 100, 4) AS tip_rate_percentage
     ```
     While `NULLIF` can prevent division by zero, it doesn't handle `NULL` values as gracefully as `SAFE_DIVIDE` and `SAFE_MULTIPLY`.

3. **Consistency and Readability**:

   - **`2result.sql`** consistently uses `SAFE_` functions, enhancing readability and making it clear that safety checks are in place.
   - **`2result.sql`** also labels columns in the result set with clear and consistent naming (e.g., `Driving_Speed_MPH`), improving the clarity of the output.

4. **Inclusivity of the Results**:

   - Both queries produce similar results, but the use of `SAFE_` functions and precise date range filtering in **`2result.sql`** makes it more reliable and robust.

Given these points, **`2result.sql`** better meets the specified requirements and ensures the query runs successfully without errors due to data anomalies.

---

**Selected SQL File:**

```plaintext
2result.sql
```