After reviewing the three SQL queries and their results, **`2result.sql`** is the correct choice. Here's why:

1. **Accurate Use of RANK Function:**
   - Both `0result.sql` and `2result.sql` use the `RANK()` function to rank states and counties based on daily new cases. This approach correctly handles ties by assigning the same rank to equal values, which is appropriate for this analysis.
   - `1result.sql` uses the `ROW_NUMBER()` function, which does not account for ties and assigns unique ranks even when daily new cases are equal. This can inadvertently exclude states or counties that should be included in the top five due to ties, resulting in slightly lower counts.

2. **Consistent Results with Expected Counts:**
   - The counts in `2result.sql` align with those in `0result.sql`, indicating consistency. Both show that Cook County appeared **91** times in the daily top five, which matches expectations based on the data.
   - `1result.sql` shows Cook County appearing **87** times, which is lower and suggests that some days where Cook County should have been included were missed due to the use of `ROW_NUMBER()`.

3. **Proper Handling of Data:**
   - `2result.sql` ensures that negative or null `daily_new_cases` values are appropriately handled by filtering them out (`WHERE daily_new_cases IS NOT NULL AND daily_new_cases >= 0`).
   - This prevents inaccuracies that could arise from data anomalies, ensuring that only valid increases are considered in the rankings.

4. **Clear and Readable Code:**
   - The SQL in `2result.sql` is well-structured, with clear CTEs that sequentially build upon one another. This makes the query easier to understand and verify.
   - The final result includes concatenated county names with "County" appended, enhancing readability.

5. **Alignment with the Task Requirements:**
   - `2result.sql` correctly identifies the top five states by daily new cases based on their frequency of appearing in the daily top fives.
   - It accurately selects the fourth-ranked state (which, based on the data, is **Illinois**) and then determines its top five counties by their frequency of appearing in the daily top fives.

**Final Decision:**
Given the above reasons, **`2result.sql`** is the correct SQL script that fulfills the task requirements effectively.

```plaintext
2result.sql
```