After comparing the three SQL queries and their results, we can determine which one best answers the task.

**Task Summary:**

- Identify the latitude and longitude coordinates and dates between **2005 and 2015** with the **top 5 highest daily average wind speeds**.
- Exclude records with missing wind speed values (`wind_speed IS NOT NULL`).
- Use data from tables starting with the prefix `icoads_core`.

**Comparison of SQL Queries:**

1. **Candidate 0 (`0result.sql`):**
   - **SELECT Clause:** Constructs `Date` by concatenating `year`, `month`, and `day` with proper zero-padding. Rounds `latitude`, `longitude`, and `Average_Wind_Speed` to 4 decimal places.
   - **FROM Clause:** Uses all tables prefixed with `icoads_core_*`.
   - **WHERE Clause:**
     - Filters tables between `'2005'` and `'2015'` using `_TABLE_SUFFIX`.
     - Excludes records with missing `wind_speed`.
     - **Explicitly filters records where `year BETWEEN 2005 AND 2015`**, ensuring the data corresponds to the desired years.
   - **GROUP BY:** Groups by `Date`, `Latitude`, and `Longitude`.
   - **ORDER BY:** Orders results by `Average_Wind_Speed` in descending order.
   - **LIMIT:** Retrieves the top 5 records.

2. **Candidate 1 (`1result.sql`):**
   - Similar to Candidate 0 but **does not include `year BETWEEN 2005 AND 2015` in the WHERE clause**.
   - This could include records where `year` is outside the desired range if such data exists in the tables.

3. **Candidate 2 (`2result.sql`):**
   - Constructs `Date` using `DATE(year, month, day)`.
   - Does not round `latitude` and `longitude`.
   - **Also lacks the `year BETWEEN 2005 AND 2015` filter in the WHERE clause**.

**Reasoning:**

- Including the condition `year BETWEEN 2005 AND 2015` is crucial because:
  - Even though we're querying tables from 2005 to 2015, they might contain records with years outside this range due to data anomalies or errors.
  - By explicitly filtering on the `year` field, we ensure that only records from the desired years are included.

- Candidate 0 is the **only query that explicitly filters records based on the `year` field**, aligning precisely with the task requirements.

**Conclusion:**

- **Candidate 0 (`0result.sql`) is the correct SQL query** because it fully satisfies all the task conditions by ensuring:
  - Only records from years 2005 to 2015 are included.
  - Records with non-missing wind speed values are considered.
  - The top 5 highest daily average wind speeds are accurately retrieved.

```plaintext
0result.sql
```