After comparing the two SQL queries and their results, I have determined that **`2result.sql`** is the correct answer.

**Reasons:**

1. **Date Field for Largest Venues:**

   - In **`2result.sql`**, the `Date` field for the 'Largest Venues' category is set to `'N/A'`, which aligns with the task requirement of **"Date N/A"**.
   - In **`1result.sql`**, the `Date` field is set to `CAST(NULL AS STRING)`, resulting in `NULL` values. Using `'N/A'` is clearer and more informative for the reader.

2. **Ordering Venue Capacity Numerically:**

   - **`2result.sql`** includes `CAST(venue_capacity AS INT64)` in the `ORDER BY` clause (`ORDER BY CAST(venue_capacity AS INT64) DESC`), ensuring that the capacities are ordered numerically.
   - **`1result.sql`** orders by `venue_capacity` without casting, which could lead to incorrect sorting if `venue_capacity` is stored as a string. For example, without casting, `'10000'` might be considered larger than `'9500'` due to lexicographical ordering.

3. **Filtering Championship Games by Season:**

   - **`2result.sql`** filters championship games using `season >= 2015`, which accurately includes all games from the 2015 season onwards.
   - **`1result.sql`** uses `game_date >= '2015-01-01'`, which might exclude championship games that occur early in the year but are part of the previous season's tournament.

4. **Clarity and Precision in Data Types:**

   - **`2result.sql`** explicitly casts data types where appropriate, enhancing clarity and preventing potential errors. For example, capacities are cast to `INT64`, and dates are consistently formatted.

5. **Alignment with Task Requirements:**

   - **`2result.sql`** closely follows the task instructions by providing the top five records in each category, using appropriate filters and ensuring that the data is presented accurately and clearly.

---

Based on the above reasons, the correct SQL script is:

```plaintext
2result.sql
```