After comparing the two SQL scripts and their results, I have determined that `0result.sql` is the correct SQL script. Here's the reasoning:

**Comparison and Reasoning:**

1. **Timestamp Conversion:**
   - **`0result.sql`**:
     - It converts the `"trip_start_timestamp"` from microseconds to a timestamp by dividing it by `1e6` before applying the `TO_TIMESTAMP` function:
       ```sql
       TO_TIMESTAMP("trip_start_timestamp" / 1e6)
       ```
     - This is important because the `"trip_start_timestamp"` in the dataset is stored in microseconds, and directly converting it without adjusting the scale would result in incorrect dates.
   - **`2result.sql`**:
     - It attempts to convert the timestamp using `TO_TIMESTAMP("trip_start_timestamp", 6)` without adjusting for the microseconds scale.
     - This approach may not correctly interpret the microsecond timestamp, leading to potential inaccuracies.

2. **Data Accuracy:**
   - By accurately converting the timestamp, `0result.sql` ensures that trips are correctly grouped by the actual months in 2018.
   - This leads to precise calculation of the monthly trip counts and the differences between consecutive months.

3. **Results Consistency:**
   - Both scripts produce the same top three companies with the largest increase in trip numbers:
     ```
     Company                        Increase_in_Trip_Numbers
     Flash Cab                      55724
     Taxi Affiliation Services      45265
     Chicago Carriage Cab Corp      42515
     ```
   - However, due to the proper handling of the timestamp conversion, we can trust that `0result.sql` achieves this result through accurate data processing.

**Conclusion:**

Given the correct handling of the timestamp conversion and the reliability of the data processing steps in `0result.sql`, it is the appropriate choice for identifying the three companies with the largest increase in trip numbers between two consecutive months in 2018.

The correct SQL script is:

```plain
0result.sql
```