Based on the comparison of the three SQL queries and their results, **`1result.sql`** is the correct answer. Here's the reasoning:

### Comparison and Reasoning:

#### 1. Session Identification:

- **`0result.sql`**: Counts sessions by selecting records where `"EVENT_NAME"` is `'session_start'` but does not extract or utilize the `ga_session_id` from `"EVENT_PARAMS"`. This may lead to inaccurate session counts due to potential duplication if multiple `'session_start'` events occur for the same session.
  
- **`1result.sql`**: Correctly extracts the `ga_session_id` from `"EVENT_PARAMS"` using `LATERAL FLATTEN` and counts distinct `ga_session_id`s. This ensures accurate session counting by uniquely identifying each session.

- **`2result.sql`**: Also extracts `ga_session_id` and counts distinct sessions. However, it concatenates `"USER_PSEUDO_ID"` and `ga_session_id`, which might introduce unnecessary complexity and potential for counting the same session multiple times if `"USER_PSEUDO_ID"` changes within a session.

#### 2. Channel Classification:

- **`0result.sql`**: Uses a simpler classification with fewer channel categories. It may not account for all possible channels accurately, potentially grouping some paid channels under 'Unassigned' or 'Organic'.

- **`1result.sql`**: Implements a more comprehensive channel classification logic. It covers various paid and organic channels, including 'Paid Search', 'Paid Social', 'Organic Search', 'Referral', 'Email', etc. This detailed classification leads to a more accurate grouping of sessions by channel.

- **`2result.sql`**: Has a less detailed channel classification compared to `1result.sql`. It might not distinguish between certain paid and organic channels as effectively.

#### 3. Results Comparison:

- **`0result.csv`**: Reports 23,092 sessions for 'Referral'.
- **`1result.csv`**: Reports 22,952 sessions for 'Referral'.
- **`2result.csv`**: Reports 23,082 sessions for 'Referral'.

While the session counts are similar, the method used in **`1result.sql`** is more precise due to correct session identification and detailed channel classification.

### Conclusion:

**`1result.sql`** provides the most accurate overview of website traffic for December 2020, particularly in identifying the channel with the fourth highest number of sessions ('Referral'). It correctly extracts session identifiers and uses a comprehensive channel classification, ensuring reliable results.

---

```plain
1result.sql
```