```plaintext
1result.sql
```

The second SQL query (`1result.sql`) is the correct one for the task. Here's why:

**Reasoning:**

1. **Exclusion of Station '999999':**
   - In the dataset, the station with `"usaf" = '999999'` appears to aggregate data or represent anomalies, as it shows unrealistically large values for precipitation and rainy days (e.g., over 22,000 rainy days in a year).
   - Including this station would skew the results and not accurately reflect individual weather stations in Washington State.
   - The query in `1result.sql` appropriately excludes this station by adding `gsod."stn" != '999999'` and `s."usaf" != '999999'` in the WHERE clauses.
   
2. **Correct Application of Conditions:**
   - The query correctly filters for stations in Washington State with more than 150 rainy days in 2023 and fewer rainy days compared to 2022.
   - It defines a 'rainy day' as any day where `"prcp" > 0`, aligning with the task's definition.
   
3. **Results Match the Task Requirements:**
   - The output lists the expected stations that satisfy the given conditions.
   - The stations returned include:
     - **727970, QUILLAYUTE AIRPORT**
     - **742010, PORT ANGELES CGAS**
     - **722208, ORCAS ISLAND AIRPORT**
     - **720388, PIERCE COUNTY AIRPORT THUN FIELD**
     - **727815, STAMPASS PASS FLTWO**
     - **727923, BOWERMAN AIRPORT**
   - These stations had more than 150 rainy days in 2023 but fewer rainy days than in 2022.

4. **Comparison with Other Queries:**
   - The first query (`0result.sql`) includes the station `'999999'`, which should be excluded due to data anomalies.
   - The third query (`2result.sql`) only outputs two stations, potentially missing other relevant stations and likely over-restricting the conditions by not considering `"wban"` in the groupings or joins. This could lead to incorrect groupings and counts.

By excluding the anomalous station, correctly applying the conditions, and producing accurate results, `1result.sql` best answers the task.