```plain
2result.sql
```

---

**Reasoning:**

After carefully comparing all three SQL queries and their approaches to calculating the total income from Meat Lovers and Vegetarian pizzas, including extra toppings and excluding canceled orders, we conclude that `2result.sql` is the correct and most robust answer. Here's why:

1. **Use of Pizza Names for Clarity:**
   - `2result.sql` joins the `PIZZA_CUSTOMER_ORDERS` table with the `PIZZA_NAMES` table to use the actual pizza names ('Meatlovers' and 'Vegetarian') instead of relying on `pizza_id` values. This makes the query more readable and less prone to errors if `pizza_id` values change or if there are additional pizzas in the future.
   - Candidates `0result.sql` and `1result.sql` directly use `pizza_id` values (1 and 2), which might not be as clear or maintainable.

2. **Handling Extra Toppings Accurately:**
   - `2result.sql` uses `REGEXP_COUNT` to count the number of extra toppings in the `extras` field. This function counts the number of occurrences of a pattern (in this case, the number of items separated by commas), which is a reliable way to determine the count of extra toppings, even if there are varying formats or spaces.
   - It also uses `TRIM` on the `extras` field to remove any leading or trailing spaces, ensuring accurate counting.
   - Candidates `0result.sql` and `1result.sql` use `ARRAY_SIZE(SPLIT(c."extras", ','))` to count the number of extra toppings. However, functions like `ARRAY_SIZE` and `SPLIT` may not be standard SQL functions and might not work in all database systems, making these queries less portable and potentially error-prone.

3. **Excluding Canceled Orders Correctly:**
   - All queries correctly join the `PIZZA_RUNNER_ORDERS` table and exclude orders where the `cancellation` field is not `NULL` or empty.
   - However, `2result.sql` adds additional robustness by using `TRIM` on the `cancellation` field in the WHERE clause (`TRIM(r."cancellation") = ''`), ensuring that any whitespace-only entries are also considered as not canceled.

4. **Ensuring Correctness of Data Types:**
   - `2result.sql` wraps the entire `SUM` function with `ROUND(..., 4)` to ensure that any floating-point calculations are rounded to four decimal places, as per the requirement.
   - Although the final result is an integer (142), including `ROUND` makes the query compliant with the instruction to "Ensure that float values are rounded to 4 decimal places."
   - Candidates `0result.sql` and `1result.sql` do not include this rounding, potentially ignoring the requirement.

5. **Consistency in Field Names and Aliases:**
   - `2result.sql` consistently uses table aliases (`c`, `n`, `r`) and qualifies all column names, which enhances readability and reduces the chance of ambiguity or errors.
   - The query also aligns with standard SQL practices, making it more portable and maintainable.

6. **Validating Against Data Observations:**
   - Throughout the data exploration, we noticed that the pizza names in the database are 'Meatlovers' and 'Vegetarian'. `2result.sql` correctly uses these names in the query.
   - The query accounts for all orders of these pizzas, includes the extra toppings, excludes canceled orders, and calculates the total income accurately.

**Conclusion:**

Considering the above points, `2result.sql` is the most accurate, robust, and compliant with the requirements provided. It effectively calculates the total income of \$142 from Meat Lovers and Vegetarian pizzas, including extra toppings and excluding canceled orders, while taking into account the need to round float values to four decimal places.