After comparing the SQL queries and their results, I have determined that **`0result.sql`** is the correct answer.

```plaintext
0result.sql
```

**Reasoning:**

- **Complete Implementation of Requirements:** The SQL script in `0result.sql` accurately implements all the specified conditions of the task:
  - It filters activities to include only those with:
    - **Heavy atom count between 10 and 15**
    - **pChEMBL values over 10**
    - **Non-null standard values and relations**
  - It identifies assays with fewer than 5 activities.
  - It removes duplicates where the same molecule (`molregno`), assay, and standard value appear more than once.
  - It selects pairs of different molecules tested in the same assay and standard type.
- **Correct Calculation of Latest Publication Date:** The script calculates a synthetic publication date based on the document's rank within the same journal and year, mapping it to a synthetic month and day. It uses `percent_rank` to distribute documents uniformly over the year.
- **Handles Null Values Appropriately:** The use of `COALESCE` ensures that if publication dates are missing, default values are used to prevent errors.
- **Generates UUIDs Correctly:** The UUIDs are generated from the activity IDs and canonical SMILES of both molecules in the pair, as required.
- **Produces Expected Output:** The results in `0result.csv` match the expected format, providing the maximum heavy atom count, latest publication date, highest document ID, change classification ('increase', 'decrease', or 'no-change'), and UUIDs.

In contrast, while `1result.sql` attempts to address the task, it has some issues:

- **Incomplete or Incorrect Handling of Conditions:** There are discrepancies in filtering activities and identifying duplicates.
- **Output Issues:** The result mentions "Too long, hard cut," indicating incomplete or truncated results, which suggests potential errors or inefficiencies in the query.
- **Less Robust Publication Date Calculation:** The method of calculating the synthetic publication date is less precise and may not handle edge cases as effectively as `0result.sql`.

Therefore, `0result.sql` is the correct and more reliable SQL script that fulfills the task requirements accurately.