After analyzing both SQL queries and their results, I have determined the following:

**Comparison:**

- **0result.sql** uses the `LAG` window function to access the previous two paths within each session, partitioned by "session" and ordered by "stamp". It filters for cases where both previous paths are '/detail' or '/detail/' and then counts the occurrences of the current "path" as the third action.

  ```sql
  SELECT "path" AS Third_Action, COUNT(*) AS Occurrence_Count
  FROM (
    SELECT "session",
      LAG("path", 1) OVER (PARTITION BY "session" ORDER BY "stamp") AS prev_path1,
      LAG("path", 2) OVER (PARTITION BY "session" ORDER BY "stamp") AS prev_path2,
      "path"
    FROM "activity_log"
  ) AS sub
  WHERE prev_path1 IN ('/detail', '/detail/') AND prev_path2 IN ('/detail', '/detail/')
    AND "path" IS NOT NULL AND "path" <> ''
  GROUP BY "path"
  ORDER BY Occurrence_Count DESC
  LIMIT 3;
  ```

- **2result.sql** creates a numbered sequence within each session using `ROW_NUMBER`, then performs self-joins to access the previous and next actions. It filters for the same conditions and counts the third action.

  ```sql
  WITH ordered_actions AS (
      SELECT
          "session",
          "stamp",
          "path",
          ROW_NUMBER() OVER (PARTITION BY "session" ORDER BY "stamp") AS rn
      FROM
          "activity_log"
  )
  SELECT
      oa3."path" AS "Third_Action",
      COUNT(*) AS "Occurrence_Count"
  FROM
      ordered_actions oa1
      JOIN ordered_actions oa2 ON oa1."session" = oa2."session" AND oa2.rn = oa1.rn + 1
      JOIN ordered_actions oa3 ON oa1."session" = oa3."session" AND oa3.rn = oa1.rn + 2
  WHERE
      (oa1."path" = '/detail' OR oa1."path" = '/detail/') AND
      (oa2."path" = '/detail' OR oa2."path" = '/detail/')
  GROUP BY
      oa3."path"
  ORDER BY
      "Occurrence_Count" DESC
  LIMIT 3;
  ```

**Reasoning:**

- Both queries aim to find the third action following two consecutive visits to the `/detail` page.
- **0result.sql** is more concise and utilizes window functions efficiently without the need for self-joins. It directly accesses the required previous paths using `LAG`.
- **2result.sql** involves additional complexity with self-joins and managing row numbers, which may impact performance on larger datasets.
- The outputs of both queries are the same, indicating that both are correct in terms of results.

**Conclusion:**

Given the simplicity and efficiency of **0result.sql**, it is the preferred query for this task.

Therefore, the correct SQL is:

```plaintext
0result.sql
```