Upon comparing the three SQL queries and their results, here's the analysis:

**Option 0 (`0result.sql`):**

- **SQL Overview:**
  - Counts participants who have taken any medication where the `concept_name` contains 'quinapril' (case-insensitive) and `vocabulary_id` is 'RxNorm'.
  - This approach captures all medications that include 'quinapril' in their name, encompassing different formulations, strengths, and combination drugs containing quinapril.
- **Reasoning:**
  - Since the task is to find the percentage of participants not using quinapril **and related medications**, this method is more comprehensive.
  - It includes both quinapril and any medications related to it by name, ensuring that combination drugs (e.g., quinapril with hydrochlorothiazide) are also considered.
  - Using `LOWER(c.concept_name) LIKE '%quinapril%'` ensures all relevant medications are included, even if they are not direct descendants in the concept hierarchy.

**Option 1 (`1result.sql`):**

- **SQL Overview:**
  - Uses the `concept_ancestor` table to find all descendants of the quinapril concept (determined by `concept_code = '35208'` and `vocabulary_id = 'RxNorm'`).
  - Counts participants who have taken medications that are descendants of the quinapril concept.
- **Reasoning:**
  - This method may not capture combination drugs or all related medications because not all combination products are descendants of the single ingredient quinapril in the hierarchy.
  - By relying solely on the concept hierarchy, it might miss medications that are related by name but not by ancestral relationship.

**Option 2 (`2result.sql`):**

- **SQL Overview:**
  - Similar to Option 1, it uses the `concept_ancestor` table to find descendants of the quinapril concept.
  - Counts participants who have taken any medications within these descendants.
- **Reasoning:**
  - Faces the same limitations as Option 1, potentially missing out on combination drugs or other related medications not present in the concept hierarchy.

**Conclusion:**

- **Option 0 (`0result.sql`)** is the most appropriate choice because:
  - It provides a comprehensive inclusion of all medications related to quinapril by encompassing any medication with 'quinapril' in its name within the RxNorm vocabulary.
  - Ensures that the calculation includes both quinapril and its related medications, fulfilling the task's requirements.
  - The result accurately reflects the percentage of participants **not using quinapril and related medications**, as stipulated in the task.

```plaintext
0result.sql
```