After analyzing both SQL queries and their results, I have determined that `0result.sql` is the correct SQL query.

**Reasoning:**

1. **Query Logic:**
   - **`0result.sql`:** This query accurately follows the task's requirements by:
     - Selecting PAAD patients from the clinical data using `"acronym" = 'PAAD'`.
     - Extracting patients with KRAS mutations (`"Hugo_Symbol" = 'KRAS'`) and TP53 mutations (`"Hugo_Symbol" = 'TP53'`) from the mutation data, ensuring that only mutations with `"FILTER" = 'PASS'` are considered.
     - Identifying patients with mutations in both KRAS and TP53 genes by performing an inner join on patient IDs.
     - Determining patients without mutations in either gene by excluding those with mutations in KRAS or TP53 from the list of all PAAD patients.
     - Calculating the net difference by subtracting the number of patients without mutations in either gene from the number of patients with mutations in both genes.

   - **`2result.sql`:** This query has some issues that may lead to inaccuracies:
     - It uses `"disease_code" = 'PAAD'` instead of `"acronym" = 'PAAD'`. According to the initial observations, the clinical data uses the `"acronym"` column to denote cancer types, and filtering on `"acronym" = 'PAAD'` is appropriate.
     - When counting patients without mutations in either gene, it might be including patients outside the intended cohort or miscounting due to the way it joins and filters data.
     - The logic for counting patients who have neither mutation seems less precise, potentially leading to an inflated net difference.

2. **Result Consistency:**
   - **`0result.sql`:** The net difference calculated is **40**, which aligns more closely with expected values based on the data. It is reasonable to expect that the number of patients with mutations in both genes would be close to the number of patients without mutations in either gene.
   
   - **`2result.sql`:** The net difference calculated is **90**, which appears disproportionately high. This suggests that the query may be overcounting patients or not correctly filtering the data, leading to a less reliable result.

Based on the reasons above, **`0result.sql`** is the correct SQL query as it more accurately reflects the task requirements and produces a plausible result.

```plain
0result.sql
```