After carefully analyzing the three SQL queries and their corresponding results, I have determined that **`1result.sql`** is the correct and most robust solution. Here's the reasoning:

### **Reasons for Choosing `1result.sql`:**

1. **Robust Data Type Conversion:**
   - **Handling Empty Strings and Nulls:** The query uses `NULLIF("salespersonid", '')` to convert empty strings to `NULL`, ensuring that the `CAST` function doesn't fail.
   - **Safe Casting with `TRY_TO_NUMBER` and `TRY_TO_TIMESTAMP_NTZ`:** It utilizes `TRY_TO_NUMBER` and `TRY_TO_TIMESTAMP_NTZ`, which return `NULL` instead of throwing an error when conversion fails.
   - **Filtering Invalid Data:** The `WHERE` clause includes conditions to exclude records where conversions result in `NULL`, ensuring that only valid data is processed.

2. **Accurate Date Extraction:**
   - **Using `EXTRACT(YEAR FROM TRY_TO_TIMESTAMP_NTZ)`:** This method reliably extracts the year from date strings after safely converting them to timestamps, handling any inconsistencies in the date formats.

3. **Data Integrity and Correctness:**
   - **Inner Join Consistency:** The query uses an `INNER JOIN`, which ensures that only records present in both sales data and quota data are included, maintaining data integrity.
   - **Consistent Aliasing and Naming Conventions:** Clear aliasing (`sales` and `quota`) improves readability and maintainability of the query.

4. **Compliance with Requirements:**
   - **Rounding Float Values:** The query uses `ROUND(value, 4)` to ensure that float values are rounded to four decimal places, as specified.
   - **Organization:** Results are ordered by `salespersonid` and `year`, providing a clear and organized output.

5. **Error Prevention:**
   - **Avoiding Conversion Errors:** By carefully handling data conversion and filtering out invalid records, the query prevents runtime errors such as `Numeric value '' is not recognized`.

### **Comparison with Other Queries:**

- **`0result.sql`:**
  - **Risk of Conversion Errors:** It uses `TO_NUMBER` and `SUBSTRING` without adequately handling empty strings or invalid data, which may lead to conversion errors.
  - **Potential Data Gaps:** Using a `FULL OUTER JOIN` without appropriate filtering may include `NULL` values where data is missing, which may not be desirable for this analysis.

- **`2result.sql`:**
  - **Assumptions About Data Format:** This query uses `TO_DATE` with a specific format without handling potential discrepancies, which may cause errors if the data doesn't exactly match the expected format.
  - **Lack of Error Handling:** It doesn't use functions like `TRY_TO_DATE` or `TRY_TO_TIMESTAMP_NTZ`, increasing the risk of runtime errors due to invalid data.

### **Conclusion:**

Considering the above points, **`1result.sql`** provides a reliable, efficient, and correct solution to calculate the difference between each salesperson's annual total sales and their annual sales quota.

**Here's the SQL filename as requested:**

```plain
1result.sql
```