After carefully examining and comparing the three SQL queries and their results, I have determined that **`2result.sql`** is the correct answer for the given task. Here's the reasoning:

---

### **Analysis of Each SQL Query:**

#### **0result.sql:**

- **Approach:**
  - Joins `PERSON`, `M_CAST`, and `MOVIE` tables to associate actors with their movie years.
  - Cleans the year data using `TRY_TO_NUMBER` and `REGEXP_REPLACE`.
  - Uses the `LEAD` window function to get the next appearance year for each actor.
  - Calculates gaps between consecutive movie years.
  - Identifies actors whose maximum gap between movie appearances is less than or equal to 3.
- **Potential Issues:**
  - May include actors who appeared in only one movie without considering that they have no gaps.
  - The use of `LEAD` without handling NULL values might misrepresent actors with a single appearance.
  - The logic might be counting actors incorrectly due to how NULL gaps are treated.

#### **1result.sql:**

- **Approach:**
  - Joins `M_CAST` and `MOVIE` tables (does not include `PERSON` table).
  - Uses `LAG` to compute the gaps between consecutive years for each actor.
  - Identifies actors with gaps greater than 3 years.
  - Counts actors who do not have any gaps greater than 3 years.
- **Potential Issues:**
  - Does not join with the `PERSON` table, so actor names are not included, which might affect traceability.
  - The logic excludes actors incorrectly if they have any gaps greater than 3 years, but does not account for actors with only one appearance.

#### **2result.sql:**

- **Approach:**
  - Joins `M_CAST`, `PERSON`, and `MOVIE` tables to get actor names and movie years.
  - Ensures that only valid numeric years are considered using `TRY_TO_NUMBER`.
  - Utilizes the `LAG` window function to calculate the difference between consecutive years.
  - Calculates the maximum gap (`max_gap`) for each actor.
  - Filters actors whose maximum gap is less than 4 years (i.e., no gaps of 4 or more years).
- **Advantages:**
  - Correctly handles actors with a single movie appearance by treating `NULL` gaps as zero.
  - Includes actor names for better traceability.
  - Accurately computes the maximum gap and filters based on the specified condition.
  - The use of `COALESCE(MAX("year_diff"), 0)` ensures that actors with no gaps (single appearance) are included with a `max_gap` of 0.

---

### **Reason for Choosing `2result.sql`:**

- **Accurate Gap Calculation:** It correctly computes the gaps between movie appearances using `LAG` and accounts for actors with only one appearance by setting their `max_gap` to 0.
- **Appropriate Filtering:** Filters actors based on the condition that their maximum gap is less than 4, aligning perfectly with the task requirement of identifying actors who never had a gap longer than 3 years.
- **Comprehensive Data Handling:** Joins all relevant tables (`PERSON`, `M_CAST`, and `MOVIE`), ensuring that the actor's name and other details are accurately associated.
- **Data Validation:** Utilizes data cleaning functions (`TRY_TO_NUMBER`) to ensure that only valid numeric years are considered, avoiding potential errors from malformed data.
- **Result Consistency:** The result count (`26552`) is plausible and falls between the counts obtained from the other two queries, suggesting a balanced and accurate computation.

---

### **Conclusion:**

Given the above analysis, **`2result.sql`** provides the most accurate and appropriate SQL command to solve the task as it:

- Correctly calculates the gaps between movie appearances.
- Appropriately handles actors with only one movie credit.
- Accurately filters actors based on the specified gap condition.
- Includes comprehensive data validation and joins for accuracy.

---

```plaintext
2result.sql
```