```plaintext
1result.sql
```

**Reason:**

The SQL query in `1result.sql` is the correct choice because it accurately processes the tag data to produce the top 10 most discussed tags on Stack Overflow questions mentioned on Hacker News since 2014.

**Key Points:**

1. **Case Normalization:**
   - The query in `1result.sql` includes `LOWER(TRIM(tag.value)) AS "Tag"`, which converts all tags to lowercase before counting.
   - This ensures that tags with different cases (e.g., 'Java' vs. 'java') are considered the same, providing accurate counts.
   - The query in `0result.sql` lacks explicit case normalization, which could lead to separate counts for tags differing only by case.

2. **Data Extraction and Transformation:**
   - Both queries extract question IDs from Hacker News stories and join them with Stack Overflow questions to retrieve tags.
   - They use `LATERAL FLATTEN` to split the tags based on the pipe `'|'` delimiter.
   - However, `1result.sql` uses a Common Table Expression (CTE) for better readability and structure.

3. **Consistency with Data Format:**
   - The available data shows that tags are stored as pipe-separated values (e.g., `python|django`), making the splitting logic appropriate.
   - Both queries handle the tags correctly based on this format.

4. **Identical Results:**
   - The results from both queries are identical in terms of tag counts, but `1result.sql` ensures accuracy by handling potential case variations.

**Conclusion:**

Choosing `1result.sql` is justified due to its comprehensive approach to data processing, particularly the normalization of tag cases, which ensures that the counting of tags is accurate and reliable.