After carefully comparing both SQL queries and their results, I have determined that **`1result.sql`** is the correct query for the task. Here's the reasoning:

### Comparison of the SQL Queries:

**`0result.sql`:**

- **Uses Table:** `COVID19_OPEN_DATA.COVID19_OPEN_DATA.COMPATIBILITY_VIEW`
- **Fields Used:**
  - `"confirmed"`
  - `"recovered"`
  - `"country_region"`
- **Key Conditions:**
  - Filters for `"date" = '2020-05-10'`
  - Considers countries with more than 50,000 confirmed cases (`HAVING SUM("confirmed") > 50000`)
  - Ensures `"confirmed" > 0` and `"recovered" > 0`
  - Calculates recovery rate as `ROUND((SUM("recovered") / SUM("confirmed")) * 100, 4)`
- **Result:**
  - Top countries are **Germany**, **China**, and **India**, with recovery rates of approximately **94.69%**, **93.47%**, and **30.98%**, respectively.

**`1result.sql`:**

- **Uses Table:** `"COVID19_OPEN_DATA"."COVID19_OPEN_DATA"."COVID19_OPEN_DATA"`
- **Fields Used:**
  - `"cumulative_confirmed"`
  - `"cumulative_recovered"`
  - `"country_name"`
  - `"aggregation_level"`
- **Key Conditions:**
  - Filters for `"date" = '2020-05-10'`
  - Filters for country-level data (`"aggregation_level" = 0`)
  - Considers countries with more than 50,000 confirmed cases (`HAVING SUM("cumulative_confirmed") > 50000`)
  - Ensures `"cumulative_confirmed" > 0` and `"cumulative_recovered"` is not null and less than or equal to `"cumulative_confirmed"`
  - Calculates recovery rate as `ROUND((SUM("cumulative_recovered") / SUM("cumulative_confirmed")) * 100, 4)`
- **Result:**
  - Top countries are **China**, **Italy**, and **Brazil**, with recovery rates of approximately **94.17%**, **48.01%**, and **39.92%**, respectively.

### Reasons for Choosing `1result.sql`:

1. **Consistency with Earlier Queries:**
   - Throughout the previous explorations, the table `"COVID19_OPEN_DATA"."COVID19_OPEN_DATA"."COVID19_OPEN_DATA"` was consistently used.
   - The fields `"cumulative_confirmed"`, `"cumulative_recovered"`, and `"country_name"` match the fields identified as relevant in the initial analysis.

2. **Data Accuracy and Logical Conditions:**
   - The query in `1result.sql` includes an important condition that ensures only valid recovery rates are considered:
     ```sql
     AND "cumulative_recovered" <= "cumulative_confirmed"
     ```
     This condition excludes any anomalies where recovered cases exceed confirmed cases, which was an issue noted with France's data showing a nonsensical recovery rate over 1000%.
   - It filters out records where `"cumulative_recovered"` is null or greater than `"cumulative_confirmed"`, leading to more accurate recovery rates.

3. **Aggregation Level:**
   - Including `"aggregation_level" = 0` ensures that only country-level data is considered, excluding regional or subnational data that could skew the results.

4. **Field Definitions:**
   - `1result.sql` uses fields that directly represent cumulative counts (`"cumulative_confirmed"` and `"cumulative_recovered"`), which are appropriate for calculating recovery rates.
   - In contrast, `0result.sql` uses `"confirmed"` and `"recovered"` without clarity on whether these are cumulative or daily counts, potentially leading to inaccurate calculations.

5. **Results Align with Known Data Trends:**
   - As of May 10, 2020, China had reported high recovery rates due to early containment, which is accurately reflected in `1result.sql`.
   - Italy and Brazil's recovery rates also align with the global data trends during that period.
   - Germany, while having a high recovery rate, is absent in the top three in `1result.sql`, possibly due to differences in data reporting or conditions applied in the query.

6. **Avoidance of Ambiguous Views:**
   - `0result.sql` references `COMPATIBILITY_VIEW`, which is not mentioned or explained in previous analyses, making its data integrity uncertain.
   - `1result.sql` uses the main data table directly, ensuring clarity and consistency.

### Conclusion:

Based on the consistency with previous analyses, accurate field usage, appropriate conditions to ensure data validity, and results that align with expected trends, **`1result.sql`** is the correct SQL query that answers the task accurately.

```plaintext
1result.sql
```