After reviewing the three SQL queries, I recommend **`0result.sql`** as the correct answer for determining which country has the highest percentage of population under the age of 25 in 2017. Here's the reasoning:

### **Reasoning:**

1. **Join Conditions:**

   - **`0result.sql`** joins the two tables `MIDYEAR_POPULATION_AGESPECIFIC` and `MIDYEAR_POPULATION` using both `"country_code"` and `"year"`. This is a more reliable and precise method because `"country_code"` is a unique identifier for each country, minimizing the risk of mismatches due to variations or duplicates in `"country_name"`.
   
     ```sql
     ON a."country_code" = m."country_code" AND a."year" = m."year"
     ```
   
   - **`1result.sql`** and **`2result.sql`** join the tables using `"country_name"` and `"year"`, which may lead to inaccuracies if there are any inconsistencies in country names between the tables.

2. **Accuracy of Results:**

   - All three queries yield the same result—**Uganda** has the highest percentage of population under the age of 25 in 2017, with **69.1458%**.
   - However, joining on `"country_code"` ensures that the calculated percentages are accurate and that each country's data is correctly matched.

3. **Query Structure:**

   - **`0result.sql`** performs the calculation in a straightforward manner without using subqueries, making it efficient and easier to read.
   - It groups by both `"country_name"` and `"midyear_population"`, ensuring that the total population used in the percentage calculation corresponds correctly to each country.

4. **Compliance with Requirements:**

   - The query correctly filters the data for the year 2017 and ages under 25.
   - It calculates the percentage of the under-25 population relative to the total midyear population, rounding the result to four decimal places as specified.
   - It orders the results in descending order and limits the output to the top result, effectively finding the country with the highest percentage.

### **Selected SQL File:**

```plain
0result.sql
```