The correct SQL query is **`0result.sql`**.

---

**Reasoning:**

Both SQL queries aim to determine the number of distinct users who viewed the most frequently visited page during January 2021. They both follow these steps:

1. **Identify the Most Visited Page:**
   - They select the `page_location` with the highest number of `page_view` events.
   - This is done by grouping by `page_location`, counting the occurrences, ordering by count in descending order, and limiting the result to the top one.

2. **Count Distinct Users Who Viewed That Page:**
   - They count the number of distinct `user_pseudo_id` who had a `page_view` event for that `page_location`.

**Comparison of the Two Queries:**

1. **Table References:**
   - **`0result.sql`:** Uses wildcard table `events_*` with a date range filter using `_TABLE_SUFFIX BETWEEN '20210101' AND '20210131'`.
     ```sql
     FROM `bigquery-public-data.ga4_obfuscated_sample_ecommerce.events_*`
     WHERE _TABLE_SUFFIX BETWEEN '20210101' AND '20210131'
     ```
   - **`1result.sql`:** Uses the table pattern `events_202101*`, which also selects tables for January 2021.
     ```sql
     FROM `bigquery-public-data.ga4_obfuscated_sample_ecommerce.events_202101*`
     ```

2. **Flexibility and Best Practices:**
   - **`0result.sql`** is more flexible and scalable because it explicitly filters the date range using `_TABLE_SUFFIX`. This method is preferred when dealing with large datasets and when the date range might change, as it can accommodate different months or years without changing the table pattern.
   - **`1result.sql`** directly queries tables matching a specific pattern. While this works for a fixed date range, it requires modifying the table pattern when the date range changes.

3. **Consistency:**
   - **`0result.sql`** consistently applies the date filter in both the subquery (to find the most visited page) and the main query (to count distinct users), ensuring that the data is accurately scoped to the desired time frame.
   - **`1result.sql`** also filters data for January 2021 but relies on the table pattern for date scoping.

4. **Performance:**
   - Using `_TABLE_SUFFIX` can lead to better performance optimization because BigQuery can more efficiently scan the required tables based on the suffix range.

5. **Result Consistency:**
   - Both queries produce the same result (`Number_of_Distinct_Users: 30467`), indicating that they are functionally equivalent in this context.

**Conclusion:**

While both queries yield the correct result, **`0result.sql`** is the preferred choice due to its flexibility, scalability, adherence to best practices, and explicit date range filtering using `_TABLE_SUFFIX`.

---

```plaintext
0result.sql
```