```plaintext
0result.sql
```

**Reasoning:**

After comparing the three SQL queries and their corresponding results, **`0result.sql`** is the correct and most efficient answer. Here's why:

1. **Accurate Mapping:**
   - **`0result.sql`** effectively maps the ICD-10-CM codes for Acne (L70), Atopic Dermatitis (L20), Psoriasis (L40), and Vitiligo (L80) to their standard SNOMED concept IDs using the `"Maps to"` relationship in the `CONCEPT_RELATIONSHIP` table.
   - By consolidating the mapping into a single Common Table Expression (CTE) `icd10_to_snomed`, it ensures that all relevant subcategories (concepts that start with the specified ICD-10-CM codes) are included.

2. **Efficiency and Elegance:**
   - The query uses a single CTE to handle the mapping for all conditions, making the code more concise and easier to maintain.
   - It avoids repetition by not creating separate CTEs for each condition, unlike **`1result.sql`** and **`2result.sql`**.

3. **Accurate Patient Counts:**
   - The query joins the `CONDITION_OCCURRENCE` table with the mapped concepts to accurately count the number of unique patients for each condition.
   - It correctly calculates the percentages by dividing the condition-specific patient counts by the total number of unique patients.

4. **Consistent Results:**
   - The output percentages in **`0result.csv`** match those in **`1result.csv`** and **`2result.csv`**, confirming the correctness of the calculations:
     - Acne: **1.1599%**
     - Atopic Dermatitis: **2.5520%**
     - Psoriasis: **5.7432%**
     - Vitiligo: **1.3485%**

5. **Clarity and Readability:**
   - The use of clear CTE names and a structured approach enhances the readability of the query.
   - The CASE statement within the `icd10_to_snomed` CTE clearly labels each condition based on the ICD-10-CM code pattern.

6. **Compliance with Standards:**
   - By using the standard OMOP CDM tables and conventions, the query adheres to best practices for querying healthcare data within the OMOP Common Data Model.

Given these reasons, **`0result.sql`** is the most appropriate and accurate SQL query for determining the percentage of participants with Acne, Atopic Dermatitis, Psoriasis, and Vitiligo, including their subcategories, as defined by the specified ICD-10-CM codes.