After comparing the three SQL queries and their results, the correct SQL that answers the task is **0result.sql**.

**Explanation:**

- **0result.sql** includes all the necessary conditions specified in the task:
  - It filters for records where:
    - The **modality** is `'SEG'` (`d."Modality" = 'SEG'`).
    - The **SOPClassUID** matches the specified UID (`d."SOPClassUID" = '1.2.840.10008.5.1.4.1.1.66.4'`).
    - The **data is publicly accessible** (`d."access" = 'Public'`), which aligns with the requirement for publicly accessible DICOM SEG data.
  - It correctly extracts the segmentation categories by accessing the `"CodeMeaning"` field within the `"SegmentedPropertyCategory"` column (`s."SegmentedPropertyCategory":"CodeMeaning"::STRING AS "SegmentationCategory"`).
  - It counts the occurrences of each segmentation category, orders them in descending order, and limits the result to the top five.

- The results from **0result.sql** are logical and reflect a significant number of records:

  ```
  SegmentationCategory,Count
  Anatomical Structure,622
  Tissue,491
  Morphological Abnormal Structure,279
  Morphologically Altered Structure,163
  Morphologically Abnormal Structure,58
  ```

- **1result.sql** is similar but **does not include** the condition for public access (`d."access" = 'Public'`). Since the task specifies "publicly accessible DICOM SEG data," omitting this condition means the query may include non-public data.

- **2result.sql** joins with `DICOM_METADATA` instead of `DICOM_ALL` and also lacks the public access condition. The resulting counts are significantly lower, indicating it might not be accessing all the relevant data to accurately answer the task.

Therefore, **0result.sql** is the correct SQL query as it fully meets the task's requirements by including all necessary conditions and providing accurate results.

```plain
0result.sql
```