```plain
2result.sql
```

**Reasoning:**

After analyzing the three SQL queries and their corresponding results, **`2result.sql`** is the most appropriate and accurate answer for generating the requested summary of items' loss rates.

**Key Points Supporting This Choice:**

1. **Inclusion of All Relevant Data:**
   - **`2result.sql`** calculates the average loss rate and standard deviation using all available data, including zero loss rates, ensuring a comprehensive analysis. This aligns with standard statistical practices where zero values are considered valid data points unless specified otherwise.
   - The inclusion of zeros provides a complete picture of the loss rates across all items.

2. **Accurate Calculations:**
   - The average loss rate calculated is **9.4267**, which matches the previously observed average when including zeros (as seen in prior exploratory queries).
   - The standard deviation is implicitly included via the use of `STDDEV_SAMP` function, ensuring statistical correctness.

3. **Correct Categorization and Counts:**
   - The counts of items below, within, and above one standard deviation from the average are **35**, **187**, and **29**, respectively. These counts match prior calculations when zeros are included.
   - The categorizations accurately reflect the distribution of loss rates in relation to the calculated average and standard deviation.

4. **User-Friendly Presentation:**
   - **`2result.sql`** presents the results in a clear and organized manner, with categories as descriptive strings (e.g., 'Below_one_standard_deviation') and corresponding counts.
   - The use of `UNION ALL` and an `ordering` field ensures that the results are displayed in a logical and readable format.

5. **Compliance with Instructions:**
   - Floats are rounded to **4 decimal places**, as per the requirement.
   - The query structure aligns with the task of generating a summary that includes the average loss rate and a breakdown of item counts based on their deviation from the average.

6. **Comprehensive Query Structure:**
   - The use of Common Table Expressions (CTEs) like `stats`, `categorized`, `counts`, and `final_result` enhances readability and modularity.
   - This structure allows for easy maintenance and scalability if additional categories or calculations are needed in the future.

**Conclusion:**

**`2result.sql`** not only provides the accurate calculations required but also presents the information in an accessible format, making it the best choice for the requested summary of items' loss rates.