After carefully comparing the three SQL queries and their results, we can determine that **`2result.sql`** is the correct SQL that fulfills the task requirements.

**Reasoning:**

1. **Understanding the Task:**
   - **Objective:** For each product, provide the `product_id`, month in 2019, and the smallest difference between its **ending inventory** and **minimum required level**.
   - **Constraints:**
     - The inventory adjustment model includes restocking when levels fall below the minimum.
     - The simulation should account for **monthly changes** over 2019, considering sales and purchases.

2. **Evaluation of SQL Queries:**

   **a. `0result.sql`**

   - **Approach:**
     - Calculates cumulative sales and purchases.
     - Considers initial inventory.
     - Adds `qty_purchase` when inventory falls below the minimum.
   - **Issues:**
     - Generates negative "smallest_difference" values.
       - Negative differences imply that even after restocking, ending inventory is below the minimum, which contradicts the restocking model.
     - Does not correctly simulate the carry-over of ending inventory month-to-month.
     - Includes data from years before 2019 (e.g., months from 2018), which is outside the scope.

   **b. `1result.sql`**

   - **Approach:**
     - Considers initial inventory and cumulative sales.
     - Determines if restocking is needed based on the inventory before restocking.
     - Calculates the difference between ending inventory and minimum required level for each month.
     - Selects the smallest absolute difference per product.
   - **Issues:**
     - Only provides results for January 2019.
     - Does not simulate month-to-month inventory changes accurately.
       - The inventory at the end of one month should become the beginning inventory for the next month.
     - Ignores the impact of restocking on subsequent months.

   **c. `2result.sql`**

   - **Approach:**
     - Calculates **starting inventory** as:
       - Initial inventory
       - Plus cumulative **purchases before 2019**
       - Minus cumulative **sales before 2019**
     - Uses a **recursive CTE** (`inventory_simulation`) to simulate inventory levels month-to-month for 2019.
       - The **ending inventory** of one month becomes the **beginning inventory** of the next month.
     - Accounts for **sales** and **purchases** in each month.
     - Applies **restocking** when inventory falls below the minimum.
     - Calculates the **difference** between ending inventory and minimum required level.
   - **Strengths:**
     - Accurately models the inventory across each month in 2019.
     - Reflects the impact of restocking on future months.
     - Provides the correct smallest difference per product after simulating all months.
     - Results are consistent with the expected behavior of the inventory model.

3. **Conclusion:**

   - **`2result.sql`** is the only query that correctly simulates the monthly inventory adjustments, restocking, and calculates the smallest difference between ending inventory and minimum required level for each product over 2019.
   - It properly carries over the ending inventory from one month to the next and ensures that restocking impacts future inventory levels.

**Answer:**

```plaintext
2result.sql
```