To determine which SQL query correctly answers the task, let's compare and analyze the three provided SQL scripts and their results.

**Task Recap:**
Identify the address with the highest total transaction value (sum of inputs and outputs) among those whose most recent transaction occurred **in October 2017**.

---

### **Comparison of SQL Queries:**

#### **0result.sql**

```sql
SELECT "address", ROUND("total_transaction_value", 4) AS "total_transaction_value"
FROM (
    SELECT
        "address",
        MAX("block_timestamp") AS "most_recent_timestamp",
        SUM("value") AS "total_transaction_value"
    FROM (
        SELECT f.value::STRING AS "address", t."block_timestamp", t."value"
        FROM "CRYPTO"."CRYPTO_BITCOIN"."INPUTS" t,
             LATERAL FLATTEN(input => t."addresses") f
        UNION ALL
        SELECT f.value::STRING AS "address", t."block_timestamp", t."value"
        FROM "CRYPTO"."CRYPTO_BITCOIN"."OUTPUTS" t,
             LATERAL FLATTEN(input => t."addresses") f
    ) transactions
    GROUP BY "address"
)
WHERE "most_recent_timestamp" BETWEEN 1506816000000000 AND 1509494399000000
ORDER BY "total_transaction_value" DESC NULLS LAST
LIMIT 1;
```

- **Analysis:**
  - Combines inputs and outputs, extracting addresses and values.
  - Calculates `MAX("block_timestamp")` and `SUM("value")` for each address.
  - Filters addresses where the **most recent transaction timestamp** is between `1506816000000000` and `1509494399000000` (Unix timestamps in microseconds for October 2017).
  - Orders addresses by `total_transaction_value` to find the highest.

#### **1result.sql**

```sql
SELECT
  "address",
  ROUND(SUM("total_value"), 4) AS "Total_Transaction_Value"
FROM (
  SELECT
    f.value::STRING AS "address",
    t."value"::NUMBER AS "total_value",
    TO_TIMESTAMP_NTZ(t."block_timestamp" / 1e6) AS "most_recent_tx_timestamp"
  FROM "CRYPTO"."CRYPTO_BITCOIN"."INPUTS" t,
    LATERAL FLATTEN(input => t."addresses") f
  
  UNION ALL
  
  SELECT
    f.value::STRING AS "address",
    t."value"::NUMBER AS "total_value",
    TO_TIMESTAMP_NTZ(t."block_timestamp" / 1e6) AS "most_recent_tx_timestamp"
  FROM "CRYPTO"."CRYPTO_BITCOIN"."OUTPUTS" t,
    LATERAL FLATTEN(input => t."addresses") f
) combined_transactions
GROUP BY "address"
HAVING MAX("most_recent_tx_timestamp") BETWEEN '2017-10-01' AND '2017-10-31 23:59:59'
ORDER BY "Total_Transaction_Value" DESC NULLS LAST
LIMIT 1;
```

- **Analysis:**
  - Similar to the first query but converts `block_timestamp` to a timestamp without timezone using `TO_TIMESTAMP_NTZ`.
  - Divides `block_timestamp` by `1e6` to convert from microseconds to seconds.
  - Uses string literals for date comparison in the `HAVING` clause.
  - Potential **timezone ambiguity** since `TO_TIMESTAMP_NTZ` does not consider time zones, which might lead to incorrect filtering if the session's time zone is not UTC.

#### **2result.sql**

```sql
SELECT "address" AS "Address", ROUND(SUM("value"), 4) AS "Total_Transaction_Value"
FROM (
  SELECT 
    f.VALUE::STRING AS "address",
    t."block_timestamp",
    t."value"
  FROM "CRYPTO"."CRYPTO_BITCOIN"."INPUTS" t,
       LATERAL FLATTEN(input => t."addresses") f
  UNION ALL
  SELECT 
    f.VALUE::STRING AS "address",
    t."block_timestamp",
    t."value"
  FROM "CRYPTO"."CRYPTO_BITCOIN"."OUTPUTS" t,
       LATERAL FLATTEN(input => t."addresses") f
) transactions
GROUP BY "address"
HAVING MAX("block_timestamp") BETWEEN 1506816000000000 AND 1509494399000000
ORDER BY "Total_Transaction_Value" DESC NULLS LAST
LIMIT 1;
```

- **Analysis:**
  - Combines inputs and outputs to aggregate values per address.
  - Uses `MAX("block_timestamp")` in the `HAVING` clause to filter addresses with the most recent transaction in October 2017.
  - Compares raw `block_timestamp` in microseconds to Unix timestamps representing October 2017.
  - **Avoids timezone issues** by not converting timestamps to date formats.

---

### **Conclusion:**

- **0result.sql** and **2result.sql** are similar in logic, directly comparing `block_timestamp` in microseconds.
- **1result.sql** introduces potential **timezone ambiguity** by converting timestamps without specifying time zones, which could lead to incorrect filtering.
- **2result.sql** is more straightforward, using raw timestamps and filtering in the `HAVING` clause, ensuring accurate results without timezone concerns.

**Therefore, the correct SQL query that accurately addresses the task is:**

```plaintext
2result.sql
```

This query correctly identifies the address with the highest total transaction value among those whose most recent transaction occurred in October 2017.