After analyzing both SQL queries and their corresponding results, I recommend selecting `1result.sql` as the correct answer for the following reasons:

**Comparison of SQL Queries:**

1. **`1result.sql`:**

   ```sql
   SELECT f.key AS "package_name", COUNT(*) AS "frequency"
   FROM "GITHUB_REPOS"."GITHUB_REPOS"."SAMPLE_CONTENTS" t,
   LATERAL FLATTEN(input => TRY_PARSE_JSON(t."content"):"require") f
   WHERE (t."sample_path" LIKE '%composer.json' OR t."sample_path" LIKE '%package.json')
     AND f.key IS NOT NULL
   GROUP BY f.key
   ORDER BY "frequency" DESC NULLS LAST;
   ```

   - **Scope:** This query considers both `composer.json` and `package.json` files, covering dependencies from PHP (Composer) and JavaScript/Node.js (npm) projects.
   - **Logic:** It attempts to parse the `"content"` column as JSON and extracts the `"require"` section. The `LATERAL FLATTEN` function is used to extract key-value pairs from the `"require"` object.
   - **Filtering:** It filters out entries where `f.key` is `NULL`, ensuring that only valid package names are considered.
   - **Grouping and Counting:** Groups the package names and counts their frequencies, ordering them by frequency in descending order.

2. **`2result.sql`:**

   ```sql
   SELECT
     req.KEY AS "package_name",
     COUNT(*) AS "frequency"
   FROM
     GITHUB_REPOS.GITHUB_REPOS.SAMPLE_CONTENTS,
     LATERAL FLATTEN(INPUT => PARSE_JSON("content"):"require") req
   WHERE
     "sample_path" = 'composer.json'
     AND "content" IS NOT NULL
   GROUP BY
     "package_name"
   ORDER BY
     "frequency" DESC NULLS LAST
   ;
   ```

   - **Scope:** This query only considers files named exactly `composer.json`, thus limiting the scope to PHP projects using Composer.
   - **Logic:** Similar to the first query, it parses the `"content"` as JSON and extracts the `"require"` section.
   - **Filtering:** It only includes entries where `"sample_path"` is exactly `composer.json`, potentially missing other files like `package.json` or files in subdirectories.
   - **Grouping and Counting:** Groups and counts package names as well.

**Reasons for Selecting `1result.sql`:**

- **Comprehensiveness:** The first query (`1result.sql`) covers both `composer.json` and `package.json` files, which are commonly used in PHP and JavaScript/Node.js projects, respectively. This aligns with the task's goal of extracting package names from the `require` section of JSON-formatted content, which may be present in either file type.

- **Flexibility:** By using `LIKE '%composer.json'` and `LIKE '%package.json'`, the query includes files that may be located in subdirectories or have additional prefixes, ensuring a broader data set.

- **Data Accuracy:** The first query includes a condition `AND f.key IS NOT NULL`, which filters out any null keys that might be artifacts of parsing issues or malformed JSON content, resulting in cleaner and more accurate data.

- **Better Representation of Dependencies:** Considering both file types provides a more complete picture of package dependencies used across different programming languages in the repositories, leading to a more thorough frequency count.

**Conclusion:**

Given the above reasons, `1result.sql` is better suited to accomplish the task of extracting and counting the frequency of all package names listed in the `require` section of JSON-formatted content.

```plain
1result.sql
```