After comparing the two SQL queries and their results, I conclude that **`2result.sql`** is the correct and more appropriate answer for the task.

**Reason:**

1. **Inclusion of Both Spellings of 'Community Center':**
   - The second query includes both `'community_centre'` and `'community_center'` in the list of amenities:
     ```sql
     AND f.value:"value"::STRING IN ('library', 'place_of_worship', 'community_centre', 'community_center')
     ```
   - This ensures that amenities tagged with either the British English spelling (`'community_centre'`) or the American English spelling (`'community_center'`) are considered. This is important for comprehensive analysis, as OpenStreetMap data may use either spelling.

2. **Structured and Readable Query:**
   - The query is structured using Common Table Expressions (CTEs), which makes it easier to read and understand each step:
     - **`philly_geom`** CTE to extract Philadelphia's geometry.
     - **`amenities`** CTE to select amenities of interest.
     - **`philly_amenities`** CTE to filter amenities located within Philadelphia.
   - This modular approach enhances maintainability and clarity.

3. **Efficient Spatial Filtering:**
   - By first selecting all relevant amenities and then filtering those within Philadelphia using `ST_CONTAINS`, the query optimizes the spatial filtering process.
   - This approach avoids unnecessary joins and ensures that only amenities within the specified area are analyzed.

4. **Consistent Data Conversion:**
   - The query consistently uses `ST_GEOGFROMWKB` to convert geometries to geographies, which is appropriate for spatial functions like `ST_CONTAINS` and `ST_DISTANCE`.

5. **Accurate Result:**
   - Both queries yield the same shortest distance of **6.465 meters**, but `2result.sql` ensures that no relevant amenities are overlooked due to spelling variations.

**Conclusion:**

Considering the above reasons, `2result.sql` is the correct and more comprehensive query to find the shortest distance between the specified amenities located within Philadelphia.

```plain
2result.sql
```