```plaintext
2result.sql
```

After analyzing both SQL queries and their respective results, **`2result.sql`** is the correct query for the following reasons:

1. **Accurate Selection of Latest Versions**:
   - **`2result.sql`** correctly selects the latest version for each NPM package by using the `ROW_NUMBER()` window function and partitioning by package name, ordering by the `UpstreamPublishedAt` descending. This ensures that only the most recent version of each package is considered.
   - **`1result.sql`** also attempts to select the latest version but may include duplicates due to the way it handles joins and lacks proper deduplication.

2. **Proper Association with Projects**:
   - **`2result.sql`** joins the latest package versions with the `PACKAGEVERSIONTOPROJECT` table on both the package name and version, ensuring that the project associated is indeed linked to the latest version of the package.
   - It then joins with the `PROJECTS` table to retrieve the correct GitHub project and its star count.

3. **Handling of Duplicate Projects**:
   - **`2result.sql`** accounts for packages that might be associated with multiple projects by selecting the one with the highest star count. It uses another `ROW_NUMBER()` partitioned by package name and orders by `StarsCount` descending to achieve this.

4. **Consistent and Correct Results**:
   - The results from **`2result.sql`** provide a clear list of the top 8 NPM packages based on GitHub star count, considering only their latest versions.
   - The packages listed (e.g., `@dylanvann/svelte`, `@dumc11/tailwindcss`) align with high-star-count projects and are appropriate representations of popular NPM packages associated with their respective GitHub repositories.

5. **Elimination of Potential Data Anomalies**:
   - In **`1result.sql`**, the top result is `@docly/web` with a star count of `89398`, which seems inconsistent when compared to the actual star counts of known projects. This suggests a potential data mismatch or incorrect association in **`1result.sql`**.
   - **`2result.sql`** avoids such anomalies by ensuring that the latest version of the package is correctly linked to the right GitHub project with an accurate star count.

6. **Better Query Structure and Clarity**:
   - **`2result.sql`** is structured with Common Table Expressions (CTEs) that make the query steps clear and logical. Each CTE builds upon the previous one, enhancing readability and maintainability.
   - The step-by-step approach ensures that each part of the data retrieval and processing is handled correctly.

In conclusion, **`2result.sql`** precisely fulfills the task requirements by accurately selecting the latest versions of NPM packages and correctly associating them with their GitHub projects to determine the top 8 most popular packages based on star count.