After comparing the provided SQL queries and their results, the correct SQL that accomplishes the task is `1result.sql`.

**Reason:**

- **Filters Correct Patents:** `1result.sql` correctly filters for United States utility patents under the B2 classification granted between June and September of 2022 by using:
  - `"country_code" = 'US'`
  - `"kind_code" = 'B2'`
  - `"grant_date" BETWEEN 20220601 AND 20220930`

- **Extracts IPC Codes:** It extracts the 4-digit IPC codes (`ipc4_code`) from the `ipc` field using `SUBSTR`:
  ```sql
  SUBSTR(ipc_info.value:"code"::STRING, 1, 4) AS "ipc4_code"
  ```

- **Identifies Most Frequent IPC4 Code per Patent:** It calculates the count of each IPC4 code per patent and uses `ROW_NUMBER()` to identify the most frequent IPC4 code for each patent:
  ```sql
  ROW_NUMBER() OVER (
      PARTITION BY "publication_number" 
      ORDER BY "ipc4_count" DESC NULLS LAST
  ) AS "rank"
  ```
  It selects the IPC4 code where `rank = 1`, ensuring it's the most frequent code for that patent.

- **Checks IPC4 Codes Appearing 10 or More Times Overall:** It computes the total count of patents per IPC4 code across all selected patents and filters those appearing in 10 or more patents:
  ```sql
  WHERE mf."rank" = 1 
    AND ic."ipc4_total_count" >= 10
  ```

- **Produces Required Output:** Finally, it lists the publication numbers and their most frequent IPC4 codes that meet the frequency condition.

**Therefore, the correct SQL is:**

```plaintext
1result.sql
```