After comparing both SQL queries and their results, I have determined that **`1result.sql`** is the correct and more appropriate SQL to use for the task. Here's the reasoning:

### Comparison of the Two SQL Queries:

#### 1. Difference in JOIN Conditions:

- **`0result.sql`:**
  ```sql
  INNER JOIN
      "SAN_FRANCISCO_PLUS"."SAN_FRANCISCO_BIKESHARE"."BIKESHARE_STATION_INFO" s
  ON
      CAST(t."start_station_id" AS VARCHAR) = s."station_id"
  ```
  - **Explanation:** This query casts `t."start_station_id"` to a `VARCHAR` to match `s."station_id"`. This implies that `t."start_station_id"` might be of a different data type (e.g., numeric) compared to `s."station_id"`.

- **`1result.sql`:**
  ```sql
  JOIN
      "SAN_FRANCISCO_PLUS"."SAN_FRANCISCO_BIKESHARE"."BIKESHARE_STATION_INFO" s
      ON t."start_station_id" = s."station_id"
  ```
  - **Explanation:** This query assumes that `t."start_station_id"` and `s."station_id"` are of the same data type, likely both strings or both numbers, and thus no casting is necessary.

**Implication:** If the data types of these columns are the same, casting is unnecessary and could introduce overhead. If they are different, casting is essential for correct JOIN operation.

#### 2. Date Range Conditions:

- **`0result.sql`:**
  ```sql
  WHERE
      t."start_date" BETWEEN 1388534400000000 AND 1514764799000000
  ```
  - **Explanation:** Uses the `BETWEEN` operator to include trips from `1388534400000000` to `1514764799000000`, which corresponds to `2014-01-01` to `2017-12-31 23:59:59` in microseconds since epoch.

- **`1result.sql`:**
  ```sql
  WHERE
      t."start_date" >= 1388534400000000 AND t."start_date" < 1514764800000000
  ```
  - **Explanation:** Uses `>=` and `<` operators to include trips from `1388534400000000` to less than `1514764800000000`, which precisely includes all trips up to `2017-12-31 23:59:59.999999`.

**Implication:** Both queries effectively cover the same date range. However, using `>=` and `<` can sometimes be more precise, especially when dealing with timestamps and avoiding any potential issues with inclusivity on boundary values.

#### 3. Ordering of Results:

- **`0result.sql`:** Does not explicitly order the final results.
- **`1result.sql`:** Includes:
  ```sql
  ORDER BY "region_name";
  ```
  - **Explanation:** Sorting the results by region name for better readability.

**Implication:** Ordering the results is useful for presentation purposes but does not affect the correctness of the query.

#### 4. Consistency and Clarity:

- **`1result.sql`** uses standard SQL practices without unnecessary casting, assuming data types are consistent.
- **`0result.sql`** introduces casting, which may not be necessary and could indicate potential data type mismatches.

### Conclusion:

Given that:

- The data types of `t."start_station_id"` and `s."station_id"` are likely consistent in the database (both being strings or integers).
- The date range condition in `1result.sql` is precise.
- `1result.sql` orders the results by `"region_name"` for better clarity.
- The results produced by both queries are the same.

Therefore, **`1result.sql`** is the correct and more appropriate SQL query for retrieving the latest ride data for each region between 2014 and 2017.

---

```plain
1result.sql
```