Upon comparing the two SQL queries and their results, we can make the following observations:

**1. Result Consistency:**

Both queries produce the same results, listing the top 10 most frequently imported package names with identical import counts:

```
PackageName,ImportCount
java.util,1841
java.io,763
org.junit,321
org.junit.Assert,183
org.slf4j,157
android.view,144
javax.xml.bind.annotation,143
android.content,113
android.widget,112
java.util.concurrent,103
```

**2. Differences in SQL Queries:**

- **First Query (`0result.sql`):**

  - Uses `REGEXP_SUBSTR` to extract the package name directly using capturing groups in a single operation.
  - The regex pattern `'import(\\s+static)?\\s+([a-zA-Z0-9_\\.]+)\\.(\\w+|\\*)\\s*;'` is designed to match import statements and capture the package name before the class or wildcard.
  - The extraction is done efficiently by specifying the group (`2`) to capture.

- **Second Query (`1result.sql`):**

  - Utilizes multiple `REGEXP_REPLACE` functions to progressively remove parts of the import statement:
    - Removes the `'import'` keyword.
    - Removes `'static'` if present.
    - Removes any trailing semicolons and comments.
    - Removes the class or wildcard at the end to isolate the package name.
  - While effective, this method involves multiple string manipulations, which can be less efficient.

**3. Efficiency and Clarity:**

The first query is more efficient and concise:

- **Efficiency:** It uses a single `REGEXP_SUBSTR` call with capturing groups, reducing the computational overhead compared to multiple `REGEXP_REPLACE` calls.
- **Clarity:** The regex pattern in the first query directly represents the structure of an import statement, making it easier to understand and maintain.

**4. Handling Edge Cases:**

The first query's regex pattern is more precise in matching import statements and is likely to handle edge cases better by:

- Correctly capturing package names even when there are multiple spaces or the `static` keyword is present.
- Avoiding potential issues that may arise from sequential replacements in the second query.

**Conclusion:**

Given the efficiency, clarity, and potential for better handling of edge cases, the first SQL query (`0result.sql`) is the more appropriate choice for identifying the top 10 most frequently imported package names in Java source files.

```plaintext
0result.sql
```