After reviewing the SQL queries and their results, I have determined that **`2result.sql`** is the correct SQL query that answers the task.

**Reasoning:**

- **Objective:** Identify the top five states with the highest total claim counts for the drug with the highest total number of prescriptions in New York State during 2014. Also, include their total claim counts and total drug costs.

- **Analysis of SQL Queries:**

  1. **`0result.sql`:**
     - Uses a `JOIN` between the entire dataset (`t1`) and a subquery (`t2`) that selects the top drug in New York State.
     - The subquery identifies the `drug_name` with the highest total claim count in NY.
     - The main query aggregates total claims and costs per state for that drug.
     - While correct, the use of a `JOIN` is unnecessary and adds complexity.

  2. **`1result.sql`:**
     - Utilizes a Common Table Expression (`WITH TopDrug AS (...)`) to find the top drug in NY.
     - The main query references the top drug from the CTE.
     - Adds clarity but introduces extra syntactic elements that are not required for this task.

  3. **`2result.sql`:**
     - Directly embeds the subquery in the `WHERE` clause to find the top drug in NY.
     - Aggregates total claims and costs per state for that drug without unnecessary joins or CTEs.
     - Simplifies the query while achieving the desired result efficiently.
     - The results produced match the task's requirements accurately.

- **Conclusion:** `2result.sql` provides the most straightforward and efficient solution without unnecessary complexity. It correctly identifies the top-prescribed drug in New York State and then calculates the total claim counts and drug costs for that drug across all states, ordering them to find the top five states as requested.

---

```plain
2result.sql
```