After comparing the three SQL queries and their results, here's the analysis:

1. **Option 0 (`0result.sql`):**
   - **SQL Query:**
     ```sql
     SELECT "major_category", SUM("value") AS "Number_of_incidents"
     FROM LONDON.LONDON_CRIME.CRIME_BY_LSOA
     WHERE "borough" = 'Barking and Dagenham'
     GROUP BY "major_category"
     ORDER BY "Number_of_incidents" DESC NULLS LAST
     LIMIT 3;
     ```
   - **Explanation:**
     - Orders the results using the alias `"Number_of_incidents"` in descending order.
     - This makes the query readable and utilizes the computed alias directly in the `ORDER BY` clause.

2. **Option 1 (`1result.sql`):**
   - **SQL Query:**
     ```sql
     SELECT "major_category", SUM("value") AS "Number_of_incidents"
     FROM LONDON.LONDON_CRIME.CRIME_BY_LSOA
     WHERE "borough" = 'Barking and Dagenham'
     GROUP BY "major_category"
     ORDER BY SUM("value") DESC NULLS LAST
     LIMIT 3;
     ```
   - **Explanation:**
     - Orders the results by calculating `SUM("value")` again in the `ORDER BY` clause.
     - While it achieves the same result, it is less efficient because it recalculates the sum instead of using the alias.

3. **Option 2 (`2result.sql`):**
   - **SQL Query:**
     ```sql
     SELECT "major_category", SUM("value") AS "Number_of_incidents"
     FROM LONDON.LONDON_CRIME.CRIME_BY_LSOA
     WHERE "borough" = 'Barking and Dagenham'
     GROUP BY "major_category"
     ORDER BY "Number_of_incidents" DESC NULLS LAST, "major_category"
     LIMIT 3;
     ```
   - **Explanation:**
     - Orders the results by `"Number_of_incidents"` in descending order and then by `"major_category"`.
     - The additional ordering by `"major_category"` is unnecessary for this specific task since we are only interested in the top three categories by incident count.

**Conclusion:**

Option 0 (`0result.sql`) is the correct and most efficient SQL query because it:

- Directly uses the alias `"Number_of_incidents"` in the `ORDER BY` clause, improving readability and efficiency.
- Accurately retrieves the top three major crime categories in the borough of Barking and Dagenham based on the number of incidents.

```plain
0result.sql
```