```plain
0result.sql
```

**Reasoning:**

The chosen SQL, **0result.sql**, is the correct answer because:

1. **Appropriate Mutation Severity Mapping:**
   - It maps different mutation types to severity levels in a biologically meaningful way, assigning higher severity to mutations likely to have a greater impact on the TP53 gene function.
   - The severity levels are defined as:
     - 5: 'Frame_Shift_Ins'
     - 4: 'Nonsense_Mutation', 'Splice_Site'
     - 3: 'In_Frame_Del'
     - 2: 'Missense_Mutation'
   - This nuanced approach reflects the varying degrees of impact different mutations may have on gene expression.

2. **Handling Multiple Mutations per Sample:**
   - By selecting the highest severity mutation per sample (`max_severity_per_sample` CTE), it ensures that the most impactful mutation is considered in the analysis for each sample.
   - This is important because some samples may have multiple mutations, and the one with the highest severity is most relevant to gene expression changes.

3. **Comprehensive Data Integration:**
   - It joins the expression data with mutation data using a LEFT JOIN, ensuring that all samples with expression data are included, even if they have no mutations ('No Mutation' category).
   - This inclusive approach allows for a complete analysis across all available samples.

4. **Accurate Statistical Computation:**
   - The calculation of sum of squares between groups (SSB) and within groups (SSW) is performed accurately using the group means and grand mean.
   - Degrees of freedom are correctly calculated based on the number of groups and total samples.
   - Mean squares and the F-statistic are computed with appropriate rounding to four decimal places, as per the instructions.

5. **Biological Relevance:**
   - By considering mutation severity and its potential impact on TP53 expression, the analysis is more biologically relevant and provides insights into how different types of mutations influence gene expression levels.

In contrast, **2result.sql** simplifies the mutation classification into just three categories ('Missense_Mutation', 'Other_Mutation', and 'Wildtype') without assigning specific severity levels. This approach may overlook the nuanced effects of different mutation types on gene expression.

Therefore, **0result.sql** is the more appropriate and accurate SQL query for assessing the impact of different genetic variants on the log₁₀-transformed TP53 expression levels in TCGA-BRCA samples.