After analyzing the three SQL scripts and their results, I have compared their approaches and outputs to determine which one best addresses the task of calculating the number of overtakes in each category during the first five laps of a race.

---

### **Comparison of SQL Scripts and Results:**

#### **0result.sql and 0result.csv**

- **Approach:**
  - Uses the **`LAP_POSITIONS`** table to extract driver positions.
  - Identifies position changes between consecutive laps where a driver moves ahead.
  - Considers overtakes based on position changes without including the starting grid positions.
  - Categorizes overtakes into retirements, pit stops, start-related overtakes, and standard on-track passes.
- **Results:**
  - **Retirements:** 7
  - **Pit Stops:** 442
  - **Start-related overtakes:** 755
  - **Standard on-track passes:** 4,550

#### **1result.sql and 1result.csv**

- **Approach:**
  - Combines starting grid positions (lap 0) from the **`RESULTS`** table with positions from the **`LAP_TIMES`** table for laps 1 to 5.
  - Calculates overtakes by comparing drivers' positions between laps, including from the grid to lap 1.
  - Identifies overtakes where a driver moves ahead of another driver who was previously ahead.
  - Categorizes overtakes similarly to the first script but seems to include more overtakes due to overlapping data.
- **Results:**
  - **Retirements:** 13
  - **Pit Stops:** 2,455
  - **Start-related overtakes:** 5,407
  - **Standard on-track passes:** 11,593

#### **2result.sql and 2result.csv**

- **Approach:**
  - Also combines grid positions (lap 0) with laps 1 to 5 from the **`LAP_TIMES`** table.
  - Calculates overtakes by identifying instances where a driver moves ahead of another driver between consecutive laps.
  - Ensures unique overtakes are counted by using **`COUNT(DISTINCT ...)`** to avoid double-counting overtakes involving the same drivers on the same lap.
  - Categorizes overtakes into the four specified categories.
- **Results:**
  - **Retirements:** 13
  - **Pit Stops:** 2,514
  - **Start-related overtakes:** 2,340
  - **Standard on-track passes:** 6,129

---

### **Reasoning and Selection:**

- **Data Sources:**
  - **Scripts 1 and 2** use the **`LAP_TIMES`** table along with starting grid positions, which is appropriate for capturing actual lap-by-lap positions and overtakes.
  - **Script 0** uses the **`LAP_POSITIONS`** table, which might not capture all nuances of position changes and may lack granularity compared to **`LAP_TIMES`**.

- **Counting Overtakes:**
  - **Script 1** does not ensure that each overtake is counted uniquely, potentially leading to over-counting when multiple overtakes involve the same drivers on the same lap.
  - **Script 2** uses **`COUNT(DISTINCT ...)`** on a combination of overtaking driver, overtaken driver, and lap to ensure that each overtake is counted only once. This prevents double-counting and provides a more accurate representation.
  - The significant difference in the number of start-related overtakes and standard on-track passes between **Scripts 1 and 2** suggests that **Script 1** may be over-counting due to not accounting for unique overtakes.

- **Consistency in Results:**
  - The results from **Script 2** are more consistent and plausible. The numbers are neither excessively low (as in **Script 0**) nor excessively high (as in **Script 1**).
  - The number of start-related overtakes in **Script 2** (2,340) seems more reasonable when considering typical race dynamics during the start.

- **Unique Overtake Tracking:**
  - **Script 2**'s method of ensuring unique overtakes aligns with the task's requirement to accurately count the number of overtakes in each category without duplication.

---

### **Conclusion:**

Based on the analysis, **`2result.sql`** is the correct SQL script. It provides a more accurate calculation of overtakes by:

- Combining grid and lap positions effectively.
- Accurately identifying overtakes between drivers.
- Ensuring that each overtake is counted uniquely.
- Providing results that are consistent and reasonable.

---

```plaintext
2result.sql
```