After comparing the SQL queries and their results, the correct SQL is **`1result.sql`** for the following reasons:

1. **Accuracy and Relevance:**
   - **Candidate 1 (`1result.sql`)** accurately computes the total occurrences of each `L1_model` across all steps and versions without applying any unnecessary filters.
   - It directly answers the question by identifying which model category appears most frequently when comparing traditional models to the Stack model.
   - The result shows that the `regression` model category appears most frequently with a total count of **213** occurrences.

2. **Use of Proper SQL Syntax:**
   - This query uses fully qualified names with double quotes around the database, schema, and table names (`"STACKING"."STACKING"."MODEL"`), which improves clarity and ensures the correct table is queried.
   - It also uses consistent naming conventions for aliases (`Total_count`) and orders the results properly.

3. **Unnecessary Filter in Candidate 2:**
   - **Candidate 2 (`2result.sql`)** includes a `WHERE` clause filtering out models where `"name" NOT ILIKE '%Stack%'`. However, previous observations indicate that there are no models where `"name"` contains `'Stack'`.
   - This means the filter doesn't affect the result, making it equivalent to Candidates 0 and 1 but with unnecessary complexity.

4. **Consistency with Data Observations:**
   - Based on prior data, the models only have `L1_model` categories of `'regression'` and `'tree'`, and no models are named or categorized as `'Stack'`.
   - Therefore, querying without the filter provides the accurate count of occurrences needed for the analysis.

5. **Preference over Candidate 0:**
   - While **Candidate 0 (`0result.sql`)** also provides the correct result, **Candidate 1** is preferred due to its explicit schema and table referencing using double quotes, which is a good practice in SQL, especially when dealing with case sensitivity and special characters.

**Therefore, the correct SQL query is:**

```plain
1result.sql
```