After comparing both SQL queries, **`0result.sql`** is the correct answer.

**Reasoning:**

- **Negative Daily New Cases Handling:** `0result.sql` uses a `CASE WHEN` statement to ensure that any negative daily new cases (which might occur due to data corrections) are set to zero. This prevents negative values from affecting the rankings, ensuring accurate results.

  ```sql
  CASE
      WHEN "confirmed_cases" - LAG("confirmed_cases") OVER (PARTITION BY "state_name" ORDER BY "date") >= 0 THEN
          "confirmed_cases" - LAG("confirmed_cases") OVER (PARTITION BY "state_name" ORDER BY "date")
      ELSE 0
  END AS "daily_new_cases"
  ```

- **Consistent Ranking with DENSE_RANK():** `0result.sql` uses `DENSE_RANK()` to compile the overall rankings of states based on their frequency of appearing in the daily top fives. This ensures that rankings are sequential without gaps when there are ties, which aligns with the task's requirement to find the state that ranks fourth.

  ```sql
  DENSE_RANK() OVER (ORDER BY appearances DESC) AS state_rank
  ```

- **Partitioning by Both State and County:** When calculating daily new cases for counties, `0result.sql` partitions by both `"state_name"` and `"county"`, which is crucial to accurately differentiate counties that may have the same name in different states.

  ```sql
  LAG(USC."confirmed_cases") OVER (PARTITION BY USC."state_name", USC."county" ORDER BY USC."date")
  ```

- **Accurate Counts:** The result in `0result.csv` shows slightly higher counts, suggesting that negative differences were appropriately handled, leading to a more accurate frequency count.

**Therefore, the correct SQL query that accurately performs the required analysis is:**

```plain
0result.sql
```