After reviewing the three SQL queries and their results, I have determined that **`2result.sql`** is the correct and most suitable answer for finding the shortest distance between any two amenities (library, place of worship, or community center) located within Philadelphia. Here's the reasoning:

### Reasoning:

1. **Conciseness and Clarity**: `2result.sql` is more concise and direct in its approach. It achieves the task with fewer and more straightforward steps, making the query easier to read and maintain.

2. **Effective Use of Geospatial Functions**:
   - **Geometry Conversion**: It consistently uses `TO_GEOGRAPHY` to convert geometries, which ensures that all spatial calculations are performed using Geography data types suitable for distance calculations on Earth's surface.
   - **Filtering Amenities within Philadelphia**: It effectively filters amenities that are within Philadelphia's boundaries using the `ST_CONTAINS` function.

3. **Accurate Distance Calculation**:
   - **Pairwise Distance Computation**: The query computes pairwise distances between all amenities within Philadelphia using `ST_DISTANCE`, ensuring that all possible pairs are considered.
   - **Minimum Distance Extraction**: It accurately retrieves the shortest distance from these calculations.

4. **Performance Considerations**:
   - By performing the spatial filtering within the CTE `amenities`, it reduces the dataset early on, leading to potentially better performance since fewer records are processed in subsequent joins and calculations.

5. **Correctness of Results**:
   - The result `6.465` meters aligns with the results from the other queries, indicating the query correctly computes the shortest distance.

### Conclusion:

Based on the above reasons, `2result.sql` is the optimal and correct query to use for this task.

---

**Selected SQL File:**

```plain
2result.sql
```