After reviewing the three SQL queries and their results, **`0result.sql`** is the correct SQL query. Here's the reasoning:

1. **`0result.sql`:**
   - **Query Logic:**
     - Combines data from all storm event tables from 2008 to 2023.
     - Orders the combined data by `"damage_property"` in descending order to get the top 100 events with the highest property damage.
     - Extracts the month from `"event_begin_time"` for these top 100 events.
     - Counts the number of events per month among the top 100 events.
   - **Result:**
     - The output shows that **month `8` (August)** has the highest number of severe storm events, totaling **50 events**.
   - **Conclusion:**
     - This aligns with the expectation that severe storms causing significant property damage are more frequent in August (e.g., hurricanes).

2. **`1result.sql`:**
   - **Query Logic:**
     - Attempts to convert `"damage_property"` values that may contain suffixes (`'K'`, `'M'`, `'B'`) to numeric values.
     - Extracts the month from `"event_begin_time"` and counts the events among the top 100 events.
   - **Result:**
     - The output indicates **month `1` (January)** has the highest number of events with **34 events**.
   - **Issue:**
     - Severe storms with the highest property damage are less likely to occur in January.
     - The conversion logic for `"damage_property"` might be unnecessary or introduces errors since the data examples already show numeric values.

3. **`2result.sql`:**
   - **Query Logic:**
     - Similar to `0result.sql`, but uses `TO_VARCHAR` with the `'Month'` format to get the month name.
   - **Result:**
     - The output shows **month `'Augth'`** with **50 events**.
   - **Issue:**
     - The month formatting results in `'Augth'` instead of `'August'`, indicating a formatting error.
     - Despite the formatting error, it aligns with `0result.sql` in identifying August as the most affected month.

**Conclusion:**

- **`0result.sql`** correctly identifies the most affected month as **August** with **50 severe storm events** among the top 100 events with the highest property damage.
- The query is straightforward and does not introduce unnecessary complexity or errors.
- Therefore, **`0result.sql`** is the correct SQL query.

```plaintext
0result.sql
```