After reviewing both SQL queries and their results, I conclude that **`1result.sql`** is the correct query for the task. Here is the reasoning:

**Comparison of the Two SQL Queries:**

1. **Handling Missing Data:**
   - **`0result.sql`**: This query does not account for months where a category has zero sales. It only includes months where there are actual sales for a category. As a result, the time series for some categories may have missing months, leading to mismatched data lengths when computing the Pearson correlation coefficient.
   - **`1result.sql`**: This query ensures that all months within the 24-month period are represented for each category, filling missing sales with zeros. This approach produces complete time series for each category, which is crucial for accurate correlation calculation.

2. **Data Alignment:**
   - **`0result.sql`**: Due to missing months in the time series, the alignment of data points between categories may be inconsistent, which can distort the Pearson correlation coefficient.
   - **`1result.sql`**: By generating a consistent set of months and categories (using a cross join and COALESCE to fill missing values), the data points are properly aligned across time, ensuring that the correlation calculation compares the same periods for both categories.

3. **Use of Sales Volume Measure:**
   - **`0result.sql`**: Uses `"bottles_sold"` as the measure for sales volume.
   - **`1result.sql`**: Uses `"volume_sold_liters"` as the measure for sales volume.
   - **Note**: Both are acceptable measures, but consistency and completeness of data are more critical for accurate correlation.

4. **Calculation of Average Percentage Contribution:**
   - Both queries calculate the average percentage contribution per category over the 24 months and filter to include only those categories contributing at least 1% on average.

5. **Correlation Calculation:**
   - **`0result.sql`**: Potentially computes correlations over inconsistent and incomplete time series data.
   - **`1result.sql`**: Computes correlations over complete and consistent time series, which is essential for reliable statistical analysis.

**Conclusion:**

The query in **`1result.sql`** is the better choice because it:

- Accurately represents all categories and months by filling in missing data with zeros.
- Ensures that the time series data for each category is complete and aligned.
- Provides a more reliable computation of the Pearson correlation coefficient due to consistent data lengths and proper alignment.

### Answer:

```plain
1result.sql
```