After analyzing the three SQL queries and their outputs, I have determined that **`1result.sql`** is the correct answer. Here are the reasons:

1. **Correct Implementation of Tie-Breaker Rule:**
   - `1result.sql` uses the `ROW_NUMBER()` window function with an `ORDER BY` clause that first sorts by `total_runs` in descending order and then by `player_id` in ascending order. This ensures that in the case of ties in runs or wickets, the player with the smaller `player_id` is ranked higher, as per the requirement.

     ```sql
     ROW_NUMBER() OVER (
       PARTITION BY "season_id" 
       ORDER BY "total_runs" DESC, "player_id" ASC
     ) AS "rank"
     ```

2. **Efficient and Clear Code:**
   - The use of window functions (`ROW_NUMBER()`) makes the query more efficient and easier to understand compared to using subqueries for ranking.
   - It avoids unnecessary self-joins and provides better performance, especially with large datasets.

3. **Accurate Matching of Batsmen and Bowlers:**
   - The query correctly matches the top three batsmen with the top three bowlers in each season based on their respective ranks.
   - It joins the ranked batsmen and bowlers on both `season_id` and `rank`, ensuring the correct pairing as specified in the task.

4. **Consistent and Correct Output:**
   - The output CSV (`1result.csv`) aligns with the task's requirements, providing the top three batsmen and bowlers per season along with their total runs and wickets.
   - The results are ordered by `season_id` in ascending order, as specified.

Considering these points, **`1result.sql`** best meets the requirements and provides an optimal solution to the task.

```plaintext
1result.sql
```