After comparing the two SQL queries and their results, the correct SQL query is the one that properly handles the structure of the "language" column in the `LANGUAGES` table. The "language" column contains an array or JSON structure of languages used in a repository. Therefore, to accurately find repositories that include JavaScript, we need to flatten this column to examine each language individually.

**Explanation:**

- **`0result.sql`** correctly uses `LATERAL FLATTEN` on the "language" column to extract individual languages. This ensures that repositories with multiple languages are properly considered when searching for "JavaScript".
  
  ```sql
  SELECT COUNT(*) AS "Number_of_Pull_Requests"
  FROM "GITHUB_REPOS_DATE"."DAY"."_20230118" e
  JOIN (
      SELECT DISTINCT "repo_name"
      FROM "GITHUB_REPOS_DATE"."GITHUB_REPOS"."LANGUAGES", LATERAL FLATTEN(input => "language") l
      WHERE l.value::STRING ILIKE '%JavaScript%'
  ) j
    ON e."repo"::VARIANT:"name"::STRING = j."repo_name"
  WHERE e."type" = 'PullRequestEvent';
  ```
  
- **`2result.sql`** does not flatten the "language" column, which likely means it treats the entire array or JSON as a string. This can lead to mismatches or incorrect results because the `ILIKE` condition may not properly search within the nested structure.

**Conclusion:**

Therefore, **`0result.sql`** is the correct SQL query because it accurately identifies all repositories that include JavaScript by properly flattening and examining each language.

```plaintext
0result.sql
```