After comparing the SQL queries and their corresponding results, I have determined that **`1result.sql`** is the correct answer.

**Reasoning:**

1. **Filtering Criteria:**
   - **Candidate 1 (`1result.sql`):** Correctly filters sales data for Italian customers in December 2021 by joining the `sales`, `costs`, `customers`, and `countries` tables. It uses the condition `s."time_id" BETWEEN '2021-12-01' AND '2021-12-31'` and `co."country_name" = 'Italy'`.
   - **Candidate 0 (`0result.sql`):** Also filters for Italian customers in December 2021 but uses `s."time_id" LIKE '2021-12-%'`. While effective, using the `BETWEEN` operator as in Candidate 1 is more precise and clearer.
   - **Candidate 2 (`2result.sql`):** Includes additional joins on `s.promo_id = c.promo_id` and `s.channel_id = c.channel_id`, which may exclude relevant sales data where promotions or channels do not match, leading to underreported profits.

2. **Profit Calculation:**
   - **Candidate 1:** Calculates total profit per customer correctly using `SUM(s."amount_sold" - s."quantity_sold" * c."unit_cost")`.
   - **Candidate 0:** Uses the same profit calculation as Candidate 1.
   - **Candidate 2:** The inclusion of extra joins on `promo_id` and `channel_id` may result in missing sales records; thus, the total profits are significantly lower compared to Candidates 0 and 1.

3. **Bucket Assignment:**
   - **Candidate 1:** Assigns customers to buckets using equal profit intervals and handles cases where there are no customers in a bucket by explicitly listing all buckets from 1 to 10.
   - **Candidate 0:** Does not include empty buckets (e.g., missing 'Bucket8'), which can lead to confusion in interpreting the results.
   - **Candidate 2:** Due to lower profit calculations, the bucket ranges and customer distributions are inconsistent with the expected results.

4. **Results Consistency:**
   - **Candidate 1:** The results show a logical distribution of customers across buckets, with profits ranging from negative values to the maximum profit, and all buckets accounted for.
   - **Candidate 0:** Similar to Candidate 1 but lacks some buckets in the output.
   - **Candidate 2:** Results in lower maximum profits and a different customer distribution, likely due to the overly restrictive joins.

**Conclusion:**

Candidate 1's SQL query (`1result.sql`) accurately fulfills the task requirements by:

- Correctly filtering the necessary data.
- Calculating total profits appropriately.
- Assigning customers to buckets using equal profit intervals.
- Providing a comprehensive output that includes all profit buckets.

```plaintext
1result.sql
```