Both SQL queries aim to identify models where the number of instances in which they performed worse than the Stack model exceeds the number of instances in which they performed better, across all problems, versions, and steps.

Let's compare the two SQL queries:

**First SQL (1result.sql):**

```sql
SELECT "model"
FROM (
    SELECT t1."model",
        SUM(CASE WHEN t1."test_score" < t2."test_score" THEN 1 ELSE 0 END) AS "times_worse",
        SUM(CASE WHEN t1."test_score" > t2."test_score" THEN 1 ELSE 0 END) AS "times_better",
        SUM(CASE WHEN t1."test_score" = t2."test_score" THEN 1 ELSE 0 END) AS "times_equal",
        COUNT(*) AS "total_times"
    FROM "model_score" t1
    JOIN "model_score" t2
        ON t1."name" = t2."name"
        AND t1."version" = t2."version"
        AND t1."step" = t2."step"
        AND t2."model" = 'Stack'
    WHERE t1."model" != 'Stack'
    GROUP BY t1."model"
) AS sub
WHERE "times_worse" > "times_better";
```

**Second SQL (2result.sql):**

```sql
SELECT ms1."model"
FROM "model_score" AS ms1
JOIN "model_score" AS ms2
  ON ms1."name" = ms2."name"
  AND ms1."version" = ms2."version"
  AND ms1."step" = ms2."step"
  AND ms2."model" = 'Stack'
WHERE ms1."model" != 'Stack'
GROUP BY ms1."model"
HAVING SUM(CASE WHEN ms1."test_score" < ms2."test_score" THEN 1 ELSE 0 END) >
       SUM(CASE WHEN ms1."test_score" > ms2."test_score" THEN 1 ELSE 0 END);
```

**Comparison and Reasoning:**

- **Functionality:** Both queries compare the performance of each traditional model against the Stack model, counting the number of times each traditional model performed worse, better, or equal to the Stack model.

- **Approach:**
  - The first query uses a subquery to calculate `times_worse`, `times_better`, `times_equal`, and `total_times` for each model, then filters the models where `times_worse` > `times_better`.
  - The second query performs the same calculation directly in the `HAVING` clause without an intermediate subquery, which makes it more concise.

- **Efficiency:** The second query is more straightforward and may be more efficient due to the elimination of the subquery layer.

**Conclusion:**

Both queries correctly identify the models that meet the specified condition. However, the second SQL (`2result.sql`) is more concise and directly expresses the required logic in the `HAVING` clause, making it easier to read and maintain.

**Therefore, the correct SQL is:**

```plaintext
2result.sql
```