After reviewing and comparing the provided SQL queries and their results, the most accurate and appropriate SQL query to answer the question is **2result.sql**. Here's the reasoning:

**Reasoning:**

1. **Filtering Trips in Berkeley:**

   - **0result.sql:** Filters trips where the **station names** contain 'berkeley'. This method is unreliable because:
     - Not all stations in Berkeley may have 'Berkeley' in their name.
     - Stations outside Berkeley might have 'Berkeley' in their name (e.g., 'Berkeley Ave at XYZ').
   - **1result.sql:** Joins the trips with station information using `station_id` and filters trips where the **region_id** matches 'Berkeley'. This is a correct approach.
   - **2result.sql:** Also filters trips by joining with station information and matching the **region_id** for 'Berkeley'. It accurately selects trips starting or ending in Berkeley.

2. **Calculating Trip Distance and Speed:**

   - **0result.sql:** Uses coordinates from the **trips table** to calculate distances. However, the station coordinates in the trips table might not be as reliable as those in the station information table.
   - **1result.sql:** Calculates distances using `t.start_station_geom` and `t.end_station_geom` from the trips table, which may not exist or may not be accurate.
   - **2result.sql:** Uses coordinates from the **station information table** by joining with `station_id`. This ensures accurate distance calculations using reliable station coordinates.

3. **Accuracy in Results:**

   - **0result.sql:** Results in a maximum average speed of **7.7 m/s**.
   - **1result.sql:** Results in a maximum average speed of **8.2 m/s**.
   - **2result.sql:** Results in a maximum average speed of **8.1712 m/s**, which rounds to **8.2 m/s** when rounded to one decimal place.

4. **Conclusion:**

   - **2result.sql** provides a precise filtering mechanism for trips in Berkeley by matching `region_id`.
   - It calculates distances using accurate coordinates from the station information table.
   - It correctly computes the average speed and finds the highest value, which aligns with the question's requirements.

```plaintext
2result.sql
```