After comparing the two SQL queries and their results, I have determined that **`2result.sql`** is the correct SQL query for the task. Here are the reasons:

1. **Common Names Accuracy**: `2result.sql` incorporates the **`TREE_SPECIES`** table to retrieve the species' common names using a LEFT JOIN. This ensures that the common names are standardized and accurate. In contrast, `0result.sql` relies solely on the **`spc_common`** field from the census tables, which may contain inconsistent or less standardized common names.

2. **Status Categorization**:
   - **Alive Trees**:
     - In `2result.sql`, alive trees in 1995 are counted as those with a status **not in** ('Dead', 'Stump', 'Planting Space', 'Shaft'). This includes trees with 'Unknown' status, acknowledging that they are not confirmed dead.
     - In `0result.sql`, alive trees are counted only if their status is in ('Good', 'Fair', 'Excellent', 'Poor', 'Critical'). This excludes 'Unknown' status trees, potentially undercounting the alive trees.
   - By including trees with 'Unknown' status as alive, `2result.sql` provides a more comprehensive count of potentially alive trees, which aligns better with the task's requirement to show the counts of alive trees.

3. **Data Cleaning and Consistency**:
   - `2result.sql` applies `TRIM` and `UPPER` functions on **`spc_latin`** to ensure consistency in species identification when joining datasets. This minimizes discrepancies due to extra spaces or case differences.
   - `0result.sql` only applies `UPPER` without trimming, which might not account for leading/trailing spaces, potentially causing mismatches between datasets.

4. **Handling of Missing Data**:
   - Both queries use `COALESCE` and `FULL OUTER JOIN` to handle species present in only one of the two datasets. However, `2result.sql` explicitly filters out empty Latin names after the `COALESCE`, ensuring that only valid species are included in the final output.
   - `0result.sql` also filters out empty Latin names but does not include the detailed data cleaning steps present in `2result.sql`.

5. **Ordering and Limiting Results**:
   - Both queries order the results by the growth in total tree counts and limit the output to the top 10 species, as required by the task.

6. **Results Alignment with Task Requirements**:
   - The results from `2result.csv` provide the top 10 species with uppercase Latin names, accurate common names from the species table, and comprehensive counts of total, alive, and dead trees, along with the growth figures between 1995 and 2015.
   - The data aligns closely with the task's requirements, making `2result.sql` the preferred query.

**In summary**, `2result.sql` better fulfills the task's requirements by providing accurate common names, comprehensive alive tree counts, consistent data handling, and precise species identification.

```plaintext
2result.sql
```