```plain
1result.sql
```

**Reasoning:**

Both SQL queries aim to determine the channel with the fourth highest number of sessions in December 2020 by classifying sessions based on the `TRAFFIC_SOURCE` data. However, `1result.sql` is more accurate and aligns better with the specified channel grouping conditions provided.

**Comparison:**

- **Channel Classification Conditions:**

  - **`1result.sql`** meticulously applies the channel grouping rules:
    - **Organic Search**: When `medium` is 'organic' **and** `source` is one of the specified search engines.
    - **Paid Search**: When `medium` is 'cpc', 'ppc', or 'paidsearch' **and** `source` is one of the specified search engines.
    - **Referral**: When `medium` is 'referral'.
    - **Direct**: When `medium` is '(none)' or '(not set)' **and** `source` is '(direct)'.
    - **Unassigned**: All other cases, including `NULL` values.

  - **`2result.sql`** simplifies these conditions and might misclassify channels:
    - **Organic Search**: When `source` is one of the specified search engines **or** `medium` is 'organic' (using `OR` instead of `AND`).
    - **Paid Search**: Not explicitly handled, potentially classifying paid search sessions incorrectly.
    - **Referral** and **Direct**: Similar to `1result.sql`.
    - **Unassigned**: All other cases.

- **Handling of `NULL` Values:**
  - **`1result.sql`** explicitly checks for `NULL` values in `medium` and `source`, assigning such sessions to 'Unassigned'.
  - **`2result.sql`** does not explicitly handle `NULL` values, which might lead to incorrect classifications or errors.

- **Inclusion of Paid Search:**
  - **`1result.sql`** includes conditions to classify 'Paid Search' sessions correctly.
  - **`2result.sql`** omits 'Paid Search' conditions, potentially misclassifying these sessions.

- **Selection of the Fourth Highest Channel:**
  - Both queries correctly identify 'Referral' as the fourth highest channel by using appropriate ordering and offset or ranking methods.

**Conclusion:**

`1result.sql` is the correct choice because it adheres closely to the provided channel grouping rules, ensuring accurate classification of sessions into channels. It considers all specified conditions, including 'Paid Search', and carefully handles `NULL` values and other edge cases. This meticulous approach results in a more reliable and precise analysis of the website traffic for December 2020.