After comparing the three SQL queries and their results, I have determined that **`2result.sql`** is the most accurate and appropriate SQL query for the given task. Here's the reasoning:

1. **Case Insensitive Matching with `ILIKE`:**
   - In `2result.sql`, the `ILIKE` operator is used instead of `LIKE` in the WHERE clause:
     ```sql
     WHERE f."path" ILIKE '%.py' AND c."size" < 15000 AND c."content" ILIKE '%def %'
     ```
   - Using `ILIKE` ensures that the search for the `.py` extension and the substring `"def "` in the content is case-insensitive.
   - This means it will match files with extensions like `.PY`, `.Py`, or content containing `"Def "`, `"DEF "`, etc.
   - This aligns better with the task's requirement, as it ensures that all relevant Python files and function definitions are considered, regardless of case variations.

2. **Consistency and Clarity:**
   - The use of `AS` for aliasing tables in `2result.sql` enhances readability:
     ```sql
     FROM GITHUB_REPOS.GITHUB_REPOS.SAMPLE_FILES AS f
     JOIN GITHUB_REPOS.GITHUB_REPOS.SAMPLE_CONTENTS AS c
     ```
   - This makes the query clearer and more maintainable.

3. **Accurate Results:**
   - All three queries produce the same result set:
     ```
     repo_name,watch_count
     google/rekall,129
     dieseldev/diesel,26
     MAECProject/python-maec,2
     ```
   - However, `2result.sql` ensures that if there were any repositories that only differed in case (e.g., `DEF`, `Def`), they would be included, potentially affecting the final results.

**Conclusion:**

Based on the above points, **`2result.sql`** is the correct SQL query as it provides a more comprehensive and accurate search, fulfilling all the requirements of the task.

---

**Selected SQL file:**

```plaintext
2result.sql
```