After comparing both SQL queries, I conclude that **`2result.sql`** is the correct one for the following reasons:

1. **Parsing the Payload Safely:**
   - **`2result.sql`** uses `TRY_PARSE_JSON(t."payload")`, which safely handles cases where the payload might not be valid JSON. If parsing fails, it returns `NULL` instead of throwing an error.
   - **`1result.sql`** uses `PARSE_JSON(e."payload")`, which can raise errors if the payload contains invalid JSON. Using `TRY_PARSE_JSON` is safer and prevents potential query failures due to parsing issues.

2. **Correct Extraction of Language Name:**
   - In **`2result.sql`**, the code `f.value:"name"::STRING ILIKE '%JavaScript%'` correctly extracts the `"name"` field from the JSON object representing the language, ensuring that we are matching the actual language name.
   - In **`1result.sql`**, the condition `f.value::STRING ILIKE '%JavaScript%'` attempts to match the entire JSON object as a string, which may not reliably find the language name within the JSON structure.

3. **Accurate Date Filtering:**
   - **`2result.sql`** uses the `t."created_at"` timestamp directly with accurate microsecond precision in the `BETWEEN` clause, ensuring that all events on January 18, 2023, are included.
   - **`1result.sql`** divides `e."created_at"` by `1000000` to convert microseconds to seconds and then applies `TO_TIMESTAMP` and `TO_DATE`, which could introduce rounding errors or timezone inconsistencies.

4. **Use of `CROSS JOIN` with `LATERAL FLATTEN`:**
   - **`2result.sql`** uses `CROSS JOIN LATERAL FLATTEN(input => l."language") f`, which is syntactically clearer and ensures that the flattening is applied correctly to each row.
   - **`1result.sql`** separates `LATERAL FLATTEN` with a comma, which is also valid but less explicit than using `CROSS JOIN`.

5. **Counting Unique Pull Requests:**
   - **`2result.sql`** uses `COUNT(DISTINCT t."id")` to ensure that each pull request is counted only once, even if multiple language entries exist for the same repository.
   - **`1result.sql`** counts all matching rows, which could potentially double-count pull requests if the repository has multiple languages matching the condition.

By considering the above points, **`2result.sql`** provides a more accurate and reliable query to answer the task.

```plaintext
2result.sql
```