After reviewing both SQL queries and their results, I have determined which one is more appropriate for calculating the average trip duration based on the given criteria.

**Comparison of the SQL Queries:**

1. **0result.sql**

   ```sql
   SELECT 
       AVG(
           DATEDIFF('second', 
               TO_TIMESTAMP_NTZ(t."pickup_datetime" / 1e6), 
               TO_TIMESTAMP_NTZ(t."dropoff_datetime" / 1e6)
           ) / 60.0
       ) AS "average_trip_duration_minutes"
   FROM 
       NEW_YORK_PLUS.NEW_YORK_TAXI_TRIPS.TLC_YELLOW_TRIPS_2016 t
   JOIN 
       NEW_YORK_PLUS.NEW_YORK_TAXI_TRIPS.TAXI_ZONE_GEOM p
       ON t."pickup_location_id" = p."zone_id"
   JOIN 
       NEW_YORK_PLUS.NEW_YORK_TAXI_TRIPS.TAXI_ZONE_GEOM d
       ON t."dropoff_location_id" = d."zone_id"
   WHERE 
       TO_TIMESTAMP_NTZ(t."pickup_datetime" / 1e6) BETWEEN '2016-02-01 00:00:00' AND '2016-02-07 23:59:59' AND
       DATEDIFF('second', 
           TO_TIMESTAMP_NTZ(t."pickup_datetime" / 1e6), 
           TO_TIMESTAMP_NTZ(t."dropoff_datetime" / 1e6)
       ) > 0 AND
       t."passenger_count" > 3 AND
       t."trip_distance" >= 10 AND
       p."borough" = 'Brooklyn' AND
       d."borough" = 'Brooklyn';
   ```

2. **1result.sql**

   ```sql
   SELECT
     AVG((t."dropoff_datetime" - t."pickup_datetime") / (60 * 1e6)) AS "average_trip_duration_minutes"
   FROM
     "NEW_YORK_PLUS"."NEW_YORK_TAXI_TRIPS"."TLC_YELLOW_TRIPS_2016" t
   JOIN
     "NEW_YORK_PLUS"."NEW_YORK_TAXI_TRIPS"."TAXI_ZONE_GEOM" pz
     ON t."pickup_location_id" = pz."zone_id"
   JOIN
     "NEW_YORK_PLUS"."NEW_YORK_TAXI_TRIPS"."TAXI_ZONE_GEOM" dz
     ON t."dropoff_location_id" = dz."zone_id"
   WHERE
     TO_TIMESTAMP(t."pickup_datetime" / 1e6) >= '2016-02-01'
     AND TO_TIMESTAMP(t."pickup_datetime" / 1e6) < '2016-02-08'
     AND (t."dropoff_datetime" - t."pickup_datetime") > 0
     AND t."passenger_count" > 3
     AND t."trip_distance" >= 10
     AND pz."borough" = 'Brooklyn'
     AND dz."borough" = 'Brooklyn';
   ```

**Reasons for Selecting 0result.sql:**

- **Accurate Time Difference Calculation:** The `0result.sql` query uses the `DATEDIFF` function to calculate the difference in seconds between the pickup and dropoff times. This method is reliable and accounts for any potential anomalies in datetime calculations, such as time zone differences or daylight saving adjustments.

- **Explicit Time Conversion:** It uses `TO_TIMESTAMP_NTZ` to convert the epoch time (in microseconds) to a timestamp without time zone considerations (`NTZ` stands for No Time Zone). This ensures that the time calculations are consistent and not affected by any session time zone settings.

- **Inclusive Date Range:** The query uses `BETWEEN '2016-02-01 00:00:00' AND '2016-02-07 23:59:59'` to include all trips from February 1 to February 7, 2016, inclusive.

- **Consistent Table Aliases:** The query maintains clear and consistent aliases (`t`, `p`, `d`) for readability.

- **Correct Parentheses and Division:** The calculation for average duration divides by `60.0` to convert seconds to minutes correctly.

**Conclusion:**

Based on the above reasons, **`0result.sql`** is the correct SQL query. It provides a precise calculation of the trip duration and appropriately filters the data according to the specified conditions.

```plaintext
0result.sql
```