After comparing the two SQL queries and their results, **`0result.sql`** is the correct query for addressing the task. Here are the reasons:

1. **Condition Filtering:**
   - **`0result.sql`** filters conditions using `c.code.coding.display`, which accurately captures condition names like "diabetes" or "hypertension" within the coding array of the FHIR data structure. This ensures that only patients with these specific conditions are selected.
   - **`2result.sql`** uses `c.code.text` to filter conditions. However, `code.text` may not consistently contain the condition names, leading to less reliable filtering and potential inclusion of irrelevant conditions.

2. **Medication Status:**
   - **`0result.sql`** includes `m.status = 'active'` to ensure that only patients with currently active medication prescriptions are considered. This aligns with the task's requirement to find patients who are *currently* prescribed seven or more medications.
   - **`2result.sql`** does not filter on the medication request status, possibly including inactive or discontinued medications, which does not meet the task criteria.

3. **Accurate Medication Counting:**
   - **`0result.sql`** uses `HAVING COUNT(DISTINCT m.id) >= 7`, accurately counting unique active medications prescribed to each patient.
   - **`2result.sql`** counts medications without considering their status or uniqueness, which may inflate the medication count and include patients who do not meet the criteria.

4. **Alive Patients:**
   - Both queries filter for alive patients. **`0result.sql`** uses `p.deceased.boolean IS NOT TRUE` to include patients where `deceased.boolean` is `FALSE` or `NULL`.
   - **`2result.sql`** uses a similar condition but may not handle `NULL` values consistently.

5. **Resulting Patient Counts:**
   - **`0result.sql`** returns a patient count of **34,445**, which is a reasonable number given the specific criteria.
   - **`2result.sql`** returns a count of **247,860**, which is significantly higher and suggests that the query may not be applying the filters correctly, potentially including patients who do not meet all the conditions.

**Conclusion:**

Based on the accurate filtering of conditions, medications, and patient status, **`0result.sql`** is the correct SQL query that effectively identifies the number of alive patients currently managing chronic conditions such as diabetes or hypertension and are prescribed seven or more medications.

```plaintext
0result.sql
```