After comparing the SQL queries and their results, I have determined that **`2result.sql`** is the correct answer. Here's the reasoning:

1. **Query Objective Alignment**: All three SQL queries aim to identify the two consecutive cities with the greatest distance between them when sorted by the specified columns: `geolocation_state`, `geolocation_city`, `geolocation_zip_code_prefix`, `geolocation_lat`, and `geolocation_lng`.

2. **Methodology**:
   - **`0result.sql` and `1result.sql`**: These queries use the `LAG` window function to access the previous row's data and calculate the distance between consecutive rows. While effective, the calculations are repeated multiple times in the `CASE` statements and the overall structure is slightly more complex.
   - **`2result.sql`**: This query assigns a row number to each record using `ROW_NUMBER()` and then performs a self-join where each current row is matched with its immediate predecessor (`rn = prev.rn + 1`). This method is efficient and straightforward.

3. **Efficiency and Performance**:
   - Using `ROW_NUMBER()` and a self-join in **`2result.sql`** can be more efficient, especially with large datasets, because it avoids the overhead of multiple `LAG` function calls and provides a clear path for joining consecutive rows.

4. **Clarity and Readability**:
   - **`2result.sql`** is well-organized with appropriately named Common Table Expressions (CTEs) such as `ordered_geolocations`, `geolocations_with_prev`, and `distances`. This structure enhances readability and maintainability of the code.

5. **Consistency of Results**:
   - All three queries yield the same result:
     ```
     geolocation_state,geolocation_city_previous,geolocation_city_current,distance_km
     RS,santa cruz do sul,santa lucia do piai,18208.185
     ```
     This confirms that the logic in each query is sound. However, due to the reasons above, **`2result.sql`** stands out as the superior option.

**Conclusion**:

Based on the considerations of efficiency, clarity, and maintainability, **`2result.sql`** is the most appropriate SQL query to answer the task.

```plaintext
2result.sql
```