After reviewing the three SQL queries and their results, I have determined that **`0result.sql`** is the correct SQL query that best addresses the task requirements.

**Reasoning:**

1. **Alignment with the Task Requirements:**

   - **Top 20 Citi Bike Routes in 2016:** The query selects the top 20 Citi Bike routes based on the trip count for the year 2016.
   - **Coordinates Rounded to Three Decimals:** It rounds the start and end station coordinates to three decimals as specified.
   - **Calculating Average Durations:** The query calculates the average trip duration for both Citi Bike and taxi trips between these rounded coordinates.
   - **Comparing Bike and Taxi Durations:** It filters for routes where the average Citi Bike trip duration is less than the average taxi trip duration.
   - **Selecting the Route with the Longest Average Bike Duration:** Among the filtered routes, it orders the results by the average bike duration in descending order and selects the route with the longest average bike duration.

2. **Correct Use of Timestamps and Data Filtering:**

   - **Year Filtering:** It correctly extracts the year from the timestamps using `EXTRACT(year FROM TO_TIMESTAMP("starttime" / 1000000)) = 2016` for bike trips and similarly for taxi trips.
   - **Handling Null and Zero Coordinates:** The query ensures that only trips with valid (non-null and non-zero) coordinates are considered.
   - **Positive Trip Durations:** It includes a condition to consider only taxi trips with positive durations (`("dropoff_datetime" - "pickup_datetime") > 0`), which is essential for accurate average duration calculations.

3. **SQL Efficiency and Clarity:**

   - **Simplicity:** The query is straightforward and efficiently structured, making it easier to read and understand.
   - **Direct Approach:** It directly joins the bike and taxi data on the rounded coordinates without unnecessary complexity or additional steps.
   - **Performance:** By limiting the data to the top 20 routes and properly indexing the join conditions, this query is more likely to perform better on large datasets.

4. **Consistent and Accurate Results:**

   - **Result Match:** The query returns the start station name "12 Ave & W 40 St," which correctly answers the task.
   - **Validation with Other Queries:** While all three queries produce the same result, `0result.sql` does so with a more precise and targeted approach.

**Conclusion:**

`0result.sql` best satisfies all the task requirements with a clear and efficient SQL script. It correctly identifies the route where Citi Bike trips are faster than taxi trips and, among those, selects the route with the longest average bike duration.

**Output:**

```plain
0result.sql
```