After comparing both SQL queries and their results, I recommend using the second SQL query:

```plain
2result.sql
```

**Reasoning:**

- **Query Comparison:**
  - **First SQL Query (`1result.sql`):**
    ```sql
    SELECT "zip_code"
    FROM FDA.FDIC_BANKS.LOCATIONS
    WHERE "state_name" = 'Florida'
    GROUP BY "zip_code"
    ORDER BY COUNT(DISTINCT "fdic_certificate_number") DESC NULLS LAST
    LIMIT 1;
    ```
    - Filters records where `"state_name" = 'Florida'`.
    - Uses the `"state_name"` column, which contains the full state name.

  - **Second SQL Query (`2result.sql`):**
    ```sql
    SELECT "zip_code"
    FROM "FDA"."FDIC_BANKS"."LOCATIONS"
    WHERE "state" = 'FL'
    GROUP BY "zip_code"
    ORDER BY COUNT(DISTINCT "fdic_certificate_number") DESC NULLS LAST
    LIMIT 1;
    ```
    - Filters records where `"state" = 'FL'`.
    - Uses the `"state"` column, which contains the standardized two-letter state code.

- **Reasons for Choosing the Second SQL Query (`2result.sql`):**

  1. **Data Consistency:**
     - The `"state"` column uses the standardized two-letter state codes (e.g., 'FL' for Florida), which are less prone to variations or typos compared to full state names.
     - State codes are typically standardized across datasets, ensuring consistent filtering.

  2. **Reduced Risk of Data Entry Errors:**
     - Using `"state_name"` could be subject to inconsistencies due to capitalization differences ('Florida' vs. 'florida'), leading or trailing spaces, or abbreviations.
     - By using the standardized state code, we mitigate the risk of missing records due to such discrepancies.

  3. **SQL Syntax and Clarity:**
     - The second query uses fully qualified table names with quotation marks, which is a good practice when dealing with database schemas that may include special characters or mixed case sensitivity.
     - This ensures that the SQL parser correctly identifies the schema, table, and column names.

- **Result Verification:**
  - Both queries return the same result (`zip_code` 33134), indicating that either query works in this case.
  - However, for reliability and future-proofing, it's better to use the standardized state code.

**Conclusion:**

For accurate and consistent results when filtering data by state, it's advisable to use the standardized state codes provided in the `"state"` column. Therefore, the second SQL query (`2result.sql`) is the correct choice.