After reviewing and comparing the three SQL queries provided, I have determined that **`0result.sql`** is the correct choice for the following reasons:

1. **Alignment with Task Requirements:**

   - **Task Summary:** Identify the start station name of the route among the top 20 Citi Bike routes in 2016 where biking is faster than taking a taxi, and among these, find the one with the longest average bike duration.
   - **`0result.sql` Implementation:**
     - Filters Citi Bike trips to the year 2016 using the `YEAR(TO_TIMESTAMP_LTZ("starttime" / 1e6)) = 2016` condition.
     - Rounds the coordinates to three decimals to match routes between Citi Bike and taxi data.
     - Calculates the average bike duration and counts the trips for each route.
     - Identifies the top 20 bike routes based on trip count.
     - Compares the average durations of bike and taxi trips for the same routes.
     - Selects the route where the average bike duration is less than the average taxi duration and has the longest average bike duration among the top routes.

2. **Comprehensive Use of Common Table Expressions (CTEs):**

   - **CTEs in `0result.sql`:**
     - `citibike_2016`: Filters and prepares Citi Bike data for 2016.
     - `bike_routes`: Calculates trip counts and average durations for bike routes.
     - `top_bike_routes`: Extracts the top 20 bike routes based on trip counts.
     - `taxi_2016`: Filters and prepares taxi trip data for 2016.
     - `taxi_routes`: Calculates average durations for taxi routes.
     - `joined_routes`: Joins the top bike routes with taxi routes to compare durations.
   - **Advantage:** This structured approach ensures each step of the analysis is clear and logically separated, making the query easier to understand and maintain.

3. **Accurate Calculation of Durations and Correct Comparison:**

   - **Duration Calculation:**
     - Bike durations are directly taken from the `"tripduration"` column.
     - Taxi durations are calculated by subtracting `"pickup_datetime"` from `"dropoff_datetime"` and converting the result to seconds.
   - **Comparison Logic:**
     - The query correctly compares the average bike duration with the average taxi duration for the same routes.
     - It filters for routes where biking is faster than taking a taxi.

4. **Correct Final Selection and Output:**

   - **Ordering and Limiting:**
     - Orders the routes where biking is faster than taxis by the longest average bike duration (`ORDER BY "avg_bike_duration" DESC NULLS LAST`).
     - Limits the result to the top route (`LIMIT 1`).
   - **Result:**
     - The start station name returned is **`12 Ave & W 40 St`**, which aligns with the expected outcome.

5. **Consistency with Data and Expected Outcome:**

   - All three SQL queries yield the same result, but `0result.sql` does so with a clear and logically organized approach that strictly follows the task requirements.

Therefore, based on the comprehensive and accurate implementation of the task requirements, **`0result.sql`** is the correct SQL script.

```plain
0result.sql
```