After evaluating the three SQL queries, the correct SQL script is **`2result.sql`**.

**Reasoning:**

- **Logic and Accuracy:**
  - All three queries aim to calculate the total distance traveled by each hurricane in the North Atlantic basin during the 2020 season and identify the hurricane that traveled the second longest distance. They then retrieve the latitude of the hurricane's final position.
  - **`2result.sql`** accurately implements this logic. It calculates segment distances between consecutive hurricane positions using `ST_POINT` functions combined with `LAG` window functions. This method ensures precise distance calculations between geographic coordinates.

- **Use of Standard Functions:**
  - **`2result.sql`** uses standard SQL spatial functions like `ST_POINT` and `ST_DISTANCE`, which are widely supported and provide reliable results.
  - It avoids potential compatibility issues that might arise from using functions like `ST_MAKEPOINT` (as in `0result.sql`) or string concatenation with `TO_GEOGRAPHY` (as in `1result.sql`), which may not be consistent across different SQL environments.

- **Efficiency and Clarity:**
  - The query in **`2result.sql`** is concise and clear, making it easier to understand and maintain.
  - It ensures that latitude values are rounded to four decimal places only in the final output, adhering to the requirement without affecting intermediate calculations.

- **Handling of NULL Values:**
  - By ordering with `NULLS LAST`, **`2result.sql`** carefully handles any potential `NULL` values in distance calculations, ensuring accurate ranking.

**Potential Issues with Other Queries:**

- **`0result.sql`:**
  - Uses `ST_MAKEPOINT`, which might not be universally supported or could behave differently in some SQL implementations.
  - Applies rounding to latitude earlier in the process, which could introduce minor inaccuracies in distance calculations.

- **`1result.sql`:**
  - Utilizes string concatenation with `TO_GEOGRAPHY` to create points, which can be error-prone and depends heavily on the SQL dialect.
  - May have compatibility issues and less efficient performance due to the conversion of coordinates to string representations.

**Conclusion:**

The **`2result.sql`** script provides a robust, efficient, and accurate solution to determine the latitude of the final coordinates for the hurricane that traveled the second longest distance in the North Atlantic during 2020.

```plain
2result.sql
```