After comparing the three SQL queries and their results, the correct SQL query to use is found in **`0result.sql`**.

**Reason:**

- All three SQL queries aim to find the display name of the user who has answered the most questions on Stack Overflow, considering only users with a reputation greater than 10.
- They all perform a join between the `users` table and the `posts_answers` table on the condition that `users.id = posts_answers.owner_user_id`.
- They filter for users with `reputation > 10`, group the results by `u.id` and `u.display_name`, and order the results in descending order based on the count of answers.
- The query in `0result.sql` is:

  ```sql
  SELECT u.`display_name`
  FROM `bigquery-public-data.stackoverflow.users` AS u
  JOIN `bigquery-public-data.stackoverflow.posts_answers` AS a
    ON u.`id` = a.`owner_user_id`
  WHERE u.`reputation` > 10
  GROUP BY u.`id`, u.`display_name`
  ORDER BY COUNT(a.`id`) DESC
  LIMIT 1;
  ```

- This query explicitly counts the number of answers per user using `COUNT(a.id)`, which clearly indicates that we're counting the number of answers associated with each user.
- The result from this query (`0result.csv`) correctly identifies **Gordon Linoff** as the user who has answered the most questions, which aligns with the expected outcome.

Therefore, the correct SQL query is in:

```plaintext
0result.sql
```