After analyzing the SQL queries and their results, the correct SQL query that accurately fulfills the task is:

```plaintext
2result.sql
```

**Reasoning:**

1. **Starting Inventory Calculation:**

   - **`2result.sql`** computes the starting inventory as the **difference between total purchases up to December 31, 2018, and total sales up to December 1, 2018**. This aligns with the need to establish starting inventory levels accurately as of the end of 2018.
     - For product **6520**:
       - Total Purchases up to 2018-12-31: **1,400**
       - Total Sales up to 2018-12-01: **1,230**
       - Starting Inventory: **1,400 - 1,230 = 170**
     - For product **6600**:
       - Total Purchases up to 2018-12-31: **400**
       - Total Sales up to 2018-12-01: **324**
       - Starting Inventory: **400 - 324 = 76**

   - In contrast, **`0result.sql`** and **`1result.sql`** derive the starting inventory directly from the `inventory` table, which may not accurately reflect the true inventory levels considering historical purchases and sales.

2. **Monthly Sales Data in 2019:**

   - Since the `monthly_sales` data does not contain entries for 2019, **`2result.sql`** appropriately treats sales quantities for 2019 as **zero**. This is logical given the absence of sales data for 2019.
   - **`0result.sql`** and **`1result.sql`** also proceed without sales data for 2019, but their starting inventories are not accurately computed, leading to less precise results.

3. **Inventory Adjustment Logic:**

   - **`2result.sql`** properly implements the recursive inventory adjustment model:
     - It calculates the beginning inventory for each month.
     - Subtracts the sales quantity (which is zero in 2019).
     - Checks if the ending inventory before restocking is below the minimum required level and adds the restocking quantity if necessary.
     - Calculates the ending inventory after restocking.
     - Computes the absolute difference between the ending inventory after restocking and the minimum required level.

   - **`0result.sql`** and **`1result.sql`** may not accurately carry over the ending inventory from one month to the next due to their initial starting inventory and handling of inventory adjustments.

4. **Results Consistency:**

   - The outputs from **`2result.sql`** make logical sense given the starting inventories and restocking policies:
     - For product **6520**:
       - Starting Inventory: **170**
       - Minimum Required Level: **100**
       - Difference: **170 - 100 = 70**
       - Since there's no sales in 2019, the inventory remains the same, and the absolute difference is **70**.
     - For product **6600**:
       - Starting Inventory: **76**
       - Minimum Required Level: **30**
       - Difference: **76 - 30 = 46**
       - Similarly, the absolute difference is **46**.

   - The results from **`0result.sql`** and **`1result.sql`** show larger absolute differences (e.g., **300** for product **6520**), which doesn't align with the computed starting inventories and restocking policies.

5. **Alignment with Task Requirements:**

   - **`2result.sql`** directly addresses the task by:
     - Using a recursive monthly inventory adjustment model.
     - Starting from accurate December 2018 inventory levels.
     - Restocking products when ending inventory drops below the minimum required level.
     - Determining the month in 2019 where the absolute difference between the ending inventory and the minimum required level is the smallest.
     - Returning the **product_id**, the **month**, and the **absolute difference**.

**Conclusion:**

The SQL query in **`2result.sql`** is the correct one as it accurately models the inventory adjustments and calculates the smallest absolute difference in alignment with the task requirements.