After carefully comparing both SQL queries and their results, I have determined that `2result.sql` is the correct answer.

**Reasoning:**

1. **Accurate Calculation of Average Revenue per Actor:**
   - Both queries aim to calculate the average revenue per actor for each film by dividing the total film revenue by the number of actors in that film.
   - In `2result.sql`, the calculation is performed without premature rounding, ensuring higher precision in the average revenue per actor.
   - `2result.sql` computes the average revenue per actor in the `film_avg_revenue_per_actor` CTE and retains the exact value until the final rounding in the `actor_top_films` CTE.

2. **Proper Use of Window Functions to Select Top 3 Films:**
   - Both queries use `ROW_NUMBER()` with `PARTITION BY` to rank films per actor.
   - `2result.sql` correctly orders the films by `avg_revenue_per_actor` in descending order within each actor's partition, ensuring that the top three revenue-generating films are selected for each actor.

3. **Clear and Organized Query Structure:**
   - `2result.sql` utilizes Common Table Expressions (CTEs) effectively to break down the problem into manageable parts:
     - `film_revenue`: Calculates total revenue per film.
     - `film_actor_count`: Counts the number of actors per film.
     - `film_avg_revenue_per_actor`: Calculates the average revenue per actor for each film.
     - `actor_films`: Associates actors with their films.
     - `actor_top_films`: Determines the top three films per actor based on average revenue.
   - This structure improves readability and maintainability of the query.

4. **Precision and Presentation:**
   - `2result.sql` uses `ROUND()` only at the final step when it's necessary for presentation, preventing loss of precision during intermediate calculations.
   - The final output provides the average revenue per actor with four decimal places, as specified by `ROUND(frpa."avg_revenue_per_actor", 4)`.

5. **Consistent and Accurate Results:**
   - Comparing the outputs, `2result.sql` provides consistent and accurate average revenues per actor that align with the total revenues and actor counts.

In conclusion, `2result.sql` correctly implements the requirements by providing a list of the top three revenue-generating films for each actor, along with the precise average revenue per actor in those films.

Therefore, the correct SQL is:

```plaintext
2result.sql
```