After reviewing the three SQL queries and their corresponding results, I have determined that **`1result.sql`** is the correct answer.

**Reasoning:**

1. **Correctness of the Results:**
   - All three queries produce the same final results, providing the number of orders, total sales amount, and the name and sales amount of the top-selling sales representative in each region.
   - The output in `1result.csv` matches the required report format and contains accurate data.

2. **Query Structure and Readability:**
   - **`1result.sql`** utilizes Common Table Expressions (CTEs) to break down the problem into manageable parts:
     - `sales_rep_sales`: Calculates total sales per sales representative per region.
     - `region_totals`: Computes the total number of orders and total sales amount per region.
     - `sales_rep_ranked`: Ranks sales representatives within each region based on their total sales.
   - This approach enhances readability and maintainability by logically separating the computations.

3. **Handling of Ties:**
   - The query uses the `RANK()` window function, which assigns the same rank to sales representatives with equal sales totals within a region.
   - This ensures that if there are ties for the top sales amount in a region, all top-performing sales representatives are included.
   - In contrast, `0result.sql` uses `ROW_NUMBER()`, which does not handle ties in the same way and may arbitrarily select one representative over another in the case of equal sales totals.

4. **Clarity in Joining Results:**
   - The final `SELECT` statement in **`1result.sql`** neatly joins the regional totals with the top sales representatives based on the region name, ensuring accurate alignment of data.

**Conclusion:**

Given its correctness, clear structure, proper handling of potential ties, and readability, **`1result.sql`** is the most appropriate and reliable query to generate the required web sales report.

---

**Answer:**

```plaintext
1result.sql
```