After comparing both SQL queries and their resulting outputs, I have determined that **`1result.sql`** is the correct answer.

**Comparison and Reasoning:**

1. **CPC Code Filtering:**
   - **`1result.sql`** filters CPC codes using `c.value:"code"::STRING LIKE 'A61%'`, which captures all CPC codes that start with 'A61', ensuring all relevant patents in the 'A61' category are included.
   - **`2result.sql`** uses `SUBSTRING(cpc_f.value:"code"::STRING, 1, 3) = 'A61'`, which only matches CPC codes where 'A61' occupies the first three characters. This might exclude some relevant codes if they contain prefixes or are structured differently.

2. **Date Handling and Filing Year Extraction:**
   - **`1result.sql`** accurately parses the `filing_date` using:
     ```sql
     TO_VARCHAR(TRY_TO_DATE(t."filing_date"::VARCHAR, 'YYYYMMDD'), 'YYYY') AS "FILING_YEAR"
     ```
     This ensures that dates are correctly converted from their stored format and the year is accurately extracted.
   - **`2result.sql`** extracts the filing year using:
     ```sql
     SUBSTRING(TO_CHAR(t."filing_date"), 1, 4) AS "filing_year"
     ```
     This method may not handle non-string date formats properly and could lead to incorrect year extraction if `filing_date` is not in the expected format.

3. **Consistency in Data Filtering:**
   - **`1result.sql`** consistently filters patents based on the top assignee and their busiest year using well-defined subqueries and CTEs.
   - **`2result.sql`** introduces potential inaccuracies by not thoroughly handling null or invalid date values and by possibly excluding relevant CPC codes due to its substring method.

4. **Resulting Jurisdictions:**
   - **`1result.csv`** lists the jurisdictions as `"CA,US,AT,ZA,PE"`. These codes correspond to actual countries where patents are commonly filed: Canada (CA), United States (US), Austria (AT), South Africa (ZA), and Peru (PE).
   - **`2result.csv`** lists the jurisdictions as `"CA,US,ZA,PE,AU"`. While Australia (AU) is a valid jurisdiction, the inclusion of AU over AT suggests a discrepancy that might be due to the differences in CPC code filtering or date handling.

**Conclusion:**

Based on the more accurate CPC code filtering and date handling in **`1result.sql`**, it provides a more reliable answer to the task. The query ensures comprehensive inclusion of relevant patents and precise extraction of the filing year, leading to a correct identification of the top five jurisdictions.

```plaintext
1result.sql
```