Upon comparing the three SQL queries and their results, I conclude that **`0result.sql`** is the correct SQL query that fulfills the given task. Here are the reasons:

1. **Case-Insensitive Exclusion of Boroughs**: The query uses `LOWER(z.borough)` to exclude trips from 'EWR' and 'Staten Island':

   ```sql
   AND LOWER(z.borough) NOT IN ('staten island', 'ewr')
   ```

   This ensures that the exclusion is case-insensitive and robust against any variations in the borough names.

2. **Proper Tip Rate Calculation with Error Handling**: The query calculates the tip rate using `SAFE_DIVIDE`, which safely handles cases where the denominator might be zero:

   ```sql
   SAFE_DIVIDE(tip_amount, (total_amount - tip_amount)) * 100 AS tip_rate
   ```

3. **Ensuring Valid Denominator for Tip Rate**: It explicitly filters out trips where the denominator `(t.total_amount - t.tip_amount)` could be zero or negative, preventing division errors:

   ```sql
   AND (t.total_amount - t.tip_amount) > 0
   ```

4. **Comprehensive Filtering According to Requirements**: The query includes all the necessary conditions specified in the task:

   - Filters trips between January 1-7, 2016.
   - Ensures the dropoff occurs after the pickup.
   - Checks that `passenger_count` > 0.
   - Ensures non-negative values for `trip_distance`, `fare_amount`, `tip_amount`, `tolls_amount`, `mta_tax`, and `total_amount`.

5. **Handling NULL Tip Categories**: By using `ELSE NULL` in the `CASE` statement, the query excludes any undefined tip categories from the results:

   ```sql
   ELSE NULL
   ```

Considering these points, **`0result.sql`** accurately implements the requirements and provides the correct output.

```plaintext
0result.sql
```