After reviewing both SQL queries and their results, we can determine which query correctly addresses the task based on how each one implements the specified conditions.

**Task Recap:**
Find the number of patients who:
- Are **alive** (no recorded `deceased.dateTime`).
- Have a diagnosis of either **Diabetes** or **Hypertension**.
- Are prescribed **at least seven distinct active medications**.

---

### **Comparison of the SQL Queries:**

#### **0result.sql**

```sql
SELECT COUNT(DISTINCT alive_patients.patient_id) AS Number_of_Patients
FROM
(
  -- Alive patients
  SELECT id AS patient_id
  FROM `bigquery-public-data.fhir_synthea.patient`
  WHERE deceased.dateTime IS NULL
) AS alive_patients
JOIN
(
  -- Patients with Diabetes or Hypertension
  SELECT DISTINCT subject.patientId AS patient_id
  FROM `bigquery-public-data.fhir_synthea.condition` AS c,
  UNNEST(c.code.coding) AS coding
  WHERE LOWER(coding.display) LIKE '%diabetes%' OR LOWER(coding.display) LIKE '%hypertension%'
) AS condition_patients
ON alive_patients.patient_id = condition_patients.patient_id
JOIN
(
  -- Patients with at least seven distinct active medications
  SELECT subject.patientId AS patient_id
  FROM `bigquery-public-data.fhir_synthea.medication_request` AS mr,
  UNNEST(mr.medication.codeableConcept.coding) AS med_coding
  WHERE mr.status = 'active' AND med_coding.code IS NOT NULL
  GROUP BY subject.patientId
  HAVING COUNT(DISTINCT med_coding.code) >= 7
) AS medication_patients
ON alive_patients.patient_id = medication_patients.patient_id;
```

**Result:**
```
Number_of_Patients
14144
```

#### **1result.sql**

```sql
SELECT COUNT(DISTINCT p.id) AS number_of_patients
FROM `bigquery-public-data.fhir_synthea.patient` AS p
JOIN (
  SELECT DISTINCT subject.patientId AS patient_id
  FROM `bigquery-public-data.fhir_synthea.condition` AS c
  JOIN UNNEST(c.code.coding) AS coding
  WHERE coding.code IN ('44054006', '38341003')
) AS cond
ON p.id = cond.patient_id
JOIN (
  SELECT subject.patientId AS patient_id
  FROM `bigquery-public-data.fhir_synthea.medication_request`
  WHERE status = 'active'
  GROUP BY subject.patientId
  HAVING COUNT(DISTINCT id) >= 7
) AS med
ON p.id = med.patient_id
WHERE p.deceased.dateTime IS NULL;
```

**Result:**
```
number_of_patients
11576
```

---

### **Analysis:**

1. **Diagnosis Criteria:**
   - **0result.sql** uses a **broad search** on the condition display names, matching any condition that contains "diabetes" or "hypertension" in its display text. This approach captures all relevant conditions, including subtypes and related diagnoses.
     - `WHERE LOWER(coding.display) LIKE '%diabetes%' OR LOWER(coding.display) LIKE '%hypertension%'`
   - **1result.sql** filters conditions based on **specific SNOMED codes**:
     - `'44054006'` for Type 2 Diabetes Mellitus.
     - `'38341003'` for Essential Hypertension.
     - This approach **excludes** patients diagnosed with other relevant codes for Diabetes or Hypertension (e.g., Type 1 Diabetes, Gestational Diabetes, secondary hypertension).

2. **Medication Count:**
   - **0result.sql** counts the number of **distinct medication codes** (`med_coding.code`) per patient, ensuring that each unique medication is counted once, regardless of the number of prescriptions.
     - This aligns with the requirement of patients being prescribed **at least seven distinct medications**.
   - **1result.sql** counts the number of **distinct medication request IDs** (`id`). Since patients may have multiple prescriptions for the same medication (e.g., refills), this method can **inflate the count**, counting the same medication multiple times.

3. **Alive Patients:**
   - Both queries correctly identify patients who are alive by ensuring `deceased.dateTime IS NULL`.

### **Conclusion:**

- **0result.sql** provides a more **comprehensive and accurate** result because it:
  - **Inclusively captures** all patients diagnosed with any form of Diabetes or Hypertension by searching condition display texts.
  - **Accurately counts** the number of distinct medications prescribed to each patient.
  - **Aligns precisely** with the task requirements.

- **1result.sql** is **too restrictive** in its condition diagnosis criteria and may **overcount medications** due to counting prescription instances rather than distinct medications.

---

**Therefore, the correct SQL query that accurately fulfills the task is:**

```plaintext
0result.sql
```