After carefully comparing both SQL queries and their results, I conclude that **`2result.sql`** is the correct query that fulfills the task requirements. Here's the reasoning:

**1. Alignment with the Task Requirements:**

- **Display committees from 2016 that supported candidates and received small-dollar donations over $0 (under $200 each).**
  - Both queries attempt to retrieve committees that fit this criterion by joining the necessary tables and applying the donation amount condition.

- **For each qualifying committee, list:**
  - **Committee Name**
  - **Number of Supported Candidates**
  - **Candidates' Names (in alphabetical order, separated by commas)**
  - **Total Small-Dollar Donations**

**2. Analysis of the SQL Queries:**

**First Query (`result.sql`):**

```sql
SELECT
  cm.cmte_nm AS committee_name,
  COUNT(DISTINCT cc.cand_id) AS number_of_supported_candidates,
  ARRAY_TO_STRING(
    ARRAY_AGG(DISTINCT cand.cand_name_clean ORDER BY cand.cand_name_clean),
    ', '
  ) AS supported_candidates,
  ROUND(sdc.total_small_dollar_donations, 4) AS total_small_dollar_donations
FROM
  (
    SELECT cmte_id, SUM(transaction_amt) AS total_small_dollar_donations
    FROM `bigquery-public-data.fec.individuals_2016`
    WHERE transaction_amt > 0 AND transaction_amt < 200
    GROUP BY cmte_id
  ) AS sdc
JOIN
  `bigquery-public-data.fec.committee_2016` AS cm
ON
  sdc.cmte_id = cm.cmte_id
JOIN
  `bigquery-public-data.fec.candidate_committee_2016` AS cc
ON
  cm.cmte_id = cc.cmte_id
JOIN
  (
    SELECT cand_id, REPLACE(cand_name, '"', '') AS cand_name_clean
    FROM `bigquery-public-data.fec.candidate_2016`
  ) AS cand
ON
  cc.cand_id = cand.cand_id
GROUP BY
  cm.cmte_nm,
  sdc.total_small_dollar_donations
ORDER BY
  cm.cmte_nm;
```

- **Issues:**
  - **Grouping by `sdc.total_small_dollar_donations`:** Including the total donations in the `GROUP BY` clause is unnecessary and may lead to incorrect aggregation if there are committees with the same name but different donation totals.
  - **Potential for Incorrect Aggregation:** Grouping only by `cm.cmte_nm` (committee name) without considering `cm.cmte_id` (committee ID) can cause problems if multiple committees share the same name.

**Second Query (`2result.sql`):**

```sql
SELECT 
  c.cmte_nm AS committee_name,
  COUNT(DISTINCT cc.cand_id) AS number_of_supported_candidates,
  STRING_AGG(DISTINCT cand.cand_name_replaced, ', ' ORDER BY cand.cand_name_replaced ASC) AS supported_candidates,
  ROUND(SUM(i.transaction_amt), 4) AS total_small_dollar_donations
FROM `bigquery-public-data.fec.committee_2016` c
JOIN `bigquery-public-data.fec.candidate_committee_2016` cc
  ON c.cmte_id = cc.cmte_id
JOIN (
    SELECT cand_id, REPLACE(cand_name, '"', '') AS cand_name_replaced
    FROM `bigquery-public-data.fec.candidate_2016`
) cand
  ON cc.cand_id = cand.cand_id
JOIN `bigquery-public-data.fec.individuals_2016` i
  ON c.cmte_id = i.cmte_id
WHERE i.transaction_amt > 0 AND i.transaction_amt < 200
GROUP BY c.cmte_nm
ORDER BY c.cmte_nm;
```

- **Advantages:**
  - **Proper Joins:** Joins all necessary tables (`committee_2016`, `candidate_committee_2016`, `candidate_2016`, and `individuals_2016`) to retrieve the required data.
  - **Applying Conditions Correctly:** The `WHERE` clause correctly filters for small-dollar donations (over $0 and under $200).
  - **Aggregation and Grouping:**
    - Uses `COUNT(DISTINCT cc.cand_id)` to find the number of unique candidates supported by each committee.
    - Utilizes `STRING_AGG` with `ORDER BY` to list candidates' names in alphabetical order, separated by commas.
    - Calculates the `SUM` of `transaction_amt` for total small-dollar donations.
  - **Grouping by `c.cmte_nm`:** While grouping by committee name, this works if committee names are unique. If there's a possibility of duplicate names, we might need to include `c.cmte_id` in the `GROUP BY` clause for accuracy.

- **Potential Improvement:**
  - **Include `c.cmte_id` in `GROUP BY`:** To ensure correctness even if committee names are not unique, it would be better to group by `c.cmte_id` and `c.cmte_nm`.

**3. Conclusion:**

- **Selection:** The second query (`2result.sql`) is more aligned with the task requirements.
- **Reasoning:**
  - It correctly aggregates the necessary information.
  - It lists candidates' names in alphabetical order.
  - It sums up the total small-dollar donations accurately.
  - It applies the appropriate filters and joins.

**Final Answer:**

```plaintext
2result.sql
```