After comparing the two SQL queries and their results, **`0result.sql`** is the correct SQL query because it directly addresses all the requirements specified in the task.

**Reasons:**

- **`0result.sql`**:
  - **Filters Applied**:
    - `reference_bases = 'C'`: Selects variants where the reference base is 'C'.
    - `alt_base.alt = 'T'`: Selects variants where the alternate base is 'T'.
    - `vep_info.SYMBOL = 'BRCA1'`: Ensures the variants are associated with the **BRCA1** gene.
    - `vep_info.Consequence LIKE '%missense_variant%'`: Filters for variants that are **missense variants**.
  - **Unnesting**:
    - Unnests both `alternate_bases` and `vep` fields to access nested data required for filtering.
  - **Alignment with Task**:
    - Precisely matches the task requirements by selecting start positions of missense variants in the BRCA1 gene where the reference base is 'C' and the alternate base is 'T'.
  - **Ensures Accuracy**:
    - Uses VEP annotations to accurately identify variants in BRCA1 and their consequences.

- **`1result.sql`**:
  - **Filters Applied**:
    - `t.reference_bases = 'C'`: Selects variants where the reference base is 'C'.
    - `alt_bases.alt = 'T'`: Selects variants where the alternate base is 'T'.
    - `t.start_position BETWEEN 41197695 AND 41276113`: Selects variants in the genomic range that includes BRCA1.
  - **Limitations**:
    - **No Gene Confirmation**:
      - Does not use VEP annotations to confirm that the variants are actually in the **BRCA1** gene.
      - Variants could be from other genes or intergenic regions within the specified position range.
    - **No Consequence Filtering**:
      - Does not filter for **missense variants**.
      - May include variants of other types (e.g., synonymous, nonsense).
  - **Potential Inaccuracy**:
    - Relies solely on genomic coordinates, which may not precisely capture all BRCA1 variants and may include irrelevant variants.

**Conclusion:**

- **`0result.sql`** is the correct SQL query because it accurately and comprehensively addresses all aspects of the task by:
  - Confirming the gene symbol (`BRCA1`).
  - Filtering for missense variants.
  - Ensuring the reference and alternate bases are 'C' and 'T', respectively.
- **`1result.sql`** lacks critical filters and may produce inaccurate results.

---

```plaintext
0result.sql
```