```plaintext
0result.sql
```

After comparing the two SQL queries and their results, the SQL in **`0result.sql`** is the correct one.

**Reasoning:**

- **Understanding the Task:**
  - We need to count the number of NOAA GSOD weather stations that:
    - Recorded valid daily temperature data (non-missing `temp`, `max`, `min`) in 2019.
    - Have a period of record that began on or before January 1, 2000 (`begin` ≤ '20000101').
    - Continued through at least June 30, 2019 (`end` is NULL or `end` ≥ '20190630').
    - Achieved 90% or more of the maximum possible number of valid temperature-record days **for that station** in 2019.

- **Examining the SQL Queries:**

  1. **`0result.sql`:**

     - **Approach:**
       - Calculates the total days and valid temperature days **per station** based on the actual data available for 2019.
       - Uses `COUNT(*)` to get `total_days` per station from the data.
       - Uses `COUNTIF(temp != 9999.9 AND max != 9999.9 AND min != 9999.9)` to get `valid_temp_days` per station.
       - Computes the percentage of valid days by dividing `valid_temp_days` by `total_days`.
       - Filters stations where the percentage of valid days is ≥ 90%.
     - **Advantages:**
       - Accounts for stations that might have fewer than 365 days of data due to various reasons (e.g., missing data, station inactivity).
       - Calculates the 90% threshold based on the actual maximum possible days **per station**, ensuring fairness.
     - **Result:**
       - Returns a count of **7619** stations that meet all the criteria.

  2. **`2result.sql`:**

     - **Approach:**
       - Assumes that all stations have a maximum possible of **365 days** in 2019.
       - Counts the number of valid temperature days per station.
       - Filters stations where the number of valid days is ≥ 329 (which is 90% of 365).
     - **Disadvantages:**
       - Does not account for stations that might not have data for all 365 days due to operational issues, temporary shutdowns, or other reasons.
       - May unfairly exclude stations that, despite reporting data consistently when operational, have fewer total days in the dataset.
     - **Result:**
       - Returns a count of **6568** stations that meet the criteria, potentially excluding valid stations.

- **Conclusion:**

  - **`0result.sql`** is the correct SQL because it accurately calculates the percentage of valid temperature-record days based on each station's actual total days of data in 2019.
  - This method ensures that stations are evaluated fairly, based on the data they were able to provide, rather than an assumed total of 365 days.
  - Therefore, **`0result.sql`** provides a more precise and equitable count of stations meeting the 90% threshold.

 जो isAnswer.