After reviewing the three SQL queries and their corresponding outputs, I have determined that **`0result.sql`** is the correct SQL query that fully addresses the task. Here's the reasoning:

### Task Summary:

- **Identify the DRG definition with the highest total number of discharges in the 2014 CMS Medicare inpatient charges data.**
- **Among the top three cities with the most discharges for that DRG definition, calculate their respective weighted average total payments (weighted by total discharges).**

### Comparison of the SQL Queries:

#### `0result.sql`:

- **Step 1**: Finds the DRG with the highest total discharges.
  ```sql
  WITH drg_totals AS (
    SELECT
      "drg_definition",
      SUM("total_discharges") AS "total_discharges"
    FROM
      CMS_DATA.CMS_MEDICARE."INPATIENT_CHARGES_2014"
    GROUP BY
      "drg_definition"
    ORDER BY
      "total_discharges" DESC NULLS LAST
    LIMIT 1
  ),
  ```
- **Step 2**: Identifies the top three cities with the most discharges for that DRG.
  ```sql
  top_cities AS (
    SELECT
      "provider_city" AS "City",
      SUM("total_discharges") AS "Total_Discharges",
      SUM("average_total_payments" * "total_discharges") / SUM("total_discharges") AS "Weighted_Average_Total_Payments"
    FROM
      CMS_DATA.CMS_MEDICARE."INPATIENT_CHARGES_2014"
    WHERE
      "drg_definition" = (SELECT "drg_definition" FROM drg_totals)
    GROUP BY
      "provider_city"
    ORDER BY
      "Total_Discharges" DESC NULLS LAST
    LIMIT 3
  )
  ```
- **Step 3**: Outputs the DRG definition, city, and weighted average total payments, ordered by total discharges.
  ```sql
  SELECT
    (SELECT "drg_definition" FROM drg_totals) AS "DRG_Definition",
    "City",
    ROUND("Weighted_Average_Total_Payments", 4) AS "Weighted_Average_Total_Payments"
  FROM
    top_cities;
  ```

- **Result**:
  ```
  DRG_Definition,City,Weighted_Average_Total_Payments
  470 - MAJOR JOINT REPLACEMENT OR REATTACHMENT OF LOWER EXTREMITY W/O MCC,NEW YORK,21656.2584
  470 - MAJOR JOINT REPLACEMENT OR REATTACHMENT OF LOWER EXTREMITY W/O MCC,BOSTON,18323.8532
  470 - MAJOR JOINT REPLACEMENT OR REATTACHMENT OF LOWER EXTREMITY W/O MCC,SPRINGFIELD,15290.6412
  ```

#### `1result.sql`:

- **Step 1**: Same as `0result.sql`.
- **Step 2**: Identifies the top three cities but does not include the DRG definition in the final output.
- **Step 3**: Computes weighted average total payments but does not explicitly output the DRG definition.

- **Result**:
  ```
  City,Weighted_Average_Total_Payments
  SPRINGFIELD,15290.6412
  BOSTON,18323.8532
  NEW YORK,21656.2584
  ```

**Issue with `1result.sql`**: It lacks the DRG definition in the final output, which is a crucial part of the task.

#### `2result.sql`:

- Steps are similar to `0result.sql`, but the final output is ordered by weighted average total payments rather than total discharges.
- **Result**:
  ```
  DRG_Definition,City,Weighted_Average_Total_Payments
  470 - MAJOR JOINT REPLACEMENT OR REATTACHMENT OF LOWER EXTREMITY W/O MCC,NEW YORK,21656.2584
  470 - MAJOR JOINT REPLACEMENT OR REATTACHMENT OF LOWER EXTREMITY W/O MCC,BOSTON,18323.8532
  470 - MAJOR JOINT REPLACEMENT OR REATTACHMENT OF LOWER EXTREMITY W/O MCC,SPRINGFIELD,15290.6412
  ```

**Issue with `2result.sql`**: The final output is ordered by weighted average total payments, not by total discharges per city. The task emphasizes identifying the top cities based on the number of discharges.

### Reasons for Choosing `0result.sql`:

1. **Completeness**: It fulfills all parts of the task by:
   - Correctly identifying the DRG with the highest total discharges.
   - Selecting the top three cities based on the highest number of discharges for that DRG.
   - Calculating the weighted average total payments for each city.
   - Including the DRG definition in the final output.

2. **Ordering**: The cities in the final output are ordered by total discharges, aligning with the task's requirement to find the top three cities with the most discharges.

3. **Clarity**: The query is straightforward, and the logic flow is easy to follow, making it clear how each step contributes to the final result.

4. **Output Format**: The final result includes all necessary columns—DRG definition, city, and weighted average total payments—providing a complete answer.

### Conclusion:

Based on the above analysis, **`0result.sql`** is the correct SQL query that accurately addresses the task.

---

**Answer in required format:**

```plaintext
0result.sql
```