After analyzing the provided SQL queries and their corresponding results, the SQL query in `0result.sql` is the most suitable for achieving the task.

**Reasoning:**

1. **Direct Use of `REPOSITORY_DEPENDENCIES`:**
   - The task requires identifying repositories that use specific feature toggle libraries based on dependencies.
   - The `REPOSITORY_DEPENDENCIES` table directly links repositories to their dependencies, making it ideal for this purpose.
   - `0result.sql` correctly joins `REPOSITORIES` with `REPOSITORY_DEPENDENCIES` using the `repository_id`.

2. **Accurate Matching on Dependency Names and Platforms:**
   - The query includes a `feature_toggles` CTE (Common Table Expression) that lists the artifact names, library names, platforms, and languages of the feature toggle libraries.
   - It matches repositories to feature toggle libraries by comparing both the `dependency_project_name` and `manifest_platform` to the `artifact_name` and `platform` in the `feature_toggles` CTE.
   - This ensures accurate and precise matching, reducing false positives that may occur if only the dependency name is considered.

3. **Including All Required Columns:**
   - The query selects all the required details specified in the task:
     - Repository full name with owner (`repository_full_name`)
     - Hosting platform type (`host_type`)
     - Size in bytes (`size_bytes`)
     - Primary programming language (`language`)
     - Fork source name if any (`fork_source_name_with_owner`)
     - Last update timestamp (`updated_timestamp`)
     - Feature toggle artifact name (`feature_toggle_artifact_name`)
     - Feature toggle library name (`feature_toggle_library_name`)
     - Feature toggle library's programming languages (`feature_toggle_languages`)

4. **Ordering by Last Updated Timestamp:**
   - The query orders the results by `updated_timestamp` in descending order.
   - This is helpful to list the most recently updated repositories first, which can be valuable information when analyzing active projects.

5. **Avoiding Unnecessary Joins:**
   - Compared to `1result.sql` and `2result.sql`, `0result.sql` avoids unnecessary joins with the `PROJECTS` and `DEPENDENCIES` tables.
   - It directly uses `REPOSITORY_DEPENDENCIES`, which is more efficient and aligns better with the task's requirements.

6. **Case-Insensitive Matching:**
   - The use of `LOWER` functions in the join condition ensures case-insensitive matching, improving the robustness of the query.

**Conclusion:**

The SQL query in `0result.sql` effectively retrieves the desired repository details by accurately matching dependencies to the specified feature toggle libraries using the `REPOSITORY_DEPENDENCIES` table. It includes all the necessary columns and provides a clear and efficient solution to the task.

```plaintext
0result.sql
```