After comparing the three SQL queries and their results, I have determined that `2result.sql` is the most appropriate and accurate query for the following reasons:

1. **Robust Handling of NULL Values and Division by Zero**:
   - The query checks if `ar."max_answer_score"` is not NULL and that the question's view count is greater than zero before performing the division. This prevents potential division by zero errors and ensures that only valid data is considered.
   - The condition in the `WHERE` clause is:
     ```sql
     WHERE q."accepted_answer_id" IS NOT NULL
       OR (ar."max_answer_score" IS NOT NULL AND q."view_count" > 0 AND (ar."max_answer_score" / NULLIF(q."view_count", 0)) > 0.01)
     ```

2. **Accurate Calculation of Question Length**:
   - It uses `LENGTH(COALESCE(q."body", ''))` to handle any NULL `body` fields, ensuring that the length calculation does not fail due to NULL values.

3. **Ordering Logic**:
   - The query orders the results by the question length in descending order, which aligns with the requirement to show the top 10 longest questions.

4. **Correct Use of Joins and Subqueries**:
   - The joins and subqueries are appropriately structured to retrieve the necessary data, including user reputation and badge count.

5. **Consistency in Results**:
   - The results generated by `2result.sql` accurately reflect the top 10 longest questions that meet the specified conditions.

Therefore, the correct SQL query is:

```plain
2result.sql
```