After comparing the two SQL queries and their results, we can conclude the following:

**Both SQL Queries:**

- **Functionality:** Both queries perform the same operations:
  - They select the `"display_name"` of users.
  - They join the `USERS` table with the `POSTS_ANSWERS` table on the user ID.
  - They filter users with a reputation greater than 10.
  - They group the results by user ID and display name.
  - They order the users by the count of their answers in descending order.
  - They limit the result to the top user.

- **Result:** Both queries return "Gordon Linoff" as the user who has answered the most questions among users with a reputation greater than 10.

**Differences:**

- **Table Aliases:** The only difference between the two queries is the casing of the table aliases:
  - In `1result.sql`, the aliases are uppercase (`U` and `P`).
  - In `2result.sql`, the aliases are lowercase (`u` and `pa`).

- **Syntax:** Both queries use standard SQL syntax, and the alias casing does not affect the execution or result of the query.

**Conclusion:**

Since both queries are functionally equivalent and produce the same correct result, we can choose `1result.sql` as the correct SQL. The reason for this choice is purely preferential, as both queries are correct. Choosing `1result.sql` acknowledges the first provided correct solution.

```plain
1result.sql
```