After reviewing the three SQL scripts and their results, **`1result.sql`** is the correct and most suitable choice. Here is the reasoning:

1. **Correct Labeling of Columns:**
   - In **`1result.sql`**, the labels for **`total_number_of_alleles`** and **`total_allele_count`** are correctly assigned. The **`total_number_of_alleles`** corresponds to the sum of the allele numbers (**`AN`** column), and the **`total_allele_count`** corresponds to the sum of the alternate allele counts (**`AC`** values extracted from the **`alternate_bases`**).
   - In **`2result.sql`**, the labels for **`Total_allele_count`** and **`Total_number_of_alleles`** are swapped, which can lead to confusion and misinterpretation of the results.
   - **`0result.sql`** also correctly labels the columns, but **`1result.sql`** presents a clearer structure.

2. **Consistent and Accurate Calculations:**
   - **`1result.sql`** provides consistent calculations for all requested summary statistics:
     - **Number of Variants:** Counts the total number of variants within the specified region.
     - **Total Allele Count:** Sums up the **`AC`** (alternate allele count) from the **`alternate_bases`** JSON data.
     - **Total Number of Alleles:** Sums up the **`AN`** (allele number) column, representing the total number of alleles analyzed.
     - **Distinct Gene Symbols:** Extracts and aggregates distinct gene symbols using Variant Effect Predictor (**`vep`**) annotations.
     - **Density of Mutations:** Calculates the density by dividing the genomic interval length by the number of variants.
   - The calculations in **`1result.sql`** are precise and align with the requirements.

3. **Clear and Maintainable Structure:**
   - **`1result.sql`** uses Common Table Expressions (CTEs) to break down the steps of the query logically. This enhances readability and makes the query easier to maintain or modify in the future.
   - The use of CTEs for **`number_of_variants_cte`**, **`total_number_of_alleles_cte`**, **`total_allele_count_cte`**, and **`distinct_gene_symbols_cte`** separates concerns and provides clarity.

4. **Appropriate Calculation of Mutation Density:**
   - Both **`0result.sql`** and **`1result.sql`** calculate the mutation density without adding 1 to the genomic interval length. While adding 1 could be appropriate if positions are inclusive, consistency is key, and both scripts produce the same density value.
   - The density is calculated as:

     \[
     \text{Density of Mutations} = \frac{\text{Region Length}}{\text{Number of Variants}} = \frac{55064852 - 55039447}{5604} \approx 4.5334
     \]

5. **Consistent Results Across Scripts:**
   - **`1result.sql`** and **`0result.sql`** produce identical output values for all the summary statistics, ensuring reliability.
   - **`2result.sql`** shows a slight difference in the density of mutations due to adding 1 to the region length, resulting in a value of approximately **4.5335** instead of **4.5334**.

6. **Preferred Over `0result.sql`:**
   - Although **`0result.sql`** also produces correct results, **`1result.sql`** is preferred due to its clearer CTE structure and more readable query format.

**Conclusion:**

Based on the reasons above, **`1result.sql`** is the correct SQL script to use for generating the required summary statistics.

In plain text format:

```plain
1result.sql
```