After comparing the three SQL queries and their outputs, I conclude that **`0result.sql`** is the correct SQL query that fulfills the given task for the following reasons:

1. **Filtering Specific Measurements**: The query in **`0result.sql`** includes a `WHERE` clause that filters the measurements to only those with the specified `CodeMeaning` values:

   ```sql
   AND q."Quantity":CodeMeaning::STRING IN (
       'Elongation',
       'Flatness',
       'Least Axis in 3D Length',
       'Major Axis in 3D Length',
       'Maximum 3D Diameter of a Mesh',
       'Minor Axis in 3D Length',
       'Sphericity',
       'Surface Area of Mesh',
       'Surface to Volume Ratio',
       'Volume from Voxel Summation',
       'Volume of Mesh'
   )
   ```

   This ensures that only the relevant measurements are considered, which aligns precisely with the task's requirements.

2. **Efficient Data Processing**: By filtering the measurements in the `WHERE` clause, **`0result.sql`** reduces the number of rows processed during aggregation. This improves query performance and ensures that only necessary data is handled.

3. **Accurate Aggregations**: The query uses `MAX(CASE WHEN ...)` constructs to calculate the maximum values for each specified measurement within each group. This approach correctly computes the required maximum values.

4. **Correct Grouping**: The query groups the data by `"PatientID"`, `"StudyInstanceUID"`, `"StudyDate"`, and `"FindingSite_CodeMeaning"`, as required:

   ```sql
   GROUP BY
       d."PatientID",
       d."StudyInstanceUID",
       d."StudyDate",
       q."findingSite":CodeMeaning::STRING
   ```

5. **Alignment with Task Description**: The SQL query in **`0result.sql`** matches all the specifications provided in the task, including joining the tables on `"SOPInstanceUID"` and `"segmentationInstanceUID"`, filtering by `StudyDate` in the year 2001, and selecting the necessary columns.

In contrast, the other SQL queries (**`1result.sql`** and **`2result.sql`**) do not include the filtering of specific measurements in the `WHERE` clause. While they use `CASE` statements to calculate the maximum values, not filtering early may lead to less efficient queries and potential inclusion of irrelevant data.

Therefore, **`0result.sql`** is the most accurate and efficient SQL query that satisfies all the requirements of the task.

```plaintext
0result.sql
```