**Comparison of the SQL Queries:**

**0result.sql:**

- **Approach:** This query calculates the total wins for each team by separately counting the home wins and away wins, grouping them by `team_api_id`, and then summing these counts for each team.
- **Structure:**
  - It first counts wins for each team as a home team.
  - Counts wins for each team as an away team.
  - Combines these counts using `UNION ALL`.
  - Sums the wins for each team.
  - Joins with the `Team` table to get the team names.
- **Result:** Produces the top 10 teams with the most total wins.

**1result.sql:**

- **Approach:** This query simplifies the calculation by listing all winning teams (both home and away) and counting the occurrences of each team as a winner.
- **Structure:**
  - Selects all winning `team_api_id`s from matches where the home or away team won.
  - Uses `UNION ALL` to combine these into one list.
  - Joins with the `Team` table to get the team names.
  - Counts the number of wins by counting how many times each team appears in the winner list.
- **Result:** Produces the same top 10 teams with the most total wins.

**2result.sql:**

- **Approach:** Similar to `0result.sql`, this query calculates total wins by summing home and away wins for each team but uses slightly different aliases and grouping.
- **Structure:**
  - Counts home wins and away wins separately, grouping by `team_id`.
  - Uses `UNION ALL` to combine them.
  - Sums the wins for each team.
  - Joins with the `Team` table to get team names.
- **Result:** Produces the same top 10 teams with the most total wins.

**Reasoning and Selection:**

All three queries correctly calculate the total number of wins for each team and produce the same results. However, **`1result.sql`** is the most concise and straightforward. It efficiently:

- Combines all winning team IDs into a single list without extra summations.
- Counts the total number of wins directly by counting occurrences.
- Avoids additional subqueries and aggregations, making it easier to read and maintain.

Therefore, **`1result.sql`** is the best choice as it achieves the desired result with a simpler and more efficient query structure.

```plaintext
1result.sql
```