After analyzing both SQL queries and their results, **`2result.sql`** appears to be the correct SQL for forecasting the average annual sales for products 4160 and 7790 for 2018. Here's the reasoning:

### **Comparison of the Two SQL Queries**

#### **1. `0result.sql`**

- **Seasonality Adjustment:**
  - Calculates seasonal indices using the average quantity (`qty`) per month (`month_num`) during time steps **7 to 30**.
  - Adjusts sales by dividing the actual `qty` by the seasonal index.
- **Forecasting Method:**
  - Computes the average of the adjusted sales over time steps **7 to 30**.
  - Forecasts future sales for time steps **31 to 36** (only **6 months**) by multiplying the average adjusted sales by the seasonal indices.
- **Limitation:**
  - **Forecasts only 6 months of data** instead of the full year of 2018.
  - Does not perform a regression analysis to account for trends over time.
- **Result:**
  - **Product 4160:** Forecasted annual sales = **143.5000**
  - **Product 7790:** Forecasted annual sales = **140.0000**

#### **2. `2result.sql`**

- **Seasonality Adjustment:**
  - Utilizes a **centered moving average (CMA)** to calculate seasonal indices based on the ratio of actual sales to CMA during time steps **7 to 30**.
  - Deseasonalizes the sales by dividing actual `qty` by the seasonal index.
- **Regression Analysis:**
  - Performs a **linear regression** on the deseasonalized sales (`deseasonalized_qty`) against the time steps to determine the trend (slope and intercept).
- **Forecasting Method:**
  - Uses the regression equation to predict deseasonalized sales for time steps **25 to 36** (the full year of **2018**).
  - Adjusts the forecasted deseasonalized sales by multiplying with the seasonal indices to reintroduce the seasonal effects.
- **Result:**
  - **Product 4160:** Forecasted annual sales = **734.0317**
  - **Product 7790:** Forecasted annual sales = **254.9068**

### **Reasons for Choosing `2result.sql`**

1. **Comprehensive Forecasting:**
   - **`2result.sql` forecasts sales for all 12 months of 2018** (time steps 25 to 36), aligning with the requirement to predict the **average annual sales for 2018**.
   - **`0result.sql` forecasts only 6 months** (time steps 31 to 36), which doesn't cover the full year.

2. **Regression Analysis:**
   - **`2result.sql` employs a weighted regression model** on deseasonalized data to account for trends over time, which is essential for accurate forecasting.
   - **`0result.sql` does not perform regression analysis**, relying solely on average adjusted sales, which may not capture underlying trends.

3. **Seasonality Adjustment:**
   - **`2result.sql` uses a centered moving average (CMA)** for a more precise seasonality adjustment, considering fluctuations over a moving window.
   - **`0result.sql` calculates seasonal indices** but may not capture the seasonality as effectively due to its simpler approach.

4. **Accuracy of Results:**
   - Comparing the forecasted values to the actual sales in 2018:
     - **Product 4160:**
       - **Actual Sales (2018):** 691
       - **`2result.sql` Forecast:** 734.0317 (close to actual)
       - **`0result.sql` Forecast:** 143.5000 (significantly lower)
     - **Product 7790:**
       - **Actual Sales (2018):** 263
       - **`2result.sql` Forecast:** 254.9068 (close to actual)
       - **`0result.sql` Forecast:** 140.0000 (considerably lower)
   - **`2result.sql` provides forecasts that are much closer to the actual sales**, indicating higher accuracy.

### **Conclusion**

Based on the methodology and the alignment with the forecasting requirements, **`2result.sql`** is the correct SQL script to determine the average forecasted annual sales for products 4160 and 7790 for 2018 using a weighted regression model with seasonality adjustments during time steps 7 to 30.

```plaintext
2result.sql
```