After carefully comparing the two SQL queries and their results, I conclude that **`1result.sql`** is the correct SQL query for the following reasons:

1. **Filtering Invalid Coordinates**:
   - **`1result.sql`** includes additional conditions to filter out incidents with invalid or out-of-bound coordinates:
     ```sql
     AND ci.longitude BETWEEN -123 AND -122 AND ci.latitude BETWEEN 37 AND 38
     ```
     This ensures that only incidents within the approximate geographic bounds of San Francisco are counted. In contrast, **`0result.sql`** only checks for non-null values:
     ```sql
     si.longitude IS NOT NULL AND si.latitude IS NOT NULL
     ```
     This might include incidents with invalid coordinates, potentially leading to incorrect counts.

2. **Efficient Aggregation Using Joins**:
   - **`1result.sql`** uses `LEFT JOIN` and `GROUP BY` to aggregate counts:
     ```sql
     SELECT
       n.neighborhood AS neighborhood,
       COUNT(bs.station_id) AS Number_of_Bike_Share_Stations
     FROM
       ...
     LEFT JOIN
       ...
     GROUP BY
       n.neighborhood
     ```
     This method is efficient and scalable for large datasets. **`0result.sql`**, however, uses correlated subqueries for counting, which can be less efficient:
     ```sql
     (
       SELECT
         COUNT(DISTINCT bsi.station_id)
       FROM
         ...
       WHERE
         ST_Contains(n.neighborhood_geom, bsi.station_geom)
     ) AS Number_of_Bike_Share_Stations
     ```
     Correlated subqueries can result in performance issues, especially with large tables.

3. **Handling of NULL Values with COALESCE**:
   - **`1result.sql`** uses `COALESCE` to replace `NULL` with `0`, ensuring that neighborhoods with no bike share stations or crime incidents are displayed with a count of zero:
     ```sql
     COALESCE(b.Number_of_Bike_Share_Stations, 0) AS Number_of_Bike_Share_Stations,
     COALESCE(c.Total_Number_of_Crime_Incidents, 0) AS Total_Number_of_Crime_Incidents
     ```
     This provides a complete view of all neighborhoods. **`0result.sql`** does not explicitly handle `NULL` values in the same way.

4. **Structured and Readable Query with CTEs**:
   - **`1result.sql`** utilizes Common Table Expressions (CTEs) to structure the query logically:
     ```sql
     WITH bike_stations_per_neighborhood AS (...),
          crime_incidents_per_neighborhood AS (...)
     ```
     This improves readability and makes the query easier to understand and maintain. **`0result.sql`** is less structured, which can make it more difficult to read and debug.

Based on these reasons, **`1result.sql`** is the preferred and more accurate query to solve the task.

```plaintext
1result.sql
```