Comparing the three SQL queries:

**Option 0 (0result.sql):**

- Selects postal code, date, and snowfall amount (rounded to 4 decimal places).
- Filters records where:
  - Country is 'US'.
  - Date is between '2023-01-15' and '2023-01-21'.
  - Total snowfall is greater than 6 inches.
- Orders the results by date and postal code.

**Option 1 (1result.sql):**

- Selects postal code, date, and snowfall amount.
- Applies the same filters as Option 0.
- Does not include an `ORDER BY` clause, so the results may be unordered.

**Option 2 (2result.sql):**

- Similar to Option 0 but orders the results by snowfall amount in descending order.

**Reasoning:**

The task specifies:

- Show the postal code, date, and snowfall amount.
- Focus on snowfall amounts greater than 6 inches.
- For the week ending after the first two full weeks of the previous year (i.e., '2023-01-15' to '2023-01-21').

While all three queries retrieve the necessary data, **Option 0** presents the data in an organized manner by ordering it first by date and then by postal code. This makes it easier to read and interpret the data, especially if someone wants to see the snowfall events chronologically and grouped by location.

**Conclusion:**

The SQL query in **Option 0 (0result.sql)** best satisfies the requirements of the task.

```plain
0result.sql
```