After reviewing and comparing the three SQL queries and their results, I have determined that **`0result.sql`** is the correct and most suitable SQL query for the task. Here are the reasons:

1. **Accurate Status Calculation:**
   - The query correctly identifies the status ('strong' or 'soft') for each 'Stack' model run by comparing its `test_score` with the maximum `test_score` of non-'Stack' models in the same group (`"name"`, `"version"`, `"step"`).
   - The use of `CASE` statements in the `run_status` CTE ensures that statuses are assigned precisely based on the conditions provided.

2. **Comprehensive Data Handling:**
   - It includes all relevant runs by selecting from both 'Stack' and non-'Stack' models, ensuring no data is omitted in the analysis.
   - The query handles cases where the 'Stack' model does not achieve 'strong' or 'soft' status by including an 'else' condition ('neither'), although this status is later filtered out since we're interested only in 'strong' and 'soft'.

3. **Clear Logical Structure:**
   - The query uses Common Table Expressions (CTEs) to break down the problem into manageable steps (`stack_scores`, `nonstack_max_scores`, `run_status`, `status_L1_model_counts`, `ranked_L1_models`), which enhances readability and maintainability.
   - Each CTE serves a specific purpose, making the query easier to understand and debug.

4. **Correct Aggregation and Ranking:**
   - The `status_L1_model_counts` CTE accurately counts the occurrences of each `L1_model` per status.
   - The `RANK()` window function in `ranked_L1_models` ensures that in cases of tied occurrences, all top `L1_model`s are considered.
   - The final selection filters for the highest occurrence per status, as required by the task.

5. **Consistent and Clear Results:**
   - The output matches the expected results, showing that the `regression` `L1_model` has the highest occurrence for both 'strong' (78 times) and 'soft' (36 times) statuses.
   - The results are ordered by `Status`, making it easy to interpret.

In comparison, while the other SQL queries (`1result.sql` and `2result.sql`) also produce correct results, `0result.sql` offers a more structured and clearer approach, making it preferable for this analysis.

Therefore, the correct SQL query is:

```plaintext
0result.sql
```