After reviewing and comparing the three SQL queries and their corresponding results, I have concluded that **`2result.sql`** is the correct SQL query that accurately answers the task.

### Comparison of the SQL Queries:

**1. `0result.sql`**

- **Query Overview**:
  - Generates a list of months from January 2008 to December 2022.
  - Counts U.S. publications where the abstract includes the phrase 'internet of things'.
  - Does not filter abstracts by language.
- **Results**:
  - Provides counts for each month, including months with zero filings.
- **Potential Issues**:
  - May include publications where the abstract is not in English, possibly leading to inaccurate counts if abstracts in other languages are included.

**2. `1result.sql`**

- **Query Overview**:
  - Similar approach to `0result.sql`.
  - Attempts to list months and counts, including months with zero filings.
- **Results**:
  - The `Month` column in the results shows values like 'Janth', 'Febth', 'Marth', which are incorrect month representations.
- **Issues**:
  - Incorrect formatting of the `Month` column due to improper use of the `TO_CHAR` function with the 'Month' format code.
  - This makes the results less reliable and potentially confusing.

**3. `2result.sql`**

- **Query Overview**:
  - Generates a list of months from January 2008 to December 2022.
  - Counts U.S. publications where:
    - The abstract includes the phrase 'internet of things' (case-insensitive).
    - The abstract is specifically in English (`f.value:"language"::STRING = 'en'`).
  - Uses proper date conversion and formatting functions.
- **Results**:
  - Provides accurate counts for each month, including months with zero filings.
  - The `Month` column is correctly formatted (e.g., 'Jan', 'Feb', 'Mar').
- **Advantages**:
  - By filtering abstracts to only those in English, it ensures that we are searching for the exact phrase 'internet of things' in the correct language.
  - Proper formatting of the month and year makes the results clear and easy to understand.
  - The use of `LOWER(f.value:"text"::STRING) LIKE '%internet of things%'` ensures case-insensitive searching.

### Conclusion:

**`2result.sql`** is the correct SQL query because it:

- Accurately filters publications to those where the abstract is in English and contains the phrase 'internet of things'.
- Correctly formats the month and year in the results.
- Includes months with zero filings, as required.
- Provides reliable and precise counts that align with the task's requirements.

### Correct SQL File:

```plaintext
2result.sql
```