After comparing the SQL queries, **`0result.sql`** is the correct answer.

**Reason:**

- **Aggregation Before Join:** In `0result.sql`, the population data is pre-aggregated by ZIP code in a subquery before joining with the ZIP code area data. This ensures that the total population counts are accurate and correspond to each ZIP code without duplication or inflation of counts.

  ```sql
  SELECT
    zipcode,
    SUM(population) AS total_population
  FROM `bigquery-public-data.census_bureau_usa.population_by_zip_2010`
  WHERE
    minimum_age IS NULL
    AND maximum_age IS NULL
    AND gender IN ('male', 'female')
  GROUP BY zipcode
  ```

- **Proper Use of Spatial Filtering:** The spatial filtering using `ST_DWithin` is correctly applied to the geometries (`polygon`) after ensuring they are not NULL. This prevents errors and ensures only ZIP codes with valid geometry are considered.

  ```sql
  WHERE
    z.polygon IS NOT NULL
    AND ST_DWithin(z.polygon, ST_GEOGPOINT(-122.3321, 47.6062), 10000)
  ```

- **Avoiding Use of ANY_VALUE:** The query avoids the use of `ANY_VALUE`, which in `1result.sql` is used to circumvent issues arising from aggregating without including all non-aggregated columns in the `GROUP BY` clause. Using `ANY_VALUE` can lead to ambiguous results if there are multiple differing values in the grouped records.

- **Cleaner JOIN Conditions:** By aggregating population data first and then joining, the query maintains clearer logic and improves performance by reducing the amount of data processed during the join.

Therefore, **`0result.sql`** correctly implements the required task by accurately summing the populations, properly applying spatial filters, and returning the requested fields.

```plaintext
0result.sql
```