After comparing the two SQL queries and their results, we can determine which query best answers the task based on accuracy and adherence to the specified conditions.

**First SQL Query (`0result.sql`):**

```sql
SELECT DATE(start_time) AS Date, COUNT(*) AS Number_of_Rides
FROM `bigquery-public-data.austin_bikeshare.bikeshare_trips`
WHERE LOWER(bike_type) = 'electric'
  AND duration_minutes > 10
  AND LOWER(subscriber_type) LIKE '%student%'
  AND LOWER(start_station_name) NOT LIKE '%mobile station%'
  AND LOWER(start_station_name) NOT LIKE '%repair shop%'
  AND LOWER(end_station_name) NOT LIKE '%mobile station%'
  AND LOWER(end_station_name) NOT LIKE '%repair shop%'
GROUP BY Date
ORDER BY Number_of_Rides DESC
LIMIT 1;
```

- **Subscriber Type Filter:** Uses `LOWER(subscriber_type) LIKE '%student%'`, which includes any subscriber types containing the word "student," such as "U.T. Student Membership" or "UT Student Membership."
- **Station Name Exclusions:** Excludes stations specifically with names containing "Mobile Station" or "Repair Shop."

**Second SQL Query (`2result.sql`):**

```sql
SELECT DATE(`start_time`) AS `Date`, COUNT(`trip_id`) AS `Number_of_Rides`
FROM `bigquery-public-data.austin_bikeshare.bikeshare_trips`
WHERE LOWER(`subscriber_type`) = 'student membership'
  AND LOWER(`bike_type`) = 'electric'
  AND `duration_minutes` > 10
  AND LOWER(`start_station_name`) NOT LIKE '%mobile%' 
  AND LOWER(`start_station_name`) NOT LIKE '%repair%'
  AND LOWER(`end_station_name`) NOT LIKE '%mobile%' 
  AND LOWER(`end_station_name`) NOT LIKE '%repair%'
GROUP BY `Date`
ORDER BY `Number_of_Rides` DESC
LIMIT 1;
```

- **Subscriber Type Filter:** Uses `LOWER(subscriber_type) = 'student membership'`, which matches exactly the subscriber type "Student Membership," as specified in the task.
- **Station Name Exclusions:** Excludes any station names containing "mobile" or "repair," covering a broader range of possible station names to be excluded, such as "Mobile Station @ Boardwalk Opening Ceremony" or "Repair Area."

**Reasoning:**

- **Accuracy in Subscriber Type Filtering:**
  - The task specifies rides taken by subscribers with **'Student Membership'**.
  - The second query accurately matches this by using `LOWER(subscriber_type) = 'student membership'`.
  - The first query includes other subscriber types that contain the word "student," which may not be intended.
  
- **Comprehensiveness in Station Name Exclusions:**
  - The task requires excluding rides starting or ending at **'Mobile Station'** or **'Repair Shop'**.
  - Real data shows station names may have variations like "Mobile Station @ Event" or "Repair Area."
  - The second query uses `NOT LIKE '%mobile%'` and `NOT LIKE '%repair%'` to exclude any station containing these keywords, ensuring all relevant stations are excluded.
  - The first query only excludes stations with names exactly matching "Mobile Station" or "Repair Shop," potentially missing other relevant stations.

**Conclusion:**

The **second SQL query (`2result.sql`)** is the correct one as it precisely filters for rides taken by subscribers with the exact 'Student Membership' and more comprehensively excludes any stations related to 'mobile' or 'repair', aligning accurately with the task's requirements.

```plaintext
2result.sql
```