After comparing the SQL queries and their corresponding results, the third query (`2result.sql`) is the correct one for calculating the combined overall average of Repetition Time, Echo Time, and Slice Thickness for the specified MRI sequences in the 'prostatex' collection.

**Reasoning:**

- **Query in `2result.sql`:**

  This query combines all the values of Repetition Time, Echo Time, and Slice Thickness into a single column using `UNION ALL`. It then calculates the overall average of all these values collectively. This method ensures that each value contributes equally to the final average, regardless of which parameter it belongs to.

  ```sql
  SELECT ROUND(AVG(value), 4) AS "Combined_Overall_Average"
  FROM (
      SELECT CAST("RepetitionTime" AS FLOAT) AS value, "collection_id", "Modality", "SeriesDescription"
      FROM IDC.IDC_V17.DICOM_ALL
  
      UNION ALL
  
      SELECT CAST("EchoTime" AS FLOAT) AS value, "collection_id", "Modality", "SeriesDescription"
      FROM IDC.IDC_V17.DICOM_ALL
  
      UNION ALL
  
      SELECT CAST("SliceThickness" AS FLOAT) AS value, "collection_id", "Modality", "SeriesDescription"
      FROM IDC.IDC_V17.DICOM_ALL
  ) sub
  WHERE "collection_id" = 'prostatex' AND "Modality" = 'MR'
      AND ("SeriesDescription" ILIKE '%t2_tse_tra%' OR "SeriesDescription" ILIKE '%ADC%')
      AND value IS NOT NULL;
  ```

- **Why `2result.sql` is correct:**

  - **Inclusive of All Values:** By unifying all values into a single set, the query accounts for every instance of Repetition Time, Echo Time, and Slice Thickness, ensuring none are omitted due to nulls in other columns.
  - **Equal Weighting:** Each measurement is given equal weight in the calculation, which is appropriate when combining different parameters into a single average.
  - **Avoids Bias from Nulls:** Since some records might have null values in one parameter but not others, the first query (`0result.sql`) could skew the average by excluding entire records where any of the three parameters is null.
  - **Accurate Representation:** The combined average in `2result.sql` represents the true overall average of all the measurements across the three parameters for the specified sequences.

- **Queries `0result.sql` and `1result.sql` Limitations:**

  - **`0result.sql`:** This query calculates the average of the sum of the three parameters divided by three for each record and then averages those results. It can be skewed if records have null values in any parameter, as it excludes those records entirely.
  - **`1result.sql`:** This query computes the average of each parameter separately and then averages those averages. This method doesn't account for the differing counts of non-null values in each parameter, potentially leading to an inaccurate combined average.

**Therefore, the correct SQL query is:**

```plaintext
2result.sql
```