After analyzing both SQL queries and their results, I have determined that **`2result.sql`** is the correct SQL to use for the task. Here's the reasoning:

### Reasoning:

1. **Use of Precise Weights:**
   - **`2result.sql`** uses the exact weights provided for each employment sector in the calculation of the vulnerable population. These weights are highly precise (e.g., `0.38423645320197042`), which ensures that the calculations are as accurate as possible.
   - **`1result.sql`**, on the other hand, rounds the weights to four decimal places (e.g., `0.3842`), which can introduce small errors in the calculation and affect the final results.

2. **Inclusion of State Names:**
   - **`2result.sql`** joins the state data with the `"GEO_US_BOUNDARIES"."STATES"` table to include both the state names and state codes in the final output. This makes the results more informative and easier to interpret.
   - **`1result.sql`** only includes the state codes, which may not be as user-friendly for interpretation without additional reference.

3. **Detailed Median Income Calculation:**
   - **`2result.sql`** computes the median income change by directly joining the 2015 and 2018 ZIP code median incomes where both values are not null. It then aggregates these values by state, ensuring that only valid data is used in the calculation.
   - **`1result.sql`** calculates the average median income per state but may include ZIP codes with null values, which can skew the results.

4. **Consistent Data Handling:**
   - **`2result.sql`** carefully casts and matches data types (e.g., casting `"geo_id"` as `VARCHAR`) to ensure accurate joins and calculations.
   - This attention to detail helps prevent potential data mismatches or errors that could arise from datatype inconsistencies.

5. **Final Output Accuracy:**
   - The results in **`2result.csv`** show slightly different (and more precise) values for the vulnerable population and income changes compared to **`1result.csv`**. This is likely due to the use of precise weights and careful data handling in **`2result.sql`**.

### Conclusion:

Given the more precise calculations, inclusion of state names, and careful data handling, **`2result.sql`** provides a more accurate and informative analysis that aligns with the requirements of the task.

---

**The correct SQL to use is:**

```plaintext
2result.sql
```