Based on the comparison of the two SQL queries and their results, the correct SQL query that best addresses the task is:

```plain
0result.sql
```

**Reasoning:**

Both SQL queries aim to compute the average, variance, max-min difference of `coloc_log2_h4_h3`, and identify the QTL source (`right_study`) with the maximum `coloc_log2_h4_h3` value, under the specified conditions. However, there are some key differences between the two queries:

1. **Efficiency:**

   - **`0result.sql`**: In the Common Table Expression (CTE) `filtered_data`, this query selects only the necessary columns: `coloc_log2_h4_h3` and `right_study`. This reduces the amount of data processed, improving query efficiency.
   - **`2result.sql`**: This query selects all columns from `vd` (`vd.*`) and `trait_reported` from `s`, retrieving more data than necessary for the final calculations.

2. **Clarity and Conciseness:**

   - **`0result.sql`**: By selecting only the required columns, the query is cleaner and easier to understand. It focuses solely on the data needed for the calculations.
   - **`2result.sql`**: Selecting all columns can introduce unnecessary complexity and may include irrelevant data for the task at hand.

3. **Correctness:**

   - Both queries correctly apply the specified conditions and perform the required calculations, resulting in the same outputs:
     - **Average**: `11.3198`
     - **Variance**: `0.0109`
     - **Max-Min Difference**: `0.1813`
     - **QTL Source of Max `coloc_log2_h4_h3`**: `PhLiPS`

4. **Task Requirements:**

   - The task specifies finding the statistical measures **and** identifying the QTL source of the maximum `coloc_log2_h4_h3`. Both queries achieve this, but `0result.sql` does so more efficiently.

**Conclusion:**

While both SQL queries produce the correct results, `0result.sql` is the preferred choice due to its efficiency, clarity, and direct focus on the necessary data for the task. It meets all the requirements without unnecessary processing of additional data.