After reviewing both SQL queries and their results, I have determined that **`2result.sql`** is the correct SQL query for the following reasons:

1. **Specific Filtering for 'SanofiAventis'**:
   - **`2result.sql`**:
     - The WHERE clause specifically filters for records where both 'sanofi' and 'aventis' are present in the `applicant_full_name` or `innovator_company` fields.
     - This ensures that only products associated with **'SanofiAventis'** are retrieved.
     ```sql
     WHERE (LOWER(p.applicant_full_name) LIKE '%sanofi%' AND LOWER(p.applicant_full_name) LIKE '%aventis%')
        OR (LOWER(p.innovator_company) LIKE '%sanofi%' AND LOWER(p.innovator_company) LIKE '%aventis%')
     ```
   - **`0result.sql`**:
     - The WHERE clause filters for records where only 'sanofi' is present in the `applicant_full_name` field.
     - This broader filter might include products associated with 'Sanofi' but not necessarily 'SanofiAventis', potentially capturing unrelated data.
     ```sql
     WHERE
       LOWER(p.`applicant_full_name`) LIKE '%sanofi%'
     ```

2. **Alignment with the Task Requirements**:
   - The task explicitly asks for molecules associated with **'SanofiAventis'**.
   - **`2result.sql`** aligns with this requirement by ensuring both 'sanofi' and 'aventis' are present in company names.
   - **`0result.sql`** does not fully meet the requirement as it may include molecules associated with 'Sanofi' alone.

3. **Accurate Results**:
   - The results from **`2result.sql`** focus on molecules linked directly to 'SanofiAventis', providing a precise list with their trade names and the most recent approval dates.
   - **`0result.sql`** includes a wider range of molecules, some of which may not be associated with 'SanofiAventis'.

**Conclusion**:

```plaintext
2result.sql
```