After comparing both SQL queries and their results, I conclude that **2result.sql** is the correct answer. Here's the reasoning:

1. **Adherence to Requirements**:
   - Both queries aim to select the inventory record for each product in order 423 that has the earliest purchase date and the smallest quantity, ensuring that the picked quantity does not exceed the available inventory in warehouse 1.
   - Both queries calculate the `quantity_to_pick` as the minimum of the required quantity and the available inventory at the selected location.
   - The results from both queries are identical:
     ```
     product_id,aisle,position,quantity_to_pick
     4280,C,1,36.0
     6520,A,29,14.0
     ```

2. **Clarity and Efficiency**:
   - **2result.sql** uses SQL window functions (`ROW_NUMBER() OVER (...)`) to efficiently rank inventory records per product based on the purchase date and quantity, which is a standard and performant approach.
   - It directly selects the top-ranked record (`WHERE "oi"."rn" = 1`) for each product, making the query concise and easier to understand.

3. **Maintainability**:
   - The use of window functions in **2result.sql** makes it more maintainable and adaptable to any future changes, such as additional prioritization conditions.
   - It avoids nested subqueries and multiple joins that can make queries more complex, as seen in **1result.sql**.

4. **Best Practices**:
   - **2result.sql** adheres to SQL best practices by leveraging built-in functions for ranking and ordering, leading to better performance, especially on large datasets.
   - It uses clear aliasing and consistent naming conventions, improving readability.

In conclusion, while both SQL queries are functionally correct, **2result.sql** is the better choice due to its clarity, efficiency, and adherence to SQL best practices.

```plaintext
2result.sql
```