After analyzing the three SQL queries and their results, the most appropriate and accurate SQL query is **`0result.sql`**.

**Reasoning:**

1. **Calculation of Region Length:**
   - **`0result.sql`** dynamically calculates the length of the region using `(55064852 - 55039447 + 1)`, which correctly includes both start and end positions. This yields a length of **25406**.
   - **`1result.sql`** calculates the length as `(55064852 - 55039447)`, which excludes the end position, resulting in a length of **25405**. This underestimates the region length by 1 base pair.
   - **`2result.sql`** uses a hardcoded length of **25406**, which is correct but less flexible than dynamically calculating the length.

2. **Density of Mutations:**
   - **`0result.sql`** computes the density using the correct region length, resulting in a density of **4.5335**, consistent with the precise calculation.
   - **`1result.sql`** computes the density using the incorrect length, leading to a slightly lower density of **4.5334**.
   - **`2result.sql`** calculates the density correctly but relies on a hardcoded region length.

3. **Dynamic Calculations:**
   - **`0result.sql`** ensures all computations are dynamic, making the query adaptable to changes in the region without modifying hardcoded values.
   - **`2result.sql`** requires manual updates if the region changes due to the hardcoded length.

4. **Formatting and Consistency:**
   - **`0result.sql`** uses semicolons to separate gene symbols (`'PCSK9; USP24'`), aligning with standard conventions for listing items.
   - All queries correctly round float values to **4 decimal places** as per the requirements.

**Conclusion:**

- **`0result.sql`** provides the most accurate and dynamically robust solution, correctly calculates the region length, and ensures precision in the density calculation.

---

**Selected SQL:**

```plain
0result.sql
```