After comparing the SQL queries and their results, the correct SQL is `0result.sql`.

**Reason:**

1. **Unique Identification of the Station:**
   - `0result.sql` includes both `stn = '725030'` and `wban = '14732'` in the `WHERE` clause.
   - Using both `stn` and `wban` ensures that we are accurately selecting data for LaGuardia Airport. This combination uniquely identifies the station in the dataset, preventing any potential ambiguity with other stations that might have similar `stn` codes.
   
2. **Proper Handling of Missing or Invalid Data:**
   - The query explicitly filters out records where `temp`, `wdsp`, or `prcp` have invalid placeholder values (e.g., `9999.9` for `temp`), which represent missing data.
   - It checks that these columns are not `NULL` and not equal to their respective invalid value indicators:
     - `temp IS NOT NULL AND CAST(temp AS FLOAT64) != 9999.9`
     - `wdsp IS NOT NULL AND CAST(wdsp AS FLOAT64) != 999.9`
     - `prcp IS NOT NULL AND CAST(prcp AS FLOAT64) != 99.99`
   - This ensures that the averages calculated are based on valid, meaningful data.
   
3. **Data Type Casting and Consistency:**
   - The query casts relevant fields to appropriate data types for accurate calculations and comparisons:
     - `CAST(_TABLE_SUFFIX AS INT64)` converts the table suffix (year) to an integer.
     - `CAST(temp AS FLOAT64)`, `CAST(wdsp AS FLOAT64)`, and `CAST(prcp AS FLOAT64)` ensure numerical calculations are precise.
   - Rounding is applied for cleaner output without significant loss of precision: `ROUND(CAST(temp AS FLOAT64), 4)`.
   
4. **Result Consistency:**
   - While all three queries produce identical results in the output CSV files, `0result.sql` provides additional safeguards (as mentioned above) to ensure data integrity.
   - By using both the `stn` and `wban` identifiers and handling missing data explicitly, the query reduces the risk of including erroneous data in the results.
   
5. **Ordering and Presentation:**
   - Results are ordered by `Year`, providing a clear chronological presentation of the data.
   
Given these reasons, `0result.sql` is the most accurate and reliable query to retrieve the average temperature, average wind speed, and precipitation for LaGuardia Airport on June 12 from 2011 through 2020.

```plaintext
0result.sql
```