```plaintext
2result.sql
```

I chose `2result.sql` as the correct SQL because it accurately calculates the average trip duration in minutes without unnecessary rounding, providing a more precise result. Both SQL queries aim to compute the same metric using similar logic and conditions. However, `2result.sql` preserves the decimal precision in the final average, which is important for statistical accuracy, especially when dealing with averages where small differences can be significant.

In `2result.sql`, the calculation divides the difference between `dropoff_datetime` and `pickup_datetime` by `(60 * 1e6)` to convert microseconds to minutes, resulting in a precise average trip duration:

```sql
SELECT AVG( ("dropoff_datetime" - "pickup_datetime") / (60 * 1e6) ) AS "average_trip_duration_minutes"
FROM NEW_YORK_PLUS.NEW_YORK_TAXI_TRIPS.TLC_YELLOW_TRIPS_2016 t
JOIN NEW_YORK_PLUS.NEW_YORK_TAXI_TRIPS.TAXI_ZONE_GEOM z
  ON t."pickup_location_id" = z."zone_id"
WHERE z."borough" = 'Brooklyn'
  AND t."passenger_count" > 3
  AND t."trip_distance" >= 10
  AND t."pickup_datetime" >= 1454284800000000
  AND t."pickup_datetime" < 1454889600000000
  AND t."dropoff_datetime" > t."pickup_datetime";
```

The result is:

```
average_trip_duration_minutes
51.102511376712
```

This unrounded value allows for more precise reporting or further calculations if needed. In contrast, `0result.sql` rounds the average to four decimal places using the `ROUND` function, which might lead to a loss of precision:

```sql
SELECT 
    ROUND( AVG( (t."dropoff_datetime" - t."pickup_datetime") / 1000000.0 / 60.0 ), 4 ) AS "average_trip_duration_minutes"
FROM
    NEW_YORK_PLUS.NEW_YORK_TAXI_TRIPS.TLC_YELLOW_TRIPS_2016 t
JOIN 
    NEW_YORK_PLUS.NEW_YORK_TAXI_TRIPS.TAXI_ZONE_GEOM z
    ON t."pickup_location_id" = z."zone_id"
WHERE
    z."borough" = 'Brooklyn'
    AND t."passenger_count" > 3
    AND t."trip_distance" >= 10
    AND t."pickup_datetime" >= 1454284800000000
    AND t."pickup_datetime" < 1454889600000000
    AND (t."dropoff_datetime" - t."pickup_datetime") > 0;
```

The result is:

```
average_trip_duration_minutes
51.1025
```

While both queries are functionally correct, `2result.sql` provides a more precise and accurate average trip duration, making it the better choice for the task.