After comparing both SQL queries and analyzing their approaches, the correct SQL query is:

```plain
1result.sql
```

**Reasoning:**

Both queries aim to calculate how the average reputation and number of badges vary among Stack Overflow users based on the number of complete years they have been members, considering only those who joined on or before October 1, 2021. They both produce identical results in their CSV outputs.

However, the key differences lie in how they handle date conversions and comparisons:

1. **Date Conversion and Comparison:**

   - **First Query (`1result.sql`):**

     - Converts the `creation_date` from microseconds to a timestamp using `TO_TIMESTAMP_NTZ(U."creation_date" / 1000000)`.
     - Compares the user's creation timestamp directly with the date `'2021-10-01'`, converted to an epoch timestamp in microseconds for accurate comparison:
       ```sql
       WHERE U."creation_date" <= (DATE_PART(EPOCH_SECOND, DATE '2021-10-01') * 1000000)
       ```
     - This ensures that both sides of the comparison are in the same unit (microseconds), avoiding any potential type mismatches.

   - **Second Query (`2result.sql`):**

     - Also converts `creation_date` from microseconds to a timestamp but compares it with `TO_DATE('2021-10-01')`, which returns a date:
       ```sql
       WHERE TO_TIMESTAMP_NTZ(u."creation_date" / 1000000) <= TO_DATE('2021-10-01')
       ```
     - Comparing a timestamp with a date could lead to potential issues due to type mismatches or time components not accounted for.

2. **Consistency and Precision:**

   - The first query maintains consistency by working entirely with timestamps and microseconds, ensuring precise calculations.
   - By converting the comparison date `'2021-10-01'` into an epoch timestamp in microseconds, it aligns accurately with the `creation_date` format.

3. **Simplicity and Clarity:**

   - The first query is more straightforward, avoiding unnecessary subqueries and potential type casting issues.
   - It directly computes the difference in years and performs the necessary averages, leading to clearer and more maintainable code.

**Conclusion:**

While both queries produce the same results, the first query (`1result.sql`) is more accurate and reliable due to its careful handling of date conversions and comparisons, ensuring that all date and time values are in compatible formats.