Upon comparing the three SQL queries and their results, **`2result.sql`** is the correct SQL for the following reasons:

**1. Accurate Date Range Inclusion:**

- **Candidate 2 (`2result.sql`)** accurately includes all trips that started on **February 1, 2016**, up to and including **February 7, 2016**. It does this by converting the dates to epoch microseconds using `DATE_PART(EPOCH_MICROSECOND, TO_TIMESTAMP(...))` and specifying:

  ```sql
  T."pickup_datetime" >= DATE_PART(EPOCH_MICROSECOND, TO_TIMESTAMP('2016-02-01 00:00:00'))
  AND T."pickup_datetime" < DATE_PART(EPOCH_MICROSECOND, TO_TIMESTAMP('2016-02-08 00:00:00'))
  ```

  This ensures the inclusion of all trips on February 7 up until just before midnight on February 8.

- **Candidate 1 (`1result.sql`)** attempts to include trips until the end of February 7 by using:

  ```sql
  t."pickup_datetime" BETWEEN 1454284800000000 AND 1454899199000000
  ```

  However, `1454899199000000` corresponds to `2016-02-07 23:59:59`, potentially excluding trips that occurred at `2016-02-07 23:59:59.999999`. This may result in slightly fewer trips being included in the calculation.

- **Candidate 0 (`0result.sql`)** incorrectly sets the upper limit of the date range to `1454889600000000`, which corresponds to `2016-02-07 00:00:00`, effectively **excluding all trips on February 7**.

**2. Correct Calculation of Average Trip Duration:**

- All candidates calculate the average trip duration by subtracting `"pickup_datetime"` from `"dropoff_datetime"` and converting the difference from microseconds to minutes.

- **Candidate 2** uses:

  ```sql
  ROUND(AVG( ("dropoff_datetime" - "pickup_datetime") / (60 * 1000000.0) ), 4)
  ```

  This correctly converts the duration to minutes and rounds the result to four decimal places for precision.

- **Candidate 1** performs a similar calculation but the date range issue may have led to a different result.

- **Candidate 0** calculates the average without trips from February 7, which affects the overall average duration.

**3. Consistent and Accurate Result:**

- **Candidate 2's** result is **`51.1025`** minutes, which is consistent with the expected average duration when including all trips from February 1 to February 7.

- **Candidate 1's** result is **`50.7242`** minutes, slightly lower than Candidate 2's result, likely due to the exclusion of some trips at the end of February 7.

- **Candidate 0's** result is **`51.102511376712`** minutes, similar to Candidate 2's result but without including trips from February 7, indicating that including February 7 does not significantly alter the average duration and supporting the accuracy of Candidate 2's result.

**Conclusion:**

**Candidate 2 (`2result.sql`)** is the correct SQL query as it correctly includes the entire date range specified in the task, accurately calculates the average trip duration, and provides a consistent and precise result.

```plain
2result.sql
```