After analyzing the provided SQL queries and their results, **1result.sql** appears to be the most accurate and appropriate query to answer the question:

**"What is the monthly proportion of Stack Overflow questions tagged with 'python' in the year 2022?"**

Here's the reasoning:

### **1. Accuracy in Tag Matching**

- **1result.sql** uses a precise method to identify questions tagged with 'python'. It checks for:
  - Questions where the `"tags"` column is exactly `'python'`.
  - Tags starting with `'python|'`, meaning 'python' is the first tag.
  - Tags containing `'|python|'`, meaning 'python' is a middle tag.
  - Tags ending with `'|python'`, meaning 'python' is the last tag.
- This method ensures that only tags matching 'python' as a complete tag are considered, avoiding partial matches (e.g., 'cpython', 'python3').

### **2. Correct Calculation of Proportion**

- **1result.sql** calculates the proportion by dividing the **sum of 'python' questions** (`SUM("is_python")`) by the **total number of questions** (`COUNT(*)`) for each month.
- This direct calculation is clear and aligns with the definition of proportion.

### **3. Proper Handling of Month Names and Numbers**

- **1result.sql** uses a `CASE` statement to map month numbers to their correct month names (e.g., 1 to 'January', 2 to 'February'). This provides clear and correctly spelled month names in the results.
- The month numbers are formatted with leading zeros using `LPAD` for consistency (e.g., '01', '02').

### **4. Consistent Date Filtering**

- The query filters data for the year 2022 by extracting the year from the timestamp:
  ```sql
  WHERE EXTRACT(YEAR FROM TO_TIMESTAMP_NTZ("creation_date" / 1000000)) = 2022
  ```
- This ensures only questions created in 2022 are considered.

### **5. Clear and Simple Query Structure**

- **1result.sql** uses a Common Table Expression (CTE) named `monthly_data` for clarity, separating the data preparation from the final aggregation.
- The final `SELECT` statement aggregates and orders the results in a straightforward manner.

### **Comparison with Other Queries**

- **0result.sql** and **2result.sql** have issues with the month names:
  - The month names appear as 'Janth', 'Febth', 'Marth', etc., which are incorrect.
  - This seems to be due to an error in the `TO_CHAR` function or formatting.
- **2result.sql** includes months with zero values ('October', 'November', 'December') even though the data might not be available for these months yet. This could skew the interpretation.
- The tag matching in **0result.sql** and **2result.sql** may not be as precise, potentially including partial matches or excluding valid ones.

---

Based on these reasons, the most suitable and accurate SQL query is:

```plain
1result.sql
```