After carefully comparing the two SQL queries and their corresponding results, **`0result.sql`** emerges as the correct and more appropriate SQL statement to fulfill the task requirements.

---

**Reasons for Choosing `0result.sql`:**

1. **Filtering Named Storms:**
   - **Task Requirement:** The task specifically asks for storms that are **named**, implying that unnamed storms should be excluded.
   - **`0result.sql`:** Includes the condition `AND h."name" IS NOT NULL AND h."name" <> 'NOT_NAMED'` to exclude storms without names or those labeled as 'NOT_NAMED'.
   - **`1result.sql`:** Only checks for `h."name" IS NOT NULL AND h."name" != ''`, but does not filter out storms named 'NOT_NAMED', potentially including unnamed storms in the results.

2. **Country Filter for Ports:**
   - **Task Requirement:** Ports should lie within U.S. state boundaries and be in the United States.
   - **`0result.sql`:** Includes the condition `AND p."country" = 'US'`, ensuring that only ports identified as being in the United States are considered.
   - **`1result.sql`:** Does not explicitly filter ports by country, relying solely on spatial intersection, which may include ports not officially recognized as U.S. ports.

3. **Exclusion of Invalid or Unknown Saffir-Simpson Classifications:**
   - **`0result.sql`:** Adds `AND h."usa_sshs" <> -4` to exclude records with an invalid or unknown Saffir-Simpson classification (assuming '-4' represents such cases).
   - **`1result.sql`:** Does not exclude these potential anomalies, possibly affecting the accuracy of the average storm category calculation.

4. **Handling Null Values in Wind Speed and Category:**
   - **`0result.sql`:** Ensures that both `h."wmo_wind"` and `h."usa_sshs"` are not null with `AND h."wmo_wind" IS NOT NULL AND h."usa_sshs" IS NOT NULL`. This prevents null values from skewing the average calculations.
   - **`1result.sql`:** Lacks these null checks, potentially including records with null wind speeds or categories, which could compromise data integrity.

5. **Use of Appropriate Spatial Functions:**
   - Both SQL queries perform spatial joins to associate ports with states and identify storms near ports. However, `0result.sql` uses `ST_CONTAINS`, which is suitable for checking if a port lies within a state's boundaries, aligning with the task's requirement.

6. **Results Align with Task Requirements:**
   - The results from `0result.sql` show ports affected by named storms, with appropriate storm names and without 'NOT_NAMED' entries. This indicates the query successfully filters and compiles the data as per the task.

---

**Conclusion:**

`0result.sql` is the correct SQL query as it thoroughly implements the filtering conditions required to produce accurate and relevant results for the task. It ensures that only U.S. ports within region 6585 are included, considers only named storms in the North Atlantic basin with the specified wind speeds and Saffir-Simpson classifications, and effectively excludes irrelevant or invalid data.

---

**Output:**

```plaintext
0result.sql
```