Upon comparing the two SQL queries and their results, I conclude that **`0result.sql`** is the correct answer.

**Reasoning:**

1. **Aggregation of Data:**
   - **`0result.sql`** uses the `AVG` function and groups by `n.County_of_Residence`, which is important if there are multiple records for a county in the natality dataset. This ensures that we calculate the average number of prenatal weeks correctly across all relevant records.
   - **`2result.sql`** does not use any aggregation function, which could lead to inaccurate results if there are multiple entries for a county.

2. **JOIN Conditions:**
   - In **`0result.sql`**, the JOIN condition is `n.County_of_Residence_FIPS = c.geo_id`, which directly matches the full FIPS codes of counties between the two datasets.
   - In **`2result.sql`**, the JOIN condition is `RIGHT(a.geo_id, 5) = b.County_of_Residence_FIPS`. This may cause mismatches if `geo_id` contains more than 5 digits or if there are leading zeros.

3. **State Filtering:**
   - Both queries correctly filter for Wisconsin counties using the state FIPS code `'55'`. However, **`0result.sql`** uses `SUBSTR(c.geo_id, 1, 2) = '55'`, which accurately extracts the state code from `geo_id`.

4. **Handling Division and Null Values:**
   - **`0result.sql`** includes conditions `c.employed_pop > 0` and `c.commute_45_59_mins IS NOT NULL` to prevent division by zero or null values.
   - **`2result.sql`** uses `SAFE_DIVIDE`, which is good practice, but it might still produce `NULL` values if `employed_pop` is zero, potentially excluding valid records.

5. **Result Consistency:**
   - While both queries produce the same results in this case, **`0result.sql`** is more robust due to proper aggregation and safer JOIN conditions, ensuring accuracy even if the data changes.

**Conclusion:**

Considering the above points, **`0result.sql`** is the correct SQL query for accurately listing the average number of prenatal weeks in 2018 for Wisconsin counties where more than 5% of the employed population had commutes of 45-59 minutes in 2017.

```plaintext
0result.sql
```