After comparing the three SQL queries and their results, **`0result.sql`** is the correct query that fulfills your requirements.

**Reasoning:**

- **`0result.sql`** accurately calculates the years of service for each male legislator from Louisiana by:
  - Computing the difference between the earliest `term_start` and the latest `term_end` for each legislator.
  - Converting this duration into years by dividing by 365.25.
  - Casting the result to an integer to represent complete years of service.
- It correctly filters legislators who have served **more than 30 years** (`"years_of_service" > 30`) and **less than 50 years** (`"years_of_service" < 50`), as specified.
- The query groups the results by `"years_of_service"` and counts the number of legislators for each group, providing an aggregated count.
- The output in **`0result.csv`** shows the years of service and the corresponding number of legislators, accurately reflecting the legislators who meet the criteria.

**Issues with Other Queries:**

- **`1result.sql`**:
  - **Includes Legislators with Exactly 30 Years of Service**: Despite the `HAVING total_service_years > 30` condition, the inclusion of a `Years_of_Service` value of 30 suggests that legislators with exactly 30 years are included. This contradicts the requirement to include only those who served **more than 30 years**.
  - **Potential Rounding Errors**: Casting to an integer before applying the `HAVING` clause may cause rounding down, inadvertently including legislators with slightly over 30 years of service but rounded down to 30.
- **`2result.sql`**:
  - **Incorrect Aggregation**: The query does not properly aggregate the counts. Multiple entries for the same `Years_of_Service` with a count of 1 indicate that legislators are not grouped correctly.
  - **Redundant Rows**: Instead of combining legislators with the same years of service into a single row with the total count, it lists each legislator separately.

**Conclusion:**

- **`0result.sql`** accurately computes and aggregates the data according to your specifications, making it the correct choice.

```plaintext
0result.sql
```