After comparing both SQL queries and their results, **`0result.sql`** is the correct answer.

**Reason:**

1. **State Filtering Using `state_code`:**
   - In `0result.sql`, the filter condition uses `"state_code" = '06'` to select data for California.
   - In `1result.sql`, the filter uses `"state_name" = 'California'`.
   - **Using `"state_code"` is more reliable** because it is less prone to typos or variations in the state name (e.g., 'CA', 'California ', case sensitivity). State codes are standardized and consistently used in databases.

2. **Date Filtering:**
   - `0result.sql` filters dates using `"date_local" BETWEEN '2020-01-01' AND '2020-12-31'`.
   - `1result.sql` uses `EXTRACT(YEAR FROM "date_local") = 2020`.
   - Both methods are functionally equivalent, but **using `BETWEEN` ensures that all dates within the range are captured**, including any nuances with date formats.

3. **Ensuring All Months Are Represented:**
   - `0result.sql` creates a months table that includes all 12 months:
     ```sql
     SELECT '1' AS "Month_Number" UNION ALL ... SELECT '12'
     ```
   - This ensures that **even if there is no data for a particular month**, the month will still appear in the final result with `NULL` values.
   - `1result.sql` directly uses the months from the `pm10` CTE, which might exclude months without PM10 data.

4. **Data Consistency and Completeness:**
   - By including all months and using standardized codes, `0result.sql` provides a **more complete and reliable dataset**.
   - It avoids potential issues with missing months or inconsistent state naming.

Therefore, **`0result.sql`** is preferred for its precision, reliability, and completeness.

```plain
0result.sql
```