After reviewing the three SQL queries and their results, the correct SQL query is **`1result.sql`**.

**Reasoning:**

- **Task Requirements:**
  - We are to find the distinct `StudyInstanceUID`s in the **"qin_prostate_repeatability"** collection.
  - The studies must include **T2-weighted axial MR imaging**.
  - They must also contain anatomical structure segmentations labeled as **"Peripheral zone"**.

- **Understanding the Data Structure:**
  - In the `SEGMENTATIONS` table, the **"SegmentedPropertyType"** column is of **VARIANT** type, likely containing nested JSON data.
  - To search within this nested structure for the term **"Peripheral zone"**, we need to **flatten** or parse the VARIANT data.

- **Comparison of the SQL Queries:**

  - **Option 0 (`0result.sql`):**
    ```sql
    SELECT DISTINCT t1."StudyInstanceUID"
    FROM IDC.IDC_V17."DICOM_PIVOT" t1
    JOIN IDC.IDC_V17."SEGMENTATIONS" t2
      ON t1."StudyInstanceUID" = t2."StudyInstanceUID"
    WHERE t1."collection_id" = 'qin_prostate_repeatability'
      AND t1."SeriesDescription" ILIKE '%T2%'
      AND t1."Modality" = 'MR'
      AND t2."SegmentedPropertyType"::STRING ILIKE '%Peripheral zone%'
    ```
    - **Issue:** Directly casting `"SegmentedPropertyType"` to STRING and applying `ILIKE` may not correctly search within the nested JSON data in the VARIANT column.

  - **Option 1 (`1result.sql`):**
    ```sql
    SELECT DISTINCT dp."StudyInstanceUID"
    FROM IDC.IDC_V17.DICOM_PIVOT dp
    JOIN IDC.IDC_V17.SEGMENTATIONS seg ON dp."StudyInstanceUID" = seg."StudyInstanceUID"
    JOIN LATERAL FLATTEN(input => seg."SegmentedPropertyType") f
    WHERE dp."collection_id" = 'qin_prostate_repeatability'
      AND dp."SeriesDescription" ILIKE '%T2%'
      AND dp."Modality" = 'MR'
      AND f.value::string ILIKE '%Peripheral zone%'
    ```
    - **Correct Approach:** This query uses **`LATERAL FLATTEN`** to parse and flatten the VARIANT `"SegmentedPropertyType"` column.
    - It then searches within the flattened data for the term **"Peripheral zone"**, ensuring accurate matching.

  - **Option 2 (`2result.sql`):**
    ```sql
    SELECT DISTINCT D."StudyInstanceUID"
    FROM "IDC"."IDC_V17"."DICOM_PIVOT" D
    JOIN "IDC"."IDC_V17"."SEGMENTATIONS" S
      ON D."StudyInstanceUID" = S."StudyInstanceUID"
    WHERE D."collection_id" = 'qin_prostate_repeatability'
      AND D."SeriesDescription" ILIKE '%T2%'
      AND D."Modality" = 'MR'
      AND S."SegmentedPropertyType" ILIKE '%Peripheral zone%'
    ```
    - **Issue:** Similar to Option 0, this query directly applies `ILIKE` to the VARIANT `"SegmentedPropertyType"`, which may not correctly search within the nested data.

- **Conclusion:**
  - **Option 1** properly handles the nested JSON structure in `"SegmentedPropertyType"` by flattening it.
  - This ensures that the term **"Peripheral zone"** is accurately searched within the segmentation data.
  - The result set from **Option 1** is consistent with the task's requirements.

```plaintext
1result.sql
```