After comparing the three SQL queries and their results, the correct SQL query that satisfies the task requirements is:

```plaintext
2result.sql
```

**Reasoning:**

- **Task Requirements:**
  - Combine the `"trees"` and `"income_trees"` tables by `"zipcode"`.
  - Include records where:
    - Both `"Estimate_Median_income"` and `"Estimate_Mean_income"` are greater than zero.
    - `"boroname"` (borough name) is valid (not `NULL` and not empty).
  - Identify the three boroughs with the highest number of trees.
  - Calculate the average mean income for each of these three boroughs.

- **Analysis of the SQL Queries:**

  **1. `0result.sql`:**

  - Uses `COUNT(*)` to count the number of trees.
  - Does not explicitly filter out records with `NULL` or empty `"zipcode"` values.
  - The `JOIN` condition ensures that only records with matching non-null `"zipcode"` values are included.
  
  **2. `1result.sql`:**

  - Adds additional conditions to filter out `NULL` or empty `"zipcode"` values from the `"trees"` table.
  - These conditions are redundant because the `JOIN` on `"zipcode"` already excludes records where `"zipcode"` is `NULL` or empty.
  
  **3. `2result.sql`:**

  - Uses `COUNT(t."tree_id")` to specifically count the number of tree records based on the unique `tree_id`.
  - Ensures that only valid `"boroname"` values are considered (`IS NOT NULL` and `TRIM(t."boroname") <> ''`).
  - Filters records where both `"Estimate_Median_income"` and `"Estimate_Mean_income"` are greater than zero.
  - Does not include unnecessary conditions, making it efficient and precise.

- **Conclusion:**

  - **`2result.sql`** is the correct query because it:

    - Accurately counts the number of trees using the `tree_id`, ensuring we're counting actual tree records.
    - Includes only valid borough names and income data as per the task.
    - Avoids redundant conditions, making the query cleaner and more efficient.

- **Result:**

  The query correctly identifies the three boroughs with the highest number of trees and calculates their average mean income:

  | Borough        | Number_of_Trees | Average_Mean_Income     |
  |----------------|-----------------|-------------------------|
  | Queens         | 256,056         | 79,312.57               |
  | Brooklyn       | 184,711         | 73,675.98               |
  | Staten Island  | 106,374         | 94,029.33               |

These results align with the task's requirements and provide the necessary information.