After analyzing the provided SQL queries and their results, we can determine which SQL query accurately fulfills the task requirements.

**Task Requirements**:

- **Calculate the maximum number of valid temperature record days** among all stations in 2019.
- **Identify stations** where the number of **valid temperature record days reaches 90% or more of this maximum**.
- **Filter stations** that have a **`begin` date on or before 1/1/2000** and an **`end` date on or after 6/30/2019**.

**Comparison of SQL Queries**:

1. **`0result.sql`**:
   - Correctly parses dates and filters stations based on `begin` and `end` dates.
   - Calculates `max_valid_days` after filtering stations by date, which may exclude some stations with the highest valid days count.
   - Counts **distinct `stn`**, potentially overlooking unique station identifiers that include both `stn` and `wban`.

2. **`1result.sql`**:
   - Correctly filters stations based on `begin` and `end` dates.
   - Calculates `max_days` across all stations before date filtering, ensuring the maximum possible value is used.
   - Uses `ROUND(0.9 * max_days, 4)` to account for any floating-point precision issues.
   - Counts stations based on unique combinations of **`stn` and `wban`**, accurately representing unique weather stations.

3. **`2result.sql`**:
   - Calculates the ratio of valid temperature days to total days **per station**, not relative to the **maximum number of valid days across all stations**.
   - This approach does not align with the requirement of using the maximum number of valid days among all stations.
   - Results in a higher count (**7627**), which suggests it includes stations that do not meet the specific criteria.

**Conclusion**:

- **`1result.sql`** precisely implements the task requirements by:
  - Calculating the maximum number of valid temperature days across all stations.
  - Identifying stations with valid days reaching 90% or more of this maximum.
  - Properly filtering based on `begin` and `end` dates.
  - Accounting for unique station identifiers using both `stn` and `wban`.

**Final Answer**:

```plaintext
1result.sql
```