After comparing the three SQL queries and their results, I conclude that **`2result.sql`** is the correct answer.

**Reasoning:**

- **Accurate Calculation of Variants:**
  - Both `0result.sql` and `2result.sql` report the same number of variants (`5604`), which suggests consistency in counting variants within the specified region.
  - `1result.sql` reports a different number of variants (`5184`), likely due to grouping issues or incorrect counting.

- **Total Number of Alleles:**
  - `2result.sql` calculates the total number of alleles by summing the `"AN"` field across all variants without using `DISTINCT`, ensuring an accurate total.
  - In `0result.sql`, the use of `SUM(DISTINCT t."AN")` may lead to incorrect summation since `"AN"` values can be the same across different variants.
  - `2result.sql` reports `790,936,430` as the total number of alleles, which is consistent with the data.

- **Total Allele Count:**
  - `2result.sql` correctly sums the allele counts from the `"AC"` values within the `"alternate_bases"` arrays.
  - The total allele count (`7,917,038`) matches between `1result.sql` and `2result.sql`, indicating accurate aggregation.

- **Density of Mutations:**
  - Both `0result.sql` and `2result.sql` compute the density of mutations as `4.5335`, which is calculated by dividing the length of the region by the number of variants.
  - `1result.sql` gives a different density (`4.9008`) due to the different variant count.

- **Proper Use of SQL Constructs:**
  - `2result.sql` uses Common Table Expressions (CTEs) to organize the calculation steps clearly.
  - It avoids potential errors from incorrect grouping or summing by not using `DISTINCT` where it could exclude necessary duplicate values.

**Conclusion:**

```plain
2result.sql
```