After reviewing the three candidate SQL queries and their results, I have determined that **`2result.sql`** is the correct SQL query. Here is the reasoning:

**Comparison of SQL Queries:**

1. **`0result.sql` and `1result.sql`:**
   - Both queries join the purchases of other products made by customers who bought the "Google Red Speckled Tee" (`user_pseudo_id` matching).
   - However, they do not correctly account for the **month** when aggregating the other products. They may include purchases made by these customers in different months, not necessarily in the same month they bought the "Google Red Speckled Tee".
   - The results show **unrealistically high quantities**, especially in January (e.g., "Google Utility BackPack" with quantities in the billions), indicating an issue with data aggregation or duplicates.

2. **`2result.sql`:**
   - This query carefully matches the purchases of other products made by customers **in the same month** they bought the "Google Red Speckled Tee".
   - It considers both the `user_pseudo_id` and the **year and month** of the purchase, ensuring accurate correlation.
   - The results show **reasonable quantities** for the most purchased other products each month.
     - November 2020: "Google Decal" with a quantity of 17.
     - December 2020: "Google Navy Speckled Tee" with a quantity of 10.
     - January 2021: "Google PNW Campus Sticker" with a quantity of 12.

**Conclusion:**

- **`2result.sql`** correctly answers the question by identifying the most purchased other products and their quantities by customers who bought the "Google Red Speckled Tee" **each month** from November 2020 to January 2021.
- It ensures that only purchases made in the **same month** are considered, providing accurate and meaningful insights.
- The quantities are realistic and align with typical purchase behavior.

---

**Selected SQL Query:**

```plaintext
2result.sql
```