After analyzing the three SQL queries and their corresponding results, I have determined that **`2result.sql`** is the correct SQL query that accurately answers the task. Here's the reasoning:

**Task Recap:**

- **Objective:** Find the count of the youngest and oldest users, respectively, for male and female users.
- **Date Range:** From **January 2019** to **April 2022**.
- **Requirements:**
  - Consider only users created within the specified date range.
  - Separate counts for male and female users.
  - Identify the youngest and oldest ages for each gender within the date range.
  - Count the number of users who match these youngest and oldest ages for each gender.

**Comparison of SQL Queries:**

1. **`0result.sql`:**

   - **Date Range Used:** `BETWEEN 1546300800000000 AND 1651363200000000`
     - **Note:** The end timestamp `1651363200000000` corresponds to **May 1, 2022** (00:00:00), which includes data from May 1st.
   - **Logic:**
     - Finds the youngest and oldest ages for each gender within the date range.
     - Counts users matching those ages.
   - **Result Discrepancy:**
     - Counts for oldest female users are **467**.

2. **`1result.sql`:**

   - **Date Range Used:** Same as `0result.sql`.
   - **Logic:**
     - Similar to `0result.sql`, with the addition of mapping genders `'M'` and `'F'` to `'Male'` and `'Female'`.
   - **Result Discrepancy:**
     - Counts remain the same as in `0result.sql`, including the potential date range issue.

3. **`2result.sql`:**

   - **Date Range Used:** `BETWEEN 1546300800000000 AND 1651276800000000`
     - **Note:** The end timestamp `1651276800000000` corresponds to **April 30, 2022** (00:00:00), correctly aligning with the end of April.
   - **Logic:**
     - Uses Common Table Expressions (CTEs) for clarity and structure.
     - First, finds the youngest ages per gender within the date range.
     - Then, counts the number of users who have these youngest ages.
     - Repeats the process for the oldest ages.
   - **Accuracy:**
     - Correctly implements the specified date range (January 2019 to April 2022).
     - Provides accurate counts based on the precise date range.
   - **Result:**
     - Counts for oldest female users are **465**, which differs from the counts in `0result.sql` and `1result.sql` due to the accurate date range.

**Reason for Choosing `2result.sql`:**

- **Correct Date Range Implementation:**
  - `2result.sql` uses the exact end date of **April 30, 2022**, matching the task's requirement.
  - The other SQL queries (`0result.sql` and `1result.sql`) include data from **May 1, 2022**, which is outside the specified date range.
- **Accurate Results:**
  - The counts in `2result.sql` are accurate because they exclude any users created on or after May 1, 2022.
  - The slight differences in counts (e.g., oldest female users count being 465 instead of 467) are due to the correct date filtering.
- **Clear and Maintainable SQL:**
  - The use of CTEs in `2result.sql` improves readability and maintenance.
  - It clearly separates the logic for finding youngest and oldest users.

**Conclusion:**

- **`2result.sql`** is the correct SQL query because it precisely fulfills the task's requirements, particularly regarding the date range.

```plaintext
2result.sql
```