After reviewing the three SQL queries and their results, I have determined that **`1result.sql`** is the correct SQL query that answers the question:

**"Can you tell me which healthcare provider incurs the highest combined average costs for both outpatient and inpatient services in 2014?"**

**Reasoning:**

- **Understanding the Question:**
  - The question seeks to identify the healthcare provider with the **highest combined average cost per service** for both inpatient and outpatient services in 2014.
  - This involves calculating the average cost per inpatient discharge and the average cost per outpatient service for each provider, then combining these averages to find the provider with the highest total average cost.

- **Analyzing the SQL Queries:**

  - **Option 0 (`0result.sql`):**
    - Calculates total payments and total services (discharges and outpatient services) for each provider.
    - Computes the combined average payment per service by dividing the total payments by the total number of services.
    - **Limitation:** This method gives equal weight to inpatient discharges and outpatient services, which may not accurately represent the average costs, especially if the volumes of inpatient and outpatient services differ significantly between providers.

  - **Option 1 (`1result.sql`):**
    - Calculates the **weighted average payment per inpatient discharge** and the **weighted average payment per outpatient service** for each provider.
    - Combines these two averages to get a **combined average cost per provider**.
    - Orders the results to find the provider with the highest combined average cost.
    - **Strength:** This method accurately reflects the average cost by considering the weight (number of services) of each payment, providing a true average cost per service type.

  - **Option 2 (`2result.sql`):**
    - Calculates the **total payments** (not the average) for inpatient and outpatient services per provider.
    - Adds these totals to get a combined total payment per provider.
    - Orders the results to find the provider with the highest combined total payments.
    - **Limitation:** This method identifies the provider with the highest total payments, not the highest average costs per service. It favors larger providers with higher service volumes.

- **Conclusion:**
  - **`1result.sql`** correctly calculates the combined average costs per provider by computing weighted averages for both inpatient and outpatient services and addresses the question's requirement.
  - The result identifies **UNITY MEDICAL AND SURGICAL HOSPITAL** as the provider with the highest combined average costs for both service types in 2014.

---

Therefore, the correct SQL query is:

```plaintext
1result.sql
```