After analyzing the three SQL queries and their results, I have determined that **`0result.sql`** is the correct query to answer the task.

**Reasoning:**

1. **Unique Team Identification:**
   - **`0result.sql`** groups the teams by `"team_id"`, `"market"`, and `"name"`, ensuring that each team is uniquely identified. This is crucial because many college teams share common nicknames (e.g., "Tigers", "Wildcats"), and grouping only by `"name"` can lead to aggregation across different teams.
   - In contrast, **`1result.sql`** and **`2result.sql`** group the results solely by `"name"`, which can combine different teams with the same nickname into a single group. This approach does not accurately reflect individual team performances.

2. **Accurate Results Reflecting Individual Teams:**
   - The output of **`0result.sql`** provides specific teams with their associated markets and names:
     ```
     team_market                       | team_name   | num_max_win_seasons
     ---------------------------------------------------------------------
     University of Kentucky            | Wildcats    | 6
     University of California, Los Angeles | Bruins  | 6
     Western Kentucky University       | Hilltoppers | 5
     Texas Southern University         | Tigers      | 5
     University of Pennsylvania        | Quakers     | 5
     ```
   - This output indicates that the University of Kentucky Wildcats and UCLA Bruins each had the maximum wins in a season 6 times between 1900 and 2000.
   - The outputs from **`1result.sql`** and **`2result.sql`** show team nicknames without distinguishing between different schools. For example, "Tigers" appears multiple times because several schools use that nickname (e.g., LSU Tigers, Clemson Tigers, Princeton Tigers). This aggregation leads to inaccurate results:
     ```
     Team_Name | Number_of_Times_Max_Wins
     -------------------------------------
     Tigers    | 9
     Wildcats  | 8
     Bruins    | 6
     Quakers   | 5
     Hilltoppers | 5
     ```
   - Additionally, **`2result.csv`** includes an empty `"Team_Name"` with a count of 9, which suggests data quality issues or missing team names in the dataset.

3. **Robust Query Structure:**
   - **`0result.sql`** uses Common Table Expressions (CTEs) to first calculate the maximum wins per season and then identify the teams that achieved those wins. This step-by-step approach makes the query clear and ensures accurate joins.
   - The query filters seasons between 1900 and 2000 and properly handles potential NULL values by grouping on unique identifiers.

**Conclusion:**

**`0result.sql`** is the correct query because it accurately identifies the top 5 most successful college basketball teams based on the number of times they had the maximum wins in a season, without conflating teams that share common nicknames.

```plain
0result.sql
```