The correct SQL query is `1result.sql`.

**Reason:**

The task requires pulling the blockchain timestamp, block number, and transaction hash for the first five **mint** and **burn** events from Ethereum logs for the address `'0x8ad599c3a0ff1de082011efddc58f1908eb6e6d8'`. Additionally, the mint and burn events are identified by their specific event topic hashes, and we need to ensure we're only capturing events where these topics are the **first topic** in the `topics` array (`topics[0]`), as per Ethereum's event logs standard.

Comparing the two SQL queries:

**1. `1result.sql`:**

```sql
SELECT
  CAST(t."block_timestamp" / 1000000 AS NUMERIC(15,4)) AS "block_timestamp",
  t."block_number",
  t."transaction_hash"
FROM
  CRYPTO.CRYPTO_ETHEREUM.LOGS t,
  LATERAL FLATTEN(input => t."topics") f
WHERE
  t."address" = '0x8ad599c3a0ff1de082011efddc58f1908eb6e6d8'
  AND f."INDEX" = 0
  AND f."VALUE"::STRING IN (
    '0x7a53080ba414158be7ec69b987b5fb7d07dee101fe85488f0853ae16239d0bde',
    '0x0c396cd989a39f4459b5fa1aed6a9a8dcdbc45908acfd67e028cd568da98982c'
  )
ORDER BY
  t."block_timestamp" ASC
LIMIT 5;
```

- **Correctly filters by the first topic (`f."INDEX" = 0`):** This ensures that only events where the specified mint and burn event topics are **at the first position** in the `topics` array are included, which aligns with the standard behavior of Ethereum events where the event signature hash is stored in `topics[0]`.
- **Casts the block timestamp to a numeric format with four decimal places:** Divides by `1000000` to convert microseconds to seconds and casts it appropriately.
- **Orders the results by `block_timestamp` in ascending order:** Retrieves the earliest events first, as required.
- **Limits the results to the first five events:** As per the task's instructions.

**2. `2result.sql`:**

```sql
SELECT
    ROUND(t."block_timestamp" / 1e6, 4) AS "block_timestamp",
    t."block_number",
    t."transaction_hash"
FROM
    "CRYPTO"."CRYPTO_ETHEREUM"."LOGS" t,
    LATERAL FLATTEN(input => t."topics") f
WHERE
    t."address" = '0x8ad599c3a0ff1de082011efddc58f1908eb6e6d8'
    AND f.value IN (
        '0x7a53080ba414158be7ec69b987b5fb7d07dee101fe85488f0853ae16239d0bde',
        '0x0c396cd989a39f4459b5fa1aed6a9a8dcdbc45908acfd67e028cd568da98982c'
    )
ORDER BY
    t."block_timestamp" ASC,
    t."transaction_hash" ASC
LIMIT 5;
```

- **Does not filter by the first topic (`f."INDEX" = 0` is missing):** This means it could include logs where the mint or burn event topics appear in positions other than the first position in the `topics` array. In Ethereum logs, `topics[0]` is reserved for the event signature hash, so not restricting to `f."INDEX" = 0` could result in incorrect data.
- **Uses `ROUND` for timestamp conversion:** Functionally similar to `CAST` in this context.
- **Orders the results by `block_timestamp` and `transaction_hash`:** Adding `transaction_hash` in the `ORDER BY` clause is unnecessary for this task unless we need to handle duplicate timestamps, which is not specified.
- **Limits the results to the first five events:** Correctly adheres to the instruction.

**Conclusion:**

While both queries produce the same result in this specific case, `1result.sql` is the correct choice because:

- It explicitly ensures that only events where the specified mint and burn topics are in the **first position** of the `topics` array are included, by using `f."INDEX" = 0`. This is crucial for accurately identifying mint and burn events according to Ethereum's logging mechanism.
- It directly aligns with the task's requirements, ensuring precision and correctness in data retrieval.

**Therefore, the correct SQL is:**

```plain
1result.sql
```