After comparing the two SQL queries and their results, I have determined that **`2result.sql`** is the correct SQL query for the task.

**Reasoning:**

- **Objective Alignment:** Both queries aim to list all distinct molecules associated with 'SanofiAventis', along with their trade names and the most recent approval dates. They use the `ROW_NUMBER()` window function to select the most recent approval date per molecule.

- **Query Structure Differences:**

  - **`1result.sql`:**
    - Starts from the `"PRODUCTS_23"` table.
    - Joins `"FORMULATIONS_23"` on `"product_id"`.
    - Joins `"MOLECULE_DICTIONARY_23"` on `"molregno"`.
    - The query order focuses on products first, then molecules.

  - **`2result.sql`:**
    - Starts from the `"MOLECULE_DICTIONARY_23"` table.
    - Joins `"FORMULATIONS_23"` on `"molregno"`.
    - Joins `"PRODUCTS_23"` on `"product_id"`.
    - The query order focuses on molecules first, which aligns better with the task.

- **Why `2result.sql` is Preferred:**

  - **Focus on Molecules:** Starting with the `"MOLECULE_DICTIONARY_23"` table ensures that the primary entity of interest—molecules (`"chembl_id"`)—is central to the query. This approach reduces the risk of missing any molecules associated with 'SanofiAventis'.

  - **Performance Consideration:** Depending on the database and indexing, starting from the molecule table may optimize query performance when filtering and aggregating data related to molecules.

  - **Clarity:** The query explicitly emphasizes molecules, which improves readability and maintainability.

- **Results Verification:**

  - Both queries produce similar results, but upon closer inspection, the results from **`2result.sql`** more accurately reflect the distinct molecules associated with 'SanofiAventis' and their most recent approval dates.

  - The output in **`2result.csv`** shows a comprehensive list of molecules with no redundancies, matching the task's requirements.

**Therefore, the correct SQL query is:**

```plaintext
2result.sql
```