After comparing the two SQL queries and their results, the correct SQL query that best addresses the task is **`0result.sql`**.

**Reasoning:**

- **Task Objective**: Identify start positions associated with **missense variants** in the **BRCA1 gene** on chromosome 17, where the **reference base** is `'C'` and the **alternate base** is `'T'`.

- **BRCA1 Gene Location**: The BRCA1 gene is located on chromosome 17 between positions **43044295** and **43125483** (GRCh37/hg19 assembly).

- **SQL Comparison**:

  - **`0result.sql`**:

    ```sql
    SELECT DISTINCT t."start_position"
    FROM "GNOMAD"."GNOMAD"."V2_1_1_EXOMES__CHR17" t,
         LATERAL FLATTEN(input => t."alternate_bases") ab
    WHERE
      t."start_position" BETWEEN 43044295 AND 43125482 AND
      t."reference_bases" = 'C' AND
      ab.value:"alt"::STRING = 'T' AND
      t."variant_type" = 'snv';
    ```

    - **Focuses on the BRCA1 gene region** by filtering `start_position` between **43044295** and **43125482**.
    - Filters for variants where the **reference base** is `'C'` and the **alternate base** is `'T'`.
    - Includes a condition for **variant type** being `'snv'`.
    - **Note**: While it doesn't explicitly filter for missense variants, it targets the correct gene region and includes relevant conditions.

  - **`1result.sql`**:

    ```sql
    SELECT DISTINCT t."start_position"
    FROM GNOMAD.GNOMAD."V2_1_1_EXOMES__CHR17" t,
         LATERAL FLATTEN(input => t."alternate_bases") ab
    WHERE t."reference_bases" = 'C'
      AND ab.value:"alt"::STRING = 'T'
      AND t."start_position" BETWEEN 41196312 AND 41322420;
    ```

    - Filters `start_position` between **41196312** and **41322420**, which corresponds to a different gene region (likely **BRCA2**).
    - Does not include conditions that specifically target the BRCA1 gene or missense variants.

- **Conclusion**: **`0result.sql`** is the correct SQL query because it queries the correct BRCA1 gene region on chromosome 17 and includes relevant filtering conditions aligning with the task requirements.

**Answer:**

```plaintext
0result.sql
```