After comparing the three SQL queries, I have determined that **`0result.sql`** is the correct answer. Here's the reasoning:

**Comparison of the SQL Queries:**

1. **`0result.sql`**:
   - **Conditions Used**:
     - Filters ports under `region_number = '6585'`.
     - Ensures ports are within U.S. state boundaries using `ST_CONTAINS(s.state_geom, p.port_geom)`.
     - Filters storms in the North Atlantic basin with `h.basin = 'NA'`.
     - Selects storms with wind speeds of at least 35 knots using `h.usa_wind >= 35`.
     - Excludes storms labeled 'NOT_NAMED' with `h.name != 'NOT_NAMED'`.
   - **Spatial Join**:
     - Uses a proximity of **100 km** (`100000` meters) with `ST_DWITHIN(p.port_geom, ST_GEOGPOINT(h.longitude, h.latitude), 100000)`.
   - **Conclusion**: This SQL query aligns perfectly with the specified conditions in the task.

2. **`1result.sql`**:
   - **Differences**:
     - Uses `h.wmo_wind >= 35` instead of `h.usa_wind >= 35`. The task specifies using `usa_wind`.
     - Applies `LOWER(h.name) != 'not_named'`, which functions similarly to `h.name != 'NOT_NAMED'`.
     - The rest of the conditions are similar.
   - **Conclusion**: While similar, this query uses `wmo_wind` instead of `usa_wind`, which does not match the task's specified conditions.

3. **`2result.sql`**:
   - **Differences**:
     - Uses a proximity of **50 km** (`50000` meters) instead of the specified 100 km.
   - **Conclusion**: This query does not use the specified 100 km distance and therefore doesn't fully meet the task requirements.

**Result:**

Based on the above analysis, **`0result.sql`** is the SQL query that correctly implements all the specified conditions of the task and produces the accurate result.

```plaintext
0result.sql
```