After reviewing the three SQL scripts and their results, I have determined that **`0result.sql`** is the correct SQL script for the task. Here's the reasoning:

### Explanation:

1. **Accurate Inventory Simulation:**
   - The `0result.sql` script uses a **recursive CTE (`inventory_simulation`)** to simulate the monthly inventory adjustments for each product throughout 2019.
   - It starts with the initial inventory levels and considers **sales**, **restocking**, and **minimum required levels** for each subsequent month.
   - Restocking occurs **only when the ending inventory before restock falls below the minimum required level**, accurately reflecting the given restocking policy.

2. **Correct Calculation of Differences:**
   - The script calculates the **difference between the ending inventory (after potential restocking) and the minimum required level** for each month.
   - By using the **`ROW_NUMBER()` window function**, it selects the month with the **smallest difference** per product, which is precisely what the task requires.

3. **Results Align with Expected Outcomes:**
   - The result shows that for **product 6520**, the smallest difference is **0.0** in **June 2019**, meaning the ending inventory exactly matches the minimum required level at that time.
   - For **product 6600**, the smallest difference is **10.0** in **March 2019**.
   - These results make sense given the sales patterns and restocking quantities, indicating that the script correctly models the inventory adjustments.

4. **Better Alignment than Other Scripts:**
   - The other scripts (`1result.sql` and `2result.sql`) either do not properly simulate the month-over-month inventory changes or do not accurately implement the restocking policy.
   - Their resulting differences are higher and occur in **January 2019**, which suggests they might not be considering the cumulative effect over the months or restocking appropriately.

### Conclusion:

Based on the above reasoning, **`0result.sql`** is the SQL script that correctly fulfills the task requirements by accurately simulating the inventory levels and identifying the smallest difference between the ending inventory and the minimum required level for each product.

---

```plaintext
0result.sql
```