After analyzing the three SQL queries and their results, **`0result.sql`** is the correct choice that best solves the task of finding two adjacent cities with the greatest distance between them.

---

**Reasoning:**

1. **`0result.sql`**:

   - **Approach**: This query calculates the nearest neighboring city for each city within the same state. It considers cities as adjacent if they are the closest to each other within their state.
   - **Calculations**:
     - It computes the average latitude and longitude for each city to represent its central point.
     - Calculates the pairwise distances between cities in the same state.
     - Determines the nearest neighbor for each city.
     - From these nearest neighbor pairs, it selects the pair with the greatest distance.
   - **Result**:
     - The output shows the pair of adjacent cities with the greatest minimum distance between them.
     - The distance calculated (1,680.3553 km between "clevelândia do norte" and "clevelandia do norte") is plausible within Brazil's geography.

2. **`1result.sql`** and **`2result.sql`**:

   - **Approach**: Both queries attempt to find adjacent cities by matching cities that share the same zip code prefix but have different names.
   - **Issues**:
     - The calculated distances are unrealistically large (over 5,600 km and 9,500 km), which exceed Brazil's maximum geographical dimensions.
     - These excessive distances suggest that the queries are matching cities that are not truly adjacent or are possibly in different countries due to data inaccuracies.
     - There may be issues with data handling, such as duplicate city entries with different spellings or coordinates, leading to incorrect distance calculations.
   - **Conclusion**: Due to these inconsistencies and implausible results, these queries do not correctly solve the task.

---

**Conclusion:**

- **`0result.sql`** correctly identifies pairs of adjacent cities (based on proximity within the same state) and calculates the distances accurately.
- It aligns with the task's requirement to find two adjacent cities with the greatest distance between them.
- Therefore, **`0result.sql`** is the appropriate choice.

```plaintext
0result.sql
```