After carefully reviewing the three SQL queries and their corresponding results, I conclude that **`2result.sql`** is the correct query for the following reasons:

1. **ICD-10-CM Codes Usage**: The question specifically asks for percentages based on **ICD-10-CM codes**: L70 (Acne), L20 (Atopic dermatitis), L40 (Psoriasis), and L80 (Vitiligo), including their subcategories.

2. **Queries 0 and 1 Use ICD-9-CM Codes**:
   - **`0result.sql`** and **`1result.sql`** filter on `"condition_source_value"` using patterns like `'706%'`, `'691%'`, `'6961%'`, and `'70901'`.
   - These codes correspond to **ICD-9-CM** codes:
     - 706.x: Diseases of sebaceous glands (Acne)
     - 691.x: Atopic dermatitis
     - 696.1: Psoriasis
     - 709.01: Vitiligo
   - Therefore, they do **not** align with the requested ICD-10-CM codes.

3. **`2result.sql` Correctly Implements ICD-10-CM Codes**:
   - It defines the conditions using the **ICD-10-CM codes** and their subcategories by matching `"concept_code"` starting with `'L70'`, `'L20'`, `'L40'`, and `'L80'`.
   - It ensures that only concepts from the **ICD10CM vocabulary** are considered.
   - It maps source concepts to standard concepts using the `'Maps to'` relationship, which is essential for standardization in OMOP.

4. **Accurate Mapping Through CONCEPT_RELATIONSHIP**:
   - By joining the `CONCEPT` table with the `CONCEPT_RELATIONSHIP` table, **`2result.sql`** accurately captures all standard concepts that correspond to the specified ICD-10-CM codes and their subcategories.
   - This approach respects the OMOP Common Data Model's principles for mapping source codes to standard concepts.

5. **Results Reflect ICD-10-CM Data**:
   - The percentages in **`2result.csv`** are consistent with data filtered using ICD-10-CM codes.
   - The differences in percentages compared to the other queries suggest that a different code set (ICD-10-CM vs. ICD-9-CM) was used.

6. **Compliance with the Question's Requirements**:
   - **`2result.sql`** directly addresses the question by focusing on the ICD-10-CM codes and their subcategories.
   - It provides an accurate calculation of the percentage of participants with each condition as defined by the specified ICD-10-CM codes.

**Conclusion**:

Based on the above reasoning, the correct SQL query that meets the requirements is:

```plain
2result.sql
```