After reviewing and comparing the three SQL queries and their results, **the third SQL query (`2result.sql`) appears to be the most accurate and appropriate for determining the highest annual revenue reported by a U.S. state in 2016**. Here's the reasoning:

---

### **Comparison of the SQL Queries:**

#### **1. `0result.sql`:**

- **Uses the `QUICK_SUMMARY` table.**
- Converts units like thousands, millions, and billions to actual numbers.
- **Result:** Texas (`TX`) with a highest annual revenue of `1,143,783.817` billion dollars.

**Issue:**
- The revenue figure for Texas is over **1.14 million billion dollars** (or over **$1.14 quadrillion**), which is economically implausible. This suggests that the query may be aggregating values incorrectly, possibly due to:
  - **Double-counting** revenues from the same companies.
  - Not accounting for **duplicate entries** or different measures of revenue.

#### **2. `1result.sql`:**

- **Uses the `NUMBERS` table** joined with `MEASURE_TAG` and `SUBMISSION`.
- Filters entries where `TAG_LABEL` contains 'Revenue'.
- **Result:** Texas (`TX`) with a highest annual revenue of `3,226,139.7414` billion dollars.

**Issue:**
- The revenue figure for Texas is over **3.22 million billion dollars** (or over **$3.22 quadrillion**), which is even higher than the first query and clearly implausible.
- Similar to the first query, this indicates issues with data aggregation and possibly including irrelevant or redundant data.

#### **3. `2result.sql`:**

- **Specifically filters for `MEASURE_TAG` = `'Revenues'`** to focus on the main revenue category.
- Uses the `NUMBERS` table joined with `SUBMISSION`.
- Ensures that:
  - Data covers **all four quarters** (`NUMBER_OF_QUARTERS` = 4).
  - Companies are based in the **U.S.** (`countryba` = 'US').
  - Data is for the **fiscal year 2016**.
  - Units are in **USD** (`UNITS` = 'USD').
- **Result:** New York (`NY`) with a highest annual revenue of `13,514.4294` billion dollars.

**Advantage:**
- The revenue figure for New York is approximately **$13.5 trillion**, which, while still a large number, is within a more reasonable range considering the aggregate revenues of major corporations headquartered in New York.
- The query is **more precise and accurate** because:
  - It **focuses on a single, well-defined revenue measure** (`'Revenues'`), reducing the risk of including irrelevant data.
  - It filters out entries with **non-USD units** or inconsistent reporting periods.

---

### **Conclusion:**

- **`2result.sql` is the correct SQL query** because it provides a more accurate and realistic calculation of the highest annual revenue by:
  - Precisely targeting the main revenue category.
  - Ensuring consistency in units and reporting periods.
  - Avoiding data duplication and over-aggregation issues present in the other queries.

---

**Answer:**

```plaintext
2result.sql
```