Among the three SQL queries provided, **`0result.sql`** is the correct one for the following reasons:

1. **Correct Date Cutoff**: The task requires considering data only up until **September 10, 2024**. The Unix timestamp for this date is **1725926400**. In `0result.sql`, the date cutoff is correctly set to `1725926400`:
   ```sql
   WHERE "by" IS NOT NULL AND "time" <= 1725926400
   ```

   The other two SQL queries (`1result.sql` and `2result.sql`) use a date cutoff of **September 10, 2023**, which does not meet the requirement.

2. **Accurate Identification of Inactive Users**:
   - `0result.sql` effectively filters out users who became inactive after their last recorded activity month by checking for the absence of any activity after their last active month.
   - It does this by creating a temporary table (`activity_after`) to find any activities occurring after the last recorded month for each user. Users with no such activities are considered inactive.

3. **Selection of User with Highest Last Active Month**:
   - The query identifies the highest `last_active_year_month` among inactive users:
     ```sql
     WHERE last_active_year_month = (SELECT MAX(last_active_year_month) FROM inactive_users)
     ```
   - It then selects the user ID and corresponding month number for the user with the highest `last_active_year_month`.

4. **Correctly Retrieves ID and Month Number**:
   - The final `SELECT` statement retrieves the `ID` and `Last_active_month` as required:
     ```sql
     SELECT TOP 1 f."id" AS "ID", EXTRACT(MONTH FROM TO_TIMESTAMP(f."time")) AS "Last_active_month"
     ```

5. **Consistent with the Task Requirements**:
   - The output `ID: 41495685` with `Last_active_month: 9` aligns with the data up to September 10, 2024, indicating that the highest month number among inactive users is **September (9)** in 2024.

**In contrast**, the other SQL queries have issues:

- **`1result.sql`**:
  - Uses a cutoff date of **September 10, 2023**, which is a year earlier than required.
  - Excludes users whose last activity was in **September 2023**, potentially missing users who became inactive after that month.

- **`2result.sql`**:
  - Also uses the incorrect date cutoff of **September 10, 2023**.
  - The query logic may not accurately identify users who became inactive after their last recorded month since it lacks the necessary checks against future activities.

**Therefore, the correct SQL query is:**

```plaintext
0result.sql
```