After comparing the SQL queries and their results, I conclude that **`0result.sql`** is the correct answer. Here's the reasoning:

### **Reasoning:**

1. **Accurate Team Identification:**

   - **`0result.sql`** correctly identifies the teams involved by joining the `mbb_games_sr` and `mbb_teams` tables using the specific `game_id` for the 2014 game between the Kentucky Wildcats and the Notre Dame Fighting Irish.
   - It retrieves the `alias` for both the home and away teams, ensuring the team names (`UK` for Kentucky and `ND` for Notre Dame) are accurately represented.

2. **Correct Calculation of Cumulative Scores:**

   - The query calculates cumulative scores for both teams using window functions (`SUM` with `OVER`) ordered by `elapsed_time_sec`. This correctly accumulates the points as the game progresses.
   - It distinguishes between the home and away teams using their team IDs, ensuring that the points are attributed to the correct team.

3. **Comprehensive and Chronological Output:**

   - The result includes all the requested details: **period**, **game clock**, **team scores**, **scoring team**, and **description** of each scoring event.
   - The data is arranged **chronologically** based on `elapsed_time_sec`, reflecting the actual flow of the game.
   - The `team_scores` column combines the cumulative scores with the team aliases, providing a clear view of the score at each point in the game.

4. **Consistency with the Task Requirements:**

   - The query aligns with the task by focusing specifically on the game between the Wildcats and the Fighting Irish during the 2014 season.
   - It provides a detailed scoring summary that matches the requested format and content.

5. **Comparison with Other Queries:**

   - **`1result.sql`** and **`2result.sql`** also attempt to provide similar information, but there are differences:
     - **`1result.sql`** uses fixed team IDs but may not handle cases where team IDs might differ across datasets or periods.
     - **`2result.sql`** includes additional joins and calculations but may introduce complexity without adding accuracy.
   - **`0result.sql`** offers a balance of accuracy and simplicity, directly addressing the task.

---

### **Conclusion:**

Based on the above reasoning, **`0result.sql`** is the SQL query that correctly provides the required summary of the scoring plays.

```plaintext
0result.sql
```