After comparing the three SQL queries and their results, **1result.sql** is the correct answer.

**Reason:**

1. **Proper Handling of Null Values:**
   - The query uses `COALESCE` functions to handle `NULL` values for user reputation, question score, and badge count. This ensures that if any of these fields are `NULL`, they are represented as `0` in the results, preventing errors or misleading data.
   - For example, `COALESCE(u.reputation, 0)` ensures that if a user’s reputation is `NULL` (e.g., deleted or anonymous users), it is displayed as `0`.

2. **Avoiding Division by Zero:**
   - The condition `q.view_count > 0` in the `EXISTS` subquery prevents division by zero when calculating the score-to-view ratio. If `view_count` were `0`, dividing by zero would result in an error.
   - The use of `NULLIF(q.view_count, 0)` further safeguards against division by zero by returning `NULL` if `view_count` is `0`.

3. **Precision in Score-to-View Ratio Calculation:**
   - The query uses `ROUND(COALESCE(a.score, 0) / NULLIF(q.view_count, 0), 4)` to calculate the score-to-view ratio with up to four decimal places. This adds precision to the ratio, ensuring accurate comparisons against the threshold of `0.01`.

4. **Use of Common Table Expression (CTE):**
   - The use of `WITH badge_counts AS (...)` makes the query more organized and readable. It computes badge counts upfront, which can improve query performance by preventing redundant computations.
   - It also clarifies the logical steps of the query, making it easier to understand and maintain.

5. **Consistent Ordering:**
   - The query orders results by `Body_Length DESC, Question_ID DESC`, ensuring that the longest questions are listed first. If there are questions with the same body length, they are further ordered by their `Question_ID` in descending order.

6. **Correct Application of Conditions:**
   - The query correctly applies the conditions specified: selecting questions that either have an accepted answer or have an answer with a score-to-view ratio greater than `0.01`.
   - By combining both conditions using `OR`, it ensures that all qualifying questions are included.

7. **Accurate and Consistent Results:**
   - The results generated by `1result.sql` match the expected output, showing the top 10 longest questions that meet the specified criteria, along with the correct user reputation, question score, and badge count.

**Conclusion:**

Due to its thorough handling of potential issues (like `NULL` values and division by zero), precision in calculations, and adherence to the specified requirements, **1result.sql** is the correct and most robust query among the three provided.

---

```plaintext
1result.sql
```