After comparing the two SQL queries and their results, I have determined that **`2result.sql`** is the correct SQL to answer the task.

**Reasoning:**

1. **Inclusion of All Data Levels (Level1 to Level4):**
   - **`2result.sql`** queries all four imaging data levels (Level1, Level2, Level3, Level4), which is essential to provide a complete overview of available data levels for each imaging assay type at the HTAN WUSTL center.
   - **`0result.sql`** starts from Level2 and does not include Level1 data, missing potential assay types available at Level1.

2. **Precise Filtering for HTAN WUSTL Center:**
   - **`2result.sql`** uses the condition `"HTAN_Center" = 'HTAN WUSTL'` to precisely filter records belonging to the HTAN WUSTL center.
   - **`0result.sql`** uses `"HTAN_Center" ILIKE '%WUSTL%'`, which is less precise and may unintentionally include records from other centers if their names contain 'WUSTL'.

3. **Consistent Column Naming:**
   - **`2result.sql`** standardizes the assay type column as `"Imaging_Assay_Type"` across all levels, making the results easy to interpret.
   - **`0result.sql`** uses `"Assay_Type"`, which may cause confusion if compared with other queries or documentation using standard column names.

4. **Ordering of Results:**
   - **`2result.sql`** includes an `ORDER BY` clause to sort the results by `"Imaging_Assay_Type"` and `"Data_Level"`, enhancing readability and analysis.
   - **`0result.sql`** does not order the results, which may make analysis more difficult.

5. **Alignment with the Task Requirements:**
   - The task requires listing the different imaging assay types and their respective data levels (Level1 to Level4) available at the HTAN WUSTL center.
   - **`2result.sql`** fulfills this requirement by providing a comprehensive and organized list, including assays available at all data levels.

**Conclusion:**

**`2result.sql`** is the correct SQL because it thoroughly addresses the task by:

- Including all relevant data levels (Level1 to Level4).
- Precisely filtering records for the HTAN WUSTL center.
- Excluding records where the 'Component' is NULL or contains 'Auxiliary' or 'OtherAssay'.
- Providing an organized and complete list of imaging assay types with their available data levels.

**Answer:**

```plaintext
2result.sql
```