After comparing both SQL queries, **`2result.sql`** is the correct one.

**Reason:**

- **Chromosome Matching:** `2result.sql` ensures accurate chromosome matching by concatenating `'chr'` to the `chromosome` field from the copy number segment data (`cns`). This aligns with the `chromosome` format in the cytoband data (`cb`), which is important for consistent matching, especially for sex chromosomes like `'X'` and `'Y'`.
  
  ```sql
  ON 'chr' || cns."chromosome" = cb."chromosome"
  ```
  
- **Cytoband Coverage:** It uses `cb."cytoband_name" LIKE '15q11%'` to include all sub-cytobands under `'15q11'` (e.g., `'15q11.1'`, `'15q11.2'`). This ensures that the calculation considers the entire `'15q11'` cytoband region and not just an exact match.
  
  ```sql
  AND cb."cytoband_name" LIKE '15q11%'
  ```
  
- **Division by Zero Handling:** The query uses `NULLIF` in the denominator to prevent division by zero errors if there are no overlapping segments.
  
  ```sql
  NULLIF(
    SUM(
      LEAST(cns."end_pos", cb."hg38_stop") - GREATEST(cns."start_pos", cb."hg38_start") + 1
    ), 0
  )
  ```
  
- **Robustness and Clarity:** The query is more comprehensive and less prone to errors due to its careful handling of string concatenation and potential data variations.

Both queries produce the same result, but `2result.sql` is more accurate and reliable for the reasons mentioned.

---

```plain
2result.sql
```