After carefully reviewing and comparing the three SQL queries provided, I conclude that **`0result.sql`** is the correct SQL query for the task. Here's the reasoning:

### Explanation:

1. **Specificity to Final Packaging Combinations:**
   - `0result.sql` specifically starts the recursion from the **final packaging combinations**, which are packaging items not contained within any other packaging (`final_packaging` CTE). This ensures that only the top-level packaging combinations are considered in the calculation, exactly as per the task requirement.

2. **Accurate Identification of Leaf-Level Items:**
   - It accurately identifies **leaf-level items** using the `leaf_items` CTE by selecting packaging items that do not contain any other items. This ensures that only the actual end products (leaf nodes in the packaging hierarchy) are counted.

3. **Recursive Expansion of Nested Relationships:**
   - The recursive CTE `cte` correctly expands all nested packaging relationships, multiplying the quantities appropriately to account for the quantities at each level of the hierarchy.

4. **Precise Calculation of Total Quantities:**
   - In the `total_quantities` CTE, it aggregates the quantities of only the leaf-level items for each final packaging, which aligns perfectly with the requirement to consider "only the leaf-level items within each combination after fully expanding any nested packaging relationships."

5. **Correct Averaging of Total Quantities:**
   - Finally, it calculates the average of the total quantities across all final packaging combinations, which is the exact metric requested.

### Comparison with Other SQL Queries:

- **`1result.sql` and `2result.sql`** also aim to perform similar calculations but have some shortcomings:
  - **`1result.sql`** includes all packaging relations in the base case without restricting to final packaging combinations. It filters the top-level packaging later, which could be less efficient.
  - **`2result.sql`** uses double quotes around identifiers, which is acceptable in some SQL dialects but can cause issues in others. It also may be less clear due to the naming conventions used.

- **Efficiency and Clarity:**
  - `0result.sql` is more efficient and clearer since it starts the recursion directly from the final packaging combinations and uses standard SQL syntax without unnecessary complexities.

### Conclusion:

**`0result.sql`** best satisfies the task's requirements by accurately and efficiently computing the average total quantity across all final packaging combinations, considering only the leaf-level items after fully expanding any nested packaging relationships.

---

```plaintext
0result.sql
```