After analyzing each of the SQL queries and their corresponding results, we can determine which one best aligns with the task requirements.

**Task Summary**:
- **Port Criteria**:
  - Listed under **region number '6585'**.
  - Located **within a U.S. state boundary** (not just in the country 'US').
- **Storm Criteria**:
  - **Named** tropical storms (excluding 'NOT_NAMED').
  - Wind speeds of **at least 35 knots**.
  - Occurred in the **North Atlantic basin ('NA')**.
- **Goal**: Identify the port that appears **most frequently inside the geographic areas** of such storms.

**Analysis of the Provided SQL Queries**:

1. **`0result.sql`**:
   - **Pros**:
     - Filters ports under region number '6585'.
     - Considers storms in the 'NA' basin with wind speeds ≥ 35 knots.
   - **Cons**:
     - Only checks if the port's country is 'US' but **does not validate if the port is within U.S. state boundaries**.
     - Uses a **distance of 200 km**, which may be too broad to accurately represent the storm's impact area.
   - **Result**: Returns **BEAUFORT** with a frequency of **368**.

2. **`1result.sql`**:
   - **Pros**:
     - Filters ports under region number '6585'.
     - **Validates that ports are within U.S. state boundaries** using a spatial join with the `STATES` table and `ST_CONTAINS`.
     - Considers storms in the 'NA' basin with wind speeds ≥ 35 knots, excluding 'NOT_NAMED'.
     - Uses a **distance of 100 km**, providing a reasonable approximation of the storm's area.
   - **Cons**:
     - None significant; aligns well with the task requirements.
   - **Result**: Returns **BEAUFORT** with a frequency of **108**.

3. **`2result.sql`**:
   - **Pros**:
     - Similar to `1result.sql` but uses a **smaller distance of 50 km**.
     - Validates that ports are within U.S. state boundaries.
   - **Cons**:
     - The **50 km distance may be too restrictive**, potentially missing some storm events that affected the ports.
   - **Result**: Returns **BEAUFORT** with a frequency of **41**.

**Conclusion**:

- **`1result.sql`** is the most appropriate query because:
  - It **ensures ports are within U.S. state boundaries**, satisfying the strict location requirement.
  - It uses a **reasonable distance of 100 km** to approximate the storm's area, balancing inclusivity and specificity.
  - It filters out 'NOT_NAMED' storms and considers only those with wind speeds ≥ 35 knots in the 'NA' basin.

Therefore, **`1result.sql`** best meets the task's criteria and provides the most accurate result.

```plaintext
1result.sql
```