```plaintext
1result.sql
```

**Reasoning:**

After carefully analyzing the three candidate SQL queries and their results, **`1result.sql`** is the correct choice for the following reasons:

1. **Accurate Patient Filtering:**
   - **Project/Cohort Selection:**
     - `1result.sql` uses `"disease_code" = 'BRCA'` to filter for the TCGA-BRCA cohort. This aligns with the clinical data where `"disease_code"` is used to specify the disease type.
     - The initial observations mention that `"disease_code"` is relevant for filtering the TCGA-BRCA cohort.
   - **Age at Diagnosis:**
     - The query correctly converts `"age_at_diagnosis"` from days to years by dividing by `365.25` and ensures patients are 80 years old or younger.
     - This is essential because `"age_at_diagnosis"` is provided in days.
   - **Pathological Stage:**
     - It filters patients with `"pathologic_stage"` in `('Stage I', 'Stage II', 'Stage IIA')`, matching the task requirements.

2. **Appropriate Data Aggregation:**
   - **SNORA31 Expression:**
     - It calculates the **average RNA-Seq expression** (`AVG(r."HTSeq__Counts" + 1)`) per patient and then applies the `LOG10` transformation.
     - Averaging is important if multiple samples or measurements exist for a patient, ensuring a single representative value for correlation.
   - **miRNA Expression:**
     - It computes the **average microRNA expression** (`AVG(m."reads_per_million_miRNA_mapped")`) per patient and microRNA.
     - This aggregation ensures consistency and reliability in the correlation analysis.

3. **Correct Statistical Computations:**
   - **Correlation Calculation:**
     - The query computes the Pearson correlation coefficient (`CORR("SNORA31_log_expr", "miRNA_avg_expr")`) between the log-transformed SNORA31 expression and average miRNA expression for each microRNA.
   - **Sample Size Filtering:**
     - It filters out microRNAs with sample counts (`n`) of 25 or fewer, adhering to the requirement of having more than 25 samples.
   - **Correlation Coefficient Range:**
     - The query includes only those microRNAs where the absolute Pearson correlation coefficient (`ABS(r)`) is between 0.3 and 1.0.
   - **t-statistic Calculation:**
     - It correctly calculates the t-statistic using the formula: `t = r * sqrt((n - 2) / (1 - r^2))`.
     - This statistic is crucial for assessing the significance of the correlation.

4. **Data Integrity and Consistency:**
   - **Proper Joins:**
     - The query joins the clinical data, SNORA31 expression data, and miRNA expression data correctly using `"case_barcode"`.
   - **Use of Valid Identifiers:**
     - It uses consistent aliases and fully qualifies column names, ensuring clarity and preventing ambiguity.

5. **Alignment with Task Requirements:**
   - **Comprehensive Output:**
     - The result includes the microRNA IDs and their corresponding t-statistics, which directly addresses the task.
   - **Adherence to Instructions:**
     - The query closely follows the specified conditions and calculations outlined in the task description.

**In contrast:**

- **`0result.sql`:**
  - **Potential Issues with Averaging:**
    - It attempts to average the log-transformed expressions across patients (`AVG(s."log_SNORA31_expr")` and `AVG(m."log_miRNA_expr")`), which is inappropriate since the correlation should be computed across patients, not across microRNAs.
  - **Incorrect Use of Averages in Correlation:**
    - Utilizing averaged expressions in the correlation calculation can obscure the true relationship between SNORA31 and each microRNA expression across individual patients.

- **`2result.sql`:**
  - **Age Filtering Error:**
    - It does not convert `"age_at_diagnosis"` from days to years by dividing by `365.25`. This likely results in incorrect patient selection, as the age values would be interpreted incorrectly.
  - **Simplified Data Handling:**
    - Similar to `1result.sql`, but due to the incorrect age filtering, the data set used may not meet the task requirements.

**Conclusion:**

**`1result.sql`** is the correct SQL query as it properly filters the patients, accurately computes the required statistics, and adheres strictly to the task specifications. It ensures data integrity and provides a reliable basis for the analysis.