After carefully reviewing the three SQL queries and their corresponding results, here's the analysis:

**Option 0 (`0result.sql`):**

- **SQL Analysis:**
  - The query filters for counties where the percentage of employed people with a 45-59 minute commute is **greater than 50%**:
    ```sql
    (C."commute_45_59_mins" / C."employed_pop") * 100 > 50
    ```
  - However, the task specifies counties where this percentage is **greater than 5%**.
  - Using `> 50` instead of `> 5` is a mismatch with the task requirement.
- **Conclusion:**
  - This query incorrectly filters based on a 50% threshold instead of the required 5%.
  - **Therefore, `0result.sql` is incorrect.**

**Option 1 (`1result.sql`):**

- **SQL Analysis:**
  - The query uses `commuters_16_over` as the denominator to calculate the percentage:
    ```sql
    (t1."commute_45_59_mins" / t1."commuters_16_over") * 100 > 5
    ```
  - The task specifies that the percentage should be calculated based on the **employed population**, not the total number of commuters aged 16 and over.
  - Although `commuters_16_over` and `employed_pop` might be similar, they are not necessarily the same, and using the incorrect denominator could lead to inaccurate results.
- **Conclusion:**
  - This query does not precisely match the task's requirement of using the employed population.
  - **Therefore, `1result.sql` may not be the most accurate choice.**

**Option 2 (`2result.sql`):**

- **SQL Analysis:**
  - The query calculates the percentage using the **employed population** as the denominator, which aligns with the task's requirement:
    ```sql
    (a."commute_45_59_mins" / NULLIF(a."employed_pop", 0)) * 100 > 5
    ```
  - It also properly handles potential division by zero with `NULLIF(a."employed_pop", 0)`.
  - The query filters for counties in Wisconsin (`LEFT(n."County_of_Residence_FIPS", 2) = '55'`) and data from 2018 (`EXTRACT(YEAR FROM n."Year") = 2018`).
  - The join condition correctly matches county FIPS codes, accounting for potential formatting differences.
- **Conclusion:**
  - This query accurately reflects the task's requirements in terms of both the calculation and the data filtering.
  - **Therefore, `2result.sql` is the correct SQL query.**

```plain
2result.sql
```