```plaintext
2result.sql
```

**Reasoning:**

After analyzing both SQL queries and their results, **`2result.sql`** is the correct choice for determining the day of the week with the third highest percentage of questions answered within an hour.

**Explanation:**

1. **Accurate Grouping:**
   - **`2result.sql`** groups data using `EXTRACT(DAYOFWEEK FROM creation_date)` which returns consistent numerical values representing days of the week (1 for Sunday, 2 for Monday, ..., 7 for Saturday). This ensures accurate aggregation of questions and answers based on the day they were posted.
   - **`0result.sql`** uses `FORMAT_DATETIME('%A', q.creation_date)` to extract the day name, which can lead to inconsistencies due to locale settings or formatting issues.

2. **Precise Calculations:**
   - **`2result.sql`** separately calculates the total number of questions and the number of questions answered within an hour for each day. It then computes the percentage by dividing these two aggregated values, which provides a precise percentage.
   - **`0result.sql`** performs the percentage calculation within a single query, which can be less clear and potentially less accurate due to the way NULL values and LEFT JOINs are handled.

3. **Limiting and Ordering:**
   - **`2result.sql`** orders the results by `Percentage DESC` and uses `LIMIT 1 OFFSET 2` to retrieve the third highest percentage directly, ensuring the correct position without additional processing.
   - **`0result.sql`** assigns row numbers and filters with `WHERE rn = 3`, but this approach may not handle ties or ordering nuances as effectively.

4. **Consistent Results:**
   - The result from **`2result.sql`** indicates that **Friday** has a percentage of **49.9622%**, which is consistent with the expected outcome based on the dataset.
   - While **`0result.sql`** also outputs **Friday**, the percentage is slightly different (**49.7868%**), suggesting minor discrepancies in calculations.

**Conclusion:**

By choosing **`2result.sql`**, we ensure that the calculation of percentages is precise and that the day of the week is correctly identified using consistent and reliable methods in SQL. This script provides a clear and accurate answer to the question: **Friday** has the third highest percentage of questions answered within an hour.