After comparing the two SQL queries and their results, I have determined that **`0result.sql`** is the correct query. Here is the reasoning:

- **Both queries aim to find the census tract in California with the largest increase in median income between 2015 and 2018.**
  
- **Results:**
  - Both queries return the same result, identifying the census tract with `geo_id` **`06081609601`** and `tract_ce` **`609601`** as the tract with the largest median income increase of **`96643.0`**.
  
- **Comparison of SQL Queries:**

  - **`0result.sql` includes additional filtering conditions in the `WHERE` clause:**
    ```sql
    WHERE
        t2015."median_income" IS NOT NULL AND t2015."median_income" > 0
        AND t2018."median_income" IS NOT NULL AND t2018."median_income" > 0
    ```
    - This ensures that only records with valid (non-null and positive) median income values are considered from both years.
    - Filtering out zero or negative incomes prevents misleading results from invalid or unrepresentative data.
  
  - **`2result.sql` has a less stringent `WHERE` clause:**
    ```sql
    WHERE t1."median_income" IS NOT NULL AND t2."median_income" IS NOT NULL
    ```
    - This only filters out null values but may include zero or negative median incomes.
    - Including zero or negative incomes could lead to incorrect or skewed results.

- **Conclusion:**
  - **`0result.sql` is more accurate and reliable** because it meticulously filters out any anomalies in the data by excluding non-positive median income values.
  - This ensures that the calculation of income increase is based on valid and meaningful data.

Therefore, the correct SQL query is:

```plain
0result.sql
```