```plain
2result.sql
```

**Reasoning:**

The SQL query in `2result.sql` is more precise and accurate for the following reasons:

1. **Exact Cytoband Selection:**
   - The query directly selects the cytoband where `"cytoband_name" = '15q11'`, ensuring that only the specific cytoband '15q11' is used in the calculations.
   - In contrast, `0result.sql` uses `"cytoband_name" LIKE '15q11%'`, which could include other cytobands that start with '15q11' if they existed (e.g., '15q11.1', '15q11.2'). Since we are interested specifically in '15q11', the direct equality check is more appropriate.

2. **Accurate Chromosome Matching:**
   - The query replaces the 'chr' prefix in the cytoband chromosome names (`REPLACE(c."chromosome", 'chr', '')`) to match the format of the chromosome numbers in the segment data (`t."chromosome"`). This ensures an accurate join between the chromosomes in both tables.
   - `0result.sql` uses `SUBSTRING("chromosome", 4)` to extract the chromosome number, which also removes the 'chr' prefix. While both methods achieve the same result, using `REPLACE` is clearer in intention.

3. **Overlap Length Calculation:**
   - Both queries calculate the overlap length between the segments and the cytoband. However, `2result.sql` uses `LEAST(t."end_pos", c."hg38_stop") - GREATEST(t."start_pos", c."hg38_start")` without adding 1. Genomic coordinate systems can vary in whether positions are inclusive or exclusive. In many systems, the length of a segment is calculated as `end_pos - start_pos`, which aligns with the method in `2result.sql`.
   - The `0result.sql` adds 1 to the overlap length (`+ 1`), which might not be necessary depending on the coordinate system used. Without explicit documentation indicating that positions are inclusive, it's safer to exclude the `+ 1`.

4. **Simplicity and Clarity:**
   - The query in `2result.sql` is more straightforward and easier to read. It directly performs the necessary calculations without additional complexities.
   - It avoids the use of a `CROSS JOIN` and instead uses an explicit `JOIN` with clear join conditions, enhancing readability and maintainability.

5. **Precise Weighted Average Calculation:**
   - Both queries compute the weighted average copy number using the formula `SUM(segment_mean * overlap_length) / SUM(overlap_length)`.
   - `2result.sql` directly computes this in a clear and concise way, ensuring that the weighted average is accurately calculated per case.

**Conclusion:**

By directly selecting the specific cytoband '15q11', accurately matching chromosomes, and calculating the overlap lengths and weighted averages in a clear and precise manner, `2result.sql` provides the correct and most appropriate SQL query to identify the case barcode from the TCGA-LAML study with the highest weighted average copy number in cytoband 15q11 on chromosome 15.