After comparing the SQL queries and their respective results, we can observe the following:

**0result.sql:**
- Uses backticks around aliases in the `SELECT` clause and the `ORDER BY` clause.
- Syntax:
  ```sql
  SELECT
    `major_category` AS `Major_Category`,
    SUM(`value`) AS `Number_of_Incidents`
  FROM
    `bigquery-public-data.london_crime.crime_by_lsoa`
  WHERE
    `borough` = 'Barking and Dagenham'
  GROUP BY
    `major_category`
  ORDER BY
    `Number_of_Incidents` DESC
  LIMIT
    3;
  ```

**1result.sql:**
- Does not use backticks around aliases.
- Syntax:
  ```sql
  SELECT
    `major_category` AS Major_Category,
    SUM(`value`) AS Number_of_Incidents
  FROM
    `bigquery-public-data.london_crime.crime_by_lsoa`
  WHERE
    `borough` = 'Barking and Dagenham'
  GROUP BY
    `major_category`
  ORDER BY
    Number_of_Incidents DESC
  LIMIT 3;
  ```

**2result.sql:**
- Similar to `1result.sql` with minor formatting differences.
- Syntax:
  ```sql
  SELECT 
    `major_category` AS Major_Category, 
    SUM(`value`) AS Number_of_Incidents
  FROM 
    `bigquery-public-data.london_crime.crime_by_lsoa`
  WHERE 
    `borough` = 'Barking and Dagenham'
  GROUP BY 
    `major_category`
  ORDER BY 
    Number_of_Incidents DESC
  LIMIT 3;
  ```

All three queries correctly compute the top three major crime categories in Barking and Dagenham along with their incident counts. The results are identical across all queries:

```
Major_Category,Number_of_Incidents
Theft and Handling,50999
Violence Against the Person,43091
Criminal Damage,18888
```

**Reason for Choosing `1result.sql`:**

- **Readability:** `1result.sql` avoids unnecessary backticks around aliases (`Major_Category` and `Number_of_Incidents`), enhancing readability.
- **Standard SQL Practice:** It's standard practice to use backticks only when dealing with reserved keywords or special characters in identifiers. In this case, the aliases do not require backticks.
- **Clarity:** The query is clear and straightforward, making it easier to understand and maintain.

**Therefore, the correct SQL query that best answers the question is:**

```plain
1result.sql
```