After comparing the two SQL queries and their results, **`2result.sql`** is the correct query for the following reasons:

1. **Accurate Calculation of Session Duration in Seconds:**

   - In `2result.sql`, the session duration is calculated in seconds within the subquery:

     ```sql
     (MAX("created_at") - MIN("created_at")) / 1000000 AS "session_duration_seconds"
     ```

     This division by `1000000` (since microseconds to seconds conversion) ensures that the session duration is correctly computed in seconds, assuming that the `"created_at"` timestamps are in microseconds. Calculating the duration in the subquery makes the data consistent and clear for further aggregation.

   - In `0result.sql`, the session duration is calculated in the subquery but converted to seconds in the outer query:

     ```sql
     AVG(("session_duration") / 1000000.0) AS "average_session_duration"
     ```

     While this also converts microseconds to seconds, performing this calculation in the outer query can be less clear and potentially error-prone if additional calculations are needed.

2. **Use of the `ROUND` Function for Readability:**

   - `2result.sql` uses the `ROUND` function to limit the average session duration to four decimal places:

     ```sql
     ROUND(AVG("session_duration_seconds"), 4) AS "average_session_duration"
     ```

     This improves the readability of the results by presenting a concise average session duration without excessive decimal places.

   - `0result.sql` does not round the average session duration, resulting in longer decimal numbers, which can be less readable.

3. **Consistency in GROUP BY Clauses:**

   - Both queries correctly group the data first by `"session_id"` and `"browser"` in the subquery and then by `"browser"` in the outer query.

     However, `2result.sql` clearly separates the calculation of session duration per session and the aggregation per browser, enhancing code readability.

4. **Proper Use of the HAVING Clause:**

   - In `2result.sql`, the `HAVING` clause uses `COUNT(*) > 10` after grouping by `"browser"`, which correctly counts the number of sessions per browser:

     ```sql
     HAVING COUNT(*) > 10
     ```

     This aligns with the task requirement to include only browsers with more than 10 total sessions.

   - In `0result.sql`, the `HAVING` clause uses `COUNT("session_id") > 10`:

     ```sql
     HAVING COUNT("session_id") > 10
     ```

     While this achieves the same result, using `COUNT(*)` is more standard when counting rows in each group, and it avoids potential confusion.

5. **Alignment with the Task Requirements:**

   - `2result.sql` accurately implements all the conditions specified in the task:

     - Calculates session durations in seconds.
     - Includes only browsers with more than 10 sessions.
     - Finds the three browsers with the shortest average session durations.
     - Presents the results in a clear and readable format.

**Conclusion:**

Considering the above points, **`2result.sql`** is the correct and preferable SQL query as it provides a clearer, more accurate, and more readable solution that aligns precisely with the task requirements.

---

```plaintext
2result.sql
```