After comparing the two SQL queries provided and analyzing their approaches to identifying patients with diabetes or hypertension, I have determined that **`1result.sql`** is the more accurate and appropriate query for the following reasons:

---

**Comparison of the SQL Queries:**

1. **`0result.sql`:**

   - **Condition Identification:**
     - Uses text matching on the `"display"` field of the condition codes.
     - Filters conditions where the `"display"` text contains `'diabetes'` or `'hypertension'` (case-insensitive).
     - This method may include unintended conditions due to partial matches or variations in terminology.

   - **Potential Issues:**
     - Text matching is less precise and may include unrelated conditions that contain the keywords.
     - Relies on the condition's display text, which can vary and may not be standardized.
     - Could include conditions like "Family history of diabetes" or "Gestational diabetes," which may not align with the intent to identify patients currently managing chronic diabetes or hypertension.

2. **`1result.sql`:**

   - **Condition Identification:**
     - Utilizes specific SNOMED CT codes to identify conditions:
       - `'44054006'`: Type 2 diabetes mellitus.
       - `'38341003'`: Essential (primary) hypertension.
     - Filters conditions where the `"code"` matches these exact SNOMED CT codes.
     - This method ensures that only patients with the precise conditions of interest are included.

   - **Advantages:**
     - **Precision:** Using standardized codes reduces ambiguity and ensures accurate identification of the conditions.
     - **Consistency:** SNOMED CT codes are widely accepted and consistent across records.
     - **Relevance:** Directly targets chronic conditions of diabetes and hypertension without including unrelated conditions.

---

**Conclusion:**

Given that **`1result.sql`** uses specific standardized codes to identify patients with diabetes or hypertension, it offers greater precision and reliability in the results. While **`0result.sql`** may include a broader set of patients due to text matching, it also increases the risk of incorrect patient inclusion.

**Therefore, the correct and more appropriate SQL query is:**

```plaintext
1result.sql
```