After reviewing and comparing both SQL queries and their corresponding results, I have determined that **1result.sql** is the correct answer.

**Reasoning:**

1. **Data Inclusion:** Both SQL queries aim to retrieve the most purchased other products (excluding the "Google Red Speckled Tee") by customers who bought the "Google Red Speckled Tee" each month from November 2020 to January 2021. Both queries aggregate data from the relevant tables and correctly identify the customers and their purchases.

2. **Date Handling and Month Ordering:**
   - **1result.sql** uses the following expressions to extract and handle the month:
     ```sql
     TO_CHAR(TO_DATE(t."EVENT_DATE", 'YYYYMMDD'), 'MM') AS "Month_num",
     TO_CHAR(TO_DATE(t."EVENT_DATE", 'YYYYMMDD'), 'Month YYYY') AS "Month"
     ```
     This approach correctly formats the month number as a two-digit string (e.g., '01' for January), ensuring consistent sorting and comparison.
   - **0result.sql** extracts the month number using:
     ```sql
     TO_NUMBER(SUBSTR(cpwt."month", 5, 2)) AS "Month_num"
     ```
     While this extracts the month number, it converts it to a numeric value, leading to potential issues when ordering months across different years (e.g., '1' for January may be incorrectly ordered before '11' for November).

3. **Clarity and Maintainability:**
   - **1result.sql** is more concise and uses standard SQL date functions, making it clearer and easier to maintain.
   - By leveraging `TO_CHAR` and `TO_DATE`, **1result.sql** ensures accurate date conversions and formatting.

4. **Float Value Rounding:**
   - The `Quantity` values in the results are integers. However, if there were float values, **1result.sql** would handle them appropriately without unnecessary rounding, maintaining data precision.
   - **0result.sql** uses `ROUND` on the `Quantity`, which could truncate necessary decimal precision if float quantities were present.

5. **Consistent Results:**
   - Both queries produce the same results in terms of the most purchased products and their quantities for each month.
   - However, the date handling in **1result.sql** ensures that the months are correctly identified and ordered, especially important when spanning multiple years.

**Conclusion:**

Based on the above reasons, **1result.sql** is the correct SQL query that accurately fulfills the task requirements.

```plain
1result.sql
```