After comparing the three SQL queries, **`2result.sql`** is the correct answer.

**Reasoning:**

- **Accuracy in Conditions:**
  - `2result.sql` uses the `CytoConverted` table to filter chromosomal abnormalities based on precise genomic positions, matching the specified ranges for chromosomes 11, 13, and 17.
  - It ensures that each clone meets all three conditions by counting distinct occurrences of each condition per clone.

- **Ensuring Conditions are Met in the Same Clone:**
  - The `WITH` clause (`clones_with_all_conditions`) selects clones where all three conditions are met in the same clone by using `COUNT(DISTINCT CASE ...) = 3`.
  - This guarantees that only clones satisfying all three criteria are included.

- **Comprehensive Data Retrieval:**
  - The main `SELECT` statement fetches detailed chromosomal information (`Start`, `End`, `Type`) for each relevant chromosome, along with the karyotype information from the `KaryClone` table.
  - It uses `MAX` functions to retrieve the relevant `Start` and `End` positions for each chromosome per clone.

- **Inclusivity of Chromosome Naming Variations:**
  - It accounts for variations in chromosome naming (`'13'` vs. `'chr13'`, etc.) by using conditions like `(Chr = '13' OR Chr = 'chr13')`.

**Comparison with Other SQL Queries:**

- **`0result.sql`:**
  - Uses the `KaryBreak` table and filters based on cytogenetic breakpoint strings (e.g., `'13q14%'`), which may not precisely correspond to the specified genomic positions.
  - May not accurately capture the required genomic ranges, as breakpoints are less precise than genomic coordinates.

- **`1result.sql`:**
  - Although it uses the `CytoConverted` table and attempts to filter based on genomic positions, the logic in the `HAVING` clause is more complex and potentially redundant.
  - The `HAVING` clause in the main query might re-apply conditions that have already been filtered in the `WITH` clause.
  - `2result.sql` provides a clearer and more efficient approach by using `COUNT(DISTINCT CASE ...)` directly in the `HAVING` clause.

**Conclusion:**

`2result.sql` effectively fulfills the task by accurately filtering the data to include only those clones where all three chromosomal abnormalities occur within the specified genomic regions and in the same clone.

---

```plaintext
2result.sql
```