After comparing the SQL queries and their results, I have determined that **`0result.sql`** is the correct answer.

**Reason:**

- **Accurate Calculation of Average Runs per Match:**
  - The query in `0result.sql` correctly calculates the average runs per match by:
    - **Total Runs:** Summing up all runs scored by players from each country.
    - **Matches Played:** Counting the distinct matches where players from each country have participated, ensuring each match is counted only once per country.
    - This method avoids double-counting matches when multiple players from the same country play in the same match.
    - The calculation `total_runs / matches_played` provides an accurate average runs per match for each country.

- **Correct Aggregation of Dismissals for Batting Average:**
  - It accurately counts the number of times players from each country got out using the `wicket_taken` table.
  - The batting average is calculated as `total_runs / times_out`, which aligns with the standard definition.

- **Consistent and Expected Results:**
  - The results in `0result.csv` show India with a significantly higher average runs per match, which is expected given India's large player base and performance in the data.
  - The batting averages are consistent with the total runs and dismissals recorded.

- **Comparison with Other Queries:**
  - **`1result.sql` and `2result.sql`:**
    - These queries sum up individual players' matches played and then aggregate them by country.
    - This can lead to inflated matches played counts because if multiple players from the same country participate in the same match, that match is counted multiple times.
    - As a result, the average runs per match are underestimated in their outputs (`1result.csv` and `2result.csv`), showing lower values compared to `0result.csv`.

**Conclusion:**

- **`0result.sql`** uses a methodologically sound approach to calculate the required statistics without overcounting matches.
- It provides accurate and meaningful insights aligned with the task's requirements.

Therefore, the correct SQL is:

```plaintext
0result.sql
```