After reviewing the SQL queries and their corresponding results, I have determined that **`0result.sql`** is the correct SQL for the task. Here's the reasoning:

---

### **Reasoning:**

1. **Counting Distinct Customers:**

   - **`0result.sql`** correctly counts the number of **distinct customers** by utilizing the `"customer_unique_id"` from the **`OLIST_CUSTOMERS`** table. This ensures that repeat customers are not double-counted if they have multiple `"customer_id"` entries due to multiple orders.
   - In **`1result.sql`**, the count is based on `"customer_id"` instead of `"customer_unique_id"`, which may overcount customers who made multiple orders, as they would have the same unique ID but different customer IDs.
   - **Result Comparison:**
     - **`0result.sql` and `2result.sql`**: Value is **1790** distinct customers.
     - **`1result.sql`**: Value is **1819**, likely overcounting due to using `"customer_id"`.

2. **Calculating the Most 5-Star Ratings:**

   - **`0result.sql`** counts the number of **distinct orders** per seller that received a 5-star review, ensuring that each order is counted only once per seller, even if multiple items were sold in that order.
   - **`1result.sql`** and **`2result.sql`** count the **total order items** per seller where the order received a 5-star review, which could overcount if a seller has multiple items in a single order.
   - **Result Comparison:**
     - **`0result.sql`** identifies seller **`cc419e0650a3c5ba77189a1882b7556a`** with **993** 5-star ratings.
     - **`1result.sql` and `2result.sql`** identify seller **`1f50f920176fa81dab994f9023523100`** with **1096** 5-star ratings.
   - Since reviews are per order and not per item, counting distinct orders as in **`0result.sql`** is more accurate.

3. **Consistency with Profit and Orders:**

   - All three SQL queries correctly identify the seller with the highest profit (**`4869f7a5dfa277a7dca6462dcf3b52b2`**) and the highest number of distinct orders (**`6560211a19b47992c3666cc44a7e94c0`**).

4. **SQL Logic and Accuracy:**

   - **`0result.sql`** uses Common Table Expressions (CTEs) to break down each part of the calculation, making the logic clear and ensuring that filters like `"order_status" = 'delivered'` are correctly applied.
   - By using **`COUNT(DISTINCT ...)`** appropriately, **`0result.sql`** avoids overcounting and provides accurate results.

---

### **Conclusion:**

Based on the above reasoning, **`0result.sql`** is the correct SQL query that accurately computes the required metrics in line with the task specifications.

---

**Answer:**

```plaintext
0result.sql
```