```plain
1result.sql
```

**Reasoning:**

After analyzing the three provided SQL queries and their corresponding results, **1result.sql** is the correct choice for the following reasons:

1. **Accurate Calculation of Rental Hours:**
   - **1result.sql** calculates the total rental hours by taking the precise difference in seconds between the `"rental_date"` and `"return_date"`, then dividing by `3600.0` to convert seconds to hours. This method captures fractional hours accurately.
   - It uses the `DATEDIFF('second', ...)` function, which provides the total difference in seconds, ensuring that even partial hours are included in the calculation.
   - The result is rounded to four decimal places, as per the requirement.

2. **Handling of Timestamps:**
   - It correctly converts the `"rental_date"` and `"return_date"` strings to timestamps using the `TO_TIMESTAMP` function. This ensures that the date and time values are interpreted accurately for the calculation.
   - The query also checks for `NULL` values and empty strings in both `"rental_date"` and `"return_date"` to avoid any calculation errors.

3. **Proper Joining of Tables:**
   - The query joins all necessary tables, including `RENTAL`, `CUSTOMER`, `ADDRESS`, `CITY`, `INVENTORY`, `FILM_CATEGORY`, and `CATEGORY`, to filter rentals based on customers residing in cities that start with "A" or contain a hyphen.
   - It correctly applies the condition `(ci."city" LIKE 'A%' OR ci."city" LIKE '%-%')` to filter the relevant cities.

4. **Correct Grouping and Ordering:**
   - The results are grouped by the category name, and the total rental hours are summed up for each category.
   - It orders the results in descending order of total rental hours and limits the output to the top result, which satisfies the requirement of finding the film category with the highest total rental hours.

5. **Comparison with Other Queries:**
   - **0result.sql** uses `DATEDIFF('hour', ...)`, which calculates the integer difference in hours, potentially truncating fractional hours and underestimating the total rental hours.
   - **2result.sql** sums the `"length"` of the films and divides by 60 to get hours. However, this approach assumes that the rental duration is equal to the length of the film, which is inaccurate. Customers often keep rentals for longer periods regardless of the film's runtime.

6. **Consistent Results:**
   - The total rental hours calculated in **1result.sql** (16858.1667 hours) are slightly higher than in **0result.sql** (16846 hours) due to the inclusion of fractional hours. This difference indicates a more precise calculation in **1result.sql**.
   - The result from **2result.sql** (277.5667 hours) is significantly lower because it does not consider the actual rental durations, making it less suitable for answering the question.

**Conclusion:**

By accurately calculating the rental durations with precision, correctly handling date and time conversions, and properly filtering and grouping the data, **1result.sql** provides the most accurate and reliable answer to the question.