Between the two provided SQL queries, **`1result.sql`** is the correct one that addresses the task. Here's the reasoning:

---

**Reasoning:**

1. **Goal of the Task:**

   - **Objective:** Identify the user (`ID`) with the highest month number (`Month_number`) who became inactive after their last recorded activity month, considering data only up until **September 10, 2024**.
   - **Key Requirement:** The user must have become inactive **before** September 10, 2024 (i.e., their last activity was **before** this date).

2. **Analysis of the SQL Queries:**

   - **`1result.sql`:**

     ```sql
     SELECT
       `by` AS ID,
       EXTRACT(MONTH FROM MAX(timestamp)) AS Month_number
     FROM
       `bigquery-public-data.hacker_news.full`
     WHERE
       `by` IS NOT NULL
       AND timestamp <= '2024-09-10'
     GROUP BY
       `by`
     HAVING
       MAX(timestamp) < '2024-09-10'
     ORDER BY
       Month_number DESC
     LIMIT
       1
     ```

     - **Explanation:**
       - **Filters Data Up to September 10, 2024:** The `WHERE` clause ensures only activities up until `'2024-09-10'` are considered.
       - **Identifies Inactive Users:** The `HAVING MAX(timestamp) < '2024-09-10'` clause selects users whose **last activity was before** September 10, 2024, meaning they became inactive after their last activity.
       - **Selects User with Highest Last Active Month:** Orders the results by `Month_number` in descending order to find the user with the highest month number.
       - **Limit:** Retrieves only the top result (`LIMIT 1`).

   - **`2result.sql`:**

     ```sql
     SELECT `by` AS ID, EXTRACT(MONTH FROM MAX(`timestamp`)) AS Month_number
     FROM `bigquery-public-data.hacker_news.full`
     WHERE `timestamp` <= '2024-09-10'
       AND `by` IS NOT NULL AND `by` != ''
     GROUP BY `by`
     ORDER BY Month_number DESC
     LIMIT 1
     ```

     - **Explanation:**
       - **Lacks Inactivity Condition:** This query does not include a `HAVING` clause to filter out users who remained active up to September 10, 2024.
       - **May Include Active Users:** Without `HAVING MAX(timestamp) < '2024-09-10'`, it could select a user who was still active on September 10, 2024, which does not meet the task's requirement.
       - **Selects User Based on Month Number Only:** Orders by `Month_number` without ensuring the user became inactive.

3. **Conclusion:**

   - **`1result.sql`** is the correct query because it:

     - **Correctly Identifies Inactive Users:** Uses the `HAVING` clause to ensure only users who became inactive before September 10, 2024, are considered.
     - **Meets the Task's Criteria:** Accurately reflects the requirement of the user becoming inactive after their last recorded activity month.
     - **Provides the Desired Output:** Retrieves the `ID` and `Month_number` of the appropriate user.

   - **`2result.sql`** is incorrect because it:

     - **Includes Active Users:** Does not filter out users who remained active up to the cutoff date.
     - **Does Not Fulfill the Inactivity Condition:** Lacks the necessary `HAVING` clause to meet the task's requirements.

---

**Answer:**

```plaintext
1result.sql
```