After analyzing the three SQL queries and their results, I recommend choosing **`1result.sql`** as the correct answer. Here's the reasoning:

### Comparison of SQL Queries:

1. **`0result.sql`:**
   - **Pros:**
     - Attempts to handle different possible formats of `"creation_date"` by checking its magnitude and dividing accordingly.
   - **Cons:**
     - Assumes that `"creation_date"` might be in different units (microseconds, milliseconds, seconds), which may not be necessary if the data is consistent.
     - Adds complexity with multiple `CASE` statements, which can affect readability and performance.

2. **`1result.sql`:**
   - **Pros:**
     - Assumes that `"creation_date"` is consistently in microseconds and divides by `1e6` to convert to seconds, simplifying the query.
     - Compares `"creation_date"` directly to the microseconds representation of October 1, 2021 (`1633046400000000`), avoiding unnecessary timestamp conversions in the `WHERE` clause, which enhances performance.
     - Uses `DATEDIFF('year', ...)` to calculate the number of years, which returns an integer value, aligning with the requirement of **complete years** of membership.
     - The query is straightforward, efficient, and easy to understand.
   - **Cons:**
     - Relies on the assumption that all `"creation_date"` values are in microseconds.

3. **`2result.sql`:**
   - **Pros:**
     - Similar to `1result.sql` but includes a `FLOOR` function on `DATEDIFF('year', ...)`.
     - Uses `COALESCE` to handle `NULL` badge counts.
   - **Cons:**
     - Applying `FLOOR` to `DATEDIFF('year', ...)` is unnecessary because `DATEDIFF` with the `'year'` part returns an integer value in most SQL dialects, including Snowflake.
     - Performs timestamp conversion in the `WHERE` clause, which can impact performance as it needs to convert each `"creation_date"` record before filtering.

### Conclusion:

- **`1result.sql`** balances clarity, efficiency, and correctness by:
  - Assuming a consistent format for `"creation_date"`.
  - Avoiding unnecessary conversions and computations.
  - Correctly calculating the number of complete years without redundant functions.
  - Ensuring performance by comparing numeric values directly in the `WHERE` clause.

### Rounded Float Values:

- The results in `1result.csv` show float values rounded to **four decimal places**, complying with the requirement.

---

**Selected SQL File:**

```plain
1result.sql
```