```plain
2result.sql```

**Reasoning:**

**Comparing the SQL Queries:**

- **0result.sql**:
  - Uses the **`ipc`** codes to filter for category 'A61'.
  - Extracts **assignee names** and **filing years**.
  - Determines the **top assignee** based on the number of applications in 'A61'.
  - Finds the year with the most filings for the top assignee.
  - **Result:** Year **2001**.

- **1result.sql**:
  - Assumes **'PROCTER & GAMBLE'** is the top assignee without verifying.
  - Filters applications where **assignee_name** is 'PROCTER & GAMBLE' and **cpc** code starts with 'A61'.
  - Finds the year with the most filings for 'PROCTER & GAMBLE'.
  - **Result:** Year **1997**.

- **2result.sql**:
  - Uses the **`cpc`** codes to filter for category 'A61', which is more comprehensive and detailed than `ipc`.
  - Extracts **assignee names** and **filing years**.
  - Determines the **top assignee** based on the number of applications in 'A61' without assumptions.
  - Finds the year with the most filings for the top assignee.
  - **Result:** Year **2014**.

**Choosing the Correct SQL:**

- **1result.sql** is incorrect because it **assumes** 'PROCTER & GAMBLE' is the top assignee without validating this from the data.
  
- **Between 0result.sql and 2result.sql**:

  - The **key difference** is the use of **`ipc`** codes in **0result.sql** versus **`cpc`** codes in **2result.sql**.
  
  - The **`cpc` (Cooperative Patent Classification)** system is more detailed and widely used compared to **`ipc`**, providing better accuracy for classification.
  
  - **2result.sql** likely provides a **more accurate result** due to using **`cpc`** codes.
  
  - The use of **`TRY_TO_DATE`** in **2result.sql** ensures that only valid dates are considered, enhancing data quality.
  
  - **2result.sql** does not make any assumptions and correctly identifies the **top assignee** and the **year with the most filings** for that assignee.

**Conclusion:**

- **`2result.sql`** is the correct SQL because it:

  - Correctly identifies the top assignee in category 'A61' using the **comprehensive `cpc` codes**.
  
  - Accurately determines the year in which this assignee filed the most applications.
  
  - Follows the required steps without assumptions and uses appropriate data filters and validations.