After comparing the three SQL queries and their results, **`1result.sql`** is the correct choice for the following reasons:

1. **Accurate Mapping of `tradeID`**:
   - **`1result.sql`** uses `"TradeReportID"` as `"tradeID"`, which aligns with the initial observation that `"TradeReportID"` represents the unique identifier for each trade.
   - **Other SQLs**:
     - **`0result.sql`** uses `"OrderID"` as `"tradeID"`, which may not be as precise.
     - **`2result.sql`** also uses `"TradeReportID"` correctly.

2. **Precise `tradeTimestamp`**:
   - **`1result.sql`** converts `"TransactTime"` to a timestamp using `TO_TIMESTAMP_NTZ(t."TransactTime", 6)`, providing both date and time, offering more precision.
   - **Other SQLs**:
     - **`0result.sql`** uses `"TradeDate"`, which only captures the date without the time component.
     - **`2result.sql`** also uses `"TradeDate"` without time.

3. **Correct Mapping of Prices**:
   - **`1result.sql`** correctly assigns `"LastPx"` as `"openPrice"` and `"StrikePrice"` as `"closePrice"`, aligning with the intended mapping.
   - **Other SQLs**:
     - **`0result.sql`** also maps prices correctly.
     - **`2result.sql`** incorrectly swaps the prices, assigning `"StrikePrice"` as `"openPrice"` and `"LastPx"` as `"closePrice"`.

4. **Use of `LATERAL FLATTEN` for `tradeDirection`**:
   - **`1result.sql`** properly extracts `"tradeDirection"` using `LATERAL FLATTEN` on the `"Sides"` column.
   - **Other SQLs**:
     - **`0result.sql`** also uses `LATERAL FLATTEN`.
     - **`2result.sql`** attempts to extract directly without flattening, which may not be reliable if `"Sides"` contains multiple entries.

5. **Ordering and Limiting Results**:
   - **`1result.sql`** orders by `"StrikePrice"` in descending order, ensuring the top trades with the highest closing prices are selected.
   - **Consistent with the task requirement**: Collect information on the top 6 trade reports with the highest closing prices.

**Therefore, the correct SQL query is:**

```plaintext
1result.sql
```