After reviewing the SQL queries and their results, I have determined that **`0result.sql`** is the correct SQL query for generating the monthly report as per the requirements.

**Reasoning:**

1. **Correct Filtering of Data:**
   - **Order Status and Delivery Date:**
     - The query correctly filters orders where the order `"status"` is `'Complete'` by using `o."status" = 'Complete'`.
     - It ensures that only orders **delivered before 2022** are considered by checking `o."delivered_at" < 1640995200000000` (which corresponds to `'2022-01-01'` in UNIX timestamp in microseconds).
     - It excludes any orders without a delivery date by ensuring `o."delivered_at" IS NOT NULL`.
   
2. **Appropriate Use of Delivery Date for Grouping:**
   - **Revenue Recognition:**
     - Revenue and profit should be recognized at the time of **delivery**, not when the order was created.
     - The query groups data by the **month of the delivery date** using `DATE_TRUNC('month', TO_TIMESTAMP(o."delivered_at" / 1000000)) AS "month"`. This aligns the revenue and orders with the correct month when the revenue was actually realized.
   - **Consistency in Grouping and Filtering:**
     - Using the **delivery date** for both filtering and grouping ensures consistency in the data being analyzed.

3. **Accurate Calculation of Growth Metrics:**
   - **Month-over-Month Percentage Growth:**
     - The query calculates the percentage growth in revenue and orders month-over-month using the `LAG` function, which is appropriate for such calculations.
     - The calculations are based on revenue and order counts from the previous month within each product category.

4. **Comprehensive Selection of Relevant Data:**
   - **Joining Necessary Tables:**
     - The query joins the `ORDER_ITEMS`, `ORDERS`, and `PRODUCTS` tables, ensuring all necessary data (sale prices, costs, order statuses, product categories) are available for calculations.
   - **Calculating Key Metrics:**
     - It computes total revenue, total orders, total cost, profit, and profit-to-cost ratio, as required.

5. **Adherence to Requirements:**
   - The query meets all specified requirements:
     - Generates a **monthly report** for **each product category**.
     - Details the **month-over-month percentage growth** in **revenue** and **orders**.
     - Provides the monthly **total cost**, **profit**, and **profit-to-cost ratio**.
     - Considers only orders **completed and delivered before 2022**.

6. **Comparison with Other SQL Queries:**
   - **`1result.sql`:**
     - Uses `oi."created_at"` for grouping, which may not accurately reflect when revenue was recognized.
     - Filters on `oi."status"` instead of `o."status"`, potentially missing orders where the item status and order status differ.
     - Does not include the `ORDERS` table, which is necessary for accurate order status and delivery date information.
   - **`2result.sql`:**
     - Uses `o."created_at"` for grouping while filtering on `oi."delivered_at"`, leading to inconsistency between the dates used for filtering and grouping.
     - May mix revenue recognition periods by grouping based on order creation date rather than delivery date.

By using the **delivery date** for both filtering and grouping, and by considering the **order status** from the `ORDERS` table, `0result.sql` provides an accurate and consistent report that aligns with the revenue recognition principles and fulfills the task requirements.

---

**The correct SQL query is:**

```plaintext
0result.sql
```