After reviewing the three SQL scripts and their corresponding results, I have determined that **`0result.sql`** is the correct answer. Here's the reasoning:

---

### **Comparison of the SQL Scripts:**

#### **Option 0: `0result.sql`**

- **Calculates the Average Loss Rate**: Uses `AVG("loss_rate_%")` to compute the average loss rate.
- **Calculates Variance**: Computes variance using the formula for the sample variance.
- **Calculates Standard Deviation**: Implements an iterative method (Newton-Raphson) to calculate the square root of the variance, overcoming SQLite's lack of a built-in `SQRT` function.
- **Categorizes Items**:
  - **Below One Standard Deviation**: Items with loss rates less than `average - std_dev`.
  - **Within One Standard Deviation**: Items within `average ± std_dev`.
  - **Above One Standard Deviation**: Items with loss rates greater than `average + std_dev`.
- **Results Consistency**: The output shows calculated values without hardcoding any parameters.

#### **Option 1: `1result.sql`**

- **Calculates the Average Loss Rate**: Correctly uses `AVG("loss_rate_%")`.
- **Standard Deviation Hardcoded**: Uses a hardcoded value (`5.2006`) for the standard deviation.
  - **Issue**: Hardcoding the standard deviation without calculating it from the data can lead to inaccuracies, especially if the dataset changes.
- **Categorizes Items**: Similar to Option 0, but relies on the hardcoded standard deviation.
- **Results Consistency**: While the results match the other options, they depend on the manually set standard deviation.

#### **Option 2: `2result.sql`**

- **Calculates the Average Loss Rate**: Computes the average correctly.
- **Calculates Variance and Standard Deviation**:
  - Calculates variance but does not explicitly compute the standard deviation.
  - **Categorization Method**:
    - Compares the squared deviation `(loss_rate - avg_loss_rate)^2` directly to the variance.
    - **Issue**: This method effectively checks if the absolute deviation is within one standard deviation but uses a squared comparison, which can be less intuitive.
- **Results Consistency**: Matches the other options in output but employs a less conventional method for categorization.

---

### **Reasoning for Choosing `0result.sql`:**

- **Accurate Computation**: `0result.sql` accurately computes the standard deviation directly from the data without relying on hardcoded values.
- **Overcomes SQLite Limitations**: It ingeniously implements an iterative method to calculate the square root, addressing SQLite's lack of a built-in `SQRT` function.
- **Methodological Soundness**:
  - Follows statistical formulas for variance and standard deviation.
  - Correctly categorizes items based on their relation to the mean and standard deviation.
- **No Hardcoded Values**: Ensures that calculations are dynamic and will adjust appropriately with changes in the dataset.
- **Clarity and Transparency**: Each step is clearly defined, making the script easier to understand and maintain.

---

### **Conclusion:**

Given the above analysis, **`0result.sql`** is the correct and most appropriate SQL script for generating the summary of the items' loss rates, including the average loss rate and the breakdown of items relative to one standard deviation from the average.

---

```plaintext
0result.sql
```