After reviewing both SQL queries and their results, **I conclude that `2result.sql` is the correct answer**. 

**Reasoning:**

1. **Alignment with Requirements:**
   - **Both queries aim to identify the top 3 assignees** in patent class A01B3 and provide the five pieces of information requested.
   - **`2result.sql` directly uses the `publication_date`**, which is more consistently formatted and reliably populated than `filing_date`. This ensures greater accuracy when determining the year with the most applications.

2. **Accuracy of Country Code:**
   - In **`2result.sql`**, the **country code is derived from the actual applications during the peak year**, providing a precise identification of the country with the most applications for each assignee.
   - **`1result.sql`** may derive the country code less accurately because it relies on `filing_date` and may not account for all possible variations in date formats and missing values.

3. **Data Consistency and Reliability:**
   - **`2result.sql` handles date extraction more consistently**, considering different possible date formats and ensuring that the extracted year is accurate.
   - By using `publication_date`, the query minimizes issues with null or incorrectly formatted dates, leading to more reliable results.

4. **Simpler and More Efficient Query Structure:**
   - **`2result.sql` is more concise and easier to understand**, which makes it more maintainable and less prone to errors.
   - It effectively uses window functions and joins to calculate the required values without unnecessary complexity.

5. **Consistency in Results:**
   - The results from **`2result.sql`** are consistent with the expected data. For instance:
     - **LELY NV C VAN DER** has the same total applications and peak year in both results, but **`2result.sql`** provides a more plausible country code.
     - The country codes in **`2result.sql`** align better with the known operations of the companies (e.g., DEERE & CO associated with the European Patent Office "EP").

**Conclusion:**

Based on the above reasons, **`2result.sql` is the more accurate and appropriate SQL query** for fulfilling the task of analyzing the top 3 assignees in patent class A01B3.

```plain
2result.sql
```