After comparing the SQL queries and their results, I have determined that **1result.sql** is the correct SQL query for calculating the first, last, highest, and lowest bike share trip durations in minutes for each month in San Francisco.

**Reasoning:**

1. **Correctness:**
   - All three queries aim to compute the first trip duration, last trip duration, highest duration, and lowest duration for each month.
   - **1result.sql** accurately calculates these metrics by correctly partitioning and ordering the trips based on the `start_date` for each month.

2. **Use of `QUALIFY` Clause:**
   - **1result.sql** utilizes the `QUALIFY` clause with `ROW_NUMBER()` to efficiently filter the first and last trips within each month without the need for additional joins or subqueries.
   - The `QUALIFY` clause is a powerful feature in BigQuery that allows filtering on the results of window functions directly.

3. **Efficiency:**
   - By avoiding extra joins and making use of window functions with `QUALIFY`, **1result.sql** is more efficient in execution compared to the other queries.
   - It reduces the computational overhead and simplifies the query plan.

4. **Readability and Maintainability:**
   - The query is well-structured with clear Common Table Expressions (CTEs) such as `trips`, `first_trip`, `last_trip`, and `duration_agg`.
   - Each CTE has a specific purpose, making the query easier to read and understand.
   - Using `ROUND` functions with specified precision improves the presentation of the results.

5. **Handling of Zero Duration Trips:**
   - **1result.sql** includes a `WHERE` clause `duration_sec > 0` to exclude trips with zero duration, ensuring that the `MIN` function doesn't return zero, which could skew the lowest duration calculation.

6. **Consistency in Rounding:**
   - The query consistently rounds the calculated durations to four decimal places, providing uniformity in the output.

**Conclusion:**

Considering correctness, efficiency, and readability, **1result.sql** is the most appropriate choice for calculating the required metrics.

```plaintext
1result.sql
```