After analyzing both SQL queries and their results, I conclude that **`2result.sql`** is the correct query that answers the task effectively.

**Reasoning:**

1. **Overtake Definition and Pairwise Comparison:**

   - The task requires identifying instances where a driver was not behind another car on the previous lap but is behind on the current lap, effectively capturing overtakes between two drivers.
   - **`2result.sql`** performs a **pairwise comparison** between drivers, checking their relative positions lap by lap to determine if an overtake has occurred between specific driver pairs.
   - **`0result.sql`**, on the other hand, focuses on individual drivers' position changes without directly comparing their positions relative to other drivers, which may not accurately capture all overtakes.

2. **Accounting for Overtake Types with Greater Accuracy:**

   - **`2result.sql`** categorizes overtakes into 'On_Track_Overtake', 'Pit_Stop_Overtake', and 'Race_Start_Overtake' by considering the context of each position change, including pit stops and retirements.
   - It utilizes previous lap positions and starting grid positions to differentiate race start overtakes from others.
   - **`0result.sql`** groups pit stop entries and exits together under 'Pit_Stop_Overtake' and may not distinguish overtakes due to pit entries separately from those due to pit exits, potentially oversimplifying the categorization.

3. **Comprehensive Data Handling:**

   - **`2result.sql`** uses multiple Common Table Expressions (CTEs) to build a detailed dataset that includes driver positions, pit stops, retirements, and starting grid positions.
   - It ensures that all relevant scenarios are considered when identifying and classifying overtakes, leading to a more accurate count.
   - **`0result.sql`** relies on left joins and may not capture all nuances in the data, possibly missing some overtakes or misclassifying them.

4. **Result Consistency with Expected Overtake Counts:**

   - The counts produced by **`2result.sql`** are more extensive and seem more consistent with the nature of Formula 1 races, where thousands of overtakes can occur over multiple seasons.
   - **`0result.sql`** yields significantly lower counts, which may indicate that it's not capturing all overtakes accurately.

5. **Alignment with Task Requirements:**

   - The task emphasizes focusing on instances where a driver was not behind another car on the previous lap but is behind on the current lap, requiring an analysis of driver pairs.
   - **`2result.sql`** aligns with this requirement by explicitly comparing each driver's position with those of other drivers, ensuring that overtakes are identified in the context of driver-to-driver interactions.

---

**Conclusion:**

Based on the above reasoning, **`2result.sql`** is the correct SQL query that effectively addresses the task by accurately identifying and categorizing overtakes in Formula 1 races with available pit stop data.

```plaintext
2result.sql
```