After comparing the three SQL queries and their results, I have determined that **`2result.sql`** is the correct answer. Here's the reasoning:

**Comparison of the SQL Queries:**

1. **`0result.sql`:**
   - **Date Handling:** Converts `"payment_date"` to a timestamp using `TO_TIMESTAMP(p."payment_date")` and then truncates it to the month with `DATE_TRUNC('month', ...)`.
   - **Rounding:** Rounds the `payment_difference` to two decimal places.
   - **Result:** Returns a `Highest_Payment_Difference` of **95.79** for `Customer_ID` **148**.

2. **`1result.sql`:**
   - **Date Handling:** Uses `TO_TIMESTAMP(p."payment_date", 'YYYY-MM-DD HH24:MI:SS.FF3')` with a specific format and then truncates to the month.
   - **Rounding:** Rounds the monthly totals to four decimal places using `ROUND(SUM(p."amount")::numeric, 4)`.
   - **Result:** Returns a `Highest_Payment_Difference` of **96** for `customer_id` **148**.

3. **`2result.sql`:**
   - **Date Handling:** Extracts the month directly from the `"payment_date"` string using `SUBSTR("payment_date", 1, 7)`, which is efficient given the date format `'YYYY-MM-DD HH24:MI:SS.FF3'`.
   - **Rounding:** Rounds the `payment_difference` to four decimal places, ensuring precision.
   - **Result:** Returns a `Highest_Payment_Difference` of **95.79** for `Customer_ID` **148**.

**Reasons for Choosing `2result.sql`:**

- **Accuracy:** Both `0result.sql` and `2result.sql` return **95.79** as the highest payment difference, while `1result.sql` returns **96**. Given the requirement to round the result to two decimal places, **95.79** is more precise than **96**.
- **Efficiency:** `2result.sql` uses `SUBSTR` to extract the month from the date string directly, avoiding unnecessary conversions to timestamp and date truncation. This makes the query more efficient without compromising accuracy.
- **Simplicity:** The query is straightforward and easier to understand, which reduces the potential for errors.
- **Consistency:** The method of date extraction aligns well with the format of `"payment_date"` in the database, ensuring reliable results.

**Conclusion:**

By considering accuracy, efficiency, and simplicity, **`2result.sql`** is the most appropriate query to determine the customer with the highest payment difference among the top 10 paying customers.

```plain
2result.sql
```