```plaintext
1result.sql
```

**Reasoning:**

The task requires counting the number of unique `StudyInstanceUID` values where:

1. **SegmentedPropertyTypeCodeSequence** exactly matches "15825003" (case-insensitive).
2. **collection_id** is either "Community" or "nsclc_radiomics" (case-insensitive).

**Comparison of SQL Queries:**

1. **Option 0 (`0result.sql`):**

   ```sql
   SELECT COUNT(DISTINCT "StudyInstanceUID") AS unique_StudyInstanceUID_count
   FROM IDC.IDC_V17."DICOM_PIVOT"
   WHERE UPPER("SegmentedPropertyTypeCodeSequence") = '15825003'
     AND "collection_id" IN ('Community', 'nsclc_radiomics');
   ```

   - **SegmentedPropertyTypeCodeSequence:** Uses `UPPER()` for case-insensitive comparison.
   - **collection_id:** Case-sensitive comparison with 'Community' and 'nsclc_radiomics'.

2. **Option 1 (`1result.sql`):**

   ```sql
   SELECT COUNT(DISTINCT "StudyInstanceUID") AS unique_StudyInstanceUID_count
   FROM "IDC"."IDC_V17"."DICOM_PIVOT"
   WHERE LOWER(TRIM("SegmentedPropertyTypeCodeSequence")) = '15825003'
     AND LOWER(TRIM("collection_id")) IN ('community', 'nsclc_radiomics');
   ```

   - **SegmentedPropertyTypeCodeSequence:** Uses `LOWER()` and `TRIM()` for case-insensitive comparison and to remove any leading/trailing spaces.
   - **collection_id:** Uses `LOWER()` and `TRIM()` for case-insensitive comparison and to remove any leading/trailing spaces.

3. **Option 2 (`2result.sql`):**

   ```sql
   SELECT COUNT(DISTINCT "StudyInstanceUID") AS "unique_StudyInstanceUID_count"
   FROM "IDC"."IDC_V17"."DICOM_PIVOT"
   WHERE LOWER("SegmentedPropertyTypeCodeSequence") = '15825003'
     AND "collection_id" IN ('Community', 'nsclc_radiomics');
   ```

   - **SegmentedPropertyTypeCodeSequence:** Uses `LOWER()` for case-insensitive comparison.
   - **collection_id:** Case-sensitive comparison with 'Community' and 'nsclc_radiomics'.

**Selection of Correct SQL Query:**

- **Option 1 (`1result.sql`)** is the most accurate because:
  - It handles **case-insensitivity** for both `SegmentedPropertyTypeCodeSequence` and `collection_id` by using `LOWER()`.
  - It uses `TRIM()` to remove any leading or trailing spaces, ensuring that any extra whitespace does not affect the comparison.
  - By converting `collection_id` to lowercase and comparing with lowercase values ('community', 'nsclc_radiomics'), it ensures all possible case variations are considered.

**Conclusion:**

Option 1 (`1result.sql`) is the correct SQL query as it accurately fulfills the requirements of the task by ensuring case-insensitive comparisons and trimming any extra spaces in both the `SegmentedPropertyTypeCodeSequence` and `collection_id` fields.