```plaintext
2result.sql
```

**Reasoning:**

Among the three provided SQL queries, **`2result.sql`** correctly implements the task's requirements.

Here's why:

1. **Handles All Customers Appropriately:**
   - **`2result.sql`** includes all customers, even those with only one month of data. It accounts for customers without a prior month's balance by using `COALESCE("prior_balance", 0)`, treating a missing previous balance as zero.
   - **`1result.sql`** excludes customers who don't have at least two months of data due to the `HAVING COUNT(*) = 2` clause. This leads to an inflated percentage because it doesn't consider customers who can't have a growth rate calculated.
   - **`0result.sql`** includes all customers but seems to have a miscalculation in the growth rate logic or the way customers are counted, resulting in a lower percentage that doesn't align with the expected outcome.

2. **Correct Growth Rate Calculation:**
   - **`2result.sql`** accurately calculates the growth rate by:
     - Using the formula:

       ```sql
       CASE WHEN COALESCE("prior_balance", 0) = 0 THEN
         "recent_balance" * 100
       ELSE
         (("recent_balance" - "prior_balance") * 100.0) / ABS("prior_balance")
       END AS "growth_rate"
       ```

     - This correctly implements the condition: if the previous month's balance is zero, the growth rate is the current month's balance multiplied by 100; otherwise, it's the percentage change from the previous to the current month.
   - **`1result.sql`** calculates the growth rate but, due to excluding customers with only one month of data, doesn't fully meet the task's requirements.
   - **`0result.sql`** includes a growth rate calculation, but the conditions in the `WHERE` clause might not comprehensively capture all scenarios, possibly leading to incorrect filtering.

3. **Accurate Percentage Calculation:**
   - **`2result.sql`** calculates the percentage of customers whose most recent month's growth rate exceeds 5% by:
     - Counting all customers who meet the growth rate condition.
     - Dividing by the total number of customers in `customer_growth_rates`, which includes all customers (both with and without previous balances).
   - **`1result.sql`** calculates the percentage based only on customers with two months of data, which isn't aligned with the task's specification.
   - **`0result.sql`** divides by the total number of distinct customers in the "customer_transactions" table, which is correct, but due to its filtering logic, it underestimates the percentage.

**Conclusion:**

- **`2result.sql`** faithfully implements the task as specified, correctly handles customers with and without prior month balances, accurately calculates growth rates, and computes the desired percentage.
- Therefore, **`2result.sql`** is the correct SQL script.