After carefully analyzing the three provided SQL queries and their corresponding results, I have determined that **`2result.sql`** is the correct SQL that best answers the task.

**Reasoning:**

1. **Date Filter Accuracy:**
   - **`2result.sql`** uses `TO_TIMESTAMP_LTZ` to convert microseconds to timestamp and filters dates between `'2016-07-01'` and `'2016-07-08'`. This ensures that only trips from **July 1 to July 7, 2016** are included.
   - It uses `< TO_TIMESTAMP('2016-07-08', 'YYYY-MM-DD')` to correctly exclude trips from July 8.

2. **Invalid Data Handling:**
   - The query includes a condition to exclude trips with unrealistic driving speeds:
     ```sql
     AND (t."trip_distance" / (DATEDIFF('minute', TO_TIMESTAMP_LTZ(t."pickup_datetime" / 1e6), TO_TIMESTAMP_LTZ(t."dropoff_datetime" / 1e6)) / 60)) BETWEEN 5 AND 100
     ```
     This effectively filters out invalid items as requested.

3. **Ordering by Total Fare Amount:**
   - The task specifies ranking by **total fare amount**, and **`2result.sql`** correctly uses:
     ```sql
     ORDER BY
       t."total_amount" DESC NULLS LAST
     ```
     to order the results by `total_amount` in descending order.

4. **Accurate Calculations:**
   - **Trip Duration:** Uses `DATEDIFF('minute', ...)` for accurate trip duration in minutes.
   - **Driving Speed:** Calculates driving speed using the accurate trip duration.
   - **Tip Rate:** Computes tip rate as a percentage of the fare amount.

5. **Data Presentation:**
   - Displays the required columns: **pickup and dropoff zones, trip duration, driving speed in miles per hour, and tip rate**.

6. **Results Consistency:**
   - The result set from **`2result.sql`** aligns with the specified conditions and appears to be clean of invalid data.

**In contrast:**

- **`0result.sql`** and **`1result.sql`** do not include conditions to filter out trips with unrealistic driving speeds, potentially including invalid data.
- **`1result.sql`** orders the trips by `fare_amount` instead of `total_amount`, which does not align with the task requirement of ranking by **total fare amount**.

Based on the above reasons, **`2result.sql`** is the SQL query that best answers the task.

```plaintext
2result.sql
```