After reviewing the three SQL queries and their corresponding results, here's the comparison and reasoning:

### **0result.sql**

- **Age Calculation**: Uses `EXTRACT(YEAR FROM CURRENT_DATE()) - t."member_birth_year"`. This subtracts the birth year from the current year (2023 or later), leading to incorrect ages for trips from 2017.
- **Resulting Ages**: The ages calculated are higher than expected (e.g., 32 for someone born in 1993), which doesn't align with the trip dates in 2017.
- **Conclusion**: The age calculation doesn't accurately reflect the members' ages at the time of the trips in 2017.

### **1result.sql**

- **Age Calculation**: Uses `(2017 - BIKESHARE_TRIPS."member_birth_year")`. This assumes all trips occurred in 2017 and subtracts the birth year from 2017.
- **Resulting Ages**: The ages are consistent for trips in 2017 but would be inaccurate if trips occurred in other years.
- **Conclusion**: This method is acceptable for trips in 2017 but doesn't adapt if the dataset includes trips from different years.

### **2result.sql**

- **Age Calculation**: Uses `EXTRACT(year FROM TO_TIMESTAMP_LTZ(t."start_date" / 1000000)) - t."member_birth_year"`. This dynamically calculates the age based on the actual year the trip started.
- **Resulting Ages**: The ages accurately reflect the members' ages at the time of each trip.
- **Conclusion**: This method provides the most precise and adaptable age calculation, suitable for trips in any year.

### **Final Decision**

**`2result.sql`** is the correct SQL query because:

- It accurately calculates the members' ages based on the exact year of each trip.
- It adheres to the requirement of calculating the current age at the time of the trip.
- It ensures that the age classification ('Young', 'Adult', 'Senior Adult') is correctly assigned based on the trip date.

---

**Selected SQL Query:**

```plain
2result.sql
```