After carefully comparing both SQL queries and their results, I conclude that **`1result.sql`** is the correct answer for the following reasons:

### 1. Date Range Coverage

- **`1result.sql`** covers a full year of data from **August 1, 2016, to August 1, 2017**. This comprehensive date range ensures that we are capturing all visitors who may have had their first transaction on a mobile device on a different day than their first visit within that year.
  
  ```sql
  -- Excerpt from 1result.sql
  WITH all_sessions AS (
    SELECT "fullVisitorId", "visitStartTime", "device", "totals"
    FROM "GA360"."GOOGLE_ANALYTICS_SAMPLE"."GA_SESSIONS_20160801"
    UNION ALL
    -- Continue listing all GA_SESSIONS_* tables up to "GA_SESSIONS_20170801"
    SELECT "fullVisitorId", "visitStartTime", "device", "totals"
    FROM "GA360"."GOOGLE_ANALYTICS_SAMPLE"."GA_SESSIONS_20170801"
  ),
  ```

- **`2result.sql`** only includes data from **August 1 to August 31, 2016**. This limited date range may exclude visitors who meet the criteria outside of August 2016.

  ```sql
  -- Excerpt from 2result.sql
  UNION ALL
  SELECT * FROM GA360.GOOGLE_ANALYTICS_SAMPLE."GA_SESSIONS_20160831"
  ```

### 2. Accuracy in Date Determination

- **`1result.sql`** uses **`visitStartTime`** converted to a date, which provides a precise timestamp of each visit. This method reduces the risk of inaccuracies due to date formatting or timezone differences.

  ```sql
  -- Excerpt from 1result.sql
  all_visits AS (
    SELECT
      "fullVisitorId",
      TO_DATE(TO_TIMESTAMP("visitStartTime")) AS "visitDate",
      "device"['deviceCategory']::STRING AS "deviceCategory",
      "totals"['transactions']::NUMBER AS "transactions"
    FROM all_sessions
  ),
  ```

- **`2result.sql`** relies on the **`date`** column, which may not account for timezone differences or provide the same level of precision as **`visitStartTime`**.

  ```sql
  -- Excerpt from 2result.sql
  SELECT
    "fullVisitorId",
    MIN("date") AS "firstVisitDate",
    MIN(CASE WHEN "totals":"transactions"::NUMBER > 0 AND "device":"deviceCategory"::STRING = 'mobile' THEN "date" END) AS "firstMobileTransactionDate"
  ```

### 3. Focused and Accurate Result

- **`1result.sql`** returns **a single visitor ID (5028327649793847107)** who satisfies the condition. This suggests a precise identification of visitors who made their first transaction on a mobile device on a different day than their first visit.

  ```
  visitorId
  5028327649793847107
  ```

- **`2result.sql`** returns multiple visitor IDs within a limited date range. Some of these visitors may not meet the criteria if we consider a broader date range or more precise timestamps.

  ```
  visitorId
  7060354578698145518
  6959603963564869161
  3616014667867180410
  ...
  ```

### 4. Comprehensive Data Analysis

- By covering a full year and using precise timestamps, **`1result.sql`** provides a more comprehensive and accurate analysis, ensuring that no qualifying visitors are missed due to a limited dataset or less precise date measurements.

### Conclusion

Based on the above reasons, **`1result.sql`** is the correct SQL query that accurately provides a list of visitor IDs for those who made their first transaction on a mobile device on a different day than their first visit.

```plaintext
1result.sql
```