After reviewing both SQL queries and their results, we can determine which one correctly addresses the task based on the following considerations:

**Task:** Find the employment rate (considering population over 16) in the Utah zip code that has the **fewest number of bank locations** based on **American Community Survey data in 2017**.

---

### **Analysis of the SQL Queries:**

#### **First SQL (`0result.sql`):**

- **Data Source:**
  - Uses the `FEC.CENSUS_BUREAU_ACS.ZCTA5_2017_5YR` table, which contains **2017** ACS data.
- **Process:**
  1. **Identify the Zip Code with the Fewest Bank Locations:**
     - Selects zip codes from `FEC.FDIC_BANKS.LOCATIONS` where `state = 'UT'`.
     - Groups by `zip_code` and orders by the count of bank locations ascending (fewest first).
     - If there are ties, it orders by `zip_code` ascending to select one deterministically.
     - Limits the result to 1 zip code.
  2. **Retrieve Employment Data:**
     - Joins the identified zip code with the ACS 2017 data on `zip_code`.
     - Calculates the employment rate using `employed_pop / pop_16_over * 100`.
  - **Result:**
    - Employment rate: **58.8681%**

#### **Second SQL (`2result.sql`):**

- **Data Source:**
  - Uses the `FEC.CENSUS_BUREAU_ACS.ZIP_CODES_2016_5YR` table, which contains **2016** ACS data.
- **Process:**
  1. **Identify the Zip Code with the Fewest Bank Locations:**
     - Similar to the first SQL, it finds zip codes with the minimum count of bank locations.
     - Orders by `zip_code` ascending to select one in case of ties.
  2. **Retrieve Employment Data:**
     - Joins the identified zip code with the ACS **2016** data on `geo_id`.
     - Calculates the employment rate using `employed_pop / pop_16_over * 100`.
  - **Result:**
    - Employment rate: **57.9476%**

---

### **Reasoning for the Correct SQL:**

- **Data Year Consistency:**
  - The task explicitly requires using **American Community Survey data from 2017**.
  - The first SQL (`0result.sql`) correctly uses the 2017 ACS data (`ZCTA5_2017_5YR` table).
  - The second SQL (`2result.sql`) uses 2016 ACS data (`ZIP_CODES_2016_5YR` table), which does not align with the task requirements.

- **Accuracy of Results:**
  - The first SQL provides an employment rate based on the most recent data available as per the task.
  - By using the correct dataset, the first SQL ensures that the employment rate reflects the 2017 statistics.

- **Adherence to Task Instructions:**
  - The first SQL fully complies with all aspects of the task:
    - Identifies the zip code in Utah with the fewest bank locations.
    - Uses ACS data from 2017.
    - Calculates the employment rate considering the population over 16.

---

### **Conclusion:**

Based on the above analysis, the first SQL (`0result.sql`) is the correct one because it:

- Uses the **2017** ACS data as specified.
- Accurately identifies the zip code with the fewest bank locations.
- Correctly calculates the employment rate based on the required data.

---

**Correct SQL File:**

```plaintext
0result.sql
```