After reviewing the three candidate SQL queries and their results, I have determined that **candidate 2** (`2result.sql`) is the most suitable to answer the question: **"What are the top three debt indicators for Russia based on the highest debt values?"**

**Reasoning:**

1. **Relevance of the Data Source:**
   - **Candidate 2** retrieves data from the `WORLD_BANK.WORLD_BANK_INTL_DEBT.INTERNATIONAL_DEBT` table, which is specifically focused on international debt statistics. This aligns well with the task's requirement to identify debt indicators.
   - **Candidate 1** uses the `WORLD_BANK.WORLD_BANK_WDI.INDICATORS_DATA` table, which contains a broader range of economic indicators, not exclusively debt-related data.

2. **Currency Consistency:**
   - **Candidate 2** provides debt values in **current US dollars (US$)**, which is a standard currency for international financial analysis and allows for consistent comparisons.
   - **Candidate 1** presents values in **local currency units (LCU)** (Russian Rubles). While these values are higher numerically due to currency differences, comparing debt indicators in LCU can be misleading when assessing international debt without considering exchange rates.

3. **Comprehensiveness of the Query:**
   - **Candidate 2** does not limit the indicators to those with 'debt' in their names. Instead, it considers all debt-related indicators for Russia, filters out null values, and calculates the maximum debt value for each indicator. This approach ensures that all relevant debt indicators are evaluated.
   - **Candidate 0** filters indicators by names containing 'debt', which might exclude pertinent debt indicators that do not have 'debt' in their names.

4. **Accuracy in Identifying Top Debt Indicators:**
   - **Candidate 2** correctly identifies the top three debt indicators based on the **highest debt values in US$**, providing a clear answer to the task.
   - The indicators identified are:
     - **"Principal repayments on external debt, long-term (AMT, current US$)"** with a maximum value of **$18,498,824,669.4000**
     - **"Principal repayments on external debt, public and publicly guaranteed (PPG) (AMT, current US$)"** with a maximum value of **$9,571,433,709.6000**
     - **"PPG, private creditors (AMT, current US$)"** with a maximum value of **$9,550,373,712.1000**
   - These values are relevant and provide meaningful insight into Russia's debt obligations.

5. **Float Value Precision:**
   - Ensuring that float values are rounded to **four decimal places** aligns with the task's requirements, and **candidate 2** adheres to this.

**Conclusion:**

Based on the above reasoning, **candidate 2** (`2result.sql`) is the correct SQL query to answer the task effectively.

```plain
2result.sql
```