After reviewing both SQL queries and their results, I have determined that `0result.sql` is the correct SQL query that fulfills the task requirements.

**Reasoning:**

1. **Correct Calculation of Net Votes:**
   - In `0result.sql`, the user's net votes are calculated directly from the `USERS` table using the formula:
     ```sql
     (U."up_votes" - U."down_votes") AS "Net_Votes"
     ```
     This correctly reflects the total net votes a user has received across all their activities on the platform.
   - In contrast, `1result.sql` recalculates the net votes by aggregating votes from the `VOTES` table, which might not account for all possible votes (e.g., it might miss some vote types or historical data).

2. **Alignment with Task Requirements:**
   - The task specifies to include the user's reputation, net votes, and badge count.
   - `0result.sql` directly uses the `USERS` table for reputation and net votes, and correctly joins with the `BADGES` table to get the badge count.
   - Both queries retrieve the top 10 longest questions with an accepted answer or an answer with a high score-to-view ratio, but `0result.sql` does so more straightforwardly.

3. **Simplicity and Efficiency:**
   - `0result.sql` is simpler and more efficient. It avoids unnecessary joins and computations, making it easier to understand and potentially faster to execute.
   - By using the existing aggregated data in the `USERS` table, it reduces the complexity of the query.

Considering these points, `0result.sql` better satisfies the task requirements.

---

**Chosen SQL Query:**

```plain
0result.sql
```