After analyzing the provided SQL queries and their results, **`1result.sql`** is the correct SQL that accurately answers the question.

**Reasoning:**

1. **Objective:** Identify the year in which the assignee with the most applications in the patent category `'A61'` filed the most applications.

2. **Approach in `1result.sql`:**
   
   - **Step 1:** Identify the top assignee in the `'A61'` category.
     - The query selects the assignee name and counts the distinct application numbers where the CPC code starts with `'A61%'`.
     - It groups the results by assignee name and orders them in descending order to find the assignee with the most applications.
   
   - **Step 2:** Determine the year when the top assignee filed the most applications.
     - Using the top assignee identified, the query counts the number of applications per year.
     - It extracts the filing year from the `filing_date` and excludes entries with a filing year of `'0'` to ensure valid data.
     - It orders the results by the number of applications in descending order and limits the output to the top result.

3. **Result:**
   
   - The query returns the year **1997**, indicating that the top assignee filed the most applications in the patent category `'A61'` during that year.

4. **Why `1result.sql` is Preferred:**
   
   - **Accuracy:** The query precisely follows the required steps to first identify the top assignee and then find the year with the maximum filings for that assignee in the `'A61'` category.
   - **Clarity:** It uses clear and logical CTEs (`WITH` clauses) named `top_assignee` and `yearly_applications`, making the query readable and easier to understand.
   - **Data Validation:** It includes a condition to exclude entries with invalid filing years (e.g., `'0'`), ensuring data integrity.

**Conclusion:**

Based on the above reasoning, **`1result.sql`** correctly identifies the year in which the assignee with the most applications in the patent category `'A61'` filed the most applications.

```plain
1result.sql
```