After carefully examining the three SQL queries and their results, I have determined that **`2result.sql`** is the correct query for merging the NCAA basketball historical tournament games outcomes with the pace and efficiency performance metrics from 2014 to 2018.

### **Reasoning:**

1. **Handling Team Name Discrepancies:**

   - **Challenge:** One of the primary challenges in merging the tournament games data with the feature engineering metrics is the discrepancy in team names between the `MBB_HISTORICAL_TOURNAMENT_GAMES` table and the `FEATURE_ENGINEERING` table. Team names may differ due to variations like abbreviations, special characters, spaces, or different naming conventions.
   - **Solution in `2result.sql`:** The query uses the `REGEXP_REPLACE` function to remove all non-alphabetic characters and converts the team names to lowercase before performing the join. This normalization ensures that team names like "Saint Mary's (CA)", "St. Mary's", "Saint Marys", or "StMarys" are matched correctly.
     ```sql
     ON REGEXP_REPLACE(LOWER(gr."school_ncaa"), '[^a-z]', '') = REGEXP_REPLACE(LOWER(fe_team."team"), '[^a-z]', '')
     ```
     By using `REGEXP_REPLACE` and `LOWER`, the query effectively standardizes both the `school_ncaa` and `team` fields, allowing for accurate matching despite discrepancies.

2. **Handling Seed Formatting:**

   - **Challenge:** Seeds in the tournament games data may have leading zeros or be stored as strings, which can cause issues when performing numerical comparisons or analyses.
   - **Solution in `2result.sql`:** The query casts seeds to integers after trimming leading zeros using `LTRIM`:
     ```sql
     CAST(LTRIM(htg."win_seed", '0') AS INTEGER) AS "seed"
     ```
     This ensures that the seeds are correctly formatted as integers, which is important for any future numerical operations or analyses involving seeds.

3. **Comprehensive Data Retrieval:**

   - **`2result.sql`** effectively retrieves all the required data, including team metrics and opponent metrics, and calculates the differences between them. This provides a comprehensive dataset for analyzing team and opponent dynamics.
   - The calculated differences (e.g., `pace_rank_diff`, `eff_stat_diff`) are important for comparative analysis and are correctly computed in this query.

4. **Comparison with Other Queries:**

   - **`0result.sql` and `1result.sql`:**
     - Both queries attempt to join the tournament games data with the feature engineering metrics using direct string equality on the team names:
       ```sql
       ON tg."school_ncaa" = tm."team"
       ```
     - This method does not account for discrepancies in team names and may result in missing or incorrect matches.
     - They do not handle the seed formatting issue with leading zeros.

   - **`2result.sql`:**
     - Addresses both challenges by normalizing team names and properly formatting seeds.
     - Increases the likelihood of accurate data merging and provides a more reliable dataset for analysis.

### **Conclusion:**

By effectively handling team name discrepancies and seed formatting issues, **`2result.sql`** provides the correct approach to merging the tournament games data with the performance metrics for comprehensive analysis.

---

**Correct SQL File:**

```plaintext
2result.sql
```