After comparing the SQL queries and their results, **I have determined that `0result.sql` is the correct SQL** to answer the question.

**Reason:**

- **Scope of the Query:** The task is to calculate the number of overtakes in each category during the first five laps of the race across all races. The SQL in `0result.sql` does not limit the data to a specific race (`race_id`), and thus aggregates data across all races, which matches the scope of the question.

- **Comprehensive Results:** The results from `0result.csv` show significantly larger numbers for overtakes in each category, which is consistent with aggregating data across multiple races:

    ```
    Category,Number of Overtakes
    Retirements,178
    Pit Stops,278
    Start-Related Overtakes,5079
    Standard On-Track Passes,4299
    ```

- **Other Queries are Limited to a Single Race:** The SQL queries in `1result.sql` and `2result.sql` include a filter for `race_id = 1`, which limits their calculations to data from only one race. This limitation is evident from their `WHERE` clauses and the smaller numbers in their results. For example, `1result.csv` shows:

    ```
    Category,Number of Overtakes
    Retirements,1
    Pit Stops,0
    Start-Related Overtakes,38
    Standard On-Track Passes,6
    ```

- **Alignment with the Question:** Since the question asks for the number of overtakes during the first five laps of the race without specifying a particular race, it is appropriate to consider all races in the dataset. The SQL in `0result.sql` correctly accounts for this by not filtering on a specific `race_id`.

**Conclusion:**

- **`0result.sql`** is the correct SQL query because it accurately computes the number of overtakes in each category during the first five laps across all races, aligning with the requirements of the task.

---

```plaintext
0result.sql
```