After analyzing both SQL queries and their results, I have determined that **`2result.sql`** is the correct SQL query for the task. Here's the reasoning:

---

### **Comparison of the Two SQL Queries**

#### **Candidate 0 (`0result.sql`):**

- **Approach:**
  - Separately calculates counts of segments overlapping each cytoband for amplifications, gains, and heterozygous deletions.
  - Orders cytobands by the total count of overlapping segments for each alteration type.
  - Selects the top 11 cytobands for each alteration type based on segment counts.
  - Finds cytobands common to all three top 11 lists.

- **Limitations:**
  - **Counts Segments Instead of Cases:** This query counts the number of overlapping segments, not unique cases. As a result, if a single case has multiple segments overlapping a cytoband, it inflates the count.
  - **May Not Reflect Patient-Level Frequency:** Counting segments can distort the true frequency of alterations at the patient level, which is crucial in genomic studies.

- **Result:**

  ```
  cytoband_name
  1p36
  1p31
  1p21
  1q42
  1q31
  ```

#### **Candidate 2 (`2result.sql`):**

- **Approach:**
  - **Calculates Frequencies Based on Unique Cases:**
    - Assigns alteration types based on copy number values.
    - Filters segments to include only those with the specified alteration types.
    - Maps segments to cytobands considering genomic overlap.
    - Counts the number of **unique cases** (patients) with each alteration type per cytoband.
  - **Calculates Frequencies:**
    - Determines the frequency of each alteration type per cytoband as a percentage of the total number of cases in the TCGA-KIRC project.
  - **Ranks Cytobands:**
    - Ranks cytobands separately for each alteration type based on frequencies.
    - Selects cytobands that rank within the top 11 for all three alteration types.
    - Ensures that the cytobands have high frequencies across all alteration types at the patient level.

- **Advantages:**
  - **Patient-Level Analysis:** By counting unique cases, the query accurately reflects how common each alteration type is among patients.
  - **Accurate Ranking:** Frequencies are calculated based on the proportion of patients affected, providing a meaningful basis for ranking.
  - **Alignment with Task Requirements:** The query aligns with the task of calculating rankings based on frequencies reflective of the severity of genetic alterations in kidney cancer studies.

- **Result:**

  ```
  cytoband_name
  1p31
  1q31
  ```

---

### **Conclusion**

**`2result.sql`** is the correct SQL query because it:

- Accurately computes frequencies based on unique cases, providing a meaningful analysis at the patient level.
- Properly ranks cytobands based on these frequencies, ensuring that the top-ranking cytobands are significant across amplifications, gains, and heterozygous deletions.
- Meets the task's requirement to consider the severity of genetic alterations by reflecting patient-level frequencies.

---

### **Selected SQL:**

```plain
2result.sql
```