**Comparison of SQL Queries:**

Both SQL queries aim to identify the **top five protein-coding genes with the highest expression variability** (standard deviation of HTSeq__FPKM values) in **'Solid Tissue Normal' samples from TCGA-BRCA cases**.

---

**First SQL Query (`0result.sql`):**

```sql
SELECT "gene_name" AS "Gene_Name",
       STDDEV("HTSeq__FPKM") AS "Expression_Variability"
FROM TCGA.TCGA_VERSIONED.RNASEQ_HG38_GDC_R28
WHERE "project_short_name" = 'TCGA-BRCA'
  AND "sample_type_name" = 'Solid Tissue Normal'
  AND "gene_type" = 'protein_coding'
  AND "gene_name" IS NOT NULL
  AND "HTSeq__FPKM" IS NOT NULL
GROUP BY "gene_name"
HAVING STDDEV("HTSeq__FPKM") IS NOT NULL AND STDDEV("HTSeq__FPKM") > 0
ORDER BY "Expression_Variability" DESC NULLS LAST
LIMIT 5;
```

**Second SQL Query (`2result.sql`):**

```sql
SELECT "gene_name", STDDEV("HTSeq__FPKM") AS "Expression_Variability"
FROM TCGA.TCGA_VERSIONED.RNASEQ_HG38_GDC_R28
WHERE "project_short_name" = 'TCGA-BRCA'
  AND "sample_type_name" = 'Solid Tissue Normal'
  AND "gene_type" = 'protein_coding'
  AND "HTSeq__FPKM" IS NOT NULL
GROUP BY "gene_name"
HAVING COUNT("HTSeq__FPKM") > 1
ORDER BY "Expression_Variability" DESC NULLS LAST
LIMIT 5;
```

---

**Comparison and Reasoning:**

1. **Filtering Null Values:**
   - **First Query (`0result.sql`):** Includes additional conditions in the `WHERE` clause to exclude records where `"gene_name"` or `"HTSeq__FPKM"` are `NULL`. This ensures that all data used in the calculations are valid and complete.
   - **Second Query (`2result.sql`):** Only checks that `"HTSeq__FPKM"` is not `NULL`. It does not explicitly exclude `NULL` gene names, which could potentially lead to grouping issues.

2. **HAVING Clause Conditions:**
   - **First Query:** Uses `HAVING STDDEV("HTSeq__FPKM") IS NOT NULL AND STDDEV("HTSeq__FPKM") > 0` to ensure that only genes with a calculable and positive standard deviation are included. This directly targets the requirement of finding genes with the highest expression variability.
   - **Second Query:** Uses `HAVING COUNT("HTSeq__FPKM") > 1` to ensure that there are at least two expression values for each gene, which is necessary for calculating standard deviation. However, it doesn't explicitly check that the standard deviation is greater than zero.

3. **Precision and Relevance:**
   - **First Query:** By explicitly checking that the standard deviation is greater than zero and not `NULL`, it more precisely fulfills the requirement of finding genes with significant expression variability.
   - **Second Query:** While it ensures enough data points for calculation, it might include genes with zero variability (all expression values are the same), which are not relevant for the goal.

4. **Results Consistency:**
   - Both queries produce the same top five genes with their expression variability values. However, the first query ensures that the data is clean and the calculations are valid.

---

**Conclusion:**

The **first SQL query (`0result.sql`)** is the correct choice because it:

- Ensures all records have valid gene names and expression values.
- Directly filters out genes with zero or undefined variability.
- Precisely aligns with the requirement to find genes with the highest expression variability.

By carefully filtering the data and focusing on the expression variability, the first query provides more accurate and reliable results.

---

```plaintext
0result.sql
```