Upon comparing the three SQL queries and their results, all of them identify **`lodash` version `4.17.21`** as the NPM package's highest release version with the most dependent packages (1152 dependents). However, the difference lies in how each query determines the highest release versions and counts the dependents.

**Explanation:**

- **Candidate 0 (`0result.sql`):**
  - This query selects the latest version of each package by checking if the `UpstreamPublishedAt` timestamp matches the maximum `UpstreamPublishedAt` for that package.
  - It joins `PACKAGEVERSIONS` (`pv`) and `DEPENDENTS` (`d`) on `Name` and `Version`.
  - **Limitation:** If multiple versions have the same `UpstreamPublishedAt`, this query might include multiple versions per package.

- **Candidate 1 (`1result.sql`):**
  - This query first identifies the latest versions using subqueries to get the maximum `UpstreamPublishedAt` per package.
  - It joins `DEPENDENTS` (`d`) with the latest versions derived from `PACKAGEVERSIONS` (`pv`).
  - **Limitation:** The use of multiple subqueries and joins increases complexity and can impact performance.

- **Candidate 2 (`2result.sql`):**
  - This query uses the `ROW_NUMBER()` window function to assign a row number (`rn`) to each version of a package, ordered by `UpstreamPublishedAt` in descending order.
  - It then selects only the latest version for each package (where `rn = 1`).
  - It joins this result with `DEPENDENTS` (`d`) on `Name` and `Version` to count the dependents.
  - **Advantage:** The `ROW_NUMBER()` function ensures that only one (the latest) version per package is selected, even if there are multiple versions with the same `UpstreamPublishedAt`. This method is more efficient and handles tie-breakers effectively.

**Reason for Choosing `2result.sql`:**

Candidate 2 provides a clear, efficient, and robust method to:

- **Identify the highest release versions** of each NPM package using `ROW_NUMBER()`.
- **Handle cases with duplicate `UpstreamPublishedAt` values** by assigning unique row numbers.
- **Simplify the query structure** by avoiding nested subqueries and making use of window functions.

This makes `2result.sql` the most appropriate and reliable query to determine which NPM package and its highest release version have the most dependent packages.

**Therefore, the correct SQL query is:**

```plaintext
2result.sql```