After comparing the SQL queries and their results, **`2result.sql`** is the correct and most appropriate SQL query to determine the percentage of users who either did not uninstall the app within seven days or never uninstalled it after installing during August and September 2018.

**Reasons:**

1. **Comprehensive Date Range Coverage:**
   - `2result.sql` includes all event tables from **`EVENTS_20180801`** to **`EVENTS_20180930`**, covering every day in August and September 2018.
   - This comprehensive inclusion ensures that no install or uninstall events during the target period are missed, leading to accurate calculations.

2. **Accurate Identification of Install Events:**
   - The query correctly filters users who installed the app during the specified period using the `first_open` event.
   - It ensures that only users who installed the app between August 1, 2018, and September 30, 2018, are considered.

3. **Correct Handling of Uninstall Events:**
   - It identifies uninstall events using the `app_remove` event.
   - The query accurately calculates the time difference between install and uninstall events for each user.

4. **Precise Calculation of the Desired Percentage:**
   - It calculates the percentage of users who either did not uninstall within seven days or never uninstalled by:
     - Including users who never uninstalled (`uninstall_timestamp IS NULL`).
     - Including users who uninstalled more than seven days after installation (`"uninstall_timestamp" - "install_timestamp" > 7 * 24 * 60 * 60 * 1000000`).
   - The division by the total number of users who installed the app during the period ensures the percentage is accurate.

5. **Addressing Limitations in Other Queries:**
   - **`0result.sql`:**
     - Only includes selected dates during August and September, missing many days within the period.
     - Results may be incomplete due to missing data from unlisted dates.
   - **`1result.sql`:**
     - Appears incomplete as it only explicitly lists the first two and the last event tables, with a comment suggesting inclusion of other tables without explicitly doing so.
     - Risk of incomplete data due to potential omission of event tables in the actual query.

**Conclusion:**

- **`2result.sql`** provides a complete and accurate SQL query that fully encompasses all necessary data for the analysis, leading to a reliable and precise calculation of the required percentage.

```plaintext
2result.sql
```