The correct SQL query that answers the task is **`0result.sql`**.

**Reason:**

- **Label Filtering:** The task requires considering only labels linked to 50 or more artworks **overall**, not just within each period. The `0result.sql` query correctly implements this by creating a `LabelCounts` CTE (Common Table Expression) that filters labels having a global artwork count of 50 or more.

  ```sql
  WITH LabelCounts AS (
    SELECT f.value:"description"::STRING AS "label", COUNT(DISTINCT t."object_id") AS "global_artwork_count"
    FROM "THE_MET"."THE_MET"."VISION_API_DATA" t,
    LATERAL FLATTEN(input => t."labelAnnotations") f
    GROUP BY "label"
    HAVING COUNT(DISTINCT t."object_id") >= 50
  ),
  ```

- **Period Label Counts:** It then computes the count of artworks per period for these filtered labels in the `PeriodLabelCounts` CTE, ensuring that only labels meeting the global threshold are considered.

  ```sql
  PeriodLabelCounts AS (
    SELECT o."period", f.value:"description"::STRING AS "label", COUNT(DISTINCT t."object_id") AS "artwork_count"
    FROM "THE_MET"."THE_MET"."VISION_API_DATA" t
    JOIN "THE_MET"."THE_MET"."OBJECTS" o ON t."object_id" = o."object_id",
    LATERAL FLATTEN(input => t."labelAnnotations") f
    WHERE f.value:"description"::STRING IN (SELECT "label" FROM LabelCounts)
    GROUP BY o."period", "label"
  ),
  ```

- **Ranking Labels Per Period:** The query ranks the labels within each period based on their artwork counts, allowing identification of the top three labels per period.

  ```sql
  RankedLabels AS (
    SELECT "period", "label", "artwork_count",
    ROW_NUMBER() OVER (PARTITION BY "period" ORDER BY "artwork_count" DESC NULLS LAST, "label") AS "rank"
    FROM PeriodLabelCounts
  )
  ```

- **Final Selection:** It selects the top three labels for each period, as required.

  ```sql
  SELECT "period" AS "Period", "label" AS "Label", "artwork_count" AS "Count"
  FROM RankedLabels
  WHERE "rank" <= 3
  ORDER BY "Period" NULLS LAST, "rank";
  ```

**Comparison with Other Queries:**

- **`1result.sql`:** While similar to `0result.sql`, there may be differences in table aliases or join methods. However, since `0result.sql` already meets the requirements precisely, it is the preferred choice.

- **`2result.sql`:** This query filters labels based on them being linked to 50 or more artworks **within each period**, rather than considering the global count. This does not align with the task's condition of considering labels linked to 50 or more artworks **overall**.

---

```plaintext
0result.sql
```