After comparing the two SQL queries and their results, I have determined that **`1result.sql`** is the correct SQL query.

**Reason:**

- **Dynamic Identification**: `1result.sql` dynamically identifies the provider with the highest total inpatient service cost from 2011 to 2015. It calculates the `provider_id` without hardcoding any values, making the query adaptable to any dataset changes.
  
  ```sql
  WITH provider_with_highest_cost AS (
    SELECT
      provider_id,
      provider_name,
      SUM(total_discharges * average_total_payments) AS total_inpatient_service_cost
    FROM (
      -- Data from 2011 to 2015
    )
    GROUP BY provider_id, provider_name
    ORDER BY total_inpatient_service_cost DESC
    LIMIT 1
  ),
  provider_id_to_use AS (
    SELECT provider_id FROM provider_with_highest_cost
  )
  ```

- **Generalizability**: Since `1result.sql` does not rely on a specific `provider_id`, it can be used in other contexts or datasets where the top provider might be different.
  
- **Automation**: The query automates the process of finding the top provider and calculating the average revenues per case, reducing the risk of human error.

- **Consistency**: Both `1result.sql` and `2result.sql` produce the same results because, in this case, the provider with `provider_id = '330101'` is the one with the highest total inpatient service cost. However, `1result.sql` ensures accuracy even if the top provider changes in the future.

**Conclusion:**

While both queries yield the same results for the current dataset, `1result.sql` is the correct choice due to its dynamic, adaptable, and automated approach.

```plaintext
1result.sql
```