After comparing the SQL queries and their results, the correct SQL query is **1result.sql**.

**Reasoning:**

- **Requirement to Round Float Values:** The task specifies, *"Ensure that float values are rounded to 4 decimal places."* In the context of the SQL query, this means that the longitude and latitude values used for distance calculations should be rounded to four decimal places.

- **Comparison of Queries:**
  - **0result.sql:**
    ```sql
    SELECT "id" AS "station_id", "name" AS "station_name"
    FROM "GHCN_D"."GHCN_D"."GHCND_STATIONS"
    WHERE ST_DISTANCE(
        ST_GEOGFROMTEXT('POINT(' || "longitude" || ' ' || "latitude" || ')'),
        ST_GEOGFROMTEXT('POINT(-87.6847 41.8319)')
    ) <= 50000;
    ```
    - Does **not** round the longitude and latitude values.
    - May include stations with NULL coordinates, potentially causing errors.
  - **1result.sql:**
    ```sql
    SELECT "id", "name"
    FROM GHCN_D.GHCN_D.GHCND_STATIONS
    WHERE "latitude" IS NOT NULL AND "longitude" IS NOT NULL
      AND ST_DISTANCE(
            TO_GEOGRAPHY('POINT(' || ROUND("longitude", 4) || ' ' || ROUND("latitude", 4) || ')'),
            TO_GEOGRAPHY('POINT(-87.6847 41.8319)')
          ) <= 50000;
    ```
    - **Rounds** the longitude and latitude values to four decimal places using the `ROUND` function.
    - Includes a condition to filter out records with NULL latitude or longitude.
  - **2result.sql:**
    ```sql
    SELECT "id", "name"
    FROM GHCN_D.GHCN_D.GHCND_STATIONS
    WHERE ST_DISTANCE(
        TO_GEOGRAPHY('POINT(' || "longitude" || ' ' || "latitude" || ')'),
        TO_GEOGRAPHY('POINT(-87.6847 41.8319)')
    ) <= 50000;
    ```
    - Does **not** round the longitude and latitude values.
    - May include stations with NULL coordinates, potentially causing errors.

- **Conclusion:**
  - **1result.sql** is the only query that satisfies the requirement to round float values to four decimal places.
  - It also ensures that only stations with valid (non-null) coordinates are considered, preventing potential errors during distance calculations.

**Therefore, the correct SQL query is:**

```plain
1result.sql
```