After comparing the SQL scripts and their results, the correct SQL that accurately computes the average forecasted annual sales for products 4160 and 7790 for 2018, using a weighted regression model adjusted for seasonality during time steps 7 to 30, is **`1result.sql`**.

**Reasoning:**

1. **Candidate 0 (`0result.sql`):**
   - **Approach:** Applies weights of 3 during time steps 7 to 30 and 1 otherwise in the regression model.
   - **Issue:** While it changes the weights, it doesn't adjust the sales quantities for seasonality. This method doesn't accurately account for seasonal effects on sales data.
   - **Result:** The forecasted average annual sales are significantly lower than expected:
     - Product 4160: ~56.82
     - Product 7790: ~20.26
   - **Conclusion:** The results are inconsistent with the observed sales trends and undervalue the forecast.

2. **Candidate 1 (`1result.sql`):**
   - **Approach:** Correctly adjusts for seasonality by:
     - Calculating a seasonal index based on average sales for each month during time steps 7 to 30.
     - Adjusting sales quantities by dividing by the seasonal index.
     - Performing regression on the seasonally adjusted sales data.
     - Reapplying the seasonal index to the forecasted values to get the final forecast.
   - **Result:** The forecasted average annual sales are reasonable and align with observed trends:
     - Product 4160: ~359.73
     - Product 7790: ~218.87
   - **Conclusion:** This method properly accounts for seasonality and provides a realistic forecast.

3. **Candidate 2 (`2result.sql`):**
   - **Approach:** Does not adjust sales quantities for seasonality; treats all data points equally without accounting for seasonal effects.
   - **Result:** The forecasted average annual sales are higher but may be inflated due to lack of seasonality adjustment:
     - Product 4160: ~605.02
     - Product 7790: ~253.86
   - **Conclusion:** Without adjusting for seasonality, the forecast may not be accurate and could overestimate sales.

Given that **`1result.sql`** properly implements the weighted regression model with sales adjusted for seasonality during the specified time steps, it is the correct choice.

```plaintext
1result.sql
```