After analyzing the three SQL queries and their results, we can determine which one correctly calculates the average total quantity across all final packaging combinations, considering all items contained within each combination.

### **Option 0 (0result.sql):**

- **Result:** `average_total_quantity = 818.0`
- **Analysis:** This query likely calculates quantities but may not account for all levels of nesting in the packaging hierarchy. Specifically, it might consider only up to two levels of nesting, missing deeper nested items like those in packaging `534`.

### **Option 1 (1result.sql):**

- **Result:** `average_total_quantity = 946.0`
- **Analysis:** This query uses a **recursive common table expression (CTE)** to traverse all levels of the packaging hierarchy, ensuring that quantities from all nested items are included. The calculated average matches the manual calculation based on the provided data:
  - Total quantities per final packaging:
    - `531`: 864 bottles
    - `532`: 720 bottles
    - `533`: 960 bottles
    - `534`: 1,240 bottles
  - **Total sum:** 864 + 720 + 960 + 1,240 = 3,784 bottles
  - **Average:** 3,784 / 4 = 946 bottles
- **Conclusion:** This query correctly calculates the average by considering all nested levels.

### **Option 2 (2result.sql):**

- **Result:** `average_total_quantity = 1002.5`
- **Analysis:** Although this query also uses a recursive CTE, the result does not align with the manual calculations. The higher average suggests that quantities might be double-counted or overestimated due to potential errors in the recursive logic.

### **Conclusion:**

**Option 1 (1result.sql)** is the correct SQL query because it accurately calculates the average total quantity across all final packaging combinations by considering all levels of nested items. The result matches the expected average derived from the provided data.

---

**Answer:**

```plaintext
1result.sql
```