After reviewing the three SQL queries and their results, I have compared them to determine which one correctly answers the task.

**Task Summary:**

- **Identify the DRG definition with the highest total number of discharges.**
- **For that DRG, find the top three cities with the most discharges.**
- **Calculate the weighted average total payments for each of those cities, weighted by total discharges.**

**Comparison of the SQL Queries:**

---

**1. `0result.sql`**

- **DRG Selection:** Correctly identifies the DRG with the highest total discharges.
- **Top Cities Selection:** Correctly identifies the top three cities with the most discharges for that DRG.
- **Weighted Average Calculation:** Correctly calculates the weighted average total payments for each city.
- **Ordering of Results:** Does not specify an `ORDER BY` clause; results may not be in any particular order.

**2. `1result.sql`**

- **DRG Selection:** Correctly identifies the DRG with the highest total discharges.
- **Top Cities Selection:** Correctly identifies the top three cities with the most discharges for that DRG.
- **Weighted Average Calculation:** Correctly calculates the weighted average total payments for each city.
- **Ordering of Results:** Orders the results by `Weighted_Average_Total_Payments` in descending order.

**3. `2result.sql`**

- **DRG Selection:** Correctly identifies the DRG with the highest total discharges.
- **Top Cities Selection:** Correctly identifies the top three cities with the most discharges for that DRG.
- **Weighted Average Calculation:** Correctly calculates the weighted average total payments for each city.
- **Ordering of Results:** Orders the results by `Weighted_Average_Total_Payments` in descending order.

---

**Reasoning:**

All three queries correctly perform the required operations to answer the task. They all:

- Identify **DRG 470** as the DRG with the highest total discharges.
- Find **New York, Boston, and Springfield** as the top three cities with the most discharges for DRG 470.
- Calculate the weighted average total payments for these cities.

The main differences between the queries are:

- **Ordering of Results:** `0result.sql` does not specify an `ORDER BY` clause for the final output, so the order is not guaranteed. Both `1result.sql` and `2result.sql` order the results by `Weighted_Average_Total_Payments` in descending order.
- **Clarity and Structure:** `1result.sql` uses more explicit CTEs (Common Table Expressions) and labels, making it clearer to read and understand.

Given that the task does not specify any particular ordering for the results, and all queries correctly compute the required values, any of the queries could be acceptable.

However, **`1result.sql`** provides a clear structure, correctly calculates the required values, and orders the results in a logical way.

---

**Answer:**

```plaintext
1result.sql
```