After comparing the SQL queries and their results, I have determined that all three queries correctly identify **Cristiano Ronaldo** as the player with the most wins, totaling 199 wins. However, in terms of clarity and best practices, one of the queries stands out.

**Comparison of SQL Queries:**

1. **0result.sql:**

   - **Structure:** Uses a Common Table Expression (CTE) with the `WITH` clause to define `winning_players`.
   - **Approach:** Separates the computation of winning players into a CTE, which is then joined with the `Player` table to get player names and count wins.
   - **Readability:** The use of a CTE enhances readability and makes the query modular.

2. **1result.sql:**

   - **Structure:** Performs subqueries within the `FROM` clause without using a `WITH` clause.
   - **Approach:** Nests subqueries directly and joins the aggregated results with the `Player` table.
   - **Readability:** The lack of a CTE makes the query less modular and slightly harder to read.

3. **2result.sql:**

   - **Structure:** Similar to `0result.sql`, but does not use a `WITH` clause.
   - **Approach:** Defines the subquery for `player_wins` directly in the `FROM` clause and joins it with the `Player` table.
   - **Readability:** While effective, the absence of a CTE can make the query less organized compared to `0result.sql`.

**Reasoning:**

- All queries correctly compute the number of wins per player by counting the occurrences where a player was part of a winning team.
- The use of a `WITH` clause in `0result.sql` improves the readability and maintainability of the query. It clearly separates the logic of identifying winning players from the aggregation and final selection.
- Modular queries are preferable in SQL as they make complex queries easier to understand and modify.

**Conclusion:**

Based on the considerations above, **`0result.sql`** is the best choice. It provides clarity through its use of a CTE and adheres to good SQL practices.

```plaintext
0result.sql
```