After reviewing the three SQL queries and their results, I conclude that **Option 3** (`2result.sql`) provides the most accurate and reliable answer for determining the Utah county with the greatest percentage increase in construction jobs from 2000 to 2018. Here is the reasoning:

**Option 1 (`0result.sql`):**
- **Methodology:** This query compares the construction employment levels between the first quarter of 2000 (`_2000_Q1`) and the fourth quarter of 2018 (`_2018_Q4`).
- **Result:** It calculates a percentage increase of **144.735%** for Utah County.
- **Consideration:** Comparing a single quarter from 2000 to another single quarter in 2018 may not account for seasonal fluctuations in construction employment. Construction activity can vary significantly between quarters due to weather and project cycles.

**Option 2 (`1result.sql`):**
- **Methodology:** This query compares the construction employment levels between the fourth quarter of 2000 (`_2000_Q4`) and the fourth quarter of 2018 (`_2018_Q4`).
- **Result:** It calculates a percentage increase of **138.8949%** for Utah County.
- **Consideration:** While this approach controls for seasonal effects by comparing the same quarters, it still relies on a single data point from each year, which may not capture the overall employment trend throughout the entire year.

**Option 3 (`2result.sql`):**
- **Methodology:** This query calculates the **average construction employment** for the entire years of 2000 and 2018 by aggregating data from all four quarters of each year. It then computes the percentage increase based on these annual averages.
- **Result:** It calculates a percentage increase of **135.9226%** for Utah County.
- **Consideration:** By using annual averages, this method smooths out seasonal fluctuations and provides a more comprehensive view of employment trends over the entire years. This approach is more robust and reliable for comparing long-term changes.

**Conclusion:**

Option 3 (`2result.sql`) is the most appropriate choice because:

- It accounts for seasonal variations by averaging employment data across all four quarters of each year.
- It provides a more accurate representation of the overall employment trend in the construction industry for each county.
- It ensures that the percentage increase is not skewed by anomalous or seasonal spikes in employment that may occur in a single quarter.

**Therefore, the SQL query in `2result.sql` correctly identifies Utah County as having the greatest percentage increase in construction jobs from 2000 to 2018, with an increase rate of approximately **135.9226%**.

```plain
2result.sql
```