Both SQL queries aim to determine the customer with the highest average monthly change in payment amounts by calculating the monthly totals, computing the changes between months for each customer, and then averaging these changes to find the customer with the highest average change.

**Comparison of the SQL Queries:**

1. **`0result.sql`:**
   - Calculates monthly totals and monthly changes.
   - Uses `ROUND(AVG(ABS("change")), 4)` to round the average monthly change to four decimal places.
   - Joins the result with the `customer` table to get the full name.
   - Orders the results by `avg_monthly_change` in descending order.
   - Returns the customer's first and last name.

2. **`2result.sql`:**
   - Similar in structure to `0result.sql`, with slight differences in column aliases and formatting.
   - Does not round the average monthly change.
   - Also joins with the `customer` table and orders by `avg_monthly_change`.

**Reason for Choosing `0result.sql` as the Correct Answer:**

- **Precision:** The use of `ROUND` in `0result.sql` adds precision by rounding the average monthly change to four decimal places.
- **Clarity:** The column names and aliases in `0result.sql` enhance readability and maintain consistency.
- **Result Verification:** Both queries produce the same correct result (`STEPHEN QUALLS`), but `0result.sql` provides more precise calculations.

**Conclusion:**

Therefore, the correct SQL query is:

```plaintext
0result.sql
```