After comparing the SQL queries and their results, here's the analysis:

- **Option 0 (`0result.sql`):**
  - **SQL Query:**
    ```sql
    SELECT c."country_name", b."net_migration"
    FROM CENSUS_BUREAU_INTERNATIONAL.CENSUS_BUREAU_INTERNATIONAL.COUNTRY_NAMES_AREA c
    JOIN CENSUS_BUREAU_INTERNATIONAL.CENSUS_BUREAU_INTERNATIONAL.BIRTH_DEATH_GROWTH_RATES b
    ON c."country_code" = b."country_code"
    WHERE b."year" = 2017 AND c."country_area" > 500
    ORDER BY b."net_migration" DESC NULLS LAST
    LIMIT 3;
    ```
  - **Result:**
    ```
    country_name,net_migration
    Syria,61.46
    Luxembourg,15.52
    Qatar,14.61
    ```

- **Option 1 (`1result.sql`):**
  - **SQL Query:**
    ```sql
    SELECT b."country_name", b."net_migration"
    FROM CENSUS_BUREAU_INTERNATIONAL.CENSUS_BUREAU_INTERNATIONAL.BIRTH_DEATH_GROWTH_RATES b
    JOIN CENSUS_BUREAU_INTERNATIONAL.CENSUS_BUREAU_INTERNATIONAL.COUNTRY_NAMES_AREA c
    ON b."country_code" = c."country_code"
    WHERE b."year" = 2017 AND c."country_area" > 500
    ORDER BY b."net_migration" DESC NULLS LAST
    LIMIT 3;
    ```
  - **Result:**
    ```
    country_name,net_migration
    Syria,61.46
    Luxembourg,15.52
    Qatar,14.61
    ```

- **Option 2 (`2result.sql`):**
  - **SQL Query:**
    ```sql
    SELECT BDGR."country_name", BDGR."net_migration"
    FROM CENSUS_BUREAU_INTERNATIONAL.CENSUS_BUREAU_INTERNATIONAL."BIRTH_DEATH_GROWTH_RATES" AS BDGR
    JOIN CENSUS_BUREAU_INTERNATIONAL.CENSUS_BUREAU_INTERNATIONAL."COUNTRY_NAMES_AREA" AS CNA
      ON BDGR."country_code" = CNA."country_code"
    WHERE BDGR."year" = 2017
      AND CNA."country_area" > 500
    ORDER BY BDGR."net_migration" DESC NULLS LAST
    LIMIT 3;
    ```
  - **Result:**
    ```
    country_name,net_migration
    Syria,61.46
    Luxembourg,15.52
    Qatar,14.61
    ```

**Reasoning:**

All three SQL queries perform the following operations:

- **Join** the `BIRTH_DEATH_GROWTH_RATES` and `COUNTRY_NAMES_AREA` tables on `"country_code"`.
- **Filter** records where `"year"` = 2017 and `"country_area"` > 500 square kilometers.
- **Order** the results by `"net_migration"` in descending order.
- **Limit** the results to the top 3 countries.

The main difference lies in the way tables are aliased and the columns are selected. However, all three queries yield the same correct result.

**Choosing the Correct SQL:**

- **Option 0 (`0result.sql`):** Explicitly selects the `"country_name"` from the `COUNTRY_NAMES_AREA` table (`c."country_name"`), ensuring consistency between the country name and area data.
- **Option 1 (`1result.sql`):** Selects the `"country_name"` from the `BIRTH_DEATH_GROWTH_RATES` table (`b."country_name"`).
- **Option 2 (`2result.sql`):** Uses table aliases (`BDGR` and `CNA`) with quoted identifiers, which is correct but slightly more verbose.

**Conclusion:**

Option **0result.sql** is the most appropriate because it clearly selects the country name from the table containing area information, ensuring data consistency.

```plain
0result.sql
```