After comparing both SQL queries and their corresponding results, I conclude that **`0result.sql`** is the correct answer.

**Reasoning:**

1. **Date and Time Conversions:**
   - **`0result.sql`** uses standard SQL functions `TO_TIMESTAMP` and `TO_DATE`, which are widely supported across different SQL databases.
     - It converts the `creation_date` from microseconds to seconds by dividing by `1e6` and then uses `TO_TIMESTAMP` to get a timestamp.
     - It uses `TO_DATE('2021-10-01')` to represent the reference date of October 1, 2021.
   - **`1result.sql`** uses `TO_TIMESTAMP_NTZ`, which is specific to Snowflake SQL and stands for "timestamp without time zone." This function may not be supported in other SQL environments.

2. **Consistency in Units:**
   - Both queries correctly handle the `creation_date` in microseconds by dividing by `1e6` or `1000000` to convert it to seconds.
   - The first query uses `1e6`, which is more precise due to floating-point division, whereas the second query uses `1000000`, which is an integer division. However, this doesn't significantly impact the results in this context.

3. **Use of Constants:**
   - **`0result.sql`** uses a human-readable date `'2021-10-01'`, making the query more understandable and maintainable.
   - **`1result.sql`** uses `1633046400`, which is the Unix timestamp for October 1, 2021. While accurate, it is less readable and may require additional context to understand.

4. **Standard SQL Compliance:**
   - The use of standard SQL functions like `DATEDIFF`, `TO_TIMESTAMP`, `TO_DATE`, and `COALESCE` in **`0result.sql`** ensures that the query is more portable and can run on various SQL platforms.
   - The use of `TO_TIMESTAMP_NTZ` in **`1result.sql`** limits its compatibility to specific SQL systems like Snowflake.

5. **Clarity and Readability:**
   - **`0result.sql`** is easier to read and understand due to its use of standard functions and human-readable dates.
   - The calculations and logic are more transparent in **`0result.sql`**, which is beneficial for future modifications or debugging.

**Conclusion:**

Given the reasons above, **`0result.sql`** is the correct and more appropriate SQL query for answering the task.

```plain
0result.sql
```