```plain
0result.sql
```

After comparing the SQL queries and their results, I have determined that `0result.sql` is the correct SQL script that fulfills the task requirements. Here's the reasoning:

**Reasoning:**

1. **Follows the Task Requirements Closely:**
   - **Identifies Top 20 Citi Bike Routes:** The query selects the top 20 Citi Bike routes in 2016 based on trip count using the `top20_citibike_routes` CTE.
   - **Calculates Average Durations:** It computes the average bike trip duration and average taxi trip duration for each route.
   - **Matches Routes by Rounded Coordinates:** The routes are matched by rounding the start and end coordinates to three decimals, as specified.
   - **Compares Bike and Taxi Durations:** It filters routes where the average bike duration is less than the average taxi duration (`cb.avg_bike_duration < t.avg_taxi_duration`).
   - **Finds the Route with Longest Bike Duration:** Among the filtered routes, it selects the one with the longest average bike duration using `ORDER BY avg_bike_duration DESC LIMIT 1`.
   - **Retrieves Start Station Name:** Finally, it retrieves the start station name associated with the identified route.

2. **Accurate Use of SQL Constructs:**
   - The query uses Common Table Expressions (CTEs) for clarity and organization, making each step of the task explicit.
   - It includes necessary data validations, such as checking for non-null and non-zero coordinates and positive trip durations.
   - The join conditions are precise, ensuring that routes are correctly matched between Citi Bike and taxi data.

3. **Produces Correct Result:**
   - The result from `0result.sql` is:
     ```
     start_station_name
     12 Ave & W 40 St
     ```
   - This indicates that the start station for the identified route is **"12 Ave & W 40 St"**, which answers the task question.

4. **Comparison with Other SQL Scripts:**
   - While `1result.sql` and `2result.sql` are similar, there are minor differences in formatting and handling of ties in station names.
   - `0result.sql` straightforwardly selects the start station name with the highest trip count for the identified route, ensuring accuracy.

**Conclusion:**

`0result.sql` correctly implements all the required steps to identify the Citi Bike route among the top 20 that is faster than taxis and has the longest average bike duration. It then accurately retrieves the start station name of this route.