After carefully reviewing the provided SQL queries and comparing them against the task requirements, **`1result.sql`** emerges as the correct solution. Here's why:

1. **Comprehensive Filtering:**
   - **Heavy Atom Count:** It correctly filters molecules with heavy atom counts between 10 and 15 by using `TRY_TO_NUMBER(cp."heavy_atoms") BETWEEN 10 AND 15`.
   - **pChEMBL Value:** It ensures that only activities with a `pchembl_value` greater than 10 are considered using `TRY_TO_DOUBLE(act."pchembl_value") > 10`.
   - **Non-null Standard Values and Relations:** It filters out activities with non-null `"standard_value"` and non-null `"standard_relation"`.
   - **Assay Activity Counts:** It selects assays with fewer than 5 activities and molecules with fewer than 2 activities in those assays, satisfying the conditions for fewer activities and duplicates.

2. **Precise Change Classification:**
   - **Consideration of Standard Relations:** The `CASE` statement for `"change_classification"` meticulously checks the values of `"standard_value_1"` and `"standard_value_2"` along with their associated `"standard_relation"` fields to accurately classify the change as 'increase', 'decrease', or 'no-change'.
   - **Handling Unknown Cases:** It accounts for scenarios where the standard values might lead to an 'unknown' classification, ensuring robustness.

3. **Accurate Publication Date Calculation:**
   - **Document Ranking:** It calculates the rank of documents within the same journal and year using window functions, aligning with the task's requirement for determining the latest publication date based on document rank.
   - **Synthetic Date Generation:** The query generates a synthetic publication date by mapping the document's rank to a month and day, as specified.

4. **UUID Generation:**
   - **Inclusion of Canonical SMILES:** It joins with the `COMPOUND_STRUCTURES` table to retrieve the canonical SMILES needed for UUID generation.
   - **UUID Creation:** It generates the `mmp_delta_uuid` by hashing the JSON representation of the activity IDs and canonical SMILES.

5. **Adherence to Task Specifications:**
   - **Activity Pairing:** It correctly pairs activities tested in the same assay and standard type, where the molecules are different.
   - **Data Integrity:** The use of `TRY_TO_NUMBER` and `TRY_TO_DOUBLE` functions ensures that any non-numeric values are handled gracefully, maintaining data integrity.

**Therefore, the correct SQL query that fulfills all the task requirements is:**

```plaintext
1result.sql
```