The correct SQL query that accurately lists each musical style with the number of times it appears as a 1st, 2nd, or 3rd preference in a single row per style is `2result.sql`.

This query is:

```sql
SELECT
  ms."StyleID",
  ms."StyleName",
  SUM(CASE WHEN mp."PreferenceSeq" = 1 THEN 1 ELSE 0 END) AS "Pref1_Count",
  SUM(CASE WHEN mp."PreferenceSeq" = 2 THEN 1 ELSE 0 END) AS "Pref2_Count",
  SUM(CASE WHEN mp."PreferenceSeq" = 3 THEN 1 ELSE 0 END) AS "Pref3_Count"
FROM "Musical_Styles" AS ms
LEFT JOIN "Musical_Preferences" AS mp
  ON ms."StyleID" = mp."StyleID" AND mp."PreferenceSeq" IN (1, 2, 3)
GROUP BY ms."StyleID", ms."StyleName"
ORDER BY ms."StyleID";
```

**Reasoning:**

- **Filtered Join Condition:** In `2result.sql`, the `LEFT JOIN` condition includes an additional filter `mp."PreferenceSeq" IN (1, 2, 3)`. This ensures that only preferences with `PreferenceSeq` of 1, 2, or 3 are considered in the join. Preferences with other sequence numbers are excluded from the join, thus they do not impact the counts.

- **Accurate Counts:** By filtering in the join, we prevent any `PreferenceSeq` beyond 1, 2, or 3 from being included in the `SUM` aggregations. This provides accurate counts specifically for the 1st, 2nd, and 3rd preferences as required.

- **Data Integrity:** The `LEFT JOIN` ensures that all musical styles from `Musical_Styles` are included in the result, even if they have no preferences recorded. Styles with no preferences will show counts of zero, which maintains the completeness of the data.

**Comparison with `0result.sql`:**

- In `0result.sql`, the join does not filter `PreferenceSeq`, so all preferences (including any beyond 3rd preference) are included in the join. This can lead to incorrect counts if there are preferences with `PreferenceSeq` greater than 3, as these extra preferences might affect the sums in unexpected ways.

- While the `CASE WHEN` clauses still filter the `PreferenceSeq` in the `SUM` functions, the presence of additional preference sequences in the joined data can skew the results, especially if `NULL` values or additional sequences exist.

Therefore, `2result.sql` is the correct query as it accurately fulfills the requirement by precisely targeting the 1st, 2nd, and 3rd preferences in the data aggregation.

---

**Correct SQL File:**

```plaintext
2result.sql
```