**Comparison of the SQL Queries:**

---

**First SQL (0result.sql):**

```sql
SELECT sub."year"
FROM (
    SELECT "year", "month", "day", COUNT(*) AS "sighting_count"
    FROM GBIF.GBIF.OCCURRENCES
    WHERE "species" = 'Sterna paradisaea' AND "decimallatitude" > 40 AND "month" > 1
    GROUP BY "year", "month", "day"
    HAVING COUNT(*) > 10
) AS sub
ORDER BY sub."month" ASC, sub."day" ASC
LIMIT 1;
```

- **Explanation:**
  - This query first aggregates sightings by year, month, and day where there are more than 10 sightings.
  - It orders the results by month and day to find the earliest date after January.
  - However, it does not include the year in the final ordering.
  - If multiple years have sightings on the same earliest date, this query does not ensure that the earliest year is selected.

---

**Second SQL (2result.sql):**

```sql
SELECT "year"
FROM "GBIF"."GBIF"."OCCURRENCES"
WHERE "species" = 'Sterna paradisaea' AND "decimallatitude" > 40 AND "month" > 1
GROUP BY "year", "month", "day"
HAVING COUNT(*) > 10
ORDER BY "month" ASC, "day" ASC, "year" ASC
LIMIT 1;
```

- **Explanation:**
  - This query also aggregates sightings by year, month, and day with more than 10 sightings.
  - It orders the results by month, day, and year.
  - Including the year in the ordering ensures that if multiple years have sightings on the same earliest date, the earliest year is selected.
  - This query directly retrieves the year without an additional subquery.

---

**Conclusion:**

The **second SQL (2result.sql)** is the correct one because it correctly orders the results by month, day, and year. This ensures that among all the earliest dates after January with more than 10 sightings, the earliest year is selected if there are multiple years with the same date.

**Output:**

```plaintext
2result.sql
```