```plaintext
1result.sql
```

I have chosen `1result.sql` as the correct SQL query for the following reasons:

**1. Accurate Use of Window Functions:**
- The query in `1result.sql` utilizes window functions like `LAG()` and `AVG() OVER (...)` to calculate the hourly, daily, and weekly lagged counts, as well as the 14-day and 21-day rolling averages and standard deviations.
- These window functions are applied with appropriate `PARTITION BY` and `ORDER BY` clauses to ensure accurate calculations within each `zip_code` and `pickup_hour`.

**2. Correct Time Frame for Averages and Lagged Counts:**
- The query correctly gathers data from the 21 days prior to January 1, 2015, excluding any data after this date.
- This aligns with the requirement to calculate averages and lagged counts using historical data up to, but not including, January 1, 2015.

**3. Comprehensive Handling of Lagged Counts:**
- Hourly lagged counts are calculated by partitioning by `zip_code` and ordering by both `pickup_date` and `pickup_hour`, which properly aligns previous hours' data.
- Daily and weekly lagged counts are calculated with the correct offsets using `LAG()` functions, ensuring the lag is applied over days and weeks as required.

**4. Efficient and Readable Code:**
- Using window functions simplifies the query, making it more efficient compared to manually joining previous counts as seen in `0result.sql`.
- The code is cleaner and more maintainable, reducing the potential for errors in complex joins.

**5. Alignment with Task Requirements:**
- The output in `1result.csv` provides the necessary metrics for the top 5 busiest pickup times and ZIP codes on January 1, 2015.
- The calculated metrics include ride counts, lagged counts, and rolling averages and standard deviations, fulfilling all aspects of the task.

**6. Avoidance of Data Leakage:**
- Unlike `2result.sql`, which includes data from after January 1, 2015, potentially contaminating the historical calculations, `1result.sql` strictly uses data prior to the target date for all calculations.
- This ensures that the analysis is based solely on past data, providing more reliable and valid results.

**Conclusion:**
`1result.sql` is the correct SQL query as it accurately computes all required metrics using appropriate SQL functions, adheres to the specified time frames, and aligns perfectly with the task's requirements.