```plaintext
0result.sql
```

**Reasoning:**

The correct SQL script is `0result.sql`. Here's why:

1. **Accurate Calculation of Unemployment Rates:**
   - The script calculates the unemployment rates for both 2015 and 2018 using the correct columns and handles potential division by zero using `NULLIF`.
   - It uses the `"civilian_labor_force"` column to calculate the unemployment rates, which is appropriate since it represents the total civilian labor force.
   - The unemployment rates are rounded to four decimal places for precision.

2. **Proper Handling of County Identifiers:**
   - The `LPAD("geo_id",5,'0')` function ensures that all county FIPS codes are standardized to five digits by padding with leading zeros. This is crucial for accurate joins between datasets.
   - The same padding is applied to the `"FIPS"` codes in the enrollment data, ensuring that the county identifiers match correctly.

3. **Correct Aggregation of Enrollment Data:**
   - The script aggregates the `"Public_Total"` enrollments by county and date using the `SUM` function. This is important because there may be multiple records for each county on each date (e.g., different programs or subgroups).
   - By grouping the enrollment data, it accurately captures the total number of dual-eligible enrollees per county for each year.

4. **Accurate Identification of Counties Meeting Both Conditions:**
   - The script first identifies counties where the unemployment rate increased from 2015 to 2018.
   - It then identifies counties where the dual-eligible enrollment decreased between December 1, 2015, and December 1, 2018.
   - By joining these two sets on the county identifier, it correctly counts the number of counties that meet both conditions.

5. **Avoids Potential Errors Present in Other Scripts:**
   - **`1result.sql` Issues:**
     - Does not aggregate `"Public_Total"` in the enrollment data, potentially leading to multiple records per county and incorrect comparisons.
     - Directly uses `"Public_Total"` without summing, which can result in inaccurate enrollment counts.
   - **`2result.sql` Issues:**
     - Uses `"pop_in_labor_force"` instead of `"civilian_labor_force"`, which may not be the correct column, leading to incorrect unemployment rate calculations.
     - Relies on matching counties using `UPPER("County_Name")`, which is less reliable due to potential inconsistencies in naming conventions and does not standardize the county identifiers.
     - Does not aggregate enrollment data, which can cause inaccuracies due to multiple records per county and date.

**Summary:**

The `0result.sql` script correctly performs the required analysis by:

- Calculating unemployment rates accurately.
- Standardizing county identifiers for reliable joins.
- Aggregating enrollment data to ensure accurate comparisons.
- Correctly identifying and counting counties that meet both specified conditions.

Therefore, `0result.sql` is the most accurate and reliable script among the options provided.