After carefully examining the three SQL queries and their corresponding results, **the correct SQL query is `2result.sql`**.

---

**Reasoning:**

1. **Alignment with the Task Requirements:**

   - **Top Three Boroughs by Number of Trees:**
     - All three SQL queries correctly identify the top three boroughs with the highest number of trees: **Queens**, **Brooklyn**, and **Staten Island**.
     - However, `2result.sql` provides the most accurate tree counts by including all trees, even those without matching income data, through the use of a `LEFT JOIN`.
     - The tree counts in `2result.sql` are:
       - Queens: **256,249**
       - Brooklyn: **186,668**
       - Staten Island: **106,374**

   - **Average Mean Income Considering Income Estimates > 0:**
     - The task specifies to calculate the average mean income **only** for areas where both median and mean income estimates are greater than zero.
     - `2result.sql` appropriately applies this condition within the `AVG` function using a `CASE WHEN` clause:
       ```sql
       AVG(CASE WHEN i."Estimate_Mean_income" > 0 AND i."Estimate_Median_income" > 0
                THEN i."Estimate_Mean_income" END) AS "Average_Mean_Income"
       ```
     - This ensures that only valid income data is considered in the average calculation.

   - **Use of Available ZIP Code Income Data When Tree ZIP Codes are Missing:**
     - The task requires us to use available income data even when tree ZIP codes are missing.
     - `2result.sql` uses a `LEFT JOIN`, which includes all trees regardless of whether they have matching income data.
     - The `AVG` function excludes null income values due to the `CASE WHEN` condition, effectively using income data where available and ignoring missing data.

2. **Comparison with Other Queries:**

   - **`0result.sql`:**
     - While this query calculates the correct average mean income, it uses an `INNER JOIN`, which excludes trees without matching income data.
     - This results in lower tree counts for Queens and Brooklyn:
       - Queens: **253,039** trees
       - Brooklyn: **179,089** trees
     - It does not fully utilize the available data when tree ZIP codes are missing or income data is unavailable.

   - **`1result.sql`:**
     - This query calculates the average mean income based on unique ZIP codes per borough, not weighted by the number of trees in each ZIP code.
     - It may not accurately reflect the distribution of trees across ZIP codes within each borough.
     - The average mean income values differ from the other queries and may not align precisely with the task requirements.

3. **Summary:**

   - **`2result.sql`** best satisfies all the task requirements by:
     - Including all trees in the count regardless of income data availability.
     - Calculating the average mean income only where valid income estimates exist.
     - Properly handling missing income data without excluding trees from the counts.

---

**Therefore, the selected SQL is:**

```plaintext
2result.sql
```