```plain
0result.sql
```

After comparing the SQL queries and their results, **`0result.sql`** is the correct choice for the following reasons:

1. **Accurate Tip Rate Calculation**:
   - In **`0result.sql`**, the tip rate is calculated as a percentage by multiplying by 100:
     ```sql
     ROUND((t."tip_amount" / t."fare_amount") * 100, 4) AS "Tip_Rate"
     ```
   - This aligns with the requirement to display the tip rate in percentage terms.
   - In **`1result.sql`**, the tip rate is not multiplied by 100, resulting in a decimal fraction instead of a percentage, which may lead to confusion.

2. **Correct Time Calculations**:
   - **`0result.sql`** correctly calculates trip duration in minutes and driving speed in miles per hour by appropriately converting microseconds to minutes and hours.
   - The calculations are:
     ```sql
     ROUND(((t."dropoff_datetime" - t."pickup_datetime") / (1000000 * 60)), 4) AS "Trip_Duration_Minutes",
     ROUND(
       CASE
         WHEN (t."dropoff_datetime" - t."pickup_datetime") > 0 THEN
           (t."trip_distance" / ((t."dropoff_datetime" - t."pickup_datetime") / (1000000 * 3600)))
         ELSE NULL
       END
     , 4) AS "Driving_Speed_MPH",
     ```
   - This ensures accurate and meaningful trip duration and speed values.

3. **Consistent and Expected Results**:
   - The output in **`0result.csv`** provides the top 10 taxi trips that meet all the specified conditions:
     - Trips between July 1 and July 7, 2016.
     - More than 5 passengers.
     - Trip distance of at least 10 miles.
     - Positive fare amounts.
   - The trips are correctly ranked by total fare amount in descending order.

4. **Comprehensive Data**:
   - **`0result.sql`** includes both pickup and dropoff zones by joining the `TAXI_ZONE_GEOM` table twice, ensuring that zone names are accurately retrieved for both pickup and dropoff locations.

5. **Date Range Filtering**:
   - The date range in **`0result.sql`** is accurately specified using microsecond timestamps:
     ```sql
     WHERE t."pickup_datetime" BETWEEN 1467331200000000 AND 1467935999000000
     ```
   - This correctly captures all trips on July 1 through July 7, 2016.

In summary, **`0result.sql`** best fulfills all the requirements outlined in the task by providing accurate calculations, correct data filtering, and clear, user-friendly output.