```plain
2result.sql
```

**Reasoning:**

Upon comparing the two SQL queries, we can observe the following:

1. **Grouping by Provider Name:**

   - **`0result.sql`:** Groups by both `provider_id` and `provider_name` in the `inpatient_payments` and `outpatient_payments` CTEs.
   
     ```sql
     GROUP BY
       provider_id,
       provider_name
     ```
   
   - **`2result.sql`:** Groups only by `provider_id` and uses `ANY_VALUE(provider_name)` to retrieve the provider name.
   
     ```sql
     GROUP BY
       `provider_id`
     ```

2. **Use of `ANY_VALUE` Function:**

   - **`2result.sql`:** Uses `ANY_VALUE(provider_name)` to select a representative `provider_name` for each `provider_id`. This is acceptable when `provider_name` is functionally dependent on `provider_id`, i.e., each `provider_id` corresponds to a single `provider_name`.
   
     ```sql
     ANY_VALUE(`provider_name`) AS `provider_name`
     ```

3. **Potential Issues with Grouping by `provider_name`:**
   
   - If there are inconsistencies or slight variations in the `provider_name` for the same `provider_id` (e.g., due to typos, abbreviations, or formatting differences), grouping by both `provider_id` and `provider_name` could result in multiple rows for the same `provider_id`. This would lead to inaccurate aggregations of payments.
   
   - Using `ANY_VALUE` avoids this issue by selecting any one of the `provider_name` values associated with the `provider_id`, ensuring that each `provider_id` has only one aggregated row.

4. **Handling of Nulls and Provider IDs:**

   - Both queries use `COALESCE` to handle cases where a provider might be present in only one of the datasets (either inpatient or outpatient). This ensures that all providers are included in the final result.
   
     ```sql
     COALESCE(ip.provider_id, op.provider_id) AS provider_id
     ```

5. **Results Comparison:**

   - Both queries produce the same result:
     
     ```
     provider_id                 : 330101
     provider_name               : NEW YORK-PRESBYTERIAN HOSPITAL
     combined_average_total_payments : 761041423.0
     ```
   
   - This indicates that functionally, both queries are achieving the same goal.

6. **Preference for `2result.sql`:**

   - **Data Integrity:** By not grouping by `provider_name`, `2result.sql` avoids potential data integrity issues that could arise from inconsistent `provider_name` entries.
   
   - **Simplicity and Efficiency:** `2result.sql` is simpler and potentially more efficient, as it reduces the number of groupings and relies on the unique `provider_id` for aggregations.
   
   - **Robustness:** Using `ANY_VALUE` ensures that even if there are discrepancies in `provider_name`, the aggregation will not be affected, providing a more robust solution.

**Conclusion:**

Given the above considerations, **`2result.sql`** is the preferred query as it provides a more reliable and efficient method to calculate the combined average costs without the potential pitfalls associated with grouping by `provider_name`. It ensures accurate aggregation of payments for each unique `provider_id`, leading to the correct identification of the healthcare provider with the highest combined average costs.