After comparing the provided SQL queries and their results, I have determined that **`1result.sql`** is the most appropriate and accurate answer for the task described. Here's the reasoning:

**Reasoning:**

1. **Alignment with the Task Requirements:**
   - The task involves analyzing the largest copy number aberrations (amplifications, gains, homozygous deletions, heterozygous deletions, and normal diploid states) across cytogenetic bands in TCGA-KIRC kidney cancer samples.
   - It specifies using **segment allelic data** to identify the **maximum copy number aberrations** within each chromosomal segment and report their **frequencies**, sorted by chromosome and cytoband.

2. **Use of Appropriate Data and Metrics:**
   - **`1result.sql`** uses the `COPY_NUMBER_SEGMENT_ALLELIC_HG38_GDC_R23` table, which contains the `copy_number` field, directly aligning with the specified data source.
   - It categorizes copy number aberrations based on the `copy_number` values as per the criteria provided:
     - **Amplification**: `copy_number > 3`
     - **Gain**: `copy_number = 3`
     - **Normal Diploid**: `copy_number = 2`
     - **Heterozygous Deletion**: `copy_number = 1`
     - **Homozygous Deletion**: `copy_number = 0`

3. **Accurate Calculation of Frequencies:**
   - The query calculates the maximum `copy_number` for each sample and cytoband, ensuring that the most significant aberration per cytoband is considered for each case.
   - It then counts the number of unique samples (`sample_barcode`), providing the frequencies of each aberration type per cytoband.

4. **Structured and Clear Output:**
   - The result presents the frequencies in a well-organized table with separate columns for each type of aberration, making it easy to interpret.
   - It sorts the data by chromosome and cytoband, as required.

5. **Comparison with Other Options:**
   - **`0result.sql`** performs a similar analysis but outputs the data with the aberration type as a row value, making it less straightforward to compare frequencies across types.
   - **`2result.sql`** uses the `COPY_NUMBER_SEGMENT_MASKED_HG38_GDC_R14` table and relies on `segment_mean` values, which are less direct measures of copy number compared to the `copy_number` field. It also does not group by unique cases correctly for frequency calculation.

**Conclusion:**

Given the accurate use of specified data, appropriate categorization, correct frequency calculations, and clear presentation, **`1result.sql`** best fulfills the task requirements.

---

```plain
1result.sql
```