After comparing the SQL queries and their results, **2result.sql** is the correct answer for the task. 

**Reasoning:**

1. **Incorporation of Clinical and High-Quality Mutation Data:**
   - **2result.sql** appropriately joins the clinical data from `"FILTERED_CLINICAL_PANCAN_PATIENT_WITH_FOLLOWUP"` with the mutation data from `"FILTERED_MC3_MAF_V5_ONE_PER_TUMOR_SAMPLE"`, ensuring that only patients diagnosed with PAAD are included.
   - It filters mutations to include only those with `"FILTER" = 'PASS'`, thereby incorporating high-quality mutation annotations as required.

2. **Use of Whitelist for Data Integrity:**
   - The query joins with `"WHITELIST_PARTICIPANTBARCODES"` to ensure that only validated patient barcodes are considered. This step aligns with the task's emphasis on maintaining data integrity by meticulously matching patient records.

3. **Accurate Calculation of Mutation Frequencies:**
   - **2result.sql** correctly identifies and counts patients with mutations in **KRAS**, **TP53**, both genes, or neither. The resulting counts in **2result.csv** are:
     - Both KRAS and TP53 mutated: **90**
     - Only KRAS mutated: **27**
     - Only TP53 mutated: **17**
     - Neither mutated: **50**
   - These counts sum up to **184**, matching the total number of PAAD patients, indicating that all patient records have been accounted for correctly.

4. **Alignment with Task Requirements:**
   - The query ensures that patient records are meticulously matched using `"ParticipantBarcode"` and `"bcr_patient_barcode"`.
   - It includes patients with clinical follow-up data and high-quality mutation annotations, fulfilling the task's conditions.
   - By grouping and counting mutation statuses, the query provides the necessary data to calculate the chi-squared statistic for evaluating the association between KRAS and TP53 mutations in PAAD patients.

**Conclusion:**

Given the above reasons, **2result.sql** is the SQL query that accurately addresses the task requirements.

```plain
2result.sql
```