After comparing the three SQL queries and their results, I conclude that **`0result.sql`** is the correct SQL query for determining the Ethereum addresses with the top 3 smallest positive balances involving the specified token.

**Reasons:**

1. **Unit Conversion and Readability:**
   - **`0result.sql`** divides the balance by `1e18` and rounds it to 4 decimal places. This converts the balances from **Wei** (the smallest unit of Ether) to **Ether**, making the results more readable and interpretable.
   - Presenting balances in Ether is standard practice when displaying Ethereum token balances, enhancing clarity for users.

2. **Accurate Calculation of Balances:**
   - The query accurately calculates the net balance for each address by summing the token amounts received and subtracting the amounts sent.
   - It handles both incoming and outgoing transactions for each address, ensuring an accurate net balance computation.

3. **Robust Handling of Numerical Values:**
   - The use of `TRY_TO_NUMBER("value")` safely converts the `"value"` field to a numeric type, preventing errors that could arise from malformed data.
   - By using `TRY_TO_NUMBER`, the query gracefully handles any non-numeric values without causing the entire query to fail.

4. **Filtering for Positive Balances Only:**
   - The query includes a `WHERE "Balance" > 0` clause, ensuring that only addresses with positive balances are considered.
   - This aligns with the task requirement to find addresses with the smallest positive balances.

5. **Ordering and Limiting Results:**
   - The `ORDER BY "Balance" ASC` clause correctly orders the addresses from the smallest to largest positive balance.
   - The `LIMIT 3` clause efficiently retrieves the top 3 addresses with the smallest positive balances as required.

**Comparison with Other Queries:**

- **`1result.sql` and `2result.sql`** also compute the balances but present them in Wei without conversion to Ether, which may be less intuitive for interpretation.
- While all queries return the same addresses, **`0result.sql`** provides the results in a more user-friendly format, making it preferable for reporting and analysis purposes.

---

**Recommended SQL Query:**

```plain
0result.sql
```