After reviewing both SQL queries, here's a comparison:

**First Query ("0result.sql"):**

- **Extraction of Year and Month:**
  - Uses `TO_TIMESTAMP` with the format `'YYYY-MM-DD HH24:MI:SS.FF3'` to convert the `"rental_date"` string into a timestamp.
  - Uses `EXTRACT(YEAR FROM ...)` and `EXTRACT(MONTH FROM ...)` to get the year and month.
- **Grouping and Counting:**
  - Groups by `"store_id"`, year, and month.
  - Counts the total rentals for each group.
- **Selecting the Top Month per Store:**
  - Utilizes `ROW_NUMBER() OVER (PARTITION BY ...)` to assign a rank to each month within a store.
  - Filters the results to keep only the top month (`WHERE rn = 1`).

**Second Query ("1result.sql"):**

- **Extraction of Year and Month:**
  - Casts `"rental_date"` directly to a timestamp using `CAST(... AS TIMESTAMP)`.
  - Uses `EXTRACT(YEAR FROM ...)` and `EXTRACT(MONTH FROM ...)`.
- **Grouping and Counting:**
  - Similar grouping and counting as the first query.
- **Selecting the Top Month per Store:**
  - Performs a subquery to find the maximum total rentals per store.
  - Joins the results back to filter for the top month.

**Reason for Choosing the First Query ("0result.sql"):**

- **Efficiency:** The first query uses `ROW_NUMBER()` with window functions, which is generally more efficient than subqueries and joins when ranking and filtering data.
- **Clarity:** The use of window functions makes the query more concise and easier to read.
- **Standard Practice:** Utilizing window functions like `ROW_NUMBER()` is a common approach for such problems and is widely supported.

Therefore, the preferred SQL query is:

```plain
0result.sql
```