After reviewing both SQL queries and their corresponding results, I have determined that **`1result.sql`** is the correct SQL query. Here is the reasoning:

**Comparison of the Two SQL Queries:**

1. **Date Conversion Logic:**

   - **`1result.sql`:**
     - Applies a conditional logic to handle different scales in the `"date"` column.
     - It checks if the `"date"` value is in microseconds (`>= 1e15`), milliseconds (`>= 1e12`), or seconds (else), and then converts accordingly:
       ```sql
       CASE
         WHEN "date" >= 1e15 THEN TO_TIMESTAMP_NTZ("date" / 1000000)
         WHEN "date" >= 1e12 THEN TO_TIMESTAMP_NTZ("date" / 1000)
         ELSE TO_TIMESTAMP_NTZ("date")
       END AS "timestamp_column"
       ```
     - This ensures that all records, regardless of the scale of their timestamp, are converted accurately.

   - **`2result.sql`:**
     - Assumes that all `"date"` values are in microseconds and divides by `1e6`:
       ```sql
       EXTRACT(MONTH FROM TO_TIMESTAMP_NTZ("date" / 1e6)) AS "month"
       ```
     - This approach may not correctly handle records where the `"date"` is in milliseconds or seconds.

2. **Accuracy of Results:**

   - Both queries produce the same results in their outputs. However, `1result.sql` employs a more robust method to ensure accurate date conversion across all records.
   - The slightly higher monthly counts compared to previous queries suggest that `1result.sql` captures all valid records that may have been missed due to date conversion errors in simpler queries.

3. **Handling Inconsistent Date Formats:**

   - The dataset may contain inconsistencies in how dates are stored (some in microseconds, others in milliseconds).
   - `1result.sql` accounts for these inconsistencies, reducing the risk of incorrect grouping or missed records.

**Conclusion:**

Due to its careful handling of the date conversion and its robustness against potential inconsistencies in the date data, **`1result.sql`** is the preferred SQL query.

```plain
1result.sql
```