After comparing the SQL queries and their results, we observe that all three queries aim to identify models where the number of instances they perform worse than the Stack model exceeds half of their total evaluations. Here's the analysis:

1. **Option 0 (`0result.sql`):**
   - Uses a direct `HAVING` clause to filter models.
   - Counts instances where the traditional model's `test_score` is less than the Stack model's `test_score`.
   - Checks if this count is greater than half of the total evaluations (`COUNT(*) / 2`).
   - The query is correct but less readable due to inline calculations.

2. **Option 1 (`1result.sql`):**
   - Separates the logic into two Common Table Expressions (CTEs): `total_evaluations` and `worse_counts`.
   - Joins the CTEs to compare the `worse_count` with half of the `total_evaluations`.
   - The query is correct and more readable than Option 0 but slightly more verbose.

3. **Option 2 (`2result.sql`):**
   - Combines the calculations into a single CTE `model_comparisons`.
   - Calculates `worse_than_stack_count` and `total_evaluations` for each model.
   - Filters models where `worse_than_stack_count` exceeds half of `total_evaluations`.
   - The query is concise, clear, and effectively communicates the intended logic.

**Conclusion:**

While all three queries produce the same result, **Option 2 (`2result.sql`)** is the most appropriate choice. It correctly implements the required logic, is concise, and enhances readability by using a single CTE.

```plaintext
2result.sql
```