After comparing the SQL queries and their results, the correct answer is **`2result.sql`**.

**Reason:**

1. **Robust Handling of Division by Zero:**
   - In **`2result.sql`**, the calculation of the percentage increase uses `NULLIF(u20."unique_product_count_2020", 0)` in the denominator:
     ```sql
     ROUND(((u21."unique_product_count_2021" - u20."unique_product_count_2020") / NULLIF(u20."unique_product_count_2020", 0)) * 100, 4) AS "percentage_increase"
     ```
     This approach prevents division by zero errors in cases where the `unique_product_count_2020` is zero. If the 2020 count is zero, the denominator becomes `NULL`, resulting in a `NULL` percentage increase, which is safely handled.

2. **Accurate Percentage Increase Calculation:**
   - The formula accurately computes the percentage increase by comparing the counts from 2021 and 2020. It ensures that the increase is calculated as a percentage relative to the 2020 count.
   - The use of `ROUND` with 4 decimal places provides precise and readable results.

3. **Appropriate Data Joining and Filtering:**
   - **`2result.sql`** uses an `INNER JOIN` between the 2020 and 2021 datasets:
     ```sql
     FROM unique_products_2020 u20
     JOIN unique_products_2021 u21 ON u20."segment" = u21."segment"
     ```
     This means that only segments present in both years are considered, aligning with the task's focus on segments that have data for both years.

4. **Simple and Readable Structure:**
   - The SQL query is structured clearly with CTEs (Common Table Expressions), making it easy to follow each computation step.
   - The final selection includes only the required columns, and the ordering is correctly applied based on the percentage increase.

5. **Consistent with Task Requirements:**
   - The query outputs the list of hardware product segments along with their unique product counts for 2020.
   - The results are ordered by the highest percentage increase in unique fact sales products from 2020 to 2021.

**Therefore, the correct SQL is:**

```plain
2result.sql
```