After comparing the SQL queries and their results, I have determined that **`2result.sql`** is the correct SQL query to answer the task:

*What is the total distance traveled by each bike in the San Francisco Bikeshare program? Use data from bikeshare trips and stations to calculate this.*

---

**Reasoning:**

1. **Functionality:**

   Both `0result.sql` and `2result.sql` aim to calculate the total distance traveled by each bike by summing the distances of all trips made by that bike. They do this by:

   - Joining the `bikeshare_trips` table with the `bikeshare_stations` table twice: once to get the start station coordinates and once to get the end station coordinates for each trip.
   - Using the `ST_DISTANCE` function to calculate the geodesic distance between the start and end stations.
   - Summing these distances for each `bike_number`.

2. **Query Comparison:**

   - **`0result.sql`:**
     ```sql
     SELECT
       bike_number,
       ROUND(SUM(ST_DISTANCE(
         ST_GEOGPOINT(start_station.longitude, start_station.latitude),
         ST_GEOGPOINT(end_station.longitude, end_station.latitude)
       )), 4) AS total_distance_meters
     FROM
       `bigquery-public-data.san_francisco.bikeshare_trips` AS trips
     JOIN
       `bigquery-public-data.san_francisco.bikeshare_stations` AS start_station
       ON trips.start_station_id = start_station.station_id
     JOIN
       `bigquery-public-data.san_francisco.bikeshare_stations` AS end_station
       ON trips.end_station_id = end_station.station_id
     GROUP BY
       bike_number
     ORDER BY
       bike_number;
     ```

   - **`2result.sql`:**
     ```sql
     SELECT
       t.bike_number,
       ROUND(SUM(ST_DISTANCE(
         ST_GEOGPOINT(s_start.longitude, s_start.latitude),
         ST_GEOGPOINT(s_end.longitude, s_end.latitude)
       )), 4) AS total_distance_meters
     FROM `bigquery-public-data.san_francisco.bikeshare_trips` AS t
     JOIN `bigquery-public-data.san_francisco.bikeshare_stations` AS s_start
       ON t.start_station_id = s_start.station_id
     JOIN `bigquery-public-data.san_francisco.bikeshare_stations` AS s_end
       ON t.end_station_id = s_end.station_id
     GROUP BY t.bike_number
     ORDER BY t.bike_number;
     ```

3. **Reasons for Choosing `2result.sql`:**

   - **Clarity and Readability:**
     - `2result.sql` uses consistent and concise table aliases (`t`, `s_start`, `s_end`), making the query more readable.
     - Prefixing columns with table aliases throughout (`t.bike_number`, `s_start.latitude`, etc.) reduces ambiguity and potential errors, especially if column names are similar across tables.

   - **Best Practices:**
     - By explicitly specifying the table alias in the `SELECT`, `JOIN`, and `GROUP BY` clauses, `2result.sql` adheres to SQL best practices.
     - This approach ensures that the query remains accurate even if the schema changes or if additional columns with the same name are added to the tables in the future.

   - **Similarity in Results:**
     - The output of both queries is the same, as they perform the same calculations.
     - However, the improved aliasing in `2result.sql` provides better maintainability and reduces the risk of errors.

---

**Conclusion:**

Due to its clearer aliasing, adherence to best practices, and improved readability, **`2result.sql`** is the correct and preferred SQL query to use for calculating the total distance traveled by each bike.

---

```plain
2result.sql
```