Upon comparing the three SQL queries and their results, we can determine which one correctly answers the task:

### **Task:**
*What is the highest monthly delivered orders volume in the year with the lowest annual delivered orders volume among 2016, 2017, and 2018?*

### **Comparison of SQL Queries:**

**1. `0result.sql`:**

```sql
SELECT MAX(Monthly_Orders) AS Highest_Monthly_Delivered_Orders_Volume
FROM (
    SELECT COUNT("order_id") AS Monthly_Orders
    FROM "olist_orders"
    WHERE "order_status" = 'delivered'
      AND strftime('%Y', "order_delivered_customer_date") = (
          SELECT strftime('%Y', "order_delivered_customer_date") AS "Year"
          FROM "olist_orders"
          WHERE "order_status" = 'delivered'
            AND strftime('%Y', "order_delivered_customer_date") IN ('2016', '2017', '2018')
            AND "order_delivered_customer_date" IS NOT NULL
          GROUP BY "Year"
          ORDER BY COUNT("order_id") ASC
          LIMIT 1
      )
      AND "order_delivered_customer_date" IS NOT NULL
    GROUP BY strftime('%Y-%m', "order_delivered_customer_date")
);
```

- **Approach:** Extracts the year and month using `strftime` and groups by year-month to calculate monthly orders.
- **Subquery:** Identifies the year with the lowest annual delivered orders volume among 2016, 2017, and 2018.
- **Result:** Returns the highest monthly delivered orders volume within that year.

**2. `1result.sql`:**

```sql
SELECT MAX("orders_count") AS "Highest_Monthly_Delivered_Orders_Volume"
FROM (
    SELECT strftime('%m', "order_delivered_customer_date") AS "delivery_month",
           COUNT(*) AS "orders_count"
    FROM "olist_orders"
    WHERE "order_status" = 'delivered'
      AND strftime('%Y', "order_delivered_customer_date") = (
          SELECT strftime('%Y', "order_delivered_customer_date") AS "delivery_year"
          FROM "olist_orders"
          WHERE "order_status" = 'delivered'
            AND strftime('%Y', "order_delivered_customer_date") BETWEEN '2016' AND '2018'
            AND "order_delivered_customer_date" IS NOT NULL
            AND "order_delivered_customer_date" <> ''
          GROUP BY "delivery_year"
          ORDER BY COUNT(*) ASC
          LIMIT 1
      )
      AND "order_delivered_customer_date" IS NOT NULL
      AND "order_delivered_customer_date" <> ''
    GROUP BY "delivery_month"
);
```

- **Approach:** Groups by month extracted with `strftime('%m', ...)`, filtering for the specific year.
- **Subquery:** Finds the year with the lowest delivered orders volume.
- **Potential Issue:** Grouping solely by month might mix data from different years if not properly constrained.

**3. `2result.sql`:**

```sql
SELECT MAX("Delivered_Orders") AS "Highest_Monthly_Delivered_Orders_Volume"
FROM (
    SELECT SUBSTR("order_delivered_customer_date", 1, 7) AS "Year_Month",
           COUNT(*) AS "Delivered_Orders"
    FROM "olist_orders"
    WHERE "order_status" = 'delivered'
      AND "order_delivered_customer_date" IS NOT NULL
      AND SUBSTR("order_delivered_customer_date", 1, 4) = (
          SELECT "Year"
          FROM (
              SELECT SUBSTR("order_delivered_customer_date", 1, 4) AS "Year",
                     COUNT(*) AS "Total_Delivered_Orders"
              FROM "olist_orders"
              WHERE "order_status" = 'delivered'
                AND "order_delivered_customer_date" IS NOT NULL
                AND SUBSTR("order_delivered_customer_date", 1, 4) IN ('2016', '2017', '2018')
              GROUP BY "Year"
              ORDER BY "Total_Delivered_Orders" ASC
              LIMIT 1
          )
      )
    GROUP BY "Year_Month"
);
```

- **Approach:** Uses `SUBSTR` to extract year and month, grouping by "Year_Month".
- **Subquery:** Determines the year with the lowest delivered orders volume.
- **Potential Issue:** String manipulation with `SUBSTR` might be less reliable if date formats vary or include unexpected values.

### **Evaluation and Selection:**

- **Reliability of Date Functions:**
  - `strftime` is a built-in SQLite function specifically designed for date and time extraction, making it more robust and reliable for date manipulations compared to string functions like `SUBSTR`.
  
- **Grouping Accuracy:**
  - **`0result.sql`** groups by `strftime('%Y-%m', ...)`, ensuring that grouping is done per month within the correct year.
  - **`1result.sql`** groups by `strftime('%m', ...)`, which could potentially combine data from the same month across different years if the year filter is not strict.
  - **`2result.sql`** groups by `SUBSTR("order_delivered_customer_date", 1, 7)`, which may be less safe due to potential variations in date formats.

- **Clarity and Precision:**
  - **`0result.sql`** provides clear and precise grouping using date functions, making it the most reliable.
  - **`1result.sql`** relies on proper year filtering to ensure accurate grouping, which could introduce errors if not handled carefully.
  - **`2result.sql`** may be susceptible to errors due to string manipulation of dates.

### **Conclusion:**

**`0result.sql`** is the correct SQL query because it:

- Utilizes robust date functions (`strftime`) for extracting both year and month.
- Ensures accurate grouping by year and month, preventing potential data mixing.
- Reliably identifies the highest monthly delivered orders volume in the specified year.

### **Answer:**

```plaintext
0result.sql
```