Based on the comparison of the SQL queries and their results, **`2result.sql`** is the correct SQL that addresses the task accurately.

**Reasoning:**

1. **Accurate Counting of Applications:**
   - In `2result.sql`, when calculating the total number of applications per assignee, it uses `COUNT(DISTINCT "publication_number")`. This ensures that each unique application is counted only once, even if there are multiple CPC codes or assignee entries associated with it.
   - In contrast, `1result.sql` uses `COUNT(*)`, which may lead to overcounting because it doesn't account for duplicates resulting from joins or multiple CPC codes per publication.

2. **Proper Handling of Dates:**
   - `2result.sql` extracts the filing year using `TO_CHAR(TRY_TO_DATE(t."filing_date"::STRING, 'YYYYMMDD'), 'YYYY')`, which accurately converts the filing date into a year format, handling NULLs appropriately.
   - `1result.sql` calculates the publication year using `FLOOR(t."publication_date" / 10000.0)`, which can lead to inaccuracies if the publication date is missing or incorrectly formatted.

3. **Consistent Results with Initial Observations:**
   - The results in `2result.csv` align closely with the earlier data exploration and sample outputs. The total number of applications and the details per assignee match the data observed in prior queries.
   - The slight discrepancy in the country code for "AMAZONEN WERKE DREYER H" between `0result.csv` and `2result.csv` could be due to variations in the data, but overall, `2result.sql` provides a logical and consistent methodology.

4. **Clear and Structured Query:**
   - `2result.sql` uses well-defined Common Table Expressions (CTEs) to break down the problem into logical steps. Each CTE builds upon the previous one, making the query easier to understand and maintain.
   - It carefully handles NULL values and ensures only valid data is considered in the calculations.

5. **Alignment with Task Requirements:**
   - `2result.sql` directly addresses all the requirements of the task:
     - Identifies the top 3 assignees based on the **total number of applications**.
     - Determines the **year with the most applications** for each assignee.
     - Calculates the **number of applications in that year**.
     - Finds the **country code with the most applications during that year**.

---

Therefore, the correct SQL is:

```plain
2result.sql
```