After comparing both SQL queries and their results, I conclude that **`1result.sql`** is the correct answer.

**Reason:**

- **Data Accuracy:** `1result.sql` includes an additional condition in the `WHERE` clause to exclude records where the `"company"` field is empty or contains only whitespace:

  ```sql
  AND TRIM("company") != ''
  ```

  This ensures that only valid company names are considered in the analysis, leading to more accurate results.

- **Consistency in Results:** Both queries produce the same top three companies with the largest increase in trip numbers between two consecutive months in 2018:

  ```
  Company                          Month_Start  Month_End  Increase_in_Trip_Numbers
  Flash Cab                               2          3               55,885
  Taxi Affiliation Services               9         10               46,467
  Chicago Carriage Cab Corp               2          3               42,147
  ```

- **Clarity and Readability:** While both queries are valid, `1result.sql` uses a self-join to calculate the difference in trip counts between consecutive months, which can be more intuitive to understand for those familiar with SQL joins.

- **Data Validation:** By including the condition to exclude empty company names, `1result.sql` ensures that the analysis is based on meaningful data, which is crucial for accurate insights.

**Therefore, the correct SQL is:**

```plain
1result.sql
```