After reviewing the three SQL queries and their results, I have determined that **`1result.sql`** is the correct SQL query for the following reasons:

1. **Precise Identification of Teams:**
   - **`1result.sql`** uses both the `"market"` and `"name"` columns to uniquely identify each team. This is important because many teams share common names like "Tigers" or "Wildcats." By including the full market name (e.g., "University of Kentucky") along with the team name (e.g., "Wildcats"), we ensure that each team is distinctly identified.

2. **Accurate Counting of Maximum Wins:**
   - The query correctly counts the number of times each team had the maximum number of wins in a season between 1900 and 2000. It joins the historical seasons table with the maximum wins per season, filters by the desired seasons, and groups by both `"market"` and `"name"` to produce accurate counts.

3. **Clear and Complete Results:**
   - The results from **`1result.sql`** provide full team names that are easily recognizable and unambiguous:
     ```
     Team_Name,Times_Max_Wins
     University of California, Los Angeles Bruins,6
     University of Kentucky Wildcats,6
     Texas Southern University Tigers,5
     University of Pennsylvania Quakers,5
     Western Kentucky University Hilltoppers,5
     ```
   - This clarity is beneficial for understanding and verifying the results.

4. **Comparison with Other Queries:**
   - **`0result.sql`** also attempts to provide team names using `"market"` and `"name"`, but the market names are sometimes abbreviated (e.g., "UCLA" instead of "University of California, Los Angeles"), which might not be as immediately clear to all readers.
   - **`2result.sql`** only uses the `"name"` column, which leads to ambiguous team names like "Tigers" and "Wildcats" that could refer to multiple schools. This diminishes the accuracy and usefulness of the results.

---

**Therefore, the correct SQL query that answers the task is:**

```plaintext
1result.sql
```