After comparing both SQL queries and their results, the correct SQL is:

```plaintext
2result.sql
```

**Reasoning:**

- **Comprehensive Search**: The `2result.sql` query uses `LATERAL FLATTEN` on the `"abstract_localized"` field, which allows it to search across all elements of the `abstract_localized` array for the phrase 'internet of things'. This ensures that any publication with the phrase in any part of the abstract is included.

  ```sql
  FROM PATENTS.PATENTS.PUBLICATIONS t,
       LATERAL FLATTEN(input => t."abstract_localized") f
  WHERE f.value::VARIANT:"text"::STRING ILIKE '%internet of things%'
  ```

- **Accuracy in Counting**: By using `SELECT DISTINCT` in the `publications` CTE, `2result.sql` eliminates duplicate counts of publications that might occur if the phrase appears multiple times in the `abstract_localized` array.

  ```sql
  SELECT DISTINCT
      t."publication_number",
      TRY_TO_DATE(t."filing_date"::VARCHAR, 'YYYYMMDD') AS filing_date
  ```

- **Inclusivity of All Matches**: The first query, `1result.sql`, only checks the first element of the `abstract_localized` array:

  ```sql
  AND "abstract_localized"[0]:"text"::STRING ILIKE '%internet of things%'
  ```

  This could miss publications where the phrase appears in other elements of the array (e.g., abstracts in different languages or additional abstract entries).

- **Alignment with the Task**: The task requires counting all U.S. publications where the abstract includes the phrase 'internet of things', regardless of where in the abstract it appears. `2result.sql` fulfills this by examining all parts of the abstract for each publication.

Therefore, `2result.sql` is the correct SQL query as it accurately captures all relevant publications by thoroughly searching through the `abstract_localized` data.