After reviewing and comparing the SQL queries and their corresponding results, **`1result.sql`** is the correct answer. Here's the reasoning:

**Explanation:**

1. **Criteria for Identifying CoinJoin Transactions:**

   - **`0result.sql` and `2result.sql`**:
     - These queries identify potential CoinJoin transactions based solely on having at least 5 inputs and 5 outputs (`"input_count" >= 5` and `"output_count" >= 5`).
     - They do **not** consider whether the outputs have identical or similar values.
     - This approach may include many transactions that are not actual CoinJoin transactions, leading to inflated percentages.

   - **`1result.sql`**:
     - This query applies stricter criteria:
       - Transactions must have at least 5 inputs and 5 outputs.
       - The number of distinct output values is less than or equal to 2 (`ovc."distinct_output_values_count" <= 2`).
     - This condition ensures that outputs have identical or similar values, a key characteristic of CoinJoin transactions.
     - By including the analysis of output values, this query more accurately identifies actual CoinJoin transactions.

2. **Results Analysis:**

   - **`0result.sql` and `2result.sql`**:
     - Both report approximately **0.7%** of transactions as CoinJoin transactions, with a CoinJoin transaction volume proportion of around **0.2%**.
     - These higher percentages suggest overestimation due to the inclusion of non-CoinJoin transactions.

   - **`1result.csv`**:
     - Reports a much lower **0.0096%** of transactions as CoinJoin transactions, with a CoinJoin transaction volume proportion of **0.0002%**.
     - These lower percentages are more consistent with expectations, as CoinJoin transactions represent a tiny fraction of Bitcoin transactions.

3. **Conclusion:**

   - **`1result.sql`** provides a more accurate and precise identification of CoinJoin transactions by incorporating the analysis of output value distributions.
   - It correctly identifies the month (December, Month 12) with the highest percentage of Bitcoin volume in CoinJoin transactions, along with the associated metrics.

**Therefore, the correct SQL file is:**

```plaintext
1result.sql
```