```plain
0result.sql
```

**Reasoning:**

After analyzing both SQL queries (`0result.sql` and `1result.sql`), I have determined that `0result.sql` is the correct answer for the following reasons:

1. **Efficiency in Data Filtering:**
   - **`0result.sql`** filters the ways located within California (`ways_in_california`) before extracting tags and node information. This reduces the amount of data processed in subsequent steps.
   - **`1result.sql`** flattens all tags and nodes for all ways in the dataset before filtering for California, which is less efficient due to processing unnecessary data outside the state.

2. **Logical Flow and Clarity:**
   - **`0result.sql`** follows a clear and logical sequence:
     - It first identifies ways within California.
     - Then, it extracts and filters tags relevant to the task.
     - Node IDs are aggregated for the filtered ways.
     - Finally, it identifies overlapping road pairs based on geometry and node sharing criteria.
   - **`1result.sql`** has a more complex flow that involves multiple joins and may include redundant data processing steps.

3. **Consistent Use of Geometry Types:**
   - **`0result.sql`** uses `ST_GEOGFROMWKB` consistently for geometry processing, aligning with geographic data types.
   - **`1result.sql`** uses `ST_GEOMFROMWKB`, which may introduce inconsistencies if mixing geographic and geometric types.

4. **Accurate Handling of Tags and Nodes:**
   - **`0result.sql`** carefully extracts tags and nodes after narrowing down to ways in California, ensuring accurate tag and node associations.
   - **`1result.sql`** performs tag extraction before filtering by location, which could potentially mix tags from ways outside California if not handled correctly.

5. **Result Consistency:**
   - Both queries yield the same result (`13` overlapping road pairs), but **`0result.sql`** achieves this with a more optimized and logically sound approach.

**Conclusion:**

Based on the above reasons, **`0result.sql`** is the preferred and correct SQL query to answer the task effectively and efficiently.