After comparing both SQL queries and their results, I conclude that **`0result.sql`** is the correct SQL for the following reasons:

1. **Comprehensive Ordering**:
   - The `0result.sql` query orders the results by multiple criteria:
     - `closePrice` in descending order to ensure trades with the highest closing prices are selected first.
     - `openPrice` in descending order to further sort trades with identical closing prices.
     - `tradeTimestamp` in descending order to prioritize the most recent trades.
     - `tradeID` to maintain a consistent order when all other fields are identical.
   - This detailed ordering ensures the top 6 trades are accurately identified based on the highest closing prices.

2. **Precise Data Representation**:
   - The query uses `ROUND(LastPx, 4)` and `ROUND(StrikePrice, 4)` to format the `openPrice` and `closePrice` with appropriate precision, enhancing readability without altering the underlying data significantly.

3. **Consistent Alias Usage**:
   - It aliases the un-nested `Sides` array as `side`, making the query more readable and consistent throughout.

4. **No Unnecessary Type Casting**:
   - Unlike `1result.sql`, which casts rounded prices to `FLOAT64`, `0result.sql` avoids unnecessary type casting, relying on the default data types, ensuring simplicity and efficiency.

5. **Adherence to Task Requirements**:
   - The query selects all the required fields and aligns with the information specified in the document, fulfilling the task precisely.

**Therefore, the correct SQL query is:**

```plaintext
0result.sql
```