After reviewing the SQL queries and their results, I have determined that **`2result.sql`** is the correct answer. Here's the reasoning:

### **Comparison of the SQL Queries**

1. **`0result.sql`**:

   - **Uses `country_name = 'Russian Federation'`**:
     - Filters records based on the country name.
   - **Selects the latest year with debt data**:
     - Uses a subquery to find the maximum year where `indicator_name` contains 'debt' and `value` is not null.
   - **Filters indicators containing 'debt'**:
     - Uses `LOWER(indicator_name) LIKE '%debt%'` to ensure case-insensitive matching.
   - **Rounds the value**:
     - Applies `ROUND(value, 4)` for formatting.

2. **`1result.sql`**:

   - **Uses `country_code = 'RUS'`**:
     - Filters records based on the country code.
   - **Selects the latest year with debt data**:
     - Similar to the other queries.
   - **Filters indicators containing 'debt'**:
     - Uses `LOWER(indicator_name) LIKE '%debt%'`.
   - **Does not round the value**:
     - Directly selects the `value` without formatting.

3. **`2result.sql`**:

   - **Uses `country_name = 'Russian Federation'`**:
     - Filters records based on the country name.
   - **Selects the latest year with debt data**:
     - Finds the maximum year where `value` is not null.
   - **Filters indicators containing 'debt'**:
     - Uses `LOWER(indicator_name) LIKE '%debt%'`.
   - **Rounds the value**:
     - Applies `ROUND(value, 4)` for formatting.
   - **Renames columns for clarity**:
     - Uses `indicator_name AS Indicator_Name` and `ROUND(value, 4) AS Total_Debt_Value_USD` for clear output.

### **Reasons for Choosing `2result.sql`**

- **Clarity and Readability**:
  - The query in `2result.sql` is straightforward and easy to understand.
  - It clearly labels the output columns, improving the readability of the results.

- **Accurate Filtering**:
  - It filters the data based on `country_name = 'Russian Federation'`, ensuring that the records pertain exactly to Russia.
  - It selects indicators containing 'debt' in a case-insensitive manner.

- **Formatting of Results**:
  - Rounds the debt values to four decimal places for consistent presentation.
  - Renames the columns to `Indicator_Name` and `Total_Debt_Value_USD` for clarity.

- **Output Consistency**:
  - The output correctly shows the top three debt indicators for Russia based on the highest debt values.
  - The results align with the expected indicators and values.

### **Conclusion**

By combining accurate filtering, clear labeling, and consistent formatting, **`2result.sql`** best answers the question: _"What are the top three debt indicators for Russia based on the highest debt values?"_

---

```plaintext
2result.sql
```