Both SQL queries provided (`0result.sql` and `1result.sql`) are identical:

```sql
SELECT a."first_name" || ' ' || a."last_name" AS "name"
FROM "actor" a
JOIN "film_actor" fa ON a."actor_id" = fa."actor_id"
JOIN "film" f ON fa."film_id" = f."film_id"
JOIN "language" l ON f."language_id" = l."language_id"
JOIN "film_category" fc ON f."film_id" = fc."film_id"
JOIN "category" c ON fc."category_id" = c."category_id"
WHERE l."name" = 'English'
  AND f."rating" IN ('G', 'PG')
  AND f."length" <= 120
  AND f."release_year" BETWEEN '2000' AND '2010'
  AND c."name" = 'Children'
GROUP BY a."actor_id", a."first_name", a."last_name"
ORDER BY COUNT(*) DESC
LIMIT 1;
```

Both queries produce the same result:

```
name
HELEN VOIGHT
```

Since both SQL files are identical and yield the same correct result, either can be considered the correct answer. I'll choose `0result.sql` as the correct SQL file.

```plaintext
0result.sql
```