After analyzing both SQL queries, we need to determine which one correctly calculates the highest daily balance each customer had within each month, treating any negative daily balances as zero, and then sums these maximum daily balances across all customers to get a monthly total.

**Assessment of the SQL Queries:**

1. **0result.sql**

   - **Approach:**
     - Parses transaction dates.
     - Sums transaction amounts per customer per day without adjusting negative transaction amounts.
     - Calculates cumulative balances per customer over time.
     - Adjusts negative cumulative balances to zero.
     - Finds the maximum adjusted balance per customer per month.
     - Sums up these maximum balances across all customers for each month.
   - **Potential Issue:**
     - Does not adjust negative transaction amounts to zero before summing daily transaction amounts. This could lead to negative daily totals, affecting the cumulative balance calculation.

2. **2result.sql**

   - **Approach:**
     - Converts transaction dates using `TO_DATE`.
     - Sums transaction amounts per customer per day without adjusting negative transaction amounts.
     - Calculates cumulative balances per customer over time.
     - Adjusts negative cumulative balances to zero using `GREATEST`.
     - Uses `DATE_TRUNC` and `TO_VARCHAR` for date handling.
     - Finds the maximum adjusted balance per customer per month.
     - Sums up these maximum balances across all customers for each month.
   - **Potential Issue:**
     - Similar to 0result.sql, it does not adjust negative transaction amounts to zero before summing daily transaction amounts.

**Conclusion:**

Both SQL queries produce the same results and have a similar approach. However, neither query adjusts negative transaction amounts to zero before summing daily transaction amounts, which might be a requirement based on the initial observations.

Given the options and the similarities, **2result.sql** is slightly more precise in date handling and uses clearer syntax (e.g., `GREATEST` function). Therefore, **2result.sql** is the better choice among the two.

```plain
2result.sql
```