After comparing the three SQL queries and their results, **Option 2** (`2result.sql`) appears to be the most accurate and appropriate for determining the top 5 ZIP codes in the United States that have experienced the most hail storm events in the past 10 years.

### Reasons for Choosing `2result.sql`:

1. **Accurate Time Filtering**:
   - **Option 2** correctly converts the `"timestamp"` from microseconds to a standard timestamp by dividing by `1,000,000` and uses `TO_TIMESTAMP(h."timestamp" / 1000000)` to get the proper date and time.
   - It then compares this timestamp with `DATEADD(year, -10, CURRENT_DATE())` to filter events from the past 10 years.
   - **Option 1** seems to compare the raw `"timestamp"` (in microseconds) directly with a timestamp in seconds obtained from `DATE_PART(epoch_second, DATEADD(year, -10, CURRENT_TIMESTAMP()))`. This mismatch in units could lead to incorrect filtering.
   - **Option 0** also correctly handles the timestamp conversion similar to Option 2 but has other issues as noted below.

2. **Precise Spatial Join Using `report_point`**:
   - **Option 2** utilizes the `"report_point"` field from the hail reports, which already contains the geospatial point in Well-Known Binary (WKB) format. This ensures precise spatial matching without the need for reconstructing the point from latitude and longitude.
   - **Option 0** creates a point using rounded latitude and longitude values (`ROUND("h"."longitude", 4)`), which might reduce spatial accuracy due to rounding and could potentially misplace some hail events outside their actual ZIP code boundaries.
   - **Option 1** constructs the point from the raw latitude and longitude but, like Option 0, does not leverage the pre-existing `"report_point"` and might also suffer from precision issues.

3. **Consistent Handling of Geospatial Data**:
   - **Option 2** performs the spatial join using `ST_WITHIN` with both geometries in the same format (`ST_GEOGFROMWKB`), ensuring compatibility and accurate spatial computations.
   - **Option 0** uses `ST_CONTAINS` with `ST_GEOGRAPHYFROMWKB` for the ZIP code geometry and `ST_POINT` for the hail event point, mixing geometries which might not be as reliable.

4. **Results Alignment**:
   - The results from **Option 2** (`2result.csv`) provide a logical ordering of ZIP codes with the highest hail event counts, matching closely with **Option 0** but with a more accurate methodology.
   - The top ZIP codes (`79065`, `79720`, `67601`, `67756`, `79015`) are consistent across the options, indicating that **Option 2** correctly identifies the areas with the most hail events.

### Conclusion:

Based on the accurate timestamp conversion, precise spatial joining using the existing `report_point`, and consistent handling of geospatial data, **Option 2** is the correct SQL query to determine the top 5 ZIP codes that have experienced the most hail storm events in the past 10 years.

```plaintext
2result.sql
```