After comparing the three SQL queries and their results, we can determine which one best answers the task.

**Task Summary:**

- **Dataset Combination:** Unify the TREES and INCOME_TREES datasets by ZIP code.
- **Conditions:**
  - Fill missing ZIP values where necessary.
  - Only include records where:
    - Median and mean income are both greater than zero.
    - Borough name is valid (not null or empty).
- **Objective:** Identify the three boroughs with the highest number of trees under these conditions and calculate the average mean income for each.

**Comparison of SQL Queries:**

1. **`0result.sql`**

   ```sql
   SELECT
       t."boroname" AS "Borough",
       COUNT(*) AS "Number_of_Trees",
       ROUND(AVG(i."Estimate_Mean_income"), 4) AS "Average_Mean_Income"
   FROM
       "MODERN_DATA"."MODERN_DATA"."TREES" t
   JOIN
       "MODERN_DATA"."MODERN_DATA"."INCOME_TREES" i
       ON t."zipcode" = i."zipcode"
   WHERE
       t."boroname" IS NOT NULL
       AND t."boroname" != ''
       AND i."Estimate_Median_income" > 0
       AND i."Estimate_Mean_income" > 0
   GROUP BY
       t."boroname"
   ORDER BY
       COUNT(*) DESC NULLS LAST
   LIMIT 3;
   ```

   - **Pros:**
     - Filters out records with null or empty borough names.
     - Applies the income conditions correctly.
     - Rounds the average mean income to four decimal places.
   - **Cons:**
     - Does not account for any potential leading/trailing whitespace in borough names.

2. **`1result.sql`**

   ```sql
   SELECT 
       t."boroname" AS "Borough", 
       COUNT(*) AS "Number_of_Trees", 
       AVG(i."Estimate_Mean_income") AS "Average_Mean_Income"
   FROM "MODERN_DATA"."MODERN_DATA"."TREES" t
   JOIN "MODERN_DATA"."MODERN_DATA"."INCOME_TREES" i
       ON t."zipcode" = i."zipcode"
   WHERE 
       i."Estimate_Median_income" > 0
       AND i."Estimate_Mean_income" > 0
       AND t."boroname" IS NOT NULL
       AND TRIM(t."boroname") != ''
   GROUP BY t."boroname"
   ORDER BY COUNT(*) DESC NULLS LAST
   LIMIT 3;
   ```

   - **Pros:**
     - Uses `TRIM(t."boroname") != ''` to remove any leading/trailing whitespace, ensuring borough names are truly non-empty.
     - Correctly applies all the specified conditions.
     - Provides the average mean income without rounding, giving more precise values.
   - **Cons:**
     - None significant; the lack of rounding is acceptable and can be adjusted if needed.

3. **`2result.sql`**

   ```sql
   SELECT t."boroname" AS "Borough",
          COUNT(*) AS "Number_of_Trees",
          ROUND(AVG(i."Estimate_Mean_income"), 4) AS "Average_Mean_Income"
   FROM "MODERN_DATA"."MODERN_DATA"."TREES" t
   JOIN "MODERN_DATA"."MODERN_DATA"."INCOME_TREES" i
     ON t."zipcode" = i."zipcode"
   WHERE i."Estimate_Median_income" > 0
     AND i."Estimate_Mean_income" > 0
     AND t."boroname" IS NOT NULL
   GROUP BY t."boroname"
   ORDER BY COUNT(*) DESC NULLS LAST
   LIMIT 3;
   ```

   - **Pros:**
     - Applies the income conditions.
     - Includes borough names that are not null.
   - **Cons:**
     - Does not exclude borough names that are empty strings or contain only whitespace.
     - May include records with invalid borough names, which violates the task conditions.

**Decision and Reasoning:**

- **`2result.sql`** can be dismissed because it does not fully enforce the condition of having valid borough names (non-null and non-empty), potentially including records with empty or whitespace-only borough names.

- **`1result.sql`** is more robust than **`0result.sql`** because it uses `TRIM(t."boroname") != ''`, which ensures that borough names consisting of only whitespace are excluded. This aligns precisely with the task requirement of having valid borough names.

- The lack of rounding in **`1result.sql`** provides more precise average mean income values, which can be beneficial for accuracy. Rounding can be applied later if needed.

**Conclusion:**

**`1result.sql`** is the correct SQL query as it satisfies all the task conditions more thoroughly than the other options.

---

```plaintext
1result.sql
```