After analyzing both SQL queries and their results, I conclude that `2result.sql` is the correct answer.

**Explanation:**

**First SQL (`0result.sql`):**
- **Approach:**
  - Cleans the `zip_code` by removing any non-digit characters using `REGEXP_REPLACE(zip_code, r'\D', '')`.
  - Counts the number of bank branches per cleaned zip code in Utah.
  - Filters zip codes to only those with a length of 5 digits.
  - Selects the zip code with the fewest bank branches.
  - Joins with the ACS data where `c.geo_id = mbz.zip_code_clean`.
- **Result:**
  - Zip Code: `84004`
  - Employment Rate: `58.87%`

**Second SQL (`2result.sql`):**
- **Approach:**
  - Uses the `zip_code` directly from the bank locations without additional cleaning.
  - Counts the number of bank locations per zip code in Utah.
  - Orders by the number of locations ascending and zip code ascending.
  - Selects the zip code with the fewest bank locations.
  - Joins with the ACS data where `t.zip_code = SUBSTR(d.geo_id, -5)`.
- **Result:**
  - Zip Code: `84004`
  - Employment Rate: `58.8681%`

**Reasoning:**

- Both queries aim to find the employment rate in the Utah zip code with the fewest bank locations based on the 2017 ACS data.
- Both queries result in the same zip code (`84004`) with nearly identical employment rates.
- **However, `2result.sql` is preferable because:**
  - **Simplicity and Clarity:** It directly addresses the problem without unnecessary complexity.
  - **Efficient Data Handling:** It avoids extra data cleaning steps that may not be necessary if the `zip_code` data is already clean.
  - **Reduced Potential for Errors:** Fewer transformations mean there's less chance of introducing errors.
- **In contrast, `0result.sql` includes additional steps:**
  - Cleans the zip codes, which may not be needed.
  - Filters zip codes by length, which could exclude valid zip codes if not handled carefully.
  - These extra steps add complexity without providing significant benefits for this specific task.

Therefore, `2result.sql` is the correct and more efficient SQL query to use.

```plaintext
2result.sql
```