After reviewing the SQL queries and their results, here is a comparison of each:

---

**Candidate 0 (`0result.sql`):**

This query calculates the total payments per city by summing the `payment_value` directly from the `olist_order_payments` table, grouped by `customer_city`. It then calculates the average payment using `AVG(p."payment_value")`.

```sql
SELECT t."customer_city" AS City,
       t."average_payment" AS Average_Payment,
       t."order_count" AS Order_Count
FROM (
    SELECT c."customer_city",
           SUM(p."payment_value") AS "total_payments",
           AVG(p."payment_value") AS "average_payment",
           COUNT(DISTINCT o."order_id") AS "order_count"
        FROM "olist_orders" o
        JOIN "olist_order_payments" p ON o."order_id" = p."order_id"
        JOIN "olist_customers" c ON o."customer_id" = c."customer_id"
        WHERE o."order_status" = 'delivered'
        GROUP BY c."customer_city"
        ORDER BY "total_payments" ASC
        LIMIT 5
) t;
```

**Analysis:**

- **Average Payment Calculation:** Uses `AVG(p."payment_value")`, which averages individual payment records. If an order has multiple payment records (e.g., installments), this method averages the payment parts rather than the total order payment.
- **Order Count:** Counts distinct `order_id`s per city.

---

**Candidate 1 (`1result.sql`):**

This query is similar to Candidate 0 but structures the subquery differently.

```sql
SELECT city_stats."customer_city",
       city_stats."average_payment",
       city_stats."order_count"
FROM (
  SELECT c."customer_city",
         SUM(p."payment_value") AS "city_total_payment",
         AVG(p."payment_value") AS "average_payment",
         COUNT(DISTINCT o."order_id") AS "order_count"
  FROM "olist_order_payments" AS p
  INNER JOIN "olist_orders" AS o ON p."order_id" = o."order_id"
  INNER JOIN "olist_customers" AS c ON o."customer_id" = c."customer_id"
  WHERE o."order_status" = 'delivered'
  GROUP BY c."customer_city"
) AS city_stats
ORDER BY city_stats."city_total_payment" ASC
LIMIT 5;
```

**Analysis:**

- **Average Payment Calculation:** Also uses `AVG(p."payment_value")`, subject to the same concern as Candidate 0.
- **Order Count:** Counts distinct `order_id`s per city.
- **Ordering:** Orders by `city_total_payment` to find cities with the lowest total payments.

---

**Candidate 2 (`2result.sql`):**

This query first calculates the total payment per order and then computes the average payment per city based on these totals.

```sql
WITH total_payments_per_order AS (
    SELECT o."order_id", c."customer_city", SUM(p."payment_value") AS total_payment_per_order
    FROM "olist_orders" o
    JOIN "olist_order_payments" p ON o."order_id" = p."order_id"
    JOIN "olist_customers" c ON o."customer_id" = c."customer_id"
    WHERE o."order_status" = 'delivered'
    GROUP BY o."order_id", c."customer_city"
)

SELECT t."customer_city" AS City,
       ROUND(AVG(t."total_payment_per_order"), 4) AS Average_Payment,
       COUNT(*) AS Order_Count
FROM total_payments_per_order t
GROUP BY t."customer_city"
ORDER BY SUM(t."total_payment_per_order") ASC
LIMIT 5;
```

**Analysis:**

- **Average Payment Calculation:** Calculates the total payment per order in the CTE `total_payments_per_order`, ensuring that multiple payments for a single order are summed correctly.
- **Order Count:** Counts the number of orders per city.
- **Ordering:** Orders by the sum of total payments per order to find the cities with the lowest total payments.

---

**Conclusion:**

**Candidate 2 (`2result.sql`) is the correct query** because it accurately calculates the average payments per city by summing all payments for each order before calculating averages and totals. This approach ensures that orders with multiple payment entries (such as installments) are correctly aggregated, providing an accurate average payment per order per city.

Candidates 0 and 1 calculate the average payment by averaging individual payment records, which can distort the average when orders have multiple payments. By aggregating payments at the order level first, Candidate 2 provides a precise calculation that aligns with the task's requirements.

---

**Answer:**

```plaintext
2result.sql
```