After comparing the SQL queries and their results, I have chosen **`2result.sql`** as the correct answer.

**Reason:**

1. **Accurate Patient Matching:**
   - The query uses `SUBSTR(ParticipantBarcode, 1, 12)` to extract the core patient identifier from the mutation data.
   - This ensures a precise match with the `bcr_patient_barcode` in the clinical data, maintaining data integrity.
   - It's important because `ParticipantBarcode` in mutation data may include additional characters beyond the patient's unique identifier (e.g., sample identifiers).

2. **Excludes Silent Mutations:**
   - The query filters out non-functional mutations by excluding those with `Variant_Classification` of `'Silent'`.
   - This focuses the analysis on mutations likely to impact protein function, aligning with the goal of assessing functional genetic alterations.

3. **Focus on PAAD Patients:**
   - The query limits the dataset to patients diagnosed with pancreatic adenocarcinoma (`acronym = 'PAAD'`).
   - It ensures that both clinical and mutation data pertain to the same patient population, which is essential for accurate analysis.

4. **Incorporates Clinical Follow-Up Data:**
   - By joining the clinical and mutation datasets accurately, the query incorporates clinical information alongside mutation status.
   - This satisfies the requirement to include clinical follow-up data in the analysis.

5. **Determines Co-occurring Mutations:**
   - The query accurately identifies and counts patients with mutations in KRAS and TP53, both independently and co-occurring.
   - This is crucial for constructing the contingency table needed to calculate the chi-squared statistic.

**Note:** While the query does not explicitly filter for high-quality mutations using `FILTER = 'PASS'`, it excludes 'Silent' mutations, which effectively focuses on mutations of potential clinical significance. If necessary, an additional filter (`FILTER = 'PASS'`) can be added to further ensure mutation quality.

---

**Selected SQL Query:**

```plain
2result.sql
```