Upon comparing the two SQL queries and their results, here's the analysis:

1. **1result.sql**:

   ```sql
   SELECT s."SegmentedPropertyCategory"::VARIANT:"CodeMeaning"::STRING AS "SegmentationCategory", COUNT(*) AS "Frequency"
   FROM "IDC"."IDC_V17"."SEGMENTATIONS" s
   JOIN "IDC"."IDC_V17"."DICOM_METADATA" d
     ON s."SOPInstanceUID" = d."SOPInstanceUID"
   WHERE d."Modality" = 'SEG'
     AND d."SOPClassUID" = '1.2.840.10008.5.1.4.1.1.66.4'
   GROUP BY "SegmentationCategory"
   ORDER BY "Frequency" DESC NULLS LAST
   LIMIT 5;
   ```

   - **Result**:
     ```
     SegmentationCategory,Frequency
     Tissue,4
     Anatomical Structure,1
     ```

2. **2result.sql**:

   ```sql
   SELECT
       COALESCE(s."SegmentedPropertyCategory"::VARIANT:"CodeMeaning"::STRING, 'Unknown') AS "SegmentationCategory",
       COUNT(*) AS "Frequency"
   FROM
       IDC.IDC_V17.SEGMENTATIONS s
   JOIN
       IDC.IDC_V17.DICOM_METADATA d
       ON s."SOPInstanceUID" = d."SOPInstanceUID"
   WHERE
       d."Modality" = 'SEG'
       AND d."SOPClassUID" = '1.2.840.10008.5.1.4.1.1.66.4'
   GROUP BY
       "SegmentationCategory"
   ORDER BY
       "Frequency" DESC NULLS LAST
   LIMIT 5;
   ```

   - **Result**:
     ```
     SegmentationCategory,Frequency
     Tissue,4
     Anatomical Structure,1
     ```

**Reasoning:**

Both queries aim to retrieve the five most frequent segmentation categories in the specified publicly accessible DICOM SEG data. They filter the data where the modality is 'SEG' and the SOPClassUID matches '1.2.840.10008.5.1.4.1.1.66.4', then group the results by "SegmentationCategory" and order them by frequency.

The key differences between the two queries are:

- **Use of COALESCE in 2result.sql**: The second query uses the `COALESCE` function to handle potential `NULL` values by replacing them with 'Unknown'.

- **Table References**: The first query uses quoted identifiers with schema and table names enclosed in double quotes, whereas the second query uses unquoted identifiers.

**Choosing the Correct Query:**

In this context, since there are no `NULL` values in the "SegmentationCategory" field (as indicated by the results), the use of `COALESCE` in 2result.sql is unnecessary. The first query (1result.sql) is more straightforward and directly addresses the task without additional complexity.

**Therefore, the correct SQL query is:**

```plaintext
1result.sql
```