After analyzing the three SQL queries and their results, we can determine which one best satisfies the task requirements.

**Comparison and Reasoning:**

- **First SQL (`0result.sql`):**
  - Filters on `"trait_reported" ILIKE '%lesterol levels%'`.
  - Uses `'lesterol levels'` as the pattern, which might miss entries like `'Cholesterol levels'` since it excludes the initial 'Cho'.
  - Joins the `STUDIES` table correctly.

- **Second SQL (`1result.sql`):**
  - Filters on `"trait_reported" ILIKE '%cholesterol levels%'`.
  - Uses `'cholesterol levels'`, capturing all relevant traits that include the word 'cholesterol'.
  - Joins the `STUDIES` table correctly.
  - Produces the same aggregated results as the first query but ensures all relevant studies are included due to the more accurate pattern matching.

- **Third SQL (`2result.sql`):**
  - Uses a subquery with `IN` instead of a `JOIN`, which is less efficient.
  - Filters on `"trait_reported" ILIKE '%lesterol levels%'`, similar to the first query.
  - Does not round the numeric results, but the task does not specify a requirement for rounding.
  - While functional, it's less optimal due to the subquery and less precise pattern matching.

**Conclusion:**

The **second SQL query (`1result.sql`)** is the correct choice because:

- It accurately filters studies with traits including `'cholesterol levels'`, fully capturing the intent of finding studies related to cholesterol.
- It uses a `JOIN` for better performance and readability.
- It aligns closely with the task's requirements by ensuring all relevant data is included.

```plain
1result.sql
```