After analyzing both SQL queries and their results, I have determined which SQL correctly answers the question: **"In which year were the two most common causes of traffic accidents different from those in other years?"**

### **Understanding the Question:**

We are asked to identify the year(s) where the top two most common causes of traffic accidents were different from those in other years. This means we're looking for years where the combination of the top two causes is unique compared to other years.

### **Comparison of the SQL Queries:**

#### **First SQL Query (0result.sql):**

- **Logic:**
  - Identifies the overall top two causes across all years.
  - Compares each year's top two causes with the overall top two causes.
  - Selects years where the top two causes are different from the overall top two causes.

- **Results:**
  - Years identified: **2016, 2018, 2020, 2021**

- **Explanation:**
  - In these years, the second most common cause is **"other than driver"** instead of **"unknown"**, which is the usual second most common cause in other years.
  - However, **"other than driver"** appears as the second most common cause in multiple years (2016, 2018, 2020, 2021), which means the combination of top two causes in these years is the same among themselves.

#### **Second SQL Query (1result.sql):**

- **Logic:**
  - For each year, ranks the causes based on their frequency.
  - Forms a combination (concatenation) of the top two causes per year.
  - Counts how many years have the same combination of top two causes.
  - Selects years where the combination of the top two causes is unique (appears only once).

- **Results:**
  - Year identified: **2016**

- **Explanation:**
  - The year **2016** has a unique combination of top two causes that does not match any other year.
  - In **2016**, both **"unknown"** and **"other than driver"** are tied for the second rank, each with the same number of accidents.
  - This tie results in a unique set of top two causes for 2016, different from other years.

### **Reasoning and Conclusion:**

- The **second SQL query (1result.sql)** correctly identifies **2016** as the only year where the combination of the top two most common causes is different from all other years.
- In the other years highlighted by the first SQL query (2018, 2020, 2021), although the second most common cause is **"other than driver"**, this combination is not unique since it appears in multiple years.
- The question specifically asks for years where the top two causes are **different from those in other years**, meaning we need to find years with a unique combination of top two causes.

### **Answer:**

Based on the above analysis, the correct SQL query that answers the question is:

```plain
1result.sql
```