After comparing the three SQL queries and their results, we can determine which one best satisfies the task requirements.

**Task Summary:**

- Find the five cities with the lowest summed payments among all cities with delivered orders.
- Calculate the average of their total payments.
- Calculate the average of their total delivered order counts.

**Comparison of SQL Queries:**

**Option 0 (`0result.sql`):**

- Uses a Common Table Expression (CTE) named `city_payments`.
- Calculates total payments and total delivered orders per city.
- Selects the top five cities with the lowest total payments.
- Computes the averages of total payments and total delivered orders from these five cities.

**Option 1 (`1result.sql`):**

- Similar to Option 0 but with minor differences:
  - The CTE is named `city_totals`.
  - Uses the `ROUND` function to round the averages to four decimal places.
  - Orders the data within the CTE, which is unnecessary since the LIMIT is applied after the CTE.

**Option 2 (`2result.sql`):**

- Does not use a CTE.
- Performs a subquery that calculates total payments and delivered order counts per city, ordered by total payments ascending, limited to five cities.
- Calculates the averages of total payments and total delivered orders in the outer query.

**Reasoning:**

- All three queries correctly identify the five cities with the lowest total payments and compute the required averages.
- **Option 2 is the most straightforward and efficient:**
  - It achieves the task without the additional overhead of a CTE.
  - The query is concise and directly addresses the problem.
- Option 1 includes unnecessary ordering within the CTE and uses the `ROUND` function, which may not be necessary for the analysis.
- Option 0, while correct, uses a CTE that adds complexity without significant benefit over Option 2.

**Conclusion:**

**Option 2 (`2result.sql`) is the correct choice** because it efficiently and directly fulfills the task requirements with a clear and concise SQL query.

```plaintext
2result.sql
```